-- The CXX compiler identification is GNU 11.4.0
-- Detecting CXX compiler ABI info
-- Detecting CXX compiler ABI info - done
-- Check for working CXX compiler: /usr/bin/c++ - skipped
-- Detecting CXX compile features
-- Detecting CXX compile features - done
-- Found ament_cmake: 1.3.11 (/opt/ros/humble/share/ament_cmake/cmake)
-- Found Python3: /usr/bin/python3 (found version "3.10.12") found components: Interpreter 
-- Override CMake install command with custom implementation using symlinks instead of copying resources
-- Found control_msgs: 4.7.0 (/home/ningbo@netid.washington.edu/robotics/my_ros2_ws/install/control_msgs/share/control_msgs/cmake)
-- Found rosidl_generator_c: 3.1.6 (/opt/ros/humble/share/rosidl_generator_c/cmake)
-- Found rosidl_adapter: 3.1.6 (/opt/ros/humble/share/rosidl_adapter/cmake)
-- Found rosidl_generator_cpp: 3.1.6 (/opt/ros/humble/share/rosidl_generator_cpp/cmake)
-- Using all available rosidl_typesupport_c: rosidl_typesupport_fastrtps_c;rosidl_typesupport_introspection_c
-- Using all available rosidl_typesupport_cpp: rosidl_typesupport_fastrtps_cpp;rosidl_typesupport_introspection_cpp
-- Found rclcpp: 16.0.11 (/opt/ros/humble/share/rclcpp/cmake)
-- Found rmw_implementation_cmake: 6.1.2 (/opt/ros/humble/share/rmw_implementation_cmake/cmake)
-- Found rmw_fastrtps_cpp: 6.2.7 (/opt/ros/humble/share/rmw_fastrtps_cpp/cmake)
-- Found OpenSSL: /usr/lib/x86_64-linux-gnu/libcrypto.so (found version "3.0.2")  
-- Found FastRTPS: /opt/ros/humble/include  
-- Using RMW implementation 'rmw_fastrtps_cpp' as default
-- Looking for C++ include pthread.h
-- Looking for C++ include pthread.h - found
-- Performing Test CMAKE_HAVE_LIBC_PTHREAD
-- Performing Test CMAKE_HAVE_LIBC_PTHREAD - Success
-- Found Threads: TRUE  
-- Found realtime_tools: 2.11.0 (/home/ningbo@netid.washington.edu/robotics/my_ros2_ws/install/realtime_tools/share/realtime_tools/cmake)
-- Found filters: 2.1.0 (/opt/ros/humble/share/filters/cmake)
-- Found generate_parameter_library: 0.4.0 (/opt/ros/humble/share/generate_parameter_library/cmake)
-- Found parameter_traits: 0.4.0 (/opt/ros/humble/share/parameter_traits/cmake)
-- Found rclcpp_lifecycle: 16.0.11 (/opt/ros/humble/share/rclcpp_lifecycle/cmake)
-- Found pluginlib: 5.1.0 (/opt/ros/humble/share/pluginlib/cmake)
-- Found ament_cmake_gmock: 1.3.11 (/opt/ros/humble/share/ament_cmake_gmock/cmake)
-- Found ament_cmake_gtest: 1.3.11 (/opt/ros/humble/share/ament_cmake_gtest/cmake)
-- Found gmock sources under '/opt/ros/humble/src/gmock_vendor': C++ tests using 'Google Mock' will be built
-- The C compiler identification is GNU 11.4.0
-- Detecting C compiler ABI info
-- Detecting C compiler ABI info - done
-- Check for working C compiler: /usr/bin/cc - skipped
-- Detecting C compile features
-- Detecting C compile features - done
-- Found gtest sources under '/opt/ros/humble/src/gtest_vendor': C++ tests using 'Google Test' will be built
-- Configuring done
-- Generating done
-- Build files have been written to: /home/ningbo@netid.washington.edu/robotics/my_ros2_ws/build/control_toolbox
[  2%] [32mBuilding CXX object CMakeFiles/control_toolbox.dir/src/dither.cpp.o[0m
[  4%] [32mBuilding CXX object CMakeFiles/control_toolbox.dir/src/limited_proxy.cpp.o[0m
[  6%] [32mBuilding CXX object CMakeFiles/control_toolbox.dir/src/pid_ros.cpp.o[0m
[  8%] [32mBuilding CXX object CMakeFiles/control_toolbox.dir/src/pid.cpp.o[0m
[ 10%] [32mBuilding CXX object CMakeFiles/control_toolbox.dir/src/sine_sweep.cpp.o[0m
[ 12%] [32mBuilding CXX object CMakeFiles/control_toolbox.dir/src/sinusoid.cpp.o[0m
[ 14%] [32m[1mLinking CXX shared library libcontrol_toolbox.so[0m
[ 14%] Built target control_toolbox
[ 16%] [32mBuilding CXX object gtest/CMakeFiles/gtest_main.dir/src/gtest_main.cc.o[0m
[ 18%] [32mBuilding CXX object gtest/CMakeFiles/gtest.dir/src/gtest-all.cc.o[0m
[ 20%] [32m[1mLinking CXX static library libgtest_main.a[0m
[ 20%] Built target gtest_main
[ 22%] [32m[1mLinking CXX static library libgtest.a[0m
[ 22%] Built target gtest
[ 25%] [32mBuilding CXX object gmock/CMakeFiles/gmock.dir/src/gmock-all.cc.o[0m
[ 27%] [32mBuilding CXX object gmock/CMakeFiles/gmock_main.dir/src/gmock_main.cc.o[0m
[ 29%] [32mBuilding CXX object gmock/CMakeFiles/gmock.dir/opt/ros/humble/src/gtest_vendor/src/gtest-all.cc.o[0m
[ 31%] [32m[1mLinking CXX static library libgmock_main.a[0m
[ 31%] Built target gmock_main
[ 33%] [32m[1mLinking CXX static library libgmock.a[0m
[ 33%] Built target gmock
[ 35%] [32mBuilding CXX object CMakeFiles/pid_publisher_tests.dir/test/pid_publisher_tests.cpp.o[0m
[ 37%] [32m[1mLinking CXX executable pid_publisher_tests[0m
[ 37%] Built target pid_publisher_tests
[ 39%] [32mBuilding CXX object CMakeFiles/rate_limiter_tests.dir/test/rate_limiter.cpp.o[0m
[ 41%] [32m[1mLinking CXX executable rate_limiter_tests[0m
[ 41%] Built target rate_limiter_tests
[ 43%] [32mBuilding CXX object CMakeFiles/pid_tests.dir/test/pid_tests.cpp.o[0m
[ 45%] [32m[1mLinking CXX executable pid_tests[0m
[ 45%] Built target pid_tests
[ 47%] [32mBuilding CXX object CMakeFiles/pid_parameters_tests.dir/test/pid_parameters_tests.cpp.o[0m
[ 50%] [32m[1mLinking CXX executable pid_parameters_tests[0m
[ 50%] Built target pid_parameters_tests
[ 52%] [34m[1mRunning `/opt/ros/humble/bin/generate_parameter_library_cpp /home/ningbo@netid.washington.edu/robotics/my_ros2_ws/build/control_toolbox/include/control_toolbox/exponential_filter_parameters.hpp /home/ningbo@netid.washington.edu/robotics/my_ros2_ws/src/ros-controls/control_toolbox/src/control_filters/exponential_filter_parameters.yaml custom_validators.hpp`[0m
[ 54%] [34m[1mCreating deprecated header file /home/ningbo@netid.washington.edu/robotics/my_ros2_ws/build/control_toolbox/include/exponential_filter_parameters.hpp[0m
[ 54%] Built target exponential_filter_parameters
[ 56%] [34m[1mRunning `/opt/ros/humble/bin/generate_parameter_library_cpp /home/ningbo@netid.washington.edu/robotics/my_ros2_ws/build/control_toolbox/include/control_toolbox/rate_limiter_parameters.hpp /home/ningbo@netid.washington.edu/robotics/my_ros2_ws/src/ros-controls/control_toolbox/src/control_filters/rate_limiter_parameters.yaml custom_validators.hpp`[0m
[ 58%] [34m[1mCreating deprecated header file /home/ningbo@netid.washington.edu/robotics/my_ros2_ws/build/control_toolbox/include/rate_limiter_parameters.hpp[0m
[ 58%] Built target rate_limiter_parameters
[ 60%] [32mBuilding CXX object CMakeFiles/exponential_filter.dir/src/control_filters/exponential_filter.cpp.o[0m
[ 62%] [32m[1mLinking CXX shared library libexponential_filter.so[0m
[ 62%] Built target exponential_filter
[ 64%] [32mBuilding CXX object CMakeFiles/rate_limiter.dir/src/control_filters/rate_limiter.cpp.o[0m
[ 66%] [32m[1mLinking CXX shared library librate_limiter.so[0m
[ 66%] Built target rate_limiter
[ 68%] [32mBuilding CXX object CMakeFiles/test_load_exponential_filter.dir/test/control_filters/test_load_exponential_filter.cpp.o[0m
[ 70%] [32m[1mLinking CXX executable test_load_exponential_filter[0m
[ 70%] Built target test_load_exponential_filter
[ 72%] [32mBuilding CXX object CMakeFiles/test_load_rate_limiter.dir/test/control_filters/test_load_rate_limiter.cpp.o[0m
[ 75%] [32m[1mLinking CXX executable test_load_rate_limiter[0m
[ 75%] Built target test_load_rate_limiter
[ 77%] [32mBuilding CXX object CMakeFiles/test_rate_limiter.dir/test/control_filters/test_rate_limiter.cpp.o[0m
[ 79%] [32m[1mLinking CXX executable test_rate_limiter[0m
[ 79%] Built target test_rate_limiter
[ 81%] [32mBuilding CXX object CMakeFiles/test_exponential_filter.dir/test/control_filters/test_exponential_filter.cpp.o[0m
[ 83%] [32m[1mLinking CXX executable test_exponential_filter[0m
[ 83%] Built target test_exponential_filter
[ 85%] [34m[1mRunning `/opt/ros/humble/bin/generate_parameter_library_cpp /home/ningbo@netid.washington.edu/robotics/my_ros2_ws/build/control_toolbox/include/control_toolbox/low_pass_filter_parameters.hpp /home/ningbo@netid.washington.edu/robotics/my_ros2_ws/src/ros-controls/control_toolbox/src/control_filters/low_pass_filter_parameters.yaml `[0m
[ 87%] [34m[1mCreating deprecated header file /home/ningbo@netid.washington.edu/robotics/my_ros2_ws/build/control_toolbox/include/low_pass_filter_parameters.hpp[0m
[ 87%] Built target low_pass_filter_parameters
[ 89%] [32mBuilding CXX object CMakeFiles/low_pass_filter.dir/src/control_filters/low_pass_filter.cpp.o[0m
[ 91%] [32m[1mLinking CXX shared library liblow_pass_filter.so[0m
[ 91%] Built target low_pass_filter
[ 93%] [32mBuilding CXX object CMakeFiles/test_low_pass_filter.dir/test/control_filters/test_low_pass_filter.cpp.o[0m
[ 95%] [32m[1mLinking CXX executable test_low_pass_filter[0m
[ 95%] Built target test_low_pass_filter
[ 97%] [32mBuilding CXX object CMakeFiles/test_load_low_pass_filter.dir/test/control_filters/test_load_low_pass_filter.cpp.o[0m
[100%] [32m[1mLinking CXX executable test_load_low_pass_filter[0m
[100%] Built target test_load_low_pass_filter
-- Install configuration: ""
-- Execute custom install script
-- Symlinking: /home/ningbo@netid.washington.edu/robotics/my_ros2_ws/install/control_toolbox/include/control_toolbox/custom_validators.hpp
-- Symlinking: /home/ningbo@netid.washington.edu/robotics/my_ros2_ws/install/control_toolbox/include/control_toolbox/exponential_filter_parameters.hpp
-- Symlinking: /home/ningbo@netid.washington.edu/robotics/my_ros2_ws/install/control_toolbox/include/control_toolbox/low_pass_filter_parameters.hpp
-- Symlinking: /home/ningbo@netid.washington.edu/robotics/my_ros2_ws/install/control_toolbox/include/control_toolbox/rate_limiter_parameters.hpp
-- Up-to-date symlink: /home/ningbo@netid.washington.edu/robotics/my_ros2_ws/install/control_toolbox/include/control_toolbox/custom_validators.hpp
-- Up-to-date symlink: /home/ningbo@netid.washington.edu/robotics/my_ros2_ws/install/control_toolbox/include/control_toolbox/exponential_filter_parameters.hpp
-- Up-to-date symlink: /home/ningbo@netid.washington.edu/robotics/my_ros2_ws/install/control_toolbox/include/control_toolbox/low_pass_filter_parameters.hpp
-- Up-to-date symlink: /home/ningbo@netid.washington.edu/robotics/my_ros2_ws/install/control_toolbox/include/control_toolbox/rate_limiter_parameters.hpp
-- Up-to-date symlink: /home/ningbo@netid.washington.edu/robotics/my_ros2_ws/install/control_toolbox/include/control_toolbox/custom_validators.hpp
-- Up-to-date symlink: /home/ningbo@netid.washington.edu/robotics/my_ros2_ws/install/control_toolbox/include/control_toolbox/exponential_filter_parameters.hpp
-- Up-to-date symlink: /home/ningbo@netid.washington.edu/robotics/my_ros2_ws/install/control_toolbox/include/control_toolbox/low_pass_filter_parameters.hpp
-- Up-to-date symlink: /home/ningbo@netid.washington.edu/robotics/my_ros2_ws/install/control_toolbox/include/control_toolbox/rate_limiter_parameters.hpp
-- Symlinking: /home/ningbo@netid.washington.edu/robotics/my_ros2_ws/install/control_toolbox/share/control_toolbox//control_filters.xml
-- Symlinking: /home/ningbo@netid.washington.edu/robotics/my_ros2_ws/install/control_toolbox/include/control_toolbox/control_filters/custom_validators.hpp
-- Symlinking: /home/ningbo@netid.washington.edu/robotics/my_ros2_ws/install/control_toolbox/include/control_toolbox/control_filters/exponential_filter.hpp
-- Symlinking: /home/ningbo@netid.washington.edu/robotics/my_ros2_ws/install/control_toolbox/include/control_toolbox/control_filters/low_pass_filter.hpp
-- Symlinking: /home/ningbo@netid.washington.edu/robotics/my_ros2_ws/install/control_toolbox/include/control_toolbox/control_filters/rate_limiter.hpp
-- Symlinking: /home/ningbo@netid.washington.edu/robotics/my_ros2_ws/install/control_toolbox/include/control_toolbox/control_toolbox/dither.hpp
-- Symlinking: /home/ningbo@netid.washington.edu/robotics/my_ros2_ws/install/control_toolbox/include/control_toolbox/control_toolbox/filters.hpp
-- Symlinking: /home/ningbo@netid.washington.edu/robotics/my_ros2_ws/install/control_toolbox/include/control_toolbox/control_toolbox/limited_proxy.hpp
-- Symlinking: /home/ningbo@netid.washington.edu/robotics/my_ros2_ws/install/control_toolbox/include/control_toolbox/control_toolbox/low_pass_filter.hpp
-- Symlinking: /home/ningbo@netid.washington.edu/robotics/my_ros2_ws/install/control_toolbox/include/control_toolbox/control_toolbox/pid.hpp
-- Symlinking: /home/ningbo@netid.washington.edu/robotics/my_ros2_ws/install/control_toolbox/include/control_toolbox/control_toolbox/pid_ros.hpp
-- Symlinking: /home/ningbo@netid.washington.edu/robotics/my_ros2_ws/install/control_toolbox/include/control_toolbox/control_toolbox/rate_limiter.hpp
-- Symlinking: /home/ningbo@netid.washington.edu/robotics/my_ros2_ws/install/control_toolbox/include/control_toolbox/control_toolbox/sine_sweep.hpp
-- Symlinking: /home/ningbo@netid.washington.edu/robotics/my_ros2_ws/install/control_toolbox/include/control_toolbox/control_toolbox/sinusoid.hpp
-- Symlinking: /home/ningbo@netid.washington.edu/robotics/my_ros2_ws/install/control_toolbox/share/control_toolbox/environment/library_path.sh
-- Symlinking: /home/ningbo@netid.washington.edu/robotics/my_ros2_ws/install/control_toolbox/share/control_toolbox/environment/library_path.dsv
-- Symlinking: /home/ningbo@netid.washington.edu/robotics/my_ros2_ws/install/control_toolbox/share/ament_index/resource_index/package_run_dependencies/control_toolbox
-- Symlinking: /home/ningbo@netid.washington.edu/robotics/my_ros2_ws/install/control_toolbox/share/ament_index/resource_index/parent_prefix_path/control_toolbox
-- Symlinking: /home/ningbo@netid.washington.edu/robotics/my_ros2_ws/install/control_toolbox/share/control_toolbox/environment/ament_prefix_path.sh
-- Symlinking: /home/ningbo@netid.washington.edu/robotics/my_ros2_ws/install/control_toolbox/share/control_toolbox/environment/ament_prefix_path.dsv
-- Symlinking: /home/ningbo@netid.washington.edu/robotics/my_ros2_ws/install/control_toolbox/share/control_toolbox/environment/path.sh
-- Symlinking: /home/ningbo@netid.washington.edu/robotics/my_ros2_ws/install/control_toolbox/share/control_toolbox/environment/path.dsv
-- Symlinking: /home/ningbo@netid.washington.edu/robotics/my_ros2_ws/install/control_toolbox/share/control_toolbox/local_setup.bash
-- Symlinking: /home/ningbo@netid.washington.edu/robotics/my_ros2_ws/install/control_toolbox/share/control_toolbox/local_setup.sh
-- Symlinking: /home/ningbo@netid.washington.edu/robotics/my_ros2_ws/install/control_toolbox/share/control_toolbox/local_setup.zsh
-- Symlinking: /home/ningbo@netid.washington.edu/robotics/my_ros2_ws/install/control_toolbox/share/control_toolbox/local_setup.dsv
-- Symlinking: /home/ningbo@netid.washington.edu/robotics/my_ros2_ws/install/control_toolbox/share/control_toolbox/package.dsv
-- Symlinking: /home/ningbo@netid.washington.edu/robotics/my_ros2_ws/install/control_toolbox/share/ament_index/resource_index/packages/control_toolbox
-- Symlinking: /home/ningbo@netid.washington.edu/robotics/my_ros2_ws/install/control_toolbox/share/ament_index/resource_index/filters__pluginlib__plugin/control_toolbox
-- Symlinking: /home/ningbo@netid.washington.edu/robotics/my_ros2_ws/install/control_toolbox/share/control_toolbox/cmake/ament_cmake_export_dependencies-extras.cmake
-- Symlinking: /home/ningbo@netid.washington.edu/robotics/my_ros2_ws/install/control_toolbox/share/control_toolbox/cmake/ament_cmake_export_targets-extras.cmake
-- Symlinking: /home/ningbo@netid.washington.edu/robotics/my_ros2_ws/install/control_toolbox/share/control_toolbox/cmake/control_toolboxConfig.cmake
-- Symlinking: /home/ningbo@netid.washington.edu/robotics/my_ros2_ws/install/control_toolbox/share/control_toolbox/cmake/control_toolboxConfig-version.cmake
-- Symlinking: /home/ningbo@netid.washington.edu/robotics/my_ros2_ws/install/control_toolbox/share/control_toolbox/package.xml
-- Installing: /home/ningbo@netid.washington.edu/robotics/my_ros2_ws/install/control_toolbox/lib/libcontrol_toolbox.so
-- Set runtime path of "/home/ningbo@netid.washington.edu/robotics/my_ros2_ws/install/control_toolbox/lib/libcontrol_toolbox.so" to ""
-- Installing: /home/ningbo@netid.washington.edu/robotics/my_ros2_ws/install/control_toolbox/lib/liblow_pass_filter.so
-- Set runtime path of "/home/ningbo@netid.washington.edu/robotics/my_ros2_ws/install/control_toolbox/lib/liblow_pass_filter.so" to ""
-- Installing: /home/ningbo@netid.washington.edu/robotics/my_ros2_ws/install/control_toolbox/lib/librate_limiter.so
-- Set runtime path of "/home/ningbo@netid.washington.edu/robotics/my_ros2_ws/install/control_toolbox/lib/librate_limiter.so" to ""
-- Installing: /home/ningbo@netid.washington.edu/robotics/my_ros2_ws/install/control_toolbox/lib/libexponential_filter.so
-- Set runtime path of "/home/ningbo@netid.washington.edu/robotics/my_ros2_ws/install/control_toolbox/lib/libexponential_filter.so" to ""
-- Installing: /home/ningbo@netid.washington.edu/robotics/my_ros2_ws/install/control_toolbox/share/control_toolbox/cmake/export_control_toolboxExport.cmake
-- Installing: /home/ningbo@netid.washington.edu/robotics/my_ros2_ws/install/control_toolbox/share/control_toolbox/cmake/export_control_toolboxExport-noconfig.cmake
