[0.051s] Invoking command in '/home/ningbo@netid.washington.edu/robotics/my_ros2_ws/build/kortex_api': CMAKE_PREFIX_PATH=${CMAKE_PREFIX_PATH}:/home/ningbo@netid.washington.edu/robotics/my_ws/install/rqt_joint_trajectory_controller:/home/ningbo@netid.washington.edu/robotics/my_ws/install/rqt_controller_manager:/home/ningbo@netid.washington.edu/robotics/my_ws/install/ros2controlcli:/home/ningbo@netid.washington.edu/robotics/my_ws/install/ros2_controllers_test_nodes:/home/ningbo@netid.washington.edu/robotics/my_ws/install/ros2_control_demo_testing:/home/ningbo@netid.washington.edu/robotics/my_ws/install/pick_place:/home/ningbo@netid.washington.edu/ros2_ws/install/ros2controlcli:/home/ningbo@netid.washington.edu/ros2_ws/install/ros2_controllers_test_nodes:/home/ningbo@netid.washington.edu/ros2_ws/install/ros2_control_demo_testing:/opt/ros/humble /usr/bin/cmake /home/ningbo@netid.washington.edu/robotics/my_ros2_ws/src/ros2_kortex/kortex_api -DCMAKE_INSTALL_PREFIX=/home/ningbo@netid.washington.edu/robotics/my_ros2_ws/install/kortex_api
[0.579s] -- Found ament_cmake: 1.3.11 (/opt/ros/humble/share/ament_cmake/cmake)
[0.768s] -- Override CMake install command with custom implementation using symlinks instead of copying resources
[1.005s] -- Configuring done
[1.015s] -- Generating done
[1.022s] -- Build files have been written to: /home/ningbo@netid.washington.edu/robotics/my_ros2_ws/build/kortex_api
[1.690s] Invoked command in '/home/ningbo@netid.washington.edu/robotics/my_ros2_ws/build/kortex_api' returned '0': CMAKE_PREFIX_PATH=${CMAKE_PREFIX_PATH}:/home/ningbo@netid.washington.edu/robotics/my_ws/install/rqt_joint_trajectory_controller:/home/ningbo@netid.washington.edu/robotics/my_ws/install/rqt_controller_manager:/home/ningbo@netid.washington.edu/robotics/my_ws/install/ros2controlcli:/home/ningbo@netid.washington.edu/robotics/my_ws/install/ros2_controllers_test_nodes:/home/ningbo@netid.washington.edu/robotics/my_ws/install/ros2_control_demo_testing:/home/ningbo@netid.washington.edu/robotics/my_ws/install/pick_place:/home/ningbo@netid.washington.edu/ros2_ws/install/ros2controlcli:/home/ningbo@netid.washington.edu/ros2_ws/install/ros2_controllers_test_nodes:/home/ningbo@netid.washington.edu/ros2_ws/install/ros2_control_demo_testing:/opt/ros/humble /usr/bin/cmake /home/ningbo@netid.washington.edu/robotics/my_ros2_ws/src/ros2_kortex/kortex_api -DCMAKE_INSTALL_PREFIX=/home/ningbo@netid.washington.edu/robotics/my_ros2_ws/install/kortex_api
[1.695s] Invoking command in '/home/ningbo@netid.washington.edu/robotics/my_ros2_ws/build/kortex_api': CMAKE_PREFIX_PATH=${CMAKE_PREFIX_PATH}:/home/ningbo@netid.washington.edu/robotics/my_ws/install/rqt_joint_trajectory_controller:/home/ningbo@netid.washington.edu/robotics/my_ws/install/rqt_controller_manager:/home/ningbo@netid.washington.edu/robotics/my_ws/install/ros2controlcli:/home/ningbo@netid.washington.edu/robotics/my_ws/install/ros2_controllers_test_nodes:/home/ningbo@netid.washington.edu/robotics/my_ws/install/ros2_control_demo_testing:/home/ningbo@netid.washington.edu/robotics/my_ws/install/pick_place:/home/ningbo@netid.washington.edu/ros2_ws/install/ros2controlcli:/home/ningbo@netid.washington.edu/ros2_ws/install/ros2_controllers_test_nodes:/home/ningbo@netid.washington.edu/ros2_ws/install/ros2_control_demo_testing:/opt/ros/humble /usr/bin/cmake --build /home/ningbo@netid.washington.edu/robotics/my_ros2_ws/build/kortex_api -- -j8 -l8
[1.883s] Invoked command in '/home/ningbo@netid.washington.edu/robotics/my_ros2_ws/build/kortex_api' returned '0': CMAKE_PREFIX_PATH=${CMAKE_PREFIX_PATH}:/home/ningbo@netid.washington.edu/robotics/my_ws/install/rqt_joint_trajectory_controller:/home/ningbo@netid.washington.edu/robotics/my_ws/install/rqt_controller_manager:/home/ningbo@netid.washington.edu/robotics/my_ws/install/ros2controlcli:/home/ningbo@netid.washington.edu/robotics/my_ws/install/ros2_controllers_test_nodes:/home/ningbo@netid.washington.edu/robotics/my_ws/install/ros2_control_demo_testing:/home/ningbo@netid.washington.edu/robotics/my_ws/install/pick_place:/home/ningbo@netid.washington.edu/ros2_ws/install/ros2controlcli:/home/ningbo@netid.washington.edu/ros2_ws/install/ros2_controllers_test_nodes:/home/ningbo@netid.washington.edu/ros2_ws/install/ros2_control_demo_testing:/opt/ros/humble /usr/bin/cmake --build /home/ningbo@netid.washington.edu/robotics/my_ros2_ws/build/kortex_api -- -j8 -l8
[1.890s] Invoking command in '/home/ningbo@netid.washington.edu/robotics/my_ros2_ws/build/kortex_api': CMAKE_PREFIX_PATH=${CMAKE_PREFIX_PATH}:/home/ningbo@netid.washington.edu/robotics/my_ws/install/rqt_joint_trajectory_controller:/home/ningbo@netid.washington.edu/robotics/my_ws/install/rqt_controller_manager:/home/ningbo@netid.washington.edu/robotics/my_ws/install/ros2controlcli:/home/ningbo@netid.washington.edu/robotics/my_ws/install/ros2_controllers_test_nodes:/home/ningbo@netid.washington.edu/robotics/my_ws/install/ros2_control_demo_testing:/home/ningbo@netid.washington.edu/robotics/my_ws/install/pick_place:/home/ningbo@netid.washington.edu/ros2_ws/install/ros2controlcli:/home/ningbo@netid.washington.edu/ros2_ws/install/ros2_controllers_test_nodes:/home/ningbo@netid.washington.edu/ros2_ws/install/ros2_control_demo_testing:/opt/ros/humble /usr/bin/cmake --install /home/ningbo@netid.washington.edu/robotics/my_ros2_ws/build/kortex_api
[2.020s] -- Install configuration: ""
[2.020s] -- Execute custom install script
[2.020s] -- Up-to-date symlink: /home/ningbo@netid.washington.edu/robotics/my_ros2_ws/install/kortex_api/include/kortex_api/FrameHandler.h
[2.020s] -- Up-to-date symlink: /home/ningbo@netid.washington.edu/robotics/my_ros2_ws/install/kortex_api/include/kortex_api/IRouterClient.h
[2.021s] -- Up-to-date symlink: /home/ningbo@netid.washington.edu/robotics/my_ros2_ws/install/kortex_api/include/kortex_api/ITransportClient.h
[2.021s] -- Up-to-date symlink: /home/ningbo@netid.washington.edu/robotics/my_ros2_ws/install/kortex_api/include/kortex_api/NotificationHandler.h
[2.021s] -- Up-to-date symlink: /home/ningbo@netid.washington.edu/robotics/my_ros2_ws/install/kortex_api/include/kortex_api/RouterClient.h
[2.021s] -- Up-to-date symlink: /home/ningbo@netid.washington.edu/robotics/my_ros2_ws/install/kortex_api/include/kortex_api/SessionManager.h
[2.021s] -- Up-to-date symlink: /home/ningbo@netid.washington.edu/robotics/my_ros2_ws/install/kortex_api/include/kortex_api/TransportClientTcp.h
[2.021s] -- Up-to-date symlink: /home/ningbo@netid.washington.edu/robotics/my_ros2_ws/install/kortex_api/include/kortex_api/TransportClientUdp.h
[2.022s] -- Symlinking: /home/ningbo@netid.washington.edu/robotics/my_ros2_ws/install/kortex_api/include/kortex_api/version.h
[2.022s] -- Up-to-date symlink: /home/ningbo@netid.washington.edu/robotics/my_ros2_ws/install/kortex_api/include/kortex_api/Frame.h
[2.022s] -- Up-to-date symlink: /home/ningbo@netid.washington.edu/robotics/my_ros2_ws/install/kortex_api/include/kortex_api/HeaderInfo.h
[2.022s] -- Up-to-date symlink: /home/ningbo@netid.washington.edu/robotics/my_ros2_ws/install/kortex_api/include/kortex_api/KBasicException.h
[2.022s] -- Up-to-date symlink: /home/ningbo@netid.washington.edu/robotics/my_ros2_ws/install/kortex_api/include/kortex_api/KDetailedException.h
[2.022s] -- Up-to-date symlink: /home/ningbo@netid.washington.edu/robotics/my_ros2_ws/install/kortex_api/include/kortex_api/KError.h
[2.023s] -- Up-to-date symlink: /home/ningbo@netid.washington.edu/robotics/my_ros2_ws/install/kortex_api/include/kortex_api/KinovaTcpUtilities.h
[2.023s] -- Up-to-date symlink: /home/ningbo@netid.washington.edu/robotics/my_ros2_ws/install/kortex_api/include/kortex_api/TransportBridgeDummy.h
[2.023s] -- Symlinking: /home/ningbo@netid.washington.edu/robotics/my_ros2_ws/install/kortex_api/include/kortex_api/version.h
[2.023s] -- Up-to-date symlink: /home/ningbo@netid.washington.edu/robotics/my_ros2_ws/install/kortex_api/include/kortex_api/ActuatorConfig.pb.h
[2.027s] -- Up-to-date symlink: /home/ningbo@netid.washington.edu/robotics/my_ros2_ws/install/kortex_api/include/kortex_api/ActuatorCyclic.pb.h
[2.028s] -- Up-to-date symlink: /home/ningbo@netid.washington.edu/robotics/my_ros2_ws/install/kortex_api/include/kortex_api/Base.pb.h
[2.028s] -- Up-to-date symlink: /home/ningbo@netid.washington.edu/robotics/my_ros2_ws/install/kortex_api/include/kortex_api/BaseCyclic.pb.h
[2.028s] -- Up-to-date symlink: /home/ningbo@netid.washington.edu/robotics/my_ros2_ws/install/kortex_api/include/kortex_api/Common.pb.h
[2.028s] -- Up-to-date symlink: /home/ningbo@netid.washington.edu/robotics/my_ros2_ws/install/kortex_api/include/kortex_api/ControlConfig.pb.h
[2.029s] -- Up-to-date symlink: /home/ningbo@netid.washington.edu/robotics/my_ros2_ws/install/kortex_api/include/kortex_api/DeviceConfig.pb.h
[2.029s] -- Up-to-date symlink: /home/ningbo@netid.washington.edu/robotics/my_ros2_ws/install/kortex_api/include/kortex_api/DeviceManager.pb.h
[2.029s] -- Up-to-date symlink: /home/ningbo@netid.washington.edu/robotics/my_ros2_ws/install/kortex_api/include/kortex_api/Errors.pb.h
[2.030s] -- Up-to-date symlink: /home/ningbo@netid.washington.edu/robotics/my_ros2_ws/install/kortex_api/include/kortex_api/Frame.pb.h
[2.030s] -- Up-to-date symlink: /home/ningbo@netid.washington.edu/robotics/my_ros2_ws/install/kortex_api/include/kortex_api/GripperConfig.pb.h
[2.030s] -- Up-to-date symlink: /home/ningbo@netid.washington.edu/robotics/my_ros2_ws/install/kortex_api/include/kortex_api/GripperCyclic.pb.h
[2.030s] -- Up-to-date symlink: /home/ningbo@netid.washington.edu/robotics/my_ros2_ws/install/kortex_api/include/kortex_api/GripperCyclicMessage.pb.h
[2.030s] -- Up-to-date symlink: /home/ningbo@netid.washington.edu/robotics/my_ros2_ws/install/kortex_api/include/kortex_api/InterconnectConfig.pb.h
[2.030s] -- Up-to-date symlink: /home/ningbo@netid.washington.edu/robotics/my_ros2_ws/install/kortex_api/include/kortex_api/InterconnectCyclic.pb.h
[2.030s] -- Up-to-date symlink: /home/ningbo@netid.washington.edu/robotics/my_ros2_ws/install/kortex_api/include/kortex_api/InterconnectCyclicMessage.pb.h
[2.031s] -- Up-to-date symlink: /home/ningbo@netid.washington.edu/robotics/my_ros2_ws/install/kortex_api/include/kortex_api/ProductConfiguration.pb.h
[2.031s] -- Up-to-date symlink: /home/ningbo@netid.washington.edu/robotics/my_ros2_ws/install/kortex_api/include/kortex_api/Session.pb.h
[2.031s] -- Up-to-date symlink: /home/ningbo@netid.washington.edu/robotics/my_ros2_ws/install/kortex_api/include/kortex_api/Test.pb.h
[2.031s] -- Up-to-date symlink: /home/ningbo@netid.washington.edu/robotics/my_ros2_ws/install/kortex_api/include/kortex_api/VisionConfig.pb.h
[2.035s] -- Up-to-date symlink: /home/ningbo@netid.washington.edu/robotics/my_ros2_ws/install/kortex_api/include/kortex_api/ActuatorConfigClientRpc.h
[2.035s] -- Up-to-date symlink: /home/ningbo@netid.washington.edu/robotics/my_ros2_ws/install/kortex_api/include/kortex_api/ActuatorCyclicClientRpc.h
[2.035s] -- Up-to-date symlink: /home/ningbo@netid.washington.edu/robotics/my_ros2_ws/install/kortex_api/include/kortex_api/BaseClientRpc.h
[2.036s] -- Up-to-date symlink: /home/ningbo@netid.washington.edu/robotics/my_ros2_ws/install/kortex_api/include/kortex_api/BaseCyclicClientRpc.h
[2.036s] -- Up-to-date symlink: /home/ningbo@netid.washington.edu/robotics/my_ros2_ws/install/kortex_api/include/kortex_api/ControlConfigClientRpc.h
[2.036s] -- Up-to-date symlink: /home/ningbo@netid.washington.edu/robotics/my_ros2_ws/install/kortex_api/include/kortex_api/DeviceConfigClientRpc.h
[2.036s] -- Up-to-date symlink: /home/ningbo@netid.washington.edu/robotics/my_ros2_ws/install/kortex_api/include/kortex_api/DeviceManagerClientRpc.h
[2.036s] -- Up-to-date symlink: /home/ningbo@netid.washington.edu/robotics/my_ros2_ws/install/kortex_api/include/kortex_api/GripperCyclicClientRpc.h
[2.038s] -- Up-to-date symlink: /home/ningbo@netid.washington.edu/robotics/my_ros2_ws/install/kortex_api/include/kortex_api/InterconnectConfigClientRpc.h
[2.038s] -- Up-to-date symlink: /home/ningbo@netid.washington.edu/robotics/my_ros2_ws/install/kortex_api/include/kortex_api/InterconnectCyclicClientRpc.h
[2.038s] -- Up-to-date symlink: /home/ningbo@netid.washington.edu/robotics/my_ros2_ws/install/kortex_api/include/kortex_api/SessionClientRpc.h
[2.039s] -- Up-to-date symlink: /home/ningbo@netid.washington.edu/robotics/my_ros2_ws/install/kortex_api/include/kortex_api/TestClientRpc.h
[2.039s] -- Up-to-date symlink: /home/ningbo@netid.washington.edu/robotics/my_ros2_ws/install/kortex_api/include/kortex_api/VisionConfigClientRpc.h
[2.041s] -- Up-to-date symlink: /home/ningbo@netid.washington.edu/robotics/my_ros2_ws/install/kortex_api/include/kortex_api/google/protobuf/any.h
[2.042s] -- Up-to-date symlink: /home/ningbo@netid.washington.edu/robotics/my_ros2_ws/install/kortex_api/include/kortex_api/google/protobuf/any.pb.h
[2.042s] -- Up-to-date symlink: /home/ningbo@netid.washington.edu/robotics/my_ros2_ws/install/kortex_api/include/kortex_api/google/protobuf/api.pb.h
[2.042s] -- Up-to-date symlink: /home/ningbo@netid.washington.edu/robotics/my_ros2_ws/install/kortex_api/include/kortex_api/google/protobuf/arena.h
[2.042s] -- Up-to-date symlink: /home/ningbo@netid.washington.edu/robotics/my_ros2_ws/install/kortex_api/include/kortex_api/google/protobuf/arena_impl.h
[2.043s] -- Up-to-date symlink: /home/ningbo@netid.washington.edu/robotics/my_ros2_ws/install/kortex_api/include/kortex_api/google/protobuf/arenastring.h
[2.043s] -- Up-to-date symlink: /home/ningbo@netid.washington.edu/robotics/my_ros2_ws/install/kortex_api/include/kortex_api/google/protobuf/compiler/code_generator.h
[2.044s] -- Up-to-date symlink: /home/ningbo@netid.washington.edu/robotics/my_ros2_ws/install/kortex_api/include/kortex_api/google/protobuf/compiler/command_line_interface.h
[2.044s] -- Up-to-date symlink: /home/ningbo@netid.washington.edu/robotics/my_ros2_ws/install/kortex_api/include/kortex_api/google/protobuf/compiler/cpp/cpp_generator.h
[2.045s] -- Up-to-date symlink: /home/ningbo@netid.washington.edu/robotics/my_ros2_ws/install/kortex_api/include/kortex_api/google/protobuf/compiler/csharp/csharp_generator.h
[2.045s] -- Up-to-date symlink: /home/ningbo@netid.washington.edu/robotics/my_ros2_ws/install/kortex_api/include/kortex_api/google/protobuf/compiler/csharp/csharp_names.h
[2.045s] -- Up-to-date symlink: /home/ningbo@netid.washington.edu/robotics/my_ros2_ws/install/kortex_api/include/kortex_api/google/protobuf/compiler/importer.h
[2.045s] -- Up-to-date symlink: /home/ningbo@netid.washington.edu/robotics/my_ros2_ws/install/kortex_api/include/kortex_api/google/protobuf/compiler/java/java_generator.h
[2.046s] -- Up-to-date symlink: /home/ningbo@netid.washington.edu/robotics/my_ros2_ws/install/kortex_api/include/kortex_api/google/protobuf/compiler/java/java_names.h
[2.046s] -- Up-to-date symlink: /home/ningbo@netid.washington.edu/robotics/my_ros2_ws/install/kortex_api/include/kortex_api/google/protobuf/compiler/javanano/javanano_generator.h
[2.046s] -- Up-to-date symlink: /home/ningbo@netid.washington.edu/robotics/my_ros2_ws/install/kortex_api/include/kortex_api/google/protobuf/compiler/js/js_generator.h
[2.047s] -- Up-to-date symlink: /home/ningbo@netid.washington.edu/robotics/my_ros2_ws/install/kortex_api/include/kortex_api/google/protobuf/compiler/js/well_known_types_embed.h
[2.050s] -- Up-to-date symlink: /home/ningbo@netid.washington.edu/robotics/my_ros2_ws/install/kortex_api/include/kortex_api/google/protobuf/compiler/objectivec/objectivec_generator.h
[2.050s] -- Up-to-date symlink: /home/ningbo@netid.washington.edu/robotics/my_ros2_ws/install/kortex_api/include/kortex_api/google/protobuf/compiler/objectivec/objectivec_helpers.h
[2.051s] -- Up-to-date symlink: /home/ningbo@netid.washington.edu/robotics/my_ros2_ws/install/kortex_api/include/kortex_api/google/protobuf/compiler/parser.h
[2.051s] -- Up-to-date symlink: /home/ningbo@netid.washington.edu/robotics/my_ros2_ws/install/kortex_api/include/kortex_api/google/protobuf/compiler/php/php_generator.h
[2.051s] -- Up-to-date symlink: /home/ningbo@netid.washington.edu/robotics/my_ros2_ws/install/kortex_api/include/kortex_api/google/protobuf/compiler/plugin.h
[2.051s] -- Up-to-date symlink: /home/ningbo@netid.washington.edu/robotics/my_ros2_ws/install/kortex_api/include/kortex_api/google/protobuf/compiler/plugin.pb.h
[2.052s] -- Up-to-date symlink: /home/ningbo@netid.washington.edu/robotics/my_ros2_ws/install/kortex_api/include/kortex_api/google/protobuf/compiler/python/python_generator.h
[2.052s] -- Up-to-date symlink: /home/ningbo@netid.washington.edu/robotics/my_ros2_ws/install/kortex_api/include/kortex_api/google/protobuf/compiler/ruby/ruby_generator.h
[2.052s] -- Up-to-date symlink: /home/ningbo@netid.washington.edu/robotics/my_ros2_ws/install/kortex_api/include/kortex_api/google/protobuf/descriptor.h
[2.053s] -- Up-to-date symlink: /home/ningbo@netid.washington.edu/robotics/my_ros2_ws/install/kortex_api/include/kortex_api/google/protobuf/descriptor.pb.h
[2.053s] -- Up-to-date symlink: /home/ningbo@netid.washington.edu/robotics/my_ros2_ws/install/kortex_api/include/kortex_api/google/protobuf/descriptor_database.h
[2.055s] -- Up-to-date symlink: /home/ningbo@netid.washington.edu/robotics/my_ros2_ws/install/kortex_api/include/kortex_api/google/protobuf/duration.pb.h
[2.056s] -- Up-to-date symlink: /home/ningbo@netid.washington.edu/robotics/my_ros2_ws/install/kortex_api/include/kortex_api/google/protobuf/dynamic_message.h
[2.056s] -- Up-to-date symlink: /home/ningbo@netid.washington.edu/robotics/my_ros2_ws/install/kortex_api/include/kortex_api/google/protobuf/empty.pb.h
[2.056s] -- Up-to-date symlink: /home/ningbo@netid.washington.edu/robotics/my_ros2_ws/install/kortex_api/include/kortex_api/google/protobuf/extension_set.h
[2.058s] -- Up-to-date symlink: /home/ningbo@netid.washington.edu/robotics/my_ros2_ws/install/kortex_api/include/kortex_api/google/protobuf/field_mask.pb.h
[2.059s] -- Up-to-date symlink: /home/ningbo@netid.washington.edu/robotics/my_ros2_ws/install/kortex_api/include/kortex_api/google/protobuf/generated_enum_reflection.h
[2.059s] -- Up-to-date symlink: /home/ningbo@netid.washington.edu/robotics/my_ros2_ws/install/kortex_api/include/kortex_api/google/protobuf/generated_enum_util.h
[2.060s] -- Up-to-date symlink: /home/ningbo@netid.washington.edu/robotics/my_ros2_ws/install/kortex_api/include/kortex_api/google/protobuf/generated_message_reflection.h
[2.060s] -- Up-to-date symlink: /home/ningbo@netid.washington.edu/robotics/my_ros2_ws/install/kortex_api/include/kortex_api/google/protobuf/generated_message_table_driven.h
[2.061s] -- Up-to-date symlink: /home/ningbo@netid.washington.edu/robotics/my_ros2_ws/install/kortex_api/include/kortex_api/google/protobuf/generated_message_util.h
[2.068s] -- Up-to-date symlink: /home/ningbo@netid.washington.edu/robotics/my_ros2_ws/install/kortex_api/include/kortex_api/google/protobuf/has_bits.h
[2.068s] -- Up-to-date symlink: /home/ningbo@netid.washington.edu/robotics/my_ros2_ws/install/kortex_api/include/kortex_api/google/protobuf/io/coded_stream.h
[2.068s] -- Up-to-date symlink: /home/ningbo@netid.washington.edu/robotics/my_ros2_ws/install/kortex_api/include/kortex_api/google/protobuf/io/gzip_stream.h
[2.068s] -- Up-to-date symlink: /home/ningbo@netid.washington.edu/robotics/my_ros2_ws/install/kortex_api/include/kortex_api/google/protobuf/io/printer.h
[2.068s] -- Up-to-date symlink: /home/ningbo@netid.washington.edu/robotics/my_ros2_ws/install/kortex_api/include/kortex_api/google/protobuf/io/strtod.h
[2.068s] -- Up-to-date symlink: /home/ningbo@netid.washington.edu/robotics/my_ros2_ws/install/kortex_api/include/kortex_api/google/protobuf/io/tokenizer.h
[2.069s] -- Up-to-date symlink: /home/ningbo@netid.washington.edu/robotics/my_ros2_ws/install/kortex_api/include/kortex_api/google/protobuf/io/zero_copy_stream.h
[2.069s] -- Up-to-date symlink: /home/ningbo@netid.washington.edu/robotics/my_ros2_ws/install/kortex_api/include/kortex_api/google/protobuf/io/zero_copy_stream_impl.h
[2.069s] -- Up-to-date symlink: /home/ningbo@netid.washington.edu/robotics/my_ros2_ws/install/kortex_api/include/kortex_api/google/protobuf/io/zero_copy_stream_impl_lite.h
[2.070s] -- Up-to-date symlink: /home/ningbo@netid.washington.edu/robotics/my_ros2_ws/install/kortex_api/include/kortex_api/google/protobuf/map.h
[2.071s] -- Up-to-date symlink: /home/ningbo@netid.washington.edu/robotics/my_ros2_ws/install/kortex_api/include/kortex_api/google/protobuf/map_entry.h
[2.071s] -- Up-to-date symlink: /home/ningbo@netid.washington.edu/robotics/my_ros2_ws/install/kortex_api/include/kortex_api/google/protobuf/map_entry_lite.h
[2.071s] -- Up-to-date symlink: /home/ningbo@netid.washington.edu/robotics/my_ros2_ws/install/kortex_api/include/kortex_api/google/protobuf/map_field.h
[2.071s] -- Up-to-date symlink: /home/ningbo@netid.washington.edu/robotics/my_ros2_ws/install/kortex_api/include/kortex_api/google/protobuf/map_field_inl.h
[2.072s] -- Up-to-date symlink: /home/ningbo@netid.washington.edu/robotics/my_ros2_ws/install/kortex_api/include/kortex_api/google/protobuf/map_field_lite.h
[2.072s] -- Up-to-date symlink: /home/ningbo@netid.washington.edu/robotics/my_ros2_ws/install/kortex_api/include/kortex_api/google/protobuf/map_type_handler.h
[2.072s] -- Up-to-date symlink: /home/ningbo@netid.washington.edu/robotics/my_ros2_ws/install/kortex_api/include/kortex_api/google/protobuf/message.h
[2.073s] -- Up-to-date symlink: /home/ningbo@netid.washington.edu/robotics/my_ros2_ws/install/kortex_api/include/kortex_api/google/protobuf/message_lite.h
[2.073s] -- Up-to-date symlink: /home/ningbo@netid.washington.edu/robotics/my_ros2_ws/install/kortex_api/include/kortex_api/google/protobuf/metadata.h
[2.073s] -- Up-to-date symlink: /home/ningbo@netid.washington.edu/robotics/my_ros2_ws/install/kortex_api/include/kortex_api/google/protobuf/metadata_lite.h
[2.074s] -- Up-to-date symlink: /home/ningbo@netid.washington.edu/robotics/my_ros2_ws/install/kortex_api/include/kortex_api/google/protobuf/reflection.h
[2.074s] -- Up-to-date symlink: /home/ningbo@netid.washington.edu/robotics/my_ros2_ws/install/kortex_api/include/kortex_api/google/protobuf/reflection_ops.h
[2.074s] -- Up-to-date symlink: /home/ningbo@netid.washington.edu/robotics/my_ros2_ws/install/kortex_api/include/kortex_api/google/protobuf/repeated_field.h
[2.074s] -- Up-to-date symlink: /home/ningbo@netid.washington.edu/robotics/my_ros2_ws/install/kortex_api/include/kortex_api/google/protobuf/service.h
[2.079s] -- Up-to-date symlink: /home/ningbo@netid.washington.edu/robotics/my_ros2_ws/install/kortex_api/include/kortex_api/google/protobuf/source_context.pb.h
[2.079s] -- Up-to-date symlink: /home/ningbo@netid.washington.edu/robotics/my_ros2_ws/install/kortex_api/include/kortex_api/google/protobuf/struct.pb.h
[2.082s] -- Up-to-date symlink: /home/ningbo@netid.washington.edu/robotics/my_ros2_ws/install/kortex_api/include/kortex_api/google/protobuf/stubs/atomic_sequence_num.h
[2.084s] -- Up-to-date symlink: /home/ningbo@netid.washington.edu/robotics/my_ros2_ws/install/kortex_api/include/kortex_api/google/protobuf/stubs/atomicops.h
[2.084s] -- Up-to-date symlink: /home/ningbo@netid.washington.edu/robotics/my_ros2_ws/install/kortex_api/include/kortex_api/google/protobuf/stubs/atomicops_internals_arm64_gcc.h
[2.084s] -- Up-to-date symlink: /home/ningbo@netid.washington.edu/robotics/my_ros2_ws/install/kortex_api/include/kortex_api/google/protobuf/stubs/atomicops_internals_arm_gcc.h
[2.088s] -- Up-to-date symlink: /home/ningbo@netid.washington.edu/robotics/my_ros2_ws/install/kortex_api/include/kortex_api/google/protobuf/stubs/atomicops_internals_arm_qnx.h
[2.088s] -- Up-to-date symlink: /home/ningbo@netid.washington.edu/robotics/my_ros2_ws/install/kortex_api/include/kortex_api/google/protobuf/stubs/atomicops_internals_generic_c11_atomic.h
[2.089s] -- Up-to-date symlink: /home/ningbo@netid.washington.edu/robotics/my_ros2_ws/install/kortex_api/include/kortex_api/google/protobuf/stubs/atomicops_internals_generic_gcc.h
[2.089s] -- Up-to-date symlink: /home/ningbo@netid.washington.edu/robotics/my_ros2_ws/install/kortex_api/include/kortex_api/google/protobuf/stubs/atomicops_internals_mips_gcc.h
[2.090s] -- Up-to-date symlink: /home/ningbo@netid.washington.edu/robotics/my_ros2_ws/install/kortex_api/include/kortex_api/google/protobuf/stubs/atomicops_internals_power.h
[2.090s] -- Up-to-date symlink: /home/ningbo@netid.washington.edu/robotics/my_ros2_ws/install/kortex_api/include/kortex_api/google/protobuf/stubs/atomicops_internals_ppc_gcc.h
[2.090s] -- Up-to-date symlink: /home/ningbo@netid.washington.edu/robotics/my_ros2_ws/install/kortex_api/include/kortex_api/google/protobuf/stubs/atomicops_internals_solaris.h
[2.090s] -- Up-to-date symlink: /home/ningbo@netid.washington.edu/robotics/my_ros2_ws/install/kortex_api/include/kortex_api/google/protobuf/stubs/atomicops_internals_tsan.h
[2.092s] -- Up-to-date symlink: /home/ningbo@netid.washington.edu/robotics/my_ros2_ws/install/kortex_api/include/kortex_api/google/protobuf/stubs/atomicops_internals_x86_gcc.h
[2.093s] -- Up-to-date symlink: /home/ningbo@netid.washington.edu/robotics/my_ros2_ws/install/kortex_api/include/kortex_api/google/protobuf/stubs/atomicops_internals_x86_msvc.h
[2.093s] -- Up-to-date symlink: /home/ningbo@netid.washington.edu/robotics/my_ros2_ws/install/kortex_api/include/kortex_api/google/protobuf/stubs/bytestream.h
[2.093s] -- Up-to-date symlink: /home/ningbo@netid.washington.edu/robotics/my_ros2_ws/install/kortex_api/include/kortex_api/google/protobuf/stubs/callback.h
[2.093s] -- Up-to-date symlink: /home/ningbo@netid.washington.edu/robotics/my_ros2_ws/install/kortex_api/include/kortex_api/google/protobuf/stubs/casts.h
[2.093s] -- Up-to-date symlink: /home/ningbo@netid.washington.edu/robotics/my_ros2_ws/install/kortex_api/include/kortex_api/google/protobuf/stubs/common.h
[2.094s] -- Up-to-date symlink: /home/ningbo@netid.washington.edu/robotics/my_ros2_ws/install/kortex_api/include/kortex_api/google/protobuf/stubs/fastmem.h
[2.096s] -- Up-to-date symlink: /home/ningbo@netid.washington.edu/robotics/my_ros2_ws/install/kortex_api/include/kortex_api/google/protobuf/stubs/hash.h
[2.096s] -- Up-to-date symlink: /home/ningbo@netid.washington.edu/robotics/my_ros2_ws/install/kortex_api/include/kortex_api/google/protobuf/stubs/logging.h
[2.096s] -- Up-to-date symlink: /home/ningbo@netid.washington.edu/robotics/my_ros2_ws/install/kortex_api/include/kortex_api/google/protobuf/stubs/macros.h
[2.098s] -- Up-to-date symlink: /home/ningbo@netid.washington.edu/robotics/my_ros2_ws/install/kortex_api/include/kortex_api/google/protobuf/stubs/mutex.h
[2.099s] -- Up-to-date symlink: /home/ningbo@netid.washington.edu/robotics/my_ros2_ws/install/kortex_api/include/kortex_api/google/protobuf/stubs/once.h
[2.099s] -- Up-to-date symlink: /home/ningbo@netid.washington.edu/robotics/my_ros2_ws/install/kortex_api/include/kortex_api/google/protobuf/stubs/platform_macros.h
[2.099s] -- Up-to-date symlink: /home/ningbo@netid.washington.edu/robotics/my_ros2_ws/install/kortex_api/include/kortex_api/google/protobuf/stubs/port.h
[2.099s] -- Up-to-date symlink: /home/ningbo@netid.washington.edu/robotics/my_ros2_ws/install/kortex_api/include/kortex_api/google/protobuf/stubs/scoped_ptr.h
[2.099s] -- Up-to-date symlink: /home/ningbo@netid.washington.edu/robotics/my_ros2_ws/install/kortex_api/include/kortex_api/google/protobuf/stubs/shared_ptr.h
[2.100s] -- Up-to-date symlink: /home/ningbo@netid.washington.edu/robotics/my_ros2_ws/install/kortex_api/include/kortex_api/google/protobuf/stubs/singleton.h
[2.100s] -- Up-to-date symlink: /home/ningbo@netid.washington.edu/robotics/my_ros2_ws/install/kortex_api/include/kortex_api/google/protobuf/stubs/status.h
[2.100s] -- Up-to-date symlink: /home/ningbo@netid.washington.edu/robotics/my_ros2_ws/install/kortex_api/include/kortex_api/google/protobuf/stubs/stl_util.h
[2.101s] -- Up-to-date symlink: /home/ningbo@netid.washington.edu/robotics/my_ros2_ws/install/kortex_api/include/kortex_api/google/protobuf/stubs/stringpiece.h
[2.102s] -- Up-to-date symlink: /home/ningbo@netid.washington.edu/robotics/my_ros2_ws/install/kortex_api/include/kortex_api/google/protobuf/stubs/template_util.h
[2.103s] -- Up-to-date symlink: /home/ningbo@netid.washington.edu/robotics/my_ros2_ws/install/kortex_api/include/kortex_api/google/protobuf/stubs/type_traits.h
[2.103s] -- Up-to-date symlink: /home/ningbo@netid.washington.edu/robotics/my_ros2_ws/install/kortex_api/include/kortex_api/google/protobuf/text_format.h
[2.103s] -- Up-to-date symlink: /home/ningbo@netid.washington.edu/robotics/my_ros2_ws/install/kortex_api/include/kortex_api/google/protobuf/timestamp.pb.h
[2.103s] -- Up-to-date symlink: /home/ningbo@netid.washington.edu/robotics/my_ros2_ws/install/kortex_api/include/kortex_api/google/protobuf/type.pb.h
[2.103s] -- Up-to-date symlink: /home/ningbo@netid.washington.edu/robotics/my_ros2_ws/install/kortex_api/include/kortex_api/google/protobuf/unknown_field_set.h
[2.103s] -- Up-to-date symlink: /home/ningbo@netid.washington.edu/robotics/my_ros2_ws/install/kortex_api/include/kortex_api/google/protobuf/util/delimited_message_util.h
[2.103s] -- Up-to-date symlink: /home/ningbo@netid.washington.edu/robotics/my_ros2_ws/install/kortex_api/include/kortex_api/google/protobuf/util/field_comparator.h
[2.104s] -- Up-to-date symlink: /home/ningbo@netid.washington.edu/robotics/my_ros2_ws/install/kortex_api/include/kortex_api/google/protobuf/util/field_mask_util.h
[2.104s] -- Up-to-date symlink: /home/ningbo@netid.washington.edu/robotics/my_ros2_ws/install/kortex_api/include/kortex_api/google/protobuf/util/json_util.h
[2.104s] -- Up-to-date symlink: /home/ningbo@netid.washington.edu/robotics/my_ros2_ws/install/kortex_api/include/kortex_api/google/protobuf/util/message_differencer.h
[2.104s] -- Up-to-date symlink: /home/ningbo@netid.washington.edu/robotics/my_ros2_ws/install/kortex_api/include/kortex_api/google/protobuf/util/time_util.h
[2.104s] -- Up-to-date symlink: /home/ningbo@netid.washington.edu/robotics/my_ros2_ws/install/kortex_api/include/kortex_api/google/protobuf/util/type_resolver.h
[2.107s] -- Up-to-date symlink: /home/ningbo@netid.washington.edu/robotics/my_ros2_ws/install/kortex_api/include/kortex_api/google/protobuf/util/type_resolver_util.h
[2.107s] -- Up-to-date symlink: /home/ningbo@netid.washington.edu/robotics/my_ros2_ws/install/kortex_api/include/kortex_api/google/protobuf/wire_format.h
[2.107s] -- Up-to-date symlink: /home/ningbo@netid.washington.edu/robotics/my_ros2_ws/install/kortex_api/include/kortex_api/google/protobuf/wire_format_lite.h
[2.107s] -- Up-to-date symlink: /home/ningbo@netid.washington.edu/robotics/my_ros2_ws/install/kortex_api/include/kortex_api/google/protobuf/wire_format_lite_inl.h
[2.108s] -- Up-to-date symlink: /home/ningbo@netid.washington.edu/robotics/my_ros2_ws/install/kortex_api/include/kortex_api/google/protobuf/wrappers.pb.h
[2.109s] -- Up-to-date symlink: /home/ningbo@netid.washington.edu/robotics/my_ros2_ws/install/kortex_api/share/ament_index/resource_index/package_run_dependencies/kortex_api
[2.110s] -- Up-to-date symlink: /home/ningbo@netid.washington.edu/robotics/my_ros2_ws/install/kortex_api/share/ament_index/resource_index/parent_prefix_path/kortex_api
[2.110s] -- Up-to-date symlink: /home/ningbo@netid.washington.edu/robotics/my_ros2_ws/install/kortex_api/share/kortex_api/environment/ament_prefix_path.sh
[2.111s] -- Up-to-date symlink: /home/ningbo@netid.washington.edu/robotics/my_ros2_ws/install/kortex_api/share/kortex_api/environment/ament_prefix_path.dsv
[2.111s] -- Up-to-date symlink: /home/ningbo@netid.washington.edu/robotics/my_ros2_ws/install/kortex_api/share/kortex_api/environment/path.sh
[2.111s] -- Up-to-date symlink: /home/ningbo@netid.washington.edu/robotics/my_ros2_ws/install/kortex_api/share/kortex_api/environment/path.dsv
[2.111s] -- Up-to-date symlink: /home/ningbo@netid.washington.edu/robotics/my_ros2_ws/install/kortex_api/share/kortex_api/local_setup.bash
[2.112s] -- Up-to-date symlink: /home/ningbo@netid.washington.edu/robotics/my_ros2_ws/install/kortex_api/share/kortex_api/local_setup.sh
[2.112s] -- Up-to-date symlink: /home/ningbo@netid.washington.edu/robotics/my_ros2_ws/install/kortex_api/share/kortex_api/local_setup.zsh
[2.116s] -- Up-to-date symlink: /home/ningbo@netid.washington.edu/robotics/my_ros2_ws/install/kortex_api/share/kortex_api/local_setup.dsv
[2.117s] -- Symlinking: /home/ningbo@netid.washington.edu/robotics/my_ros2_ws/install/kortex_api/share/kortex_api/package.dsv
[2.215s] -- Up-to-date symlink: /home/ningbo@netid.washington.edu/robotics/my_ros2_ws/install/kortex_api/share/ament_index/resource_index/packages/kortex_api
[2.216s] -- Up-to-date symlink: /home/ningbo@netid.washington.edu/robotics/my_ros2_ws/install/kortex_api/share/kortex_api/cmake/ament_cmake_export_include_directories-extras.cmake
[2.216s] -- Up-to-date symlink: /home/ningbo@netid.washington.edu/robotics/my_ros2_ws/install/kortex_api/share/kortex_api/cmake/kortex_apiConfig.cmake
[2.219s] -- Up-to-date symlink: /home/ningbo@netid.washington.edu/robotics/my_ros2_ws/install/kortex_api/share/kortex_api/cmake/kortex_apiConfig-version.cmake
[2.220s] -- Up-to-date symlink: /home/ningbo@netid.washington.edu/robotics/my_ros2_ws/install/kortex_api/share/kortex_api/package.xml
[2.246s] Invoked command in '/home/ningbo@netid.washington.edu/robotics/my_ros2_ws/build/kortex_api' returned '0': CMAKE_PREFIX_PATH=${CMAKE_PREFIX_PATH}:/home/ningbo@netid.washington.edu/robotics/my_ws/install/rqt_joint_trajectory_controller:/home/ningbo@netid.washington.edu/robotics/my_ws/install/rqt_controller_manager:/home/ningbo@netid.washington.edu/robotics/my_ws/install/ros2controlcli:/home/ningbo@netid.washington.edu/robotics/my_ws/install/ros2_controllers_test_nodes:/home/ningbo@netid.washington.edu/robotics/my_ws/install/ros2_control_demo_testing:/home/ningbo@netid.washington.edu/robotics/my_ws/install/pick_place:/home/ningbo@netid.washington.edu/ros2_ws/install/ros2controlcli:/home/ningbo@netid.washington.edu/ros2_ws/install/ros2_controllers_test_nodes:/home/ningbo@netid.washington.edu/ros2_ws/install/ros2_control_demo_testing:/opt/ros/humble /usr/bin/cmake --install /home/ningbo@netid.washington.edu/robotics/my_ros2_ws/build/kortex_api
