[2.092s] Invoking command in '/home/ningbo@netid.washington.edu/robotics/my_ros2_ws/src/lab_quaternion': PYTHONPATH=/home/ningbo@netid.washington.edu/robotics/my_ros2_ws/build/lab_quaternion/prefix_override:/usr/lib/python3/dist-packages/colcon_core/task/python/colcon_distutils_commands:/home/ningbo@netid.washington.edu/robotics/my_ros2_ws/install/lab_quaternion/lib/python3.10/site-packages:${PYTHONPATH} /usr/bin/python3 -W ignore:setup.py install is deprecated -W ignore:easy_install command is deprecated setup.py egg_info --egg-base ../../build/lab_quaternion build --build-base /home/ningbo@netid.washington.edu/robotics/my_ros2_ws/build/lab_quaternion/build install --record /home/ningbo@netid.washington.edu/robotics/my_ros2_ws/build/lab_quaternion/install.log --single-version-externally-managed install_data
[2.870s] running egg_info
[2.872s] writing ../../build/lab_quaternion/lab_quaternion.egg-info/PKG-INFO
[2.872s] writing dependency_links to ../../build/lab_quaternion/lab_quaternion.egg-info/dependency_links.txt
[2.873s] writing entry points to ../../build/lab_quaternion/lab_quaternion.egg-info/entry_points.txt
[2.873s] writing requirements to ../../build/lab_quaternion/lab_quaternion.egg-info/requires.txt
[2.873s] writing top-level names to ../../build/lab_quaternion/lab_quaternion.egg-info/top_level.txt
[2.878s] reading manifest file '../../build/lab_quaternion/lab_quaternion.egg-info/SOURCES.txt'
[2.880s] writing manifest file '../../build/lab_quaternion/lab_quaternion.egg-info/SOURCES.txt'
[2.880s] running build
[2.881s] running build_py
[2.882s] running install
[2.883s] running install_lib
[2.888s] running install_data
[2.889s] running install_egg_info
[2.894s] removing '/home/ningbo@netid.washington.edu/robotics/my_ros2_ws/install/lab_quaternion/lib/python3.10/site-packages/lab_quaternion-0.0.0-py3.10.egg-info' (and everything under it)
[2.895s] Copying ../../build/lab_quaternion/lab_quaternion.egg-info to /home/ningbo@netid.washington.edu/robotics/my_ros2_ws/install/lab_quaternion/lib/python3.10/site-packages/lab_quaternion-0.0.0-py3.10.egg-info
[2.896s] running install_scripts
[2.953s] Installing car_back script to /home/ningbo@netid.washington.edu/robotics/my_ros2_ws/install/lab_quaternion/lib/lab_quaternion
[2.953s] Installing car_basic script to /home/ningbo@netid.washington.edu/robotics/my_ros2_ws/install/lab_quaternion/lib/lab_quaternion
[2.954s] Installing car_bonus script to /home/ningbo@netid.washington.edu/robotics/my_ros2_ws/install/lab_quaternion/lib/lab_quaternion
[2.954s] Installing car_forward script to /home/ningbo@netid.washington.edu/robotics/my_ros2_ws/install/lab_quaternion/lib/lab_quaternion
[2.954s] Installing final_car script to /home/ningbo@netid.washington.edu/robotics/my_ros2_ws/install/lab_quaternion/lib/lab_quaternion
[2.955s] Installing final_pick script to /home/ningbo@netid.washington.edu/robotics/my_ros2_ws/install/lab_quaternion/lib/lab_quaternion
[2.955s] Installing gen3lite_pymoveit2 script to /home/ningbo@netid.washington.edu/robotics/my_ros2_ws/install/lab_quaternion/lib/lab_quaternion
[2.955s] Installing pick_and_place script to /home/ningbo@netid.washington.edu/robotics/my_ros2_ws/install/lab_quaternion/lib/lab_quaternion
[2.956s] Installing pick_and_place_2 script to /home/ningbo@netid.washington.edu/robotics/my_ros2_ws/install/lab_quaternion/lib/lab_quaternion
[2.956s] Installing pick_basic script to /home/ningbo@netid.washington.edu/robotics/my_ros2_ws/install/lab_quaternion/lib/lab_quaternion
[2.956s] Installing sort_cubes script to /home/ningbo@netid.washington.edu/robotics/my_ros2_ws/install/lab_quaternion/lib/lab_quaternion
[2.957s] writing list of installed files to '/home/ningbo@netid.washington.edu/robotics/my_ros2_ws/build/lab_quaternion/install.log'
[3.003s] Invoked command in '/home/ningbo@netid.washington.edu/robotics/my_ros2_ws/src/lab_quaternion' returned '0': PYTHONPATH=/home/ningbo@netid.washington.edu/robotics/my_ros2_ws/build/lab_quaternion/prefix_override:/usr/lib/python3/dist-packages/colcon_core/task/python/colcon_distutils_commands:/home/ningbo@netid.washington.edu/robotics/my_ros2_ws/install/lab_quaternion/lib/python3.10/site-packages:${PYTHONPATH} /usr/bin/python3 -W ignore:setup.py install is deprecated -W ignore:easy_install command is deprecated setup.py egg_info --egg-base ../../build/lab_quaternion build --build-base /home/ningbo@netid.washington.edu/robotics/my_ros2_ws/build/lab_quaternion/build install --record /home/ningbo@netid.washington.edu/robotics/my_ros2_ws/build/lab_quaternion/install.log --single-version-externally-managed install_data
