[0.119s] Invoking command in '/home/ningbo@netid.washington.edu/robotics/my_ros2_ws/build/ros_gz_sim': CMAKE_PREFIX_PATH=${CMAKE_PREFIX_PATH}:/home/ningbo@netid.washington.edu/robotics/my_ws/install/rqt_joint_trajectory_controller:/home/ningbo@netid.washington.edu/robotics/my_ws/install/rqt_controller_manager:/home/ningbo@netid.washington.edu/robotics/my_ws/install/ros2controlcli:/home/ningbo@netid.washington.edu/robotics/my_ws/install/ros2_controllers_test_nodes:/home/ningbo@netid.washington.edu/robotics/my_ws/install/ros2_control_demo_testing:/home/ningbo@netid.washington.edu/robotics/my_ws/install/pick_place:/home/ningbo@netid.washington.edu/ros2_ws/install/ros2controlcli:/home/ningbo@netid.washington.edu/ros2_ws/install/ros2_controllers_test_nodes:/home/ningbo@netid.washington.edu/ros2_ws/install/ros2_control_demo_testing:/opt/ros/humble /usr/bin/cmake /home/ningbo@netid.washington.edu/robotics/my_ros2_ws/src/ros_gz/ros_gz_sim -DAMENT_CMAKE_SYMLINK_INSTALL=1 -DCMAKE_INSTALL_PREFIX=/home/ningbo@netid.washington.edu/robotics/my_ros2_ws/install/ros_gz_sim
[5.043s] -- The C compiler identification is GNU 11.4.0
[5.044s] -- The CXX compiler identification is GNU 11.4.0
[5.044s] -- Detecting C compiler ABI info
[5.044s] -- Detecting C compiler ABI info - done
[5.044s] -- Check for working C compiler: /usr/bin/cc - skipped
[5.049s] -- Detecting C compile features
[5.050s] -- Detecting C compile features - done
[5.056s] -- Detecting CXX compiler ABI info
[5.056s] -- Detecting CXX compiler ABI info - done
[5.056s] -- Check for working CXX compiler: /usr/bin/c++ - skipped
[5.065s] -- Detecting CXX compile features
[5.065s] -- Detecting CXX compile features - done
[5.065s] -- Found ament_cmake: 1.3.11 (/opt/ros/humble/share/ament_cmake/cmake)
[5.065s] -- Found Python3: /usr/bin/python3 (found version "3.10.12") found components: Interpreter 
[5.066s] -- Override CMake install command with custom implementation using symlinks instead of copying resources
[5.754s] -- Found rclcpp: 16.0.11 (/opt/ros/humble/share/rclcpp/cmake)
[7.142s] -- Found rosidl_generator_c: 3.1.6 (/opt/ros/humble/share/rosidl_generator_c/cmake)
[7.361s] -- Found rosidl_adapter: 3.1.6 (/opt/ros/humble/share/rosidl_adapter/cmake)
[7.614s] -- Found rosidl_generator_cpp: 3.1.6 (/opt/ros/humble/share/rosidl_generator_cpp/cmake)
[7.949s] -- Using all available rosidl_typesupport_c: rosidl_typesupport_fastrtps_c;rosidl_typesupport_introspection_c
[8.240s] -- Using all available rosidl_typesupport_cpp: rosidl_typesupport_fastrtps_cpp;rosidl_typesupport_introspection_cpp
[9.270s] -- Found rmw_implementation_cmake: 6.1.2 (/opt/ros/humble/share/rmw_implementation_cmake/cmake)
[9.403s] -- Found rmw_fastrtps_cpp: 6.2.7 (/opt/ros/humble/share/rmw_fastrtps_cpp/cmake)
[10.856s] -- Found OpenSSL: /usr/lib/x86_64-linux-gnu/libcrypto.so (found version "3.0.2")  
[11.214s] -- Found FastRTPS: /opt/ros/humble/include  
[11.792s] -- Using RMW implementation 'rmw_fastrtps_cpp' as default
[11.979s] -- Looking for pthread.h
[12.737s] -- Looking for pthread.h - found
[12.737s] -- Performing Test CMAKE_HAVE_LIBC_PTHREAD
[13.337s] -- Performing Test CMAKE_HAVE_LIBC_PTHREAD - Success
[13.344s] -- Found Threads: TRUE  
[13.940s] -- Looking for ignition-math6 -- found version 6.15.1
[14.067s] -- Searching for dependencies of ignition-math6
[14.175s] -- Looking for ignition-transport11 -- found version 11.4.1
[14.178s] -- Searching for dependencies of ignition-transport11
[14.578s] -- Found Protobuf: /usr/lib/x86_64-linux-gnu/libprotobuf.so (found version "3.12.4") 
[14.749s] -- Config-file not installed for ZeroMQ -- checking for pkg-config
[14.799s] -- Checking for module 'libzmq >= 4'
[15.014s] --   Found libzmq , version 4.3.4
[15.628s] -- Found ZeroMQ: TRUE (Required is at least version "4") 
[15.715s] -- Checking for module 'uuid'
[15.893s] --   Found uuid, version 2.37.2
[16.288s] -- Found UUID: TRUE  
[16.395s] -- Looking for ignition-utils1 -- found version 1.5.1
[16.395s] -- Searching for dependencies of ignition-utils1
[16.396s] -- Searching for <ignition-utils1> component [cli]
[16.449s] -- Looking for ignition-utils1-cli -- found version 1.5.1
[16.457s] -- Searching for dependencies of ignition-utils1-cli
[16.511s] -- Looking for ignition-msgs8 -- found version 8.7.0
[16.513s] -- Searching for dependencies of ignition-msgs8
[16.656s] -- Found Protobuf: /usr/lib/x86_64-linux-gnu/libprotobuf.so (found suitable version "3.12.4", minimum required is "3") 
[16.660s] -- Looking for ignition-math6 -- found version 6.15.1
[16.710s] -- Checking for module 'tinyxml2'
[17.035s] --   Found tinyxml2, version 9.0.0
[17.538s] -- Looking for ignition-msgs8 -- found version 8.7.0
[17.643s] -- Looking for ignition-gazebo6 -- found version 6.17.0
[17.644s] -- Searching for dependencies of ignition-gazebo6
[17.753s] -- Looking for sdformat12 -- found version 12.8.0
[17.757s] -- Searching for dependencies of sdformat12
[17.835s] -- Looking for ignition-math6 -- found version 6.15.1
[17.836s] -- Looking for ignition-utils1 -- found version 1.5.1
[17.953s] -- Looking for ignition-plugin1 -- found version 1.4.0
[17.956s] -- Searching for dependencies of ignition-plugin1
[17.963s] -- Searching for <ignition-plugin1> component [loader]
[18.076s] -- Looking for ignition-plugin1-loader -- found version 1.4.0
[18.084s] -- Searching for dependencies of ignition-plugin1-loader
[18.084s] -- Searching for <ignition-plugin1> component [register]
[18.197s] -- Looking for ignition-plugin1-register -- found version 1.4.0
[18.198s] -- Searching for dependencies of ignition-plugin1-register
[18.205s] -- Looking for ignition-transport11 -- found version 11.4.1
[18.213s] -- Searching for dependencies of ignition-transport11
[18.451s] -- Found Protobuf: /usr/lib/x86_64-linux-gnu/libprotobuf.so (found version "3.12.4") 
[18.625s] -- Config-file not installed for ZeroMQ -- checking for pkg-config
[18.670s] -- Checking for module 'libzmq >= 4'
[18.933s] --   Found libzmq , version 4.3.4
[19.531s] -- Looking for ignition-utils1 -- found version 1.5.1
[19.532s] -- Looking for ignition-msgs8 -- found version 8.7.0
[19.533s] -- Searching for <ignition-transport11> component [log]
[19.638s] -- Looking for ignition-transport11-log -- found version 11.4.1
[19.643s] -- Searching for dependencies of ignition-transport11-log
[19.644s] -- Searching for <ignition-transport11> component [parameters]
[19.751s] -- Looking for ignition-transport11-parameters -- found version 11.4.1
[19.757s] -- Searching for dependencies of ignition-transport11-parameters
[19.760s] -- Looking for ignition-msgs8 -- found version 8.7.0
[19.864s] -- Looking for ignition-common4 -- found version 4.7.0
[19.867s] -- Searching for dependencies of ignition-common4
[19.872s] -- Looking for dlfcn.h - found
[19.879s] -- Looking for libdl - found
[19.886s] -- Found DL: TRUE  
[19.940s] -- Searching for <ignition-common4> component [profiler]
[19.998s] -- Looking for ignition-common4-profiler -- found version 4.7.0
[20.004s] -- Searching for dependencies of ignition-common4-profiler
[20.004s] -- Searching for <ignition-common4> component [events]
[20.065s] -- Looking for ignition-common4-events -- found version 4.7.0
[20.072s] -- Searching for dependencies of ignition-common4-events
[20.072s] -- Looking for ignition-math6 -- found version 6.15.1
[20.072s] -- Searching for <ignition-common4> component [av]
[20.166s] -- Looking for ignition-common4-av -- found version 4.7.0
[20.172s] -- Searching for dependencies of ignition-common4-av
[20.230s] -- Checking for module 'libswscale'
[20.468s] --   Found libswscale, version 5.9.100
[20.962s] -- Found SWSCALE: TRUE  
[21.011s] -- Checking for module 'libavdevice >= 56.4.100'
[21.174s] --   Found libavdevice , version 58.13.100
[21.557s] -- Found AVDEVICE: TRUE (Required is at least version "56.4.100") 
[21.610s] -- Checking for module 'libavformat'
[21.847s] --   Found libavformat, version 58.76.100
[22.344s] -- Found AVFORMAT: TRUE  
[22.384s] -- Checking for module 'libavcodec'
[22.532s] --   Found libavcodec, version 58.134.100
[22.937s] -- Found AVCODEC: TRUE  
[22.970s] -- Checking for module 'libavutil'
[23.111s] --   Found libavutil, version 56.70.100
[23.582s] -- Found AVUTIL: TRUE  
[23.710s] -- Looking for ignition-fuel_tools7 -- found version 7.3.1
[23.712s] -- Searching for dependencies of ignition-fuel_tools7
[24.702s] -- Found CURL: /usr/lib/x86_64-linux-gnu/libcurl.so (found version "7.81.0")  
[24.805s] -- Checking for module 'jsoncpp'
[24.984s] --   Found jsoncpp, version 1.9.5
[25.354s] -- Found JSONCPP: TRUE  
[25.414s] -- Checking for module 'libzip'
[25.660s] --   Found libzip, version 1.7.3
[26.148s] -- Found ZIP: TRUE  
[26.156s] -- Looking for ignition-common4 -- found version 4.7.0
[26.156s] -- Looking for ignition-math6 -- found version 6.15.1
[26.162s] -- Looking for ignition-msgs8 -- found version 8.7.0
[26.271s] -- Looking for ignition-gui6 -- found version 6.8.0
[26.276s] -- Searching for dependencies of ignition-gui6
[26.516s] -- Found Protobuf: /usr/lib/x86_64-linux-gnu/libprotobuf.so (found suitable version "3.12.4", minimum required is "3") 
[26.594s] -- Looking for ignition-math6 -- found version 6.15.1
[26.595s] -- Looking for ignition-common4 -- found version 4.7.0
[26.601s] -- Looking for ignition-plugin1 -- found version 1.4.0
[26.602s] -- Looking for ignition-transport11 -- found version 11.4.1
[26.714s] -- Looking for ignition-rendering6 -- found version 6.6.3
[26.719s] -- Searching for dependencies of ignition-rendering6
[26.720s] -- Looking for ignition-math6 -- found version 6.15.1
[26.727s] -- Searching for dependencies of ignition-math6
[26.728s] -- Searching for <ignition-math6> component [eigen3]
[26.835s] -- Looking for ignition-math6-eigen3 -- found version 6.15.1
[26.836s] -- Searching for dependencies of ignition-math6-eigen3
[26.927s] -- Looking for ignition-common4 -- found version 4.7.0
[26.931s] -- Searching for dependencies of ignition-common4
[26.931s] -- Looking for dlfcn.h - found
[26.931s] -- Looking for libdl - found
[26.994s] -- Searching for <ignition-common4> component [graphics]
[27.067s] -- Looking for ignition-common4-graphics -- found version 4.7.0
[27.070s] -- Searching for dependencies of ignition-common4-graphics
[27.070s] -- Looking for ignition-math6 -- found version 6.15.1
[27.074s] -- Looking for ignition-utils1 -- found version 1.5.1
[27.074s] -- Searching for <ignition-common4> component [events]
[27.077s] -- Looking for ignition-plugin1 -- found version 1.4.0
[27.079s] -- Searching for dependencies of ignition-plugin1
[27.083s] -- Searching for <ignition-plugin1> component [all]
[27.135s] -- Looking for all libraries of ignition-plugin1 -- found version 1.4.0
[27.137s] -- Looking for ignition-plugin1 -- found version 1.4.0
[27.144s] -- Looking for ignition-msgs8 -- found version 8.7.0
[27.319s] -- Looking for ignition-physics5 -- found version 5.3.2
[27.325s] -- Searching for dependencies of ignition-physics5
[27.325s] -- Looking for ignition-math6 -- found version 6.15.1
[27.327s] -- Looking for ignition-plugin1 -- found version 1.4.0
[27.330s] -- Looking for ignition-utils1 -- found version 1.5.1
[27.332s] -- Searching for <ignition-physics5> component [heightmap]
[27.386s] -- Looking for ignition-physics5-heightmap -- found version 5.3.2
[27.386s] -- Searching for dependencies of ignition-physics5-heightmap
[27.387s] -- Looking for ignition-common4 -- found version 4.7.0
[27.392s] -- Searching for <ignition-physics5> component [mesh]
[27.445s] -- Looking for ignition-physics5-mesh -- found version 5.3.2
[27.447s] -- Searching for dependencies of ignition-physics5-mesh
[27.448s] -- Looking for ignition-common4 -- found version 4.7.0
[27.450s] -- Searching for <ignition-physics5> component [sdf]
[27.502s] -- Looking for ignition-physics5-sdf -- found version 5.3.2
[27.505s] -- Searching for dependencies of ignition-physics5-sdf
[27.510s] -- Looking for sdformat12 -- found version 12.8.0
[27.564s] -- Looking for ignition-sensors6 -- found version 6.8.1
[27.566s] -- Searching for dependencies of ignition-sensors6
[27.687s] -- Found Protobuf: /usr/lib/x86_64-linux-gnu/libprotobuf.so (found version "3.12.4") 
[27.691s] -- Looking for ignition-math6 -- found version 6.15.1
[27.691s] -- Looking for ignition-common4 -- found version 4.7.0
[27.693s] -- Looking for ignition-transport11 -- found version 11.4.1
[27.694s] -- Looking for ignition-rendering6 -- found version 6.6.3
[27.698s] -- Looking for ignition-msgs8 -- found version 8.7.0
[27.699s] -- Looking for sdformat12 -- found version 12.8.0
[27.700s] -- Searching for <ignition-sensors6> component [air_pressure]
[27.756s] -- Looking for ignition-sensors6-air_pressure -- found version 6.8.1
[27.758s] -- Searching for dependencies of ignition-sensors6-air_pressure
[27.760s] -- Searching for <ignition-sensors6> component [altimeter]
[27.839s] -- Looking for ignition-sensors6-altimeter -- found version 6.8.1
[27.843s] -- Searching for dependencies of ignition-sensors6-altimeter
[27.844s] -- Searching for <ignition-sensors6> component [imu]
[27.897s] -- Looking for ignition-sensors6-imu -- found version 6.8.1
[27.898s] -- Searching for dependencies of ignition-sensors6-imu
[27.899s] -- Searching for <ignition-sensors6> component [force_torque]
[27.951s] -- Looking for ignition-sensors6-force_torque -- found version 6.8.1
[27.953s] -- Searching for dependencies of ignition-sensors6-force_torque
[27.954s] -- Searching for <ignition-sensors6> component [logical_camera]
[28.007s] -- Looking for ignition-sensors6-logical_camera -- found version 6.8.1
[28.010s] -- Searching for dependencies of ignition-sensors6-logical_camera
[28.010s] -- Searching for <ignition-sensors6> component [magnetometer]
[28.079s] -- Looking for ignition-sensors6-magnetometer -- found version 6.8.1
[28.079s] -- Searching for dependencies of ignition-sensors6-magnetometer
[28.080s] -- Searching for <ignition-sensors6> component [navsat]
[28.137s] -- Looking for ignition-sensors6-navsat -- found version 6.8.1
[28.138s] -- Searching for dependencies of ignition-sensors6-navsat
[28.140s] -- Searching for <ignition-sensors6> component [rendering]
[28.194s] -- Looking for ignition-sensors6-rendering -- found version 6.8.1
[28.196s] -- Searching for dependencies of ignition-sensors6-rendering
[28.200s] -- Searching for <ignition-sensors6> component [lidar]
[28.258s] -- Looking for ignition-sensors6-lidar -- found version 6.8.1
[28.258s] -- Searching for dependencies of ignition-sensors6-lidar
[28.260s] -- Looking for ignition-sensors6 -- found version 6.8.1
[28.263s] -- Searching for <ignition-sensors6> component [gpu_lidar]
[28.324s] -- Looking for ignition-sensors6-gpu_lidar -- found version 6.8.1
[28.324s] -- Searching for dependencies of ignition-sensors6-gpu_lidar
[28.326s] -- Looking for ignition-sensors6 -- found version 6.8.1
[28.329s] -- Searching for <ignition-sensors6> component [camera]
[28.386s] -- Looking for ignition-sensors6-camera -- found version 6.8.1
[28.386s] -- Searching for dependencies of ignition-sensors6-camera
[28.388s] -- Looking for ignition-sensors6 -- found version 6.8.1
[28.390s] -- Searching for <ignition-sensors6> component [boundingbox_camera]
[28.443s] -- Looking for ignition-sensors6-boundingbox_camera -- found version 6.8.1
[28.447s] -- Searching for dependencies of ignition-sensors6-boundingbox_camera
[28.448s] -- Searching for <ignition-sensors6> component [segmentation_camera]
[28.503s] -- Looking for ignition-sensors6-segmentation_camera -- found version 6.8.1
[28.504s] -- Searching for dependencies of ignition-sensors6-segmentation_camera
[28.506s] -- Searching for <ignition-sensors6> component [depth_camera]
[28.566s] -- Looking for ignition-sensors6-depth_camera -- found version 6.8.1
[28.569s] -- Searching for dependencies of ignition-sensors6-depth_camera
[28.570s] -- Looking for ignition-sensors6 -- found version 6.8.1
[28.572s] -- Searching for <ignition-sensors6> component [rgbd_camera]
[28.628s] -- Looking for ignition-sensors6-rgbd_camera -- found version 6.8.1
[28.633s] -- Searching for dependencies of ignition-sensors6-rgbd_camera
[28.635s] -- Looking for ignition-sensors6 -- found version 6.8.1
[28.637s] -- Searching for <ignition-sensors6> component [thermal_camera]
[28.694s] -- Looking for ignition-sensors6-thermal_camera -- found version 6.8.1
[28.695s] -- Searching for dependencies of ignition-sensors6-thermal_camera
[28.696s] -- Looking for ignition-sensors6 -- found version 6.8.1
[28.702s] -- Looking for ignition-rendering6 -- found version 6.6.3
[28.702s] -- Looking for ignition-math6 -- found version 6.15.1
[28.764s] -- Looking for ignition-utils1 -- found version 1.5.1
[28.889s] -- Compiling against Gazebo Fortress
[28.963s] -- Looking for gflags - found
[28.963s] 
[29.230s] -- Found ament_lint_auto: 0.12.11 (/opt/ros/humble/share/ament_lint_auto/cmake)
[30.602s] -- Found ament_cmake_gtest: 1.3.11 (/opt/ros/humble/share/ament_cmake_gtest/cmake)
[30.654s] -- Found gtest sources under '/opt/ros/humble/src/gtest_vendor': C++ tests using 'Google Test' will be built
[30.711s] -- Added test 'copyright' to check source files copyright and LICENSE
[30.735s] -- Added test 'cppcheck' to perform static code analysis on C / C++ code
[30.736s] -- Configured cppcheck include dirs: $<BUILD_INTERFACE:/home/ningbo@netid.washington.edu/robotics/my_ros2_ws/src/ros_gz/ros_gz_sim/include>
[30.736s] -- Configured cppcheck exclude dirs and/or files: 
[30.759s] -- Added test 'cpplint' to check C / C++ code against the Google style
[30.759s] -- Configured cpplint exclude dirs and/or files: 
[30.775s] -- Added test 'lint_cmake' to check CMake code style
[30.782s] -- Added test 'uncrustify' to check C / C++ code style
[30.784s] -- Configured uncrustify additional arguments: 
[30.791s] -- Added test 'xmllint' to check XML markup files
[30.813s] -- Configuring done
[30.882s] -- Generating done
[30.907s] -- Build files have been written to: /home/ningbo@netid.washington.edu/robotics/my_ros2_ws/build/ros_gz_sim
[30.996s] Invoked command in '/home/ningbo@netid.washington.edu/robotics/my_ros2_ws/build/ros_gz_sim' returned '0': CMAKE_PREFIX_PATH=${CMAKE_PREFIX_PATH}:/home/ningbo@netid.washington.edu/robotics/my_ws/install/rqt_joint_trajectory_controller:/home/ningbo@netid.washington.edu/robotics/my_ws/install/rqt_controller_manager:/home/ningbo@netid.washington.edu/robotics/my_ws/install/ros2controlcli:/home/ningbo@netid.washington.edu/robotics/my_ws/install/ros2_controllers_test_nodes:/home/ningbo@netid.washington.edu/robotics/my_ws/install/ros2_control_demo_testing:/home/ningbo@netid.washington.edu/robotics/my_ws/install/pick_place:/home/ningbo@netid.washington.edu/ros2_ws/install/ros2controlcli:/home/ningbo@netid.washington.edu/ros2_ws/install/ros2_controllers_test_nodes:/home/ningbo@netid.washington.edu/ros2_ws/install/ros2_control_demo_testing:/opt/ros/humble /usr/bin/cmake /home/ningbo@netid.washington.edu/robotics/my_ros2_ws/src/ros_gz/ros_gz_sim -DAMENT_CMAKE_SYMLINK_INSTALL=1 -DCMAKE_INSTALL_PREFIX=/home/ningbo@netid.washington.edu/robotics/my_ros2_ws/install/ros_gz_sim
[31.000s] Invoking command in '/home/ningbo@netid.washington.edu/robotics/my_ros2_ws/build/ros_gz_sim': CMAKE_PREFIX_PATH=${CMAKE_PREFIX_PATH}:/home/ningbo@netid.washington.edu/robotics/my_ws/install/rqt_joint_trajectory_controller:/home/ningbo@netid.washington.edu/robotics/my_ws/install/rqt_controller_manager:/home/ningbo@netid.washington.edu/robotics/my_ws/install/ros2controlcli:/home/ningbo@netid.washington.edu/robotics/my_ws/install/ros2_controllers_test_nodes:/home/ningbo@netid.washington.edu/robotics/my_ws/install/ros2_control_demo_testing:/home/ningbo@netid.washington.edu/robotics/my_ws/install/pick_place:/home/ningbo@netid.washington.edu/ros2_ws/install/ros2controlcli:/home/ningbo@netid.washington.edu/ros2_ws/install/ros2_controllers_test_nodes:/home/ningbo@netid.washington.edu/ros2_ws/install/ros2_control_demo_testing:/opt/ros/humble /usr/bin/cmake --build /home/ningbo@netid.washington.edu/robotics/my_ros2_ws/build/ros_gz_sim -- -j8 -l8
[31.628s] [ 10%] [32mBuilding CXX object CMakeFiles/create.dir/src/create.cpp.o[0m
[83.164s] [ 20%] [32m[1mLinking CXX executable create[0m
[84.617s] [ 20%] Built target create
[84.761s] [ 30%] [32mBuilding CXX object gtest/CMakeFiles/gtest.dir/src/gtest-all.cc.o[0m
[93.336s] [ 40%] [32m[1mLinking CXX static library libgtest.a[0m
[93.794s] [ 40%] Built target gtest
[94.017s] [ 50%] [32mBuilding CXX object gtest/CMakeFiles/gtest_main.dir/src/gtest_main.cc.o[0m
[96.066s] [ 60%] [32m[1mLinking CXX static library libgtest_main.a[0m
[96.363s] [ 60%] Built target gtest_main
[96.568s] [ 70%] [32mBuilding CXX object CMakeFiles/ros_gz_sim.dir/src/Stopwatch.cpp.o[0m
[98.869s] [ 80%] [32m[1mLinking CXX shared library libros_gz_sim.so[0m
[99.277s] [ 80%] Built target ros_gz_sim
[99.537s] [ 90%] [32mBuilding CXX object CMakeFiles/test_stopwatch.dir/test/test_stopwatch.cpp.o[0m
[118.216s] [100%] [32m[1mLinking CXX executable test_stopwatch[0m
[119.202s] [100%] Built target test_stopwatch
[119.337s] Invoked command in '/home/ningbo@netid.washington.edu/robotics/my_ros2_ws/build/ros_gz_sim' returned '0': CMAKE_PREFIX_PATH=${CMAKE_PREFIX_PATH}:/home/ningbo@netid.washington.edu/robotics/my_ws/install/rqt_joint_trajectory_controller:/home/ningbo@netid.washington.edu/robotics/my_ws/install/rqt_controller_manager:/home/ningbo@netid.washington.edu/robotics/my_ws/install/ros2controlcli:/home/ningbo@netid.washington.edu/robotics/my_ws/install/ros2_controllers_test_nodes:/home/ningbo@netid.washington.edu/robotics/my_ws/install/ros2_control_demo_testing:/home/ningbo@netid.washington.edu/robotics/my_ws/install/pick_place:/home/ningbo@netid.washington.edu/ros2_ws/install/ros2controlcli:/home/ningbo@netid.washington.edu/ros2_ws/install/ros2_controllers_test_nodes:/home/ningbo@netid.washington.edu/ros2_ws/install/ros2_control_demo_testing:/opt/ros/humble /usr/bin/cmake --build /home/ningbo@netid.washington.edu/robotics/my_ros2_ws/build/ros_gz_sim -- -j8 -l8
[119.339s] Invoking command in '/home/ningbo@netid.washington.edu/robotics/my_ros2_ws/build/ros_gz_sim': CMAKE_PREFIX_PATH=${CMAKE_PREFIX_PATH}:/home/ningbo@netid.washington.edu/robotics/my_ws/install/rqt_joint_trajectory_controller:/home/ningbo@netid.washington.edu/robotics/my_ws/install/rqt_controller_manager:/home/ningbo@netid.washington.edu/robotics/my_ws/install/ros2controlcli:/home/ningbo@netid.washington.edu/robotics/my_ws/install/ros2_controllers_test_nodes:/home/ningbo@netid.washington.edu/robotics/my_ws/install/ros2_control_demo_testing:/home/ningbo@netid.washington.edu/robotics/my_ws/install/pick_place:/home/ningbo@netid.washington.edu/ros2_ws/install/ros2controlcli:/home/ningbo@netid.washington.edu/ros2_ws/install/ros2_controllers_test_nodes:/home/ningbo@netid.washington.edu/ros2_ws/install/ros2_control_demo_testing:/opt/ros/humble /usr/bin/cmake --install /home/ningbo@netid.washington.edu/robotics/my_ros2_ws/build/ros_gz_sim
[119.464s] -- Install configuration: ""
[119.471s] -- Execute custom install script
[119.475s] -- Symlinking: /home/ningbo@netid.washington.edu/robotics/my_ros2_ws/install/ros_gz_sim/include/ros_gz_sim/Stopwatch.hpp
[119.587s] -- Symlinking: /home/ningbo@netid.washington.edu/robotics/my_ros2_ws/install/ros_gz_sim/share/ros_gz_sim/launch/gz_sim.launch.py
[119.694s] -- Symlinking: /home/ningbo@netid.washington.edu/robotics/my_ros2_ws/install/ros_gz_sim/lib/ros_gz_sim/create
[119.742s] -- Symlinking: /home/ningbo@netid.washington.edu/robotics/my_ros2_ws/install/ros_gz_sim/lib/ros_gz_sim/test_stopwatch
[119.795s] -- Symlinking: /home/ningbo@netid.washington.edu/robotics/my_ros2_ws/install/ros_gz_sim/share/ament_index/resource_index/package_run_dependencies/ros_gz_sim
[119.856s] -- Symlinking: /home/ningbo@netid.washington.edu/robotics/my_ros2_ws/install/ros_gz_sim/share/ament_index/resource_index/parent_prefix_path/ros_gz_sim
[119.915s] -- Symlinking: /home/ningbo@netid.washington.edu/robotics/my_ros2_ws/install/ros_gz_sim/share/ros_gz_sim/environment/ament_prefix_path.sh
[119.977s] -- Symlinking: /home/ningbo@netid.washington.edu/robotics/my_ros2_ws/install/ros_gz_sim/share/ros_gz_sim/environment/ament_prefix_path.dsv
[120.032s] -- Symlinking: /home/ningbo@netid.washington.edu/robotics/my_ros2_ws/install/ros_gz_sim/share/ros_gz_sim/environment/path.sh
[120.101s] -- Symlinking: /home/ningbo@netid.washington.edu/robotics/my_ros2_ws/install/ros_gz_sim/share/ros_gz_sim/environment/path.dsv
[120.170s] -- Symlinking: /home/ningbo@netid.washington.edu/robotics/my_ros2_ws/install/ros_gz_sim/share/ros_gz_sim/local_setup.bash
[120.258s] -- Symlinking: /home/ningbo@netid.washington.edu/robotics/my_ros2_ws/install/ros_gz_sim/share/ros_gz_sim/local_setup.sh
[120.304s] -- Symlinking: /home/ningbo@netid.washington.edu/robotics/my_ros2_ws/install/ros_gz_sim/share/ros_gz_sim/local_setup.zsh
[120.357s] -- Symlinking: /home/ningbo@netid.washington.edu/robotics/my_ros2_ws/install/ros_gz_sim/share/ros_gz_sim/local_setup.dsv
[120.418s] -- Symlinking: /home/ningbo@netid.washington.edu/robotics/my_ros2_ws/install/ros_gz_sim/share/ros_gz_sim/package.dsv
[120.513s] -- Symlinking: /home/ningbo@netid.washington.edu/robotics/my_ros2_ws/install/ros_gz_sim/share/ament_index/resource_index/packages/ros_gz_sim
[120.610s] -- Symlinking: /home/ningbo@netid.washington.edu/robotics/my_ros2_ws/install/ros_gz_sim/share/ros_gz_sim/cmake/ament_cmake_export_targets-extras.cmake
[120.702s] -- Symlinking: /home/ningbo@netid.washington.edu/robotics/my_ros2_ws/install/ros_gz_sim/share/ros_gz_sim/cmake/ament_cmake_export_dependencies-extras.cmake
[120.797s] -- Symlinking: /home/ningbo@netid.washington.edu/robotics/my_ros2_ws/install/ros_gz_sim/share/ros_gz_sim/cmake/ros_gz_simConfig.cmake
[120.845s] -- Symlinking: /home/ningbo@netid.washington.edu/robotics/my_ros2_ws/install/ros_gz_sim/share/ros_gz_sim/cmake/ros_gz_simConfig-version.cmake
[120.898s] -- Symlinking: /home/ningbo@netid.washington.edu/robotics/my_ros2_ws/install/ros_gz_sim/share/ros_gz_sim/package.xml
[121.013s] -- Installing: /home/ningbo@netid.washington.edu/robotics/my_ros2_ws/install/ros_gz_sim/lib/libros_gz_sim.so
[121.013s] -- Set runtime path of "/home/ningbo@netid.washington.edu/robotics/my_ros2_ws/install/ros_gz_sim/lib/libros_gz_sim.so" to ""
[121.014s] -- Installing: /home/ningbo@netid.washington.edu/robotics/my_ros2_ws/install/ros_gz_sim/share/ros_gz_sim/cmake/ros_gz_simExport.cmake
[121.015s] -- Installing: /home/ningbo@netid.washington.edu/robotics/my_ros2_ws/install/ros_gz_sim/share/ros_gz_sim/cmake/ros_gz_simExport-noconfig.cmake
[121.030s] Invoked command in '/home/ningbo@netid.washington.edu/robotics/my_ros2_ws/build/ros_gz_sim' returned '0': CMAKE_PREFIX_PATH=${CMAKE_PREFIX_PATH}:/home/ningbo@netid.washington.edu/robotics/my_ws/install/rqt_joint_trajectory_controller:/home/ningbo@netid.washington.edu/robotics/my_ws/install/rqt_controller_manager:/home/ningbo@netid.washington.edu/robotics/my_ws/install/ros2controlcli:/home/ningbo@netid.washington.edu/robotics/my_ws/install/ros2_controllers_test_nodes:/home/ningbo@netid.washington.edu/robotics/my_ws/install/ros2_control_demo_testing:/home/ningbo@netid.washington.edu/robotics/my_ws/install/pick_place:/home/ningbo@netid.washington.edu/ros2_ws/install/ros2controlcli:/home/ningbo@netid.washington.edu/ros2_ws/install/ros2_controllers_test_nodes:/home/ningbo@netid.washington.edu/ros2_ws/install/ros2_control_demo_testing:/opt/ros/humble /usr/bin/cmake --install /home/ningbo@netid.washington.edu/robotics/my_ros2_ws/build/ros_gz_sim
