running develop
Removing /home/ningbo@netid.washington.edu/robotics/my_ros2_ws/install/rqt_controller_manager/lib/python3.10/site-packages/rqt-controller-manager.egg-link (link to .)
running egg_info
writing ../../../../build/rqt_controller_manager/rqt_controller_manager.egg-info/PKG-INFO
writing dependency_links to ../../../../build/rqt_controller_manager/rqt_controller_manager.egg-info/dependency_links.txt
writing entry points to ../../../../build/rqt_controller_manager/rqt_controller_manager.egg-info/entry_points.txt
writing requirements to ../../../../build/rqt_controller_manager/rqt_controller_manager.egg-info/requires.txt
writing top-level names to ../../../../build/rqt_controller_manager/rqt_controller_manager.egg-info/top_level.txt
reading manifest file '../../../../build/rqt_controller_manager/rqt_controller_manager.egg-info/SOURCES.txt'
writing manifest file '../../../../build/rqt_controller_manager/rqt_controller_manager.egg-info/SOURCES.txt'
running build
running build_py
creating /home/ningbo@netid.washington.edu/robotics/my_ros2_ws/build/rqt_controller_manager/build
creating /home/ningbo@netid.washington.edu/robotics/my_ros2_ws/build/rqt_controller_manager/build/lib
creating /home/ningbo@netid.washington.edu/robotics/my_ros2_ws/build/rqt_controller_manager/build/lib/rqt_controller_manager
copying rqt_controller_manager/update_combo.py -> /home/ningbo@netid.washington.edu/robotics/my_ros2_ws/build/rqt_controller_manager/build/lib/rqt_controller_manager
copying rqt_controller_manager/__init__.py -> /home/ningbo@netid.washington.edu/robotics/my_ros2_ws/build/rqt_controller_manager/build/lib/rqt_controller_manager
copying rqt_controller_manager/controller_manager.py -> /home/ningbo@netid.washington.edu/robotics/my_ros2_ws/build/rqt_controller_manager/build/lib/rqt_controller_manager
copying rqt_controller_manager/main.py -> /home/ningbo@netid.washington.edu/robotics/my_ros2_ws/build/rqt_controller_manager/build/lib/rqt_controller_manager
running install
running install_lib
running install_data
copying resource/rqt_controller_manager -> /home/ningbo@netid.washington.edu/robotics/my_ros2_ws/install/rqt_controller_manager/share/ament_index/resource_index/packages
copying package.xml -> /home/ningbo@netid.washington.edu/robotics/my_ros2_ws/install/rqt_controller_manager/share/rqt_controller_manager
copying resource/controller_manager.ui -> /home/ningbo@netid.washington.edu/robotics/my_ros2_ws/install/rqt_controller_manager/share/rqt_controller_manager/resource
copying resource/led_green.png -> /home/ningbo@netid.washington.edu/robotics/my_ros2_ws/install/rqt_controller_manager/share/rqt_controller_manager/resource
copying resource/popup_info.ui -> /home/ningbo@netid.washington.edu/robotics/my_ros2_ws/install/rqt_controller_manager/share/rqt_controller_manager/resource
copying resource/led_off.png -> /home/ningbo@netid.washington.edu/robotics/my_ros2_ws/install/rqt_controller_manager/share/rqt_controller_manager/resource
copying resource/cm_icon.png -> /home/ningbo@netid.washington.edu/robotics/my_ros2_ws/install/rqt_controller_manager/share/rqt_controller_manager/resource
copying resource/led_red.png -> /home/ningbo@netid.washington.edu/robotics/my_ros2_ws/install/rqt_controller_manager/share/rqt_controller_manager/resource
copying plugin.xml -> /home/ningbo@netid.washington.edu/robotics/my_ros2_ws/install/rqt_controller_manager/share/rqt_controller_manager
running install_egg_info
removing '/home/ningbo@netid.washington.edu/robotics/my_ros2_ws/install/rqt_controller_manager/lib/python3.10/site-packages/rqt_controller_manager-2.48.0-py3.10.egg-info' (and everything under it)
Copying ../../../../build/rqt_controller_manager/rqt_controller_manager.egg-info to /home/ningbo@netid.washington.edu/robotics/my_ros2_ws/install/rqt_controller_manager/lib/python3.10/site-packages/rqt_controller_manager-2.48.0-py3.10.egg-info
running install_scripts
Installing rqt_controller_manager script to /home/ningbo@netid.washington.edu/robotics/my_ros2_ws/install/rqt_controller_manager/lib/rqt_controller_manager
writing list of installed files to '/home/ningbo@netid.washington.edu/robotics/my_ros2_ws/build/rqt_controller_manager/install.log'
