-- The C compiler identification is GNU 11.4.0
-- The CXX compiler identification is GNU 11.4.0
-- Detecting C compiler ABI info
-- Detecting C compiler ABI info - done
-- Check for working C compiler: /usr/bin/cc - skipped
-- Detecting C compile features
-- Detecting C compile features - done
-- Detecting CXX compiler ABI info
-- Detecting CXX compiler ABI info - done
-- Check for working CXX compiler: /usr/bin/c++ - skipped
-- Detecting CXX compile features
-- Detecting CXX compile features - done
-- Found ament_cmake: 1.3.11 (/opt/ros/humble/share/ament_cmake/cmake)
-- Found Python3: /usr/bin/python3 (found version "3.10.12") found components: Interpreter 
-- Override CMake install command with custom implementation using symlinks instead of copying resources
-- Found ament_index_cpp: 1.4.0 (/opt/ros/humble/share/ament_index_cpp/cmake)
-- Configuring done
-- Generating done
-- Build files have been written to: /home/ningbo@netid.washington.edu/robotics/my_ros2_ws/build/ros_ign_image
[ 50%] [32mBuilding CXX object CMakeFiles/image_bridge.dir/src/image_bridge_shim.cpp.o[0m
[100%] [32m[1mLinking CXX executable image_bridge[0m
[100%] Built target image_bridge
-- Install configuration: ""
-- Execute custom install script
-- Symlinking: /home/ningbo@netid.washington.edu/robotics/my_ros2_ws/install/ros_ign_image/lib/ros_ign_image/image_bridge
-- Symlinking: /home/ningbo@netid.washington.edu/robotics/my_ros2_ws/install/ros_ign_image/share/ament_index/resource_index/package_run_dependencies/ros_ign_image
-- Symlinking: /home/ningbo@netid.washington.edu/robotics/my_ros2_ws/install/ros_ign_image/share/ament_index/resource_index/parent_prefix_path/ros_ign_image
-- Symlinking: /home/ningbo@netid.washington.edu/robotics/my_ros2_ws/install/ros_ign_image/share/ros_ign_image/environment/ament_prefix_path.sh
-- Symlinking: /home/ningbo@netid.washington.edu/robotics/my_ros2_ws/install/ros_ign_image/share/ros_ign_image/environment/ament_prefix_path.dsv
-- Symlinking: /home/ningbo@netid.washington.edu/robotics/my_ros2_ws/install/ros_ign_image/share/ros_ign_image/environment/path.sh
-- Symlinking: /home/ningbo@netid.washington.edu/robotics/my_ros2_ws/install/ros_ign_image/share/ros_ign_image/environment/path.dsv
-- Symlinking: /home/ningbo@netid.washington.edu/robotics/my_ros2_ws/install/ros_ign_image/share/ros_ign_image/local_setup.bash
-- Symlinking: /home/ningbo@netid.washington.edu/robotics/my_ros2_ws/install/ros_ign_image/share/ros_ign_image/local_setup.sh
-- Symlinking: /home/ningbo@netid.washington.edu/robotics/my_ros2_ws/install/ros_ign_image/share/ros_ign_image/local_setup.zsh
-- Symlinking: /home/ningbo@netid.washington.edu/robotics/my_ros2_ws/install/ros_ign_image/share/ros_ign_image/local_setup.dsv
-- Symlinking: /home/ningbo@netid.washington.edu/robotics/my_ros2_ws/install/ros_ign_image/share/ros_ign_image/package.dsv
-- Symlinking: /home/ningbo@netid.washington.edu/robotics/my_ros2_ws/install/ros_ign_image/share/ament_index/resource_index/packages/ros_ign_image
-- Symlinking: /home/ningbo@netid.washington.edu/robotics/my_ros2_ws/install/ros_ign_image/share/ros_ign_image/cmake/ament_cmake_export_dependencies-extras.cmake
-- Symlinking: /home/ningbo@netid.washington.edu/robotics/my_ros2_ws/install/ros_ign_image/share/ros_ign_image/cmake/ros_ign_imageConfig.cmake
-- Symlinking: /home/ningbo@netid.washington.edu/robotics/my_ros2_ws/install/ros_ign_image/share/ros_ign_image/cmake/ros_ign_imageConfig-version.cmake
-- Symlinking: /home/ningbo@netid.washington.edu/robotics/my_ros2_ws/install/ros_ign_image/share/ros_ign_image/package.xml
