/home/ningbo@netid.washington.edu/robotics/my_ros2_ws/src/install/lab_quaternion/lib/python3.10/site-packages/lab_quaternion/pick_and_place.py
/home/ningbo@netid.washington.edu/robotics/my_ros2_ws/src/install/lab_quaternion/lib/python3.10/site-packages/lab_quaternion/__init__.py
/home/ningbo@netid.washington.edu/robotics/my_ros2_ws/src/install/lab_quaternion/lib/python3.10/site-packages/lab_quaternion/gen3lite_pymoveit2.py
/home/ningbo@netid.washington.edu/robotics/my_ros2_ws/src/install/lab_quaternion/lib/python3.10/site-packages/lab_quaternion/__pycache__/pick_and_place.cpython-310.pyc
/home/ningbo@netid.washington.edu/robotics/my_ros2_ws/src/install/lab_quaternion/lib/python3.10/site-packages/lab_quaternion/__pycache__/__init__.cpython-310.pyc
/home/ningbo@netid.washington.edu/robotics/my_ros2_ws/src/install/lab_quaternion/lib/python3.10/site-packages/lab_quaternion/__pycache__/gen3lite_pymoveit2.cpython-310.pyc
/home/ningbo@netid.washington.edu/robotics/my_ros2_ws/src/install/lab_quaternion/share/ament_index/resource_index/packages/lab_quaternion
/home/ningbo@netid.washington.edu/robotics/my_ros2_ws/src/install/lab_quaternion/share/lab_quaternion/package.xml
/home/ningbo@netid.washington.edu/robotics/my_ros2_ws/src/install/lab_quaternion/share/lab_quaternion/scripts/sort_cubes.py
/home/ningbo@netid.washington.edu/robotics/my_ros2_ws/src/install/lab_quaternion/share/lab_quaternion/launch/sort_world.launch.py
/home/ningbo@netid.washington.edu/robotics/my_ros2_ws/src/install/lab_quaternion/share/lab_quaternion/worlds/sort_world.sdf
/home/ningbo@netid.washington.edu/robotics/my_ros2_ws/src/install/lab_quaternion/lib/python3.10/site-packages/lab_quaternion-0.0.0-py3.10.egg-info/PKG-INFO
/home/ningbo@netid.washington.edu/robotics/my_ros2_ws/src/install/lab_quaternion/lib/python3.10/site-packages/lab_quaternion-0.0.0-py3.10.egg-info/entry_points.txt
/home/ningbo@netid.washington.edu/robotics/my_ros2_ws/src/install/lab_quaternion/lib/python3.10/site-packages/lab_quaternion-0.0.0-py3.10.egg-info/zip-safe
/home/ningbo@netid.washington.edu/robotics/my_ros2_ws/src/install/lab_quaternion/lib/python3.10/site-packages/lab_quaternion-0.0.0-py3.10.egg-info/top_level.txt
/home/ningbo@netid.washington.edu/robotics/my_ros2_ws/src/install/lab_quaternion/lib/python3.10/site-packages/lab_quaternion-0.0.0-py3.10.egg-info/SOURCES.txt
/home/ningbo@netid.washington.edu/robotics/my_ros2_ws/src/install/lab_quaternion/lib/python3.10/site-packages/lab_quaternion-0.0.0-py3.10.egg-info/dependency_links.txt
/home/ningbo@netid.washington.edu/robotics/my_ros2_ws/src/install/lab_quaternion/lib/python3.10/site-packages/lab_quaternion-0.0.0-py3.10.egg-info/requires.txt
/home/ningbo@netid.washington.edu/robotics/my_ros2_ws/src/install/lab_quaternion/lib/lab_quaternion/gen3lite_pymoveit2
/home/ningbo@netid.washington.edu/robotics/my_ros2_ws/src/install/lab_quaternion/lib/lab_quaternion/pick_and_place
/home/ningbo@netid.washington.edu/robotics/my_ros2_ws/src/install/lab_quaternion/lib/lab_quaternion/sort_cubes
