[0.399s] Invoking command in '/home/ningbo@netid.washington.edu/robotics/my_ros2_ws/build/ros_gz_sim': CMAKE_PREFIX_PATH=${CMAKE_PREFIX_PATH}:/home/ningbo@netid.washington.edu/robotics/my_ros2_ws/install/rqt_joint_trajectory_controller:/home/ningbo@netid.washington.edu/robotics/my_ros2_ws/install/rqt_controller_manager:/home/ningbo@netid.washington.edu/robotics/my_ros2_ws/install/ros2controlcli:/home/ningbo@netid.washington.edu/robotics/my_ros2_ws/install/ros2_controllers_test_nodes:/home/ningbo@netid.washington.edu/robotics/my_ros2_ws/install/ros2_control_demo_testing:/home/ningbo@netid.washington.edu/robotics/my_ros2_ws/install/lab_quaternion:/home/ningbo@netid.washington.edu/robotics/my_ws/install/rqt_joint_trajectory_controller:/home/ningbo@netid.washington.edu/robotics/my_ws/install/rqt_controller_manager:/home/ningbo@netid.washington.edu/robotics/my_ws/install/ros2controlcli:/home/ningbo@netid.washington.edu/robotics/my_ws/install/ros2_controllers_test_nodes:/home/ningbo@netid.washington.edu/robotics/my_ws/install/ros2_control_demo_testing:/home/ningbo@netid.washington.edu/robotics/my_ws/install/pick_place:/home/ningbo@netid.washington.edu/ros2_ws/install/rqt_joint_trajectory_controller:/home/ningbo@netid.washington.edu/ros2_ws/install/rqt_controller_manager:/home/ningbo@netid.washington.edu/ros2_ws/install/ros2controlcli:/home/ningbo@netid.washington.edu/ros2_ws/install/ros2_controllers_test_nodes:/home/ningbo@netid.washington.edu/ros2_ws/install/ros2_control_demo_testing:/opt/ros/humble /usr/bin/cmake --build /home/ningbo@netid.washington.edu/robotics/my_ros2_ws/build/ros_gz_sim -- -j8 -l8
[0.717s] [ 20%] Built target gtest_main
[0.748s] [ 40%] Built target ros_gz_sim
[0.762s] [ 60%] Built target create
[0.784s] [ 80%] Built target gtest
[0.947s] [100%] Built target test_stopwatch
[1.029s] Invoked command in '/home/ningbo@netid.washington.edu/robotics/my_ros2_ws/build/ros_gz_sim' returned '0': CMAKE_PREFIX_PATH=${CMAKE_PREFIX_PATH}:/home/ningbo@netid.washington.edu/robotics/my_ros2_ws/install/rqt_joint_trajectory_controller:/home/ningbo@netid.washington.edu/robotics/my_ros2_ws/install/rqt_controller_manager:/home/ningbo@netid.washington.edu/robotics/my_ros2_ws/install/ros2controlcli:/home/ningbo@netid.washington.edu/robotics/my_ros2_ws/install/ros2_controllers_test_nodes:/home/ningbo@netid.washington.edu/robotics/my_ros2_ws/install/ros2_control_demo_testing:/home/ningbo@netid.washington.edu/robotics/my_ros2_ws/install/lab_quaternion:/home/ningbo@netid.washington.edu/robotics/my_ws/install/rqt_joint_trajectory_controller:/home/ningbo@netid.washington.edu/robotics/my_ws/install/rqt_controller_manager:/home/ningbo@netid.washington.edu/robotics/my_ws/install/ros2controlcli:/home/ningbo@netid.washington.edu/robotics/my_ws/install/ros2_controllers_test_nodes:/home/ningbo@netid.washington.edu/robotics/my_ws/install/ros2_control_demo_testing:/home/ningbo@netid.washington.edu/robotics/my_ws/install/pick_place:/home/ningbo@netid.washington.edu/ros2_ws/install/rqt_joint_trajectory_controller:/home/ningbo@netid.washington.edu/ros2_ws/install/rqt_controller_manager:/home/ningbo@netid.washington.edu/ros2_ws/install/ros2controlcli:/home/ningbo@netid.washington.edu/ros2_ws/install/ros2_controllers_test_nodes:/home/ningbo@netid.washington.edu/ros2_ws/install/ros2_control_demo_testing:/opt/ros/humble /usr/bin/cmake --build /home/ningbo@netid.washington.edu/robotics/my_ros2_ws/build/ros_gz_sim -- -j8 -l8
[1.033s] Invoking command in '/home/ningbo@netid.washington.edu/robotics/my_ros2_ws/build/ros_gz_sim': CMAKE_PREFIX_PATH=${CMAKE_PREFIX_PATH}:/home/ningbo@netid.washington.edu/robotics/my_ros2_ws/install/rqt_joint_trajectory_controller:/home/ningbo@netid.washington.edu/robotics/my_ros2_ws/install/rqt_controller_manager:/home/ningbo@netid.washington.edu/robotics/my_ros2_ws/install/ros2controlcli:/home/ningbo@netid.washington.edu/robotics/my_ros2_ws/install/ros2_controllers_test_nodes:/home/ningbo@netid.washington.edu/robotics/my_ros2_ws/install/ros2_control_demo_testing:/home/ningbo@netid.washington.edu/robotics/my_ros2_ws/install/lab_quaternion:/home/ningbo@netid.washington.edu/robotics/my_ws/install/rqt_joint_trajectory_controller:/home/ningbo@netid.washington.edu/robotics/my_ws/install/rqt_controller_manager:/home/ningbo@netid.washington.edu/robotics/my_ws/install/ros2controlcli:/home/ningbo@netid.washington.edu/robotics/my_ws/install/ros2_controllers_test_nodes:/home/ningbo@netid.washington.edu/robotics/my_ws/install/ros2_control_demo_testing:/home/ningbo@netid.washington.edu/robotics/my_ws/install/pick_place:/home/ningbo@netid.washington.edu/ros2_ws/install/rqt_joint_trajectory_controller:/home/ningbo@netid.washington.edu/ros2_ws/install/rqt_controller_manager:/home/ningbo@netid.washington.edu/ros2_ws/install/ros2controlcli:/home/ningbo@netid.washington.edu/ros2_ws/install/ros2_controllers_test_nodes:/home/ningbo@netid.washington.edu/ros2_ws/install/ros2_control_demo_testing:/opt/ros/humble /usr/bin/cmake --install /home/ningbo@netid.washington.edu/robotics/my_ros2_ws/build/ros_gz_sim
[1.294s] -- Install configuration: ""
[1.295s] -- Execute custom install script
[1.295s] -- Up-to-date symlink: /home/ningbo@netid.washington.edu/robotics/my_ros2_ws/install/ros_gz_sim/include/ros_gz_sim/Stopwatch.hpp
[1.295s] -- Up-to-date symlink: /home/ningbo@netid.washington.edu/robotics/my_ros2_ws/install/ros_gz_sim/share/ros_gz_sim/launch/gz_sim.launch.py
[1.295s] -- Up-to-date symlink: /home/ningbo@netid.washington.edu/robotics/my_ros2_ws/install/ros_gz_sim/lib/ros_gz_sim/create
[1.295s] -- Up-to-date symlink: /home/ningbo@netid.washington.edu/robotics/my_ros2_ws/install/ros_gz_sim/lib/ros_gz_sim/test_stopwatch
[1.296s] -- Up-to-date symlink: /home/ningbo@netid.washington.edu/robotics/my_ros2_ws/install/ros_gz_sim/share/ament_index/resource_index/package_run_dependencies/ros_gz_sim
[1.296s] -- Up-to-date symlink: /home/ningbo@netid.washington.edu/robotics/my_ros2_ws/install/ros_gz_sim/share/ament_index/resource_index/parent_prefix_path/ros_gz_sim
[1.296s] -- Up-to-date symlink: /home/ningbo@netid.washington.edu/robotics/my_ros2_ws/install/ros_gz_sim/share/ros_gz_sim/environment/ament_prefix_path.sh
[1.296s] -- Up-to-date symlink: /home/ningbo@netid.washington.edu/robotics/my_ros2_ws/install/ros_gz_sim/share/ros_gz_sim/environment/ament_prefix_path.dsv
[1.296s] -- Up-to-date symlink: /home/ningbo@netid.washington.edu/robotics/my_ros2_ws/install/ros_gz_sim/share/ros_gz_sim/environment/path.sh
[1.296s] -- Up-to-date symlink: /home/ningbo@netid.washington.edu/robotics/my_ros2_ws/install/ros_gz_sim/share/ros_gz_sim/environment/path.dsv
[1.297s] -- Up-to-date symlink: /home/ningbo@netid.washington.edu/robotics/my_ros2_ws/install/ros_gz_sim/share/ros_gz_sim/local_setup.bash
[1.297s] -- Up-to-date symlink: /home/ningbo@netid.washington.edu/robotics/my_ros2_ws/install/ros_gz_sim/share/ros_gz_sim/local_setup.sh
[1.297s] -- Up-to-date symlink: /home/ningbo@netid.washington.edu/robotics/my_ros2_ws/install/ros_gz_sim/share/ros_gz_sim/local_setup.zsh
[1.297s] -- Up-to-date symlink: /home/ningbo@netid.washington.edu/robotics/my_ros2_ws/install/ros_gz_sim/share/ros_gz_sim/local_setup.dsv
[1.297s] -- Symlinking: /home/ningbo@netid.washington.edu/robotics/my_ros2_ws/install/ros_gz_sim/share/ros_gz_sim/package.dsv
[1.297s] -- Up-to-date symlink: /home/ningbo@netid.washington.edu/robotics/my_ros2_ws/install/ros_gz_sim/share/ament_index/resource_index/packages/ros_gz_sim
[1.298s] -- Up-to-date symlink: /home/ningbo@netid.washington.edu/robotics/my_ros2_ws/install/ros_gz_sim/share/ros_gz_sim/cmake/ament_cmake_export_targets-extras.cmake
[1.298s] -- Up-to-date symlink: /home/ningbo@netid.washington.edu/robotics/my_ros2_ws/install/ros_gz_sim/share/ros_gz_sim/cmake/ament_cmake_export_dependencies-extras.cmake
[1.298s] -- Up-to-date symlink: /home/ningbo@netid.washington.edu/robotics/my_ros2_ws/install/ros_gz_sim/share/ros_gz_sim/cmake/ros_gz_simConfig.cmake
[1.298s] -- Up-to-date symlink: /home/ningbo@netid.washington.edu/robotics/my_ros2_ws/install/ros_gz_sim/share/ros_gz_sim/cmake/ros_gz_simConfig-version.cmake
[1.298s] -- Up-to-date symlink: /home/ningbo@netid.washington.edu/robotics/my_ros2_ws/install/ros_gz_sim/share/ros_gz_sim/package.xml
[1.299s] -- Up-to-date: /home/ningbo@netid.washington.edu/robotics/my_ros2_ws/install/ros_gz_sim/lib/libros_gz_sim.so
[1.299s] -- Up-to-date: /home/ningbo@netid.washington.edu/robotics/my_ros2_ws/install/ros_gz_sim/share/ros_gz_sim/cmake/ros_gz_simExport.cmake
[1.299s] -- Up-to-date: /home/ningbo@netid.washington.edu/robotics/my_ros2_ws/install/ros_gz_sim/share/ros_gz_sim/cmake/ros_gz_simExport-noconfig.cmake
[1.299s] Invoked command in '/home/ningbo@netid.washington.edu/robotics/my_ros2_ws/build/ros_gz_sim' returned '0': CMAKE_PREFIX_PATH=${CMAKE_PREFIX_PATH}:/home/ningbo@netid.washington.edu/robotics/my_ros2_ws/install/rqt_joint_trajectory_controller:/home/ningbo@netid.washington.edu/robotics/my_ros2_ws/install/rqt_controller_manager:/home/ningbo@netid.washington.edu/robotics/my_ros2_ws/install/ros2controlcli:/home/ningbo@netid.washington.edu/robotics/my_ros2_ws/install/ros2_controllers_test_nodes:/home/ningbo@netid.washington.edu/robotics/my_ros2_ws/install/ros2_control_demo_testing:/home/ningbo@netid.washington.edu/robotics/my_ros2_ws/install/lab_quaternion:/home/ningbo@netid.washington.edu/robotics/my_ws/install/rqt_joint_trajectory_controller:/home/ningbo@netid.washington.edu/robotics/my_ws/install/rqt_controller_manager:/home/ningbo@netid.washington.edu/robotics/my_ws/install/ros2controlcli:/home/ningbo@netid.washington.edu/robotics/my_ws/install/ros2_controllers_test_nodes:/home/ningbo@netid.washington.edu/robotics/my_ws/install/ros2_control_demo_testing:/home/ningbo@netid.washington.edu/robotics/my_ws/install/pick_place:/home/ningbo@netid.washington.edu/ros2_ws/install/rqt_joint_trajectory_controller:/home/ningbo@netid.washington.edu/ros2_ws/install/rqt_controller_manager:/home/ningbo@netid.washington.edu/ros2_ws/install/ros2controlcli:/home/ningbo@netid.washington.edu/ros2_ws/install/ros2_controllers_test_nodes:/home/ningbo@netid.washington.edu/ros2_ws/install/ros2_control_demo_testing:/opt/ros/humble /usr/bin/cmake --install /home/ningbo@netid.washington.edu/robotics/my_ros2_ws/build/ros_gz_sim
