-- Found ament_cmake: 1.3.11 (/opt/ros/humble/share/ament_cmake/cmake)
-- Override CMake install command with custom implementation using symlinks instead of copying resources
-- Found ament_cmake_ros: 0.10.0 (/opt/ros/humble/share/ament_cmake_ros/cmake)
-- Found launch_testing_ament_cmake: 1.0.7 (/opt/ros/humble/share/launch_testing_ament_cmake/cmake)
-- Found python_cmake_module: 0.10.0 (/opt/ros/humble/share/python_cmake_module/cmake)
-- Using PYTHON_EXECUTABLE: /usr/bin/python3
-- Using PYTHON_INCLUDE_DIRS: /usr/include/python3.10
-- Using PYTHON_LIBRARIES: /usr/lib/x86_64-linux-gnu/libpython3.10.so
-- Configuring done
-- Generating done
-- Build files have been written to: /home/ningbo@netid.washington.edu/robotics/my_ros2_ws/build/ros2_control_demo_example_13
-- Install configuration: ""
-- Execute custom install script
-- Up-to-date symlink: /home/ningbo@netid.washington.edu/robotics/my_ros2_ws/install/ros2_control_demo_example_13/share/ros2_control_demo_example_13/ros2_control/threedofbot.ros2_control.xacro
-- Up-to-date symlink: /home/ningbo@netid.washington.edu/robotics/my_ros2_ws/install/ros2_control_demo_example_13/share/ros2_control_demo_example_13/urdf/three_robots.urdf.xacro
-- Up-to-date symlink: /home/ningbo@netid.washington.edu/robotics/my_ros2_ws/install/ros2_control_demo_example_13/share/ros2_control_demo_example_13/rviz/three_robots.rviz
-- Up-to-date symlink: /home/ningbo@netid.washington.edu/robotics/my_ros2_ws/install/ros2_control_demo_example_13/share/ros2_control_demo_example_13/launch/three_robots.launch.py
-- Up-to-date symlink: /home/ningbo@netid.washington.edu/robotics/my_ros2_ws/install/ros2_control_demo_example_13/share/ros2_control_demo_example_13/config/three_robots_controllers.yaml
-- Up-to-date symlink: /home/ningbo@netid.washington.edu/robotics/my_ros2_ws/install/ros2_control_demo_example_13/share/ros2_control_demo_example_13/config/three_robots_position_command_publishers.yaml
-- Up-to-date symlink: /home/ningbo@netid.washington.edu/robotics/my_ros2_ws/install/ros2_control_demo_example_13/share/ament_index/resource_index/package_run_dependencies/ros2_control_demo_example_13
-- Up-to-date symlink: /home/ningbo@netid.washington.edu/robotics/my_ros2_ws/install/ros2_control_demo_example_13/share/ament_index/resource_index/parent_prefix_path/ros2_control_demo_example_13
-- Up-to-date symlink: /home/ningbo@netid.washington.edu/robotics/my_ros2_ws/install/ros2_control_demo_example_13/share/ros2_control_demo_example_13/environment/ament_prefix_path.sh
-- Up-to-date symlink: /home/ningbo@netid.washington.edu/robotics/my_ros2_ws/install/ros2_control_demo_example_13/share/ros2_control_demo_example_13/environment/ament_prefix_path.dsv
-- Up-to-date symlink: /home/ningbo@netid.washington.edu/robotics/my_ros2_ws/install/ros2_control_demo_example_13/share/ros2_control_demo_example_13/environment/path.sh
-- Up-to-date symlink: /home/ningbo@netid.washington.edu/robotics/my_ros2_ws/install/ros2_control_demo_example_13/share/ros2_control_demo_example_13/environment/path.dsv
-- Up-to-date symlink: /home/ningbo@netid.washington.edu/robotics/my_ros2_ws/install/ros2_control_demo_example_13/share/ros2_control_demo_example_13/local_setup.bash
-- Up-to-date symlink: /home/ningbo@netid.washington.edu/robotics/my_ros2_ws/install/ros2_control_demo_example_13/share/ros2_control_demo_example_13/local_setup.sh
-- Up-to-date symlink: /home/ningbo@netid.washington.edu/robotics/my_ros2_ws/install/ros2_control_demo_example_13/share/ros2_control_demo_example_13/local_setup.zsh
-- Up-to-date symlink: /home/ningbo@netid.washington.edu/robotics/my_ros2_ws/install/ros2_control_demo_example_13/share/ros2_control_demo_example_13/local_setup.dsv
-- Symlinking: /home/ningbo@netid.washington.edu/robotics/my_ros2_ws/install/ros2_control_demo_example_13/share/ros2_control_demo_example_13/package.dsv
-- Up-to-date symlink: /home/ningbo@netid.washington.edu/robotics/my_ros2_ws/install/ros2_control_demo_example_13/share/ament_index/resource_index/packages/ros2_control_demo_example_13
-- Up-to-date symlink: /home/ningbo@netid.washington.edu/robotics/my_ros2_ws/install/ros2_control_demo_example_13/share/ros2_control_demo_example_13/cmake/ros2_control_demo_example_13Config.cmake
-- Up-to-date symlink: /home/ningbo@netid.washington.edu/robotics/my_ros2_ws/install/ros2_control_demo_example_13/share/ros2_control_demo_example_13/cmake/ros2_control_demo_example_13Config-version.cmake
-- Up-to-date symlink: /home/ningbo@netid.washington.edu/robotics/my_ros2_ws/install/ros2_control_demo_example_13/share/ros2_control_demo_example_13/package.xml
