[0.515s] Invoking command in '/home/ningbo@netid.washington.edu/robotics/my_ros2_ws/build/kortex_api': CMAKE_PREFIX_PATH=${CMAKE_PREFIX_PATH}:/home/ningbo@netid.washington.edu/robotics/my_ros2_ws/install/rqt_joint_trajectory_controller:/home/ningbo@netid.washington.edu/robotics/my_ros2_ws/install/rqt_controller_manager:/home/ningbo@netid.washington.edu/robotics/my_ros2_ws/install/ros2controlcli:/home/ningbo@netid.washington.edu/robotics/my_ros2_ws/install/ros2_controllers_test_nodes:/home/ningbo@netid.washington.edu/robotics/my_ros2_ws/install/ros2_control_demo_testing:/home/ningbo@netid.washington.edu/robotics/my_ros2_ws/install/lab_quaternion:/home/ningbo@netid.washington.edu/robotics/my_ws/install/rqt_joint_trajectory_controller:/home/ningbo@netid.washington.edu/robotics/my_ws/install/rqt_controller_manager:/home/ningbo@netid.washington.edu/robotics/my_ws/install/ros2controlcli:/home/ningbo@netid.washington.edu/robotics/my_ws/install/ros2_controllers_test_nodes:/home/ningbo@netid.washington.edu/robotics/my_ws/install/ros2_control_demo_testing:/home/ningbo@netid.washington.edu/robotics/my_ws/install/pick_place:/home/ningbo@netid.washington.edu/ros2_ws/install/rqt_joint_trajectory_controller:/home/ningbo@netid.washington.edu/ros2_ws/install/rqt_controller_manager:/home/ningbo@netid.washington.edu/ros2_ws/install/ros2controlcli:/home/ningbo@netid.washington.edu/ros2_ws/install/ros2_controllers_test_nodes:/home/ningbo@netid.washington.edu/ros2_ws/install/ros2_control_demo_testing:/opt/ros/humble /usr/bin/cmake --build /home/ningbo@netid.washington.edu/robotics/my_ros2_ws/build/kortex_api -- -j8 -l8
[0.790s] Invoked command in '/home/ningbo@netid.washington.edu/robotics/my_ros2_ws/build/kortex_api' returned '0': CMAKE_PREFIX_PATH=${CMAKE_PREFIX_PATH}:/home/ningbo@netid.washington.edu/robotics/my_ros2_ws/install/rqt_joint_trajectory_controller:/home/ningbo@netid.washington.edu/robotics/my_ros2_ws/install/rqt_controller_manager:/home/ningbo@netid.washington.edu/robotics/my_ros2_ws/install/ros2controlcli:/home/ningbo@netid.washington.edu/robotics/my_ros2_ws/install/ros2_controllers_test_nodes:/home/ningbo@netid.washington.edu/robotics/my_ros2_ws/install/ros2_control_demo_testing:/home/ningbo@netid.washington.edu/robotics/my_ros2_ws/install/lab_quaternion:/home/ningbo@netid.washington.edu/robotics/my_ws/install/rqt_joint_trajectory_controller:/home/ningbo@netid.washington.edu/robotics/my_ws/install/rqt_controller_manager:/home/ningbo@netid.washington.edu/robotics/my_ws/install/ros2controlcli:/home/ningbo@netid.washington.edu/robotics/my_ws/install/ros2_controllers_test_nodes:/home/ningbo@netid.washington.edu/robotics/my_ws/install/ros2_control_demo_testing:/home/ningbo@netid.washington.edu/robotics/my_ws/install/pick_place:/home/ningbo@netid.washington.edu/ros2_ws/install/rqt_joint_trajectory_controller:/home/ningbo@netid.washington.edu/ros2_ws/install/rqt_controller_manager:/home/ningbo@netid.washington.edu/ros2_ws/install/ros2controlcli:/home/ningbo@netid.washington.edu/ros2_ws/install/ros2_controllers_test_nodes:/home/ningbo@netid.washington.edu/ros2_ws/install/ros2_control_demo_testing:/opt/ros/humble /usr/bin/cmake --build /home/ningbo@netid.washington.edu/robotics/my_ros2_ws/build/kortex_api -- -j8 -l8
[0.791s] Invoking command in '/home/ningbo@netid.washington.edu/robotics/my_ros2_ws/build/kortex_api': CMAKE_PREFIX_PATH=${CMAKE_PREFIX_PATH}:/home/ningbo@netid.washington.edu/robotics/my_ros2_ws/install/rqt_joint_trajectory_controller:/home/ningbo@netid.washington.edu/robotics/my_ros2_ws/install/rqt_controller_manager:/home/ningbo@netid.washington.edu/robotics/my_ros2_ws/install/ros2controlcli:/home/ningbo@netid.washington.edu/robotics/my_ros2_ws/install/ros2_controllers_test_nodes:/home/ningbo@netid.washington.edu/robotics/my_ros2_ws/install/ros2_control_demo_testing:/home/ningbo@netid.washington.edu/robotics/my_ros2_ws/install/lab_quaternion:/home/ningbo@netid.washington.edu/robotics/my_ws/install/rqt_joint_trajectory_controller:/home/ningbo@netid.washington.edu/robotics/my_ws/install/rqt_controller_manager:/home/ningbo@netid.washington.edu/robotics/my_ws/install/ros2controlcli:/home/ningbo@netid.washington.edu/robotics/my_ws/install/ros2_controllers_test_nodes:/home/ningbo@netid.washington.edu/robotics/my_ws/install/ros2_control_demo_testing:/home/ningbo@netid.washington.edu/robotics/my_ws/install/pick_place:/home/ningbo@netid.washington.edu/ros2_ws/install/rqt_joint_trajectory_controller:/home/ningbo@netid.washington.edu/ros2_ws/install/rqt_controller_manager:/home/ningbo@netid.washington.edu/ros2_ws/install/ros2controlcli:/home/ningbo@netid.washington.edu/ros2_ws/install/ros2_controllers_test_nodes:/home/ningbo@netid.washington.edu/ros2_ws/install/ros2_control_demo_testing:/opt/ros/humble /usr/bin/cmake --install /home/ningbo@netid.washington.edu/robotics/my_ros2_ws/build/kortex_api
[0.898s] -- Install configuration: ""
[0.901s] -- Execute custom install script
[0.904s] -- Up-to-date symlink: /home/ningbo@netid.washington.edu/robotics/my_ros2_ws/install/kortex_api/include/kortex_api/FrameHandler.h
[0.904s] -- Up-to-date symlink: /home/ningbo@netid.washington.edu/robotics/my_ros2_ws/install/kortex_api/include/kortex_api/IRouterClient.h
[0.904s] -- Up-to-date symlink: /home/ningbo@netid.washington.edu/robotics/my_ros2_ws/install/kortex_api/include/kortex_api/ITransportClient.h
[0.905s] -- Up-to-date symlink: /home/ningbo@netid.washington.edu/robotics/my_ros2_ws/install/kortex_api/include/kortex_api/NotificationHandler.h
[0.905s] -- Up-to-date symlink: /home/ningbo@netid.washington.edu/robotics/my_ros2_ws/install/kortex_api/include/kortex_api/RouterClient.h
[0.905s] -- Up-to-date symlink: /home/ningbo@netid.washington.edu/robotics/my_ros2_ws/install/kortex_api/include/kortex_api/SessionManager.h
[0.906s] -- Up-to-date symlink: /home/ningbo@netid.washington.edu/robotics/my_ros2_ws/install/kortex_api/include/kortex_api/TransportClientTcp.h
[0.906s] -- Up-to-date symlink: /home/ningbo@netid.washington.edu/robotics/my_ros2_ws/install/kortex_api/include/kortex_api/TransportClientUdp.h
[0.907s] -- Symlinking: /home/ningbo@netid.washington.edu/robotics/my_ros2_ws/install/kortex_api/include/kortex_api/version.h
[0.991s] -- Up-to-date symlink: /home/ningbo@netid.washington.edu/robotics/my_ros2_ws/install/kortex_api/include/kortex_api/Frame.h
[0.991s] -- Up-to-date symlink: /home/ningbo@netid.washington.edu/robotics/my_ros2_ws/install/kortex_api/include/kortex_api/HeaderInfo.h
[0.991s] -- Up-to-date symlink: /home/ningbo@netid.washington.edu/robotics/my_ros2_ws/install/kortex_api/include/kortex_api/KBasicException.h
[0.996s] -- Up-to-date symlink: /home/ningbo@netid.washington.edu/robotics/my_ros2_ws/install/kortex_api/include/kortex_api/KDetailedException.h
[0.996s] -- Up-to-date symlink: /home/ningbo@netid.washington.edu/robotics/my_ros2_ws/install/kortex_api/include/kortex_api/KError.h
[0.996s] -- Up-to-date symlink: /home/ningbo@netid.washington.edu/robotics/my_ros2_ws/install/kortex_api/include/kortex_api/KinovaTcpUtilities.h
[0.996s] -- Up-to-date symlink: /home/ningbo@netid.washington.edu/robotics/my_ros2_ws/install/kortex_api/include/kortex_api/TransportBridgeDummy.h
[0.997s] -- Symlinking: /home/ningbo@netid.washington.edu/robotics/my_ros2_ws/install/kortex_api/include/kortex_api/version.h
[1.049s] -- Up-to-date symlink: /home/ningbo@netid.washington.edu/robotics/my_ros2_ws/install/kortex_api/include/kortex_api/ActuatorConfig.pb.h
[1.050s] -- Up-to-date symlink: /home/ningbo@netid.washington.edu/robotics/my_ros2_ws/install/kortex_api/include/kortex_api/ActuatorCyclic.pb.h
[1.050s] -- Up-to-date symlink: /home/ningbo@netid.washington.edu/robotics/my_ros2_ws/install/kortex_api/include/kortex_api/Base.pb.h
[1.050s] -- Up-to-date symlink: /home/ningbo@netid.washington.edu/robotics/my_ros2_ws/install/kortex_api/include/kortex_api/BaseCyclic.pb.h
[1.050s] -- Up-to-date symlink: /home/ningbo@netid.washington.edu/robotics/my_ros2_ws/install/kortex_api/include/kortex_api/Common.pb.h
[1.050s] -- Up-to-date symlink: /home/ningbo@netid.washington.edu/robotics/my_ros2_ws/install/kortex_api/include/kortex_api/ControlConfig.pb.h
[1.051s] -- Up-to-date symlink: /home/ningbo@netid.washington.edu/robotics/my_ros2_ws/install/kortex_api/include/kortex_api/DeviceConfig.pb.h
[1.053s] -- Up-to-date symlink: /home/ningbo@netid.washington.edu/robotics/my_ros2_ws/install/kortex_api/include/kortex_api/DeviceManager.pb.h
[1.053s] -- Up-to-date symlink: /home/ningbo@netid.washington.edu/robotics/my_ros2_ws/install/kortex_api/include/kortex_api/Errors.pb.h
[1.054s] -- Up-to-date symlink: /home/ningbo@netid.washington.edu/robotics/my_ros2_ws/install/kortex_api/include/kortex_api/Frame.pb.h
[1.054s] -- Up-to-date symlink: /home/ningbo@netid.washington.edu/robotics/my_ros2_ws/install/kortex_api/include/kortex_api/GripperConfig.pb.h
[1.054s] -- Up-to-date symlink: /home/ningbo@netid.washington.edu/robotics/my_ros2_ws/install/kortex_api/include/kortex_api/GripperCyclic.pb.h
[1.054s] -- Up-to-date symlink: /home/ningbo@netid.washington.edu/robotics/my_ros2_ws/install/kortex_api/include/kortex_api/GripperCyclicMessage.pb.h
[1.055s] -- Up-to-date symlink: /home/ningbo@netid.washington.edu/robotics/my_ros2_ws/install/kortex_api/include/kortex_api/InterconnectConfig.pb.h
[1.056s] -- Up-to-date symlink: /home/ningbo@netid.washington.edu/robotics/my_ros2_ws/install/kortex_api/include/kortex_api/InterconnectCyclic.pb.h
[1.058s] -- Up-to-date symlink: /home/ningbo@netid.washington.edu/robotics/my_ros2_ws/install/kortex_api/include/kortex_api/InterconnectCyclicMessage.pb.h
[1.058s] -- Up-to-date symlink: /home/ningbo@netid.washington.edu/robotics/my_ros2_ws/install/kortex_api/include/kortex_api/ProductConfiguration.pb.h
[1.063s] -- Up-to-date symlink: /home/ningbo@netid.washington.edu/robotics/my_ros2_ws/install/kortex_api/include/kortex_api/Session.pb.h
[1.064s] -- Up-to-date symlink: /home/ningbo@netid.washington.edu/robotics/my_ros2_ws/install/kortex_api/include/kortex_api/Test.pb.h
[1.064s] -- Up-to-date symlink: /home/ningbo@netid.washington.edu/robotics/my_ros2_ws/install/kortex_api/include/kortex_api/VisionConfig.pb.h
[1.065s] -- Up-to-date symlink: /home/ningbo@netid.washington.edu/robotics/my_ros2_ws/install/kortex_api/include/kortex_api/ActuatorConfigClientRpc.h
[1.065s] -- Up-to-date symlink: /home/ningbo@netid.washington.edu/robotics/my_ros2_ws/install/kortex_api/include/kortex_api/ActuatorCyclicClientRpc.h
[1.065s] -- Up-to-date symlink: /home/ningbo@netid.washington.edu/robotics/my_ros2_ws/install/kortex_api/include/kortex_api/BaseClientRpc.h
[1.065s] -- Up-to-date symlink: /home/ningbo@netid.washington.edu/robotics/my_ros2_ws/install/kortex_api/include/kortex_api/BaseCyclicClientRpc.h
[1.065s] -- Up-to-date symlink: /home/ningbo@netid.washington.edu/robotics/my_ros2_ws/install/kortex_api/include/kortex_api/ControlConfigClientRpc.h
[1.065s] -- Up-to-date symlink: /home/ningbo@netid.washington.edu/robotics/my_ros2_ws/install/kortex_api/include/kortex_api/DeviceConfigClientRpc.h
[1.066s] -- Up-to-date symlink: /home/ningbo@netid.washington.edu/robotics/my_ros2_ws/install/kortex_api/include/kortex_api/DeviceManagerClientRpc.h
[1.066s] -- Up-to-date symlink: /home/ningbo@netid.washington.edu/robotics/my_ros2_ws/install/kortex_api/include/kortex_api/GripperCyclicClientRpc.h
[1.066s] -- Up-to-date symlink: /home/ningbo@netid.washington.edu/robotics/my_ros2_ws/install/kortex_api/include/kortex_api/InterconnectConfigClientRpc.h
[1.066s] -- Up-to-date symlink: /home/ningbo@netid.washington.edu/robotics/my_ros2_ws/install/kortex_api/include/kortex_api/InterconnectCyclicClientRpc.h
[1.066s] -- Up-to-date symlink: /home/ningbo@netid.washington.edu/robotics/my_ros2_ws/install/kortex_api/include/kortex_api/SessionClientRpc.h
[1.067s] -- Up-to-date symlink: /home/ningbo@netid.washington.edu/robotics/my_ros2_ws/install/kortex_api/include/kortex_api/TestClientRpc.h
[1.067s] -- Up-to-date symlink: /home/ningbo@netid.washington.edu/robotics/my_ros2_ws/install/kortex_api/include/kortex_api/VisionConfigClientRpc.h
[1.068s] -- Up-to-date symlink: /home/ningbo@netid.washington.edu/robotics/my_ros2_ws/install/kortex_api/include/kortex_api/google/protobuf/any.h
[1.068s] -- Up-to-date symlink: /home/ningbo@netid.washington.edu/robotics/my_ros2_ws/install/kortex_api/include/kortex_api/google/protobuf/any.pb.h
[1.070s] -- Up-to-date symlink: /home/ningbo@netid.washington.edu/robotics/my_ros2_ws/install/kortex_api/include/kortex_api/google/protobuf/api.pb.h
[1.070s] -- Up-to-date symlink: /home/ningbo@netid.washington.edu/robotics/my_ros2_ws/install/kortex_api/include/kortex_api/google/protobuf/arena.h
[1.070s] -- Up-to-date symlink: /home/ningbo@netid.washington.edu/robotics/my_ros2_ws/install/kortex_api/include/kortex_api/google/protobuf/arena_impl.h
[1.071s] -- Up-to-date symlink: /home/ningbo@netid.washington.edu/robotics/my_ros2_ws/install/kortex_api/include/kortex_api/google/protobuf/arenastring.h
[1.071s] -- Up-to-date symlink: /home/ningbo@netid.washington.edu/robotics/my_ros2_ws/install/kortex_api/include/kortex_api/google/protobuf/compiler/code_generator.h
[1.072s] -- Up-to-date symlink: /home/ningbo@netid.washington.edu/robotics/my_ros2_ws/install/kortex_api/include/kortex_api/google/protobuf/compiler/command_line_interface.h
[1.073s] -- Up-to-date symlink: /home/ningbo@netid.washington.edu/robotics/my_ros2_ws/install/kortex_api/include/kortex_api/google/protobuf/compiler/cpp/cpp_generator.h
[1.073s] -- Up-to-date symlink: /home/ningbo@netid.washington.edu/robotics/my_ros2_ws/install/kortex_api/include/kortex_api/google/protobuf/compiler/csharp/csharp_generator.h
[1.073s] -- Up-to-date symlink: /home/ningbo@netid.washington.edu/robotics/my_ros2_ws/install/kortex_api/include/kortex_api/google/protobuf/compiler/csharp/csharp_names.h
[1.074s] -- Up-to-date symlink: /home/ningbo@netid.washington.edu/robotics/my_ros2_ws/install/kortex_api/include/kortex_api/google/protobuf/compiler/importer.h
[1.074s] -- Up-to-date symlink: /home/ningbo@netid.washington.edu/robotics/my_ros2_ws/install/kortex_api/include/kortex_api/google/protobuf/compiler/java/java_generator.h
[1.074s] -- Up-to-date symlink: /home/ningbo@netid.washington.edu/robotics/my_ros2_ws/install/kortex_api/include/kortex_api/google/protobuf/compiler/java/java_names.h
[1.074s] -- Up-to-date symlink: /home/ningbo@netid.washington.edu/robotics/my_ros2_ws/install/kortex_api/include/kortex_api/google/protobuf/compiler/javanano/javanano_generator.h
[1.075s] -- Up-to-date symlink: /home/ningbo@netid.washington.edu/robotics/my_ros2_ws/install/kortex_api/include/kortex_api/google/protobuf/compiler/js/js_generator.h
[1.075s] -- Up-to-date symlink: /home/ningbo@netid.washington.edu/robotics/my_ros2_ws/install/kortex_api/include/kortex_api/google/protobuf/compiler/js/well_known_types_embed.h
[1.076s] -- Up-to-date symlink: /home/ningbo@netid.washington.edu/robotics/my_ros2_ws/install/kortex_api/include/kortex_api/google/protobuf/compiler/objectivec/objectivec_generator.h
[1.076s] -- Up-to-date symlink: /home/ningbo@netid.washington.edu/robotics/my_ros2_ws/install/kortex_api/include/kortex_api/google/protobuf/compiler/objectivec/objectivec_helpers.h
[1.076s] -- Up-to-date symlink: /home/ningbo@netid.washington.edu/robotics/my_ros2_ws/install/kortex_api/include/kortex_api/google/protobuf/compiler/parser.h
[1.076s] -- Up-to-date symlink: /home/ningbo@netid.washington.edu/robotics/my_ros2_ws/install/kortex_api/include/kortex_api/google/protobuf/compiler/php/php_generator.h
[1.076s] -- Up-to-date symlink: /home/ningbo@netid.washington.edu/robotics/my_ros2_ws/install/kortex_api/include/kortex_api/google/protobuf/compiler/plugin.h
[1.076s] -- Up-to-date symlink: /home/ningbo@netid.washington.edu/robotics/my_ros2_ws/install/kortex_api/include/kortex_api/google/protobuf/compiler/plugin.pb.h
[1.076s] -- Up-to-date symlink: /home/ningbo@netid.washington.edu/robotics/my_ros2_ws/install/kortex_api/include/kortex_api/google/protobuf/compiler/python/python_generator.h
[1.077s] -- Up-to-date symlink: /home/ningbo@netid.washington.edu/robotics/my_ros2_ws/install/kortex_api/include/kortex_api/google/protobuf/compiler/ruby/ruby_generator.h
[1.077s] -- Up-to-date symlink: /home/ningbo@netid.washington.edu/robotics/my_ros2_ws/install/kortex_api/include/kortex_api/google/protobuf/descriptor.h
[1.077s] -- Up-to-date symlink: /home/ningbo@netid.washington.edu/robotics/my_ros2_ws/install/kortex_api/include/kortex_api/google/protobuf/descriptor.pb.h
[1.078s] -- Up-to-date symlink: /home/ningbo@netid.washington.edu/robotics/my_ros2_ws/install/kortex_api/include/kortex_api/google/protobuf/descriptor_database.h
[1.078s] -- Up-to-date symlink: /home/ningbo@netid.washington.edu/robotics/my_ros2_ws/install/kortex_api/include/kortex_api/google/protobuf/duration.pb.h
[1.078s] -- Up-to-date symlink: /home/ningbo@netid.washington.edu/robotics/my_ros2_ws/install/kortex_api/include/kortex_api/google/protobuf/dynamic_message.h
[1.078s] -- Up-to-date symlink: /home/ningbo@netid.washington.edu/robotics/my_ros2_ws/install/kortex_api/include/kortex_api/google/protobuf/empty.pb.h
[1.078s] -- Up-to-date symlink: /home/ningbo@netid.washington.edu/robotics/my_ros2_ws/install/kortex_api/include/kortex_api/google/protobuf/extension_set.h
[1.079s] -- Up-to-date symlink: /home/ningbo@netid.washington.edu/robotics/my_ros2_ws/install/kortex_api/include/kortex_api/google/protobuf/field_mask.pb.h
[1.079s] -- Up-to-date symlink: /home/ningbo@netid.washington.edu/robotics/my_ros2_ws/install/kortex_api/include/kortex_api/google/protobuf/generated_enum_reflection.h
[1.079s] -- Up-to-date symlink: /home/ningbo@netid.washington.edu/robotics/my_ros2_ws/install/kortex_api/include/kortex_api/google/protobuf/generated_enum_util.h
[1.079s] -- Up-to-date symlink: /home/ningbo@netid.washington.edu/robotics/my_ros2_ws/install/kortex_api/include/kortex_api/google/protobuf/generated_message_reflection.h
[1.079s] -- Up-to-date symlink: /home/ningbo@netid.washington.edu/robotics/my_ros2_ws/install/kortex_api/include/kortex_api/google/protobuf/generated_message_table_driven.h
[1.079s] -- Up-to-date symlink: /home/ningbo@netid.washington.edu/robotics/my_ros2_ws/install/kortex_api/include/kortex_api/google/protobuf/generated_message_util.h
[1.080s] -- Up-to-date symlink: /home/ningbo@netid.washington.edu/robotics/my_ros2_ws/install/kortex_api/include/kortex_api/google/protobuf/has_bits.h
[1.080s] -- Up-to-date symlink: /home/ningbo@netid.washington.edu/robotics/my_ros2_ws/install/kortex_api/include/kortex_api/google/protobuf/io/coded_stream.h
[1.082s] -- Up-to-date symlink: /home/ningbo@netid.washington.edu/robotics/my_ros2_ws/install/kortex_api/include/kortex_api/google/protobuf/io/gzip_stream.h
[1.082s] -- Up-to-date symlink: /home/ningbo@netid.washington.edu/robotics/my_ros2_ws/install/kortex_api/include/kortex_api/google/protobuf/io/printer.h
[1.082s] -- Up-to-date symlink: /home/ningbo@netid.washington.edu/robotics/my_ros2_ws/install/kortex_api/include/kortex_api/google/protobuf/io/strtod.h
[1.082s] -- Up-to-date symlink: /home/ningbo@netid.washington.edu/robotics/my_ros2_ws/install/kortex_api/include/kortex_api/google/protobuf/io/tokenizer.h
[1.083s] -- Up-to-date symlink: /home/ningbo@netid.washington.edu/robotics/my_ros2_ws/install/kortex_api/include/kortex_api/google/protobuf/io/zero_copy_stream.h
[1.083s] -- Up-to-date symlink: /home/ningbo@netid.washington.edu/robotics/my_ros2_ws/install/kortex_api/include/kortex_api/google/protobuf/io/zero_copy_stream_impl.h
[1.083s] -- Up-to-date symlink: /home/ningbo@netid.washington.edu/robotics/my_ros2_ws/install/kortex_api/include/kortex_api/google/protobuf/io/zero_copy_stream_impl_lite.h
[1.083s] -- Up-to-date symlink: /home/ningbo@netid.washington.edu/robotics/my_ros2_ws/install/kortex_api/include/kortex_api/google/protobuf/map.h
[1.083s] -- Up-to-date symlink: /home/ningbo@netid.washington.edu/robotics/my_ros2_ws/install/kortex_api/include/kortex_api/google/protobuf/map_entry.h
[1.083s] -- Up-to-date symlink: /home/ningbo@netid.washington.edu/robotics/my_ros2_ws/install/kortex_api/include/kortex_api/google/protobuf/map_entry_lite.h
[1.084s] -- Up-to-date symlink: /home/ningbo@netid.washington.edu/robotics/my_ros2_ws/install/kortex_api/include/kortex_api/google/protobuf/map_field.h
[1.084s] -- Up-to-date symlink: /home/ningbo@netid.washington.edu/robotics/my_ros2_ws/install/kortex_api/include/kortex_api/google/protobuf/map_field_inl.h
[1.084s] -- Up-to-date symlink: /home/ningbo@netid.washington.edu/robotics/my_ros2_ws/install/kortex_api/include/kortex_api/google/protobuf/map_field_lite.h
[1.084s] -- Up-to-date symlink: /home/ningbo@netid.washington.edu/robotics/my_ros2_ws/install/kortex_api/include/kortex_api/google/protobuf/map_type_handler.h
[1.084s] -- Up-to-date symlink: /home/ningbo@netid.washington.edu/robotics/my_ros2_ws/install/kortex_api/include/kortex_api/google/protobuf/message.h
[1.084s] -- Up-to-date symlink: /home/ningbo@netid.washington.edu/robotics/my_ros2_ws/install/kortex_api/include/kortex_api/google/protobuf/message_lite.h
[1.089s] -- Up-to-date symlink: /home/ningbo@netid.washington.edu/robotics/my_ros2_ws/install/kortex_api/include/kortex_api/google/protobuf/metadata.h
[1.090s] -- Up-to-date symlink: /home/ningbo@netid.washington.edu/robotics/my_ros2_ws/install/kortex_api/include/kortex_api/google/protobuf/metadata_lite.h
[1.090s] -- Up-to-date symlink: /home/ningbo@netid.washington.edu/robotics/my_ros2_ws/install/kortex_api/include/kortex_api/google/protobuf/reflection.h
[1.090s] -- Up-to-date symlink: /home/ningbo@netid.washington.edu/robotics/my_ros2_ws/install/kortex_api/include/kortex_api/google/protobuf/reflection_ops.h
[1.090s] -- Up-to-date symlink: /home/ningbo@netid.washington.edu/robotics/my_ros2_ws/install/kortex_api/include/kortex_api/google/protobuf/repeated_field.h
[1.090s] -- Up-to-date symlink: /home/ningbo@netid.washington.edu/robotics/my_ros2_ws/install/kortex_api/include/kortex_api/google/protobuf/service.h
[1.090s] -- Up-to-date symlink: /home/ningbo@netid.washington.edu/robotics/my_ros2_ws/install/kortex_api/include/kortex_api/google/protobuf/source_context.pb.h
[1.091s] -- Up-to-date symlink: /home/ningbo@netid.washington.edu/robotics/my_ros2_ws/install/kortex_api/include/kortex_api/google/protobuf/struct.pb.h
[1.091s] -- Up-to-date symlink: /home/ningbo@netid.washington.edu/robotics/my_ros2_ws/install/kortex_api/include/kortex_api/google/protobuf/stubs/atomic_sequence_num.h
[1.091s] -- Up-to-date symlink: /home/ningbo@netid.washington.edu/robotics/my_ros2_ws/install/kortex_api/include/kortex_api/google/protobuf/stubs/atomicops.h
[1.091s] -- Up-to-date symlink: /home/ningbo@netid.washington.edu/robotics/my_ros2_ws/install/kortex_api/include/kortex_api/google/protobuf/stubs/atomicops_internals_arm64_gcc.h
[1.092s] -- Up-to-date symlink: /home/ningbo@netid.washington.edu/robotics/my_ros2_ws/install/kortex_api/include/kortex_api/google/protobuf/stubs/atomicops_internals_arm_gcc.h
[1.092s] -- Up-to-date symlink: /home/ningbo@netid.washington.edu/robotics/my_ros2_ws/install/kortex_api/include/kortex_api/google/protobuf/stubs/atomicops_internals_arm_qnx.h
[1.092s] -- Up-to-date symlink: /home/ningbo@netid.washington.edu/robotics/my_ros2_ws/install/kortex_api/include/kortex_api/google/protobuf/stubs/atomicops_internals_generic_c11_atomic.h
[1.092s] -- Up-to-date symlink: /home/ningbo@netid.washington.edu/robotics/my_ros2_ws/install/kortex_api/include/kortex_api/google/protobuf/stubs/atomicops_internals_generic_gcc.h
[1.092s] -- Up-to-date symlink: /home/ningbo@netid.washington.edu/robotics/my_ros2_ws/install/kortex_api/include/kortex_api/google/protobuf/stubs/atomicops_internals_mips_gcc.h
[1.093s] -- Up-to-date symlink: /home/ningbo@netid.washington.edu/robotics/my_ros2_ws/install/kortex_api/include/kortex_api/google/protobuf/stubs/atomicops_internals_power.h
[1.093s] -- Up-to-date symlink: /home/ningbo@netid.washington.edu/robotics/my_ros2_ws/install/kortex_api/include/kortex_api/google/protobuf/stubs/atomicops_internals_ppc_gcc.h
[1.093s] -- Up-to-date symlink: /home/ningbo@netid.washington.edu/robotics/my_ros2_ws/install/kortex_api/include/kortex_api/google/protobuf/stubs/atomicops_internals_solaris.h
[1.093s] -- Up-to-date symlink: /home/ningbo@netid.washington.edu/robotics/my_ros2_ws/install/kortex_api/include/kortex_api/google/protobuf/stubs/atomicops_internals_tsan.h
[1.093s] -- Up-to-date symlink: /home/ningbo@netid.washington.edu/robotics/my_ros2_ws/install/kortex_api/include/kortex_api/google/protobuf/stubs/atomicops_internals_x86_gcc.h
[1.094s] -- Up-to-date symlink: /home/ningbo@netid.washington.edu/robotics/my_ros2_ws/install/kortex_api/include/kortex_api/google/protobuf/stubs/atomicops_internals_x86_msvc.h
[1.094s] -- Up-to-date symlink: /home/ningbo@netid.washington.edu/robotics/my_ros2_ws/install/kortex_api/include/kortex_api/google/protobuf/stubs/bytestream.h
[1.094s] -- Up-to-date symlink: /home/ningbo@netid.washington.edu/robotics/my_ros2_ws/install/kortex_api/include/kortex_api/google/protobuf/stubs/callback.h
[1.094s] -- Up-to-date symlink: /home/ningbo@netid.washington.edu/robotics/my_ros2_ws/install/kortex_api/include/kortex_api/google/protobuf/stubs/casts.h
[1.094s] -- Up-to-date symlink: /home/ningbo@netid.washington.edu/robotics/my_ros2_ws/install/kortex_api/include/kortex_api/google/protobuf/stubs/common.h
[1.094s] -- Up-to-date symlink: /home/ningbo@netid.washington.edu/robotics/my_ros2_ws/install/kortex_api/include/kortex_api/google/protobuf/stubs/fastmem.h
[1.095s] -- Up-to-date symlink: /home/ningbo@netid.washington.edu/robotics/my_ros2_ws/install/kortex_api/include/kortex_api/google/protobuf/stubs/hash.h
[1.095s] -- Up-to-date symlink: /home/ningbo@netid.washington.edu/robotics/my_ros2_ws/install/kortex_api/include/kortex_api/google/protobuf/stubs/logging.h
[1.095s] -- Up-to-date symlink: /home/ningbo@netid.washington.edu/robotics/my_ros2_ws/install/kortex_api/include/kortex_api/google/protobuf/stubs/macros.h
[1.095s] -- Up-to-date symlink: /home/ningbo@netid.washington.edu/robotics/my_ros2_ws/install/kortex_api/include/kortex_api/google/protobuf/stubs/mutex.h
[1.095s] -- Up-to-date symlink: /home/ningbo@netid.washington.edu/robotics/my_ros2_ws/install/kortex_api/include/kortex_api/google/protobuf/stubs/once.h
[1.096s] -- Up-to-date symlink: /home/ningbo@netid.washington.edu/robotics/my_ros2_ws/install/kortex_api/include/kortex_api/google/protobuf/stubs/platform_macros.h
[1.096s] -- Up-to-date symlink: /home/ningbo@netid.washington.edu/robotics/my_ros2_ws/install/kortex_api/include/kortex_api/google/protobuf/stubs/port.h
[1.096s] -- Up-to-date symlink: /home/ningbo@netid.washington.edu/robotics/my_ros2_ws/install/kortex_api/include/kortex_api/google/protobuf/stubs/scoped_ptr.h
[1.096s] -- Up-to-date symlink: /home/ningbo@netid.washington.edu/robotics/my_ros2_ws/install/kortex_api/include/kortex_api/google/protobuf/stubs/shared_ptr.h
[1.096s] -- Up-to-date symlink: /home/ningbo@netid.washington.edu/robotics/my_ros2_ws/install/kortex_api/include/kortex_api/google/protobuf/stubs/singleton.h
[1.096s] -- Up-to-date symlink: /home/ningbo@netid.washington.edu/robotics/my_ros2_ws/install/kortex_api/include/kortex_api/google/protobuf/stubs/status.h
[1.096s] -- Up-to-date symlink: /home/ningbo@netid.washington.edu/robotics/my_ros2_ws/install/kortex_api/include/kortex_api/google/protobuf/stubs/stl_util.h
[1.097s] -- Up-to-date symlink: /home/ningbo@netid.washington.edu/robotics/my_ros2_ws/install/kortex_api/include/kortex_api/google/protobuf/stubs/stringpiece.h
[1.097s] -- Up-to-date symlink: /home/ningbo@netid.washington.edu/robotics/my_ros2_ws/install/kortex_api/include/kortex_api/google/protobuf/stubs/template_util.h
[1.097s] -- Up-to-date symlink: /home/ningbo@netid.washington.edu/robotics/my_ros2_ws/install/kortex_api/include/kortex_api/google/protobuf/stubs/type_traits.h
[1.097s] -- Up-to-date symlink: /home/ningbo@netid.washington.edu/robotics/my_ros2_ws/install/kortex_api/include/kortex_api/google/protobuf/text_format.h
[1.097s] -- Up-to-date symlink: /home/ningbo@netid.washington.edu/robotics/my_ros2_ws/install/kortex_api/include/kortex_api/google/protobuf/timestamp.pb.h
[1.097s] -- Up-to-date symlink: /home/ningbo@netid.washington.edu/robotics/my_ros2_ws/install/kortex_api/include/kortex_api/google/protobuf/type.pb.h
[1.097s] -- Up-to-date symlink: /home/ningbo@netid.washington.edu/robotics/my_ros2_ws/install/kortex_api/include/kortex_api/google/protobuf/unknown_field_set.h
[1.098s] -- Up-to-date symlink: /home/ningbo@netid.washington.edu/robotics/my_ros2_ws/install/kortex_api/include/kortex_api/google/protobuf/util/delimited_message_util.h
[1.098s] -- Up-to-date symlink: /home/ningbo@netid.washington.edu/robotics/my_ros2_ws/install/kortex_api/include/kortex_api/google/protobuf/util/field_comparator.h
[1.098s] -- Up-to-date symlink: /home/ningbo@netid.washington.edu/robotics/my_ros2_ws/install/kortex_api/include/kortex_api/google/protobuf/util/field_mask_util.h
[1.098s] -- Up-to-date symlink: /home/ningbo@netid.washington.edu/robotics/my_ros2_ws/install/kortex_api/include/kortex_api/google/protobuf/util/json_util.h
[1.098s] -- Up-to-date symlink: /home/ningbo@netid.washington.edu/robotics/my_ros2_ws/install/kortex_api/include/kortex_api/google/protobuf/util/message_differencer.h
[1.098s] -- Up-to-date symlink: /home/ningbo@netid.washington.edu/robotics/my_ros2_ws/install/kortex_api/include/kortex_api/google/protobuf/util/time_util.h
[1.099s] -- Up-to-date symlink: /home/ningbo@netid.washington.edu/robotics/my_ros2_ws/install/kortex_api/include/kortex_api/google/protobuf/util/type_resolver.h
[1.102s] -- Up-to-date symlink: /home/ningbo@netid.washington.edu/robotics/my_ros2_ws/install/kortex_api/include/kortex_api/google/protobuf/util/type_resolver_util.h
[1.103s] -- Up-to-date symlink: /home/ningbo@netid.washington.edu/robotics/my_ros2_ws/install/kortex_api/include/kortex_api/google/protobuf/wire_format.h
[1.103s] -- Up-to-date symlink: /home/ningbo@netid.washington.edu/robotics/my_ros2_ws/install/kortex_api/include/kortex_api/google/protobuf/wire_format_lite.h
[1.103s] -- Up-to-date symlink: /home/ningbo@netid.washington.edu/robotics/my_ros2_ws/install/kortex_api/include/kortex_api/google/protobuf/wire_format_lite_inl.h
[1.103s] -- Up-to-date symlink: /home/ningbo@netid.washington.edu/robotics/my_ros2_ws/install/kortex_api/include/kortex_api/google/protobuf/wrappers.pb.h
[1.103s] -- Up-to-date symlink: /home/ningbo@netid.washington.edu/robotics/my_ros2_ws/install/kortex_api/share/ament_index/resource_index/package_run_dependencies/kortex_api
[1.104s] -- Up-to-date symlink: /home/ningbo@netid.washington.edu/robotics/my_ros2_ws/install/kortex_api/share/ament_index/resource_index/parent_prefix_path/kortex_api
[1.104s] -- Up-to-date symlink: /home/ningbo@netid.washington.edu/robotics/my_ros2_ws/install/kortex_api/share/kortex_api/environment/ament_prefix_path.sh
[1.104s] -- Up-to-date symlink: /home/ningbo@netid.washington.edu/robotics/my_ros2_ws/install/kortex_api/share/kortex_api/environment/ament_prefix_path.dsv
[1.105s] -- Up-to-date symlink: /home/ningbo@netid.washington.edu/robotics/my_ros2_ws/install/kortex_api/share/kortex_api/environment/path.sh
[1.105s] -- Up-to-date symlink: /home/ningbo@netid.washington.edu/robotics/my_ros2_ws/install/kortex_api/share/kortex_api/environment/path.dsv
[1.106s] -- Up-to-date symlink: /home/ningbo@netid.washington.edu/robotics/my_ros2_ws/install/kortex_api/share/kortex_api/local_setup.bash
[1.106s] -- Up-to-date symlink: /home/ningbo@netid.washington.edu/robotics/my_ros2_ws/install/kortex_api/share/kortex_api/local_setup.sh
[1.106s] -- Up-to-date symlink: /home/ningbo@netid.washington.edu/robotics/my_ros2_ws/install/kortex_api/share/kortex_api/local_setup.zsh
[1.106s] -- Up-to-date symlink: /home/ningbo@netid.washington.edu/robotics/my_ros2_ws/install/kortex_api/share/kortex_api/local_setup.dsv
[1.106s] -- Symlinking: /home/ningbo@netid.washington.edu/robotics/my_ros2_ws/install/kortex_api/share/kortex_api/package.dsv
[1.155s] -- Up-to-date symlink: /home/ningbo@netid.washington.edu/robotics/my_ros2_ws/install/kortex_api/share/ament_index/resource_index/packages/kortex_api
[1.158s] -- Up-to-date symlink: /home/ningbo@netid.washington.edu/robotics/my_ros2_ws/install/kortex_api/share/kortex_api/cmake/ament_cmake_export_include_directories-extras.cmake
[1.158s] -- Up-to-date symlink: /home/ningbo@netid.washington.edu/robotics/my_ros2_ws/install/kortex_api/share/kortex_api/cmake/kortex_apiConfig.cmake
[1.158s] -- Up-to-date symlink: /home/ningbo@netid.washington.edu/robotics/my_ros2_ws/install/kortex_api/share/kortex_api/cmake/kortex_apiConfig-version.cmake
[1.158s] -- Up-to-date symlink: /home/ningbo@netid.washington.edu/robotics/my_ros2_ws/install/kortex_api/share/kortex_api/package.xml
[1.296s] Invoked command in '/home/ningbo@netid.washington.edu/robotics/my_ros2_ws/build/kortex_api' returned '0': CMAKE_PREFIX_PATH=${CMAKE_PREFIX_PATH}:/home/ningbo@netid.washington.edu/robotics/my_ros2_ws/install/rqt_joint_trajectory_controller:/home/ningbo@netid.washington.edu/robotics/my_ros2_ws/install/rqt_controller_manager:/home/ningbo@netid.washington.edu/robotics/my_ros2_ws/install/ros2controlcli:/home/ningbo@netid.washington.edu/robotics/my_ros2_ws/install/ros2_controllers_test_nodes:/home/ningbo@netid.washington.edu/robotics/my_ros2_ws/install/ros2_control_demo_testing:/home/ningbo@netid.washington.edu/robotics/my_ros2_ws/install/lab_quaternion:/home/ningbo@netid.washington.edu/robotics/my_ws/install/rqt_joint_trajectory_controller:/home/ningbo@netid.washington.edu/robotics/my_ws/install/rqt_controller_manager:/home/ningbo@netid.washington.edu/robotics/my_ws/install/ros2controlcli:/home/ningbo@netid.washington.edu/robotics/my_ws/install/ros2_controllers_test_nodes:/home/ningbo@netid.washington.edu/robotics/my_ws/install/ros2_control_demo_testing:/home/ningbo@netid.washington.edu/robotics/my_ws/install/pick_place:/home/ningbo@netid.washington.edu/ros2_ws/install/rqt_joint_trajectory_controller:/home/ningbo@netid.washington.edu/ros2_ws/install/rqt_controller_manager:/home/ningbo@netid.washington.edu/ros2_ws/install/ros2controlcli:/home/ningbo@netid.washington.edu/ros2_ws/install/ros2_controllers_test_nodes:/home/ningbo@netid.washington.edu/ros2_ws/install/ros2_control_demo_testing:/opt/ros/humble /usr/bin/cmake --install /home/ningbo@netid.washington.edu/robotics/my_ros2_ws/build/kortex_api
