[0.075s] Invoking command in '/home/ningbo@netid.washington.edu/robotics/my_ros2_ws/build/ros2_control_demo_description': CMAKE_PREFIX_PATH=${CMAKE_PREFIX_PATH}:/home/ningbo@netid.washington.edu/robotics/my_ws/install/rqt_joint_trajectory_controller:/home/ningbo@netid.washington.edu/robotics/my_ws/install/rqt_controller_manager:/home/ningbo@netid.washington.edu/robotics/my_ws/install/ros2controlcli:/home/ningbo@netid.washington.edu/robotics/my_ws/install/ros2_controllers_test_nodes:/home/ningbo@netid.washington.edu/robotics/my_ws/install/ros2_control_demo_testing:/home/ningbo@netid.washington.edu/robotics/my_ws/install/pick_place:/home/ningbo@netid.washington.edu/ros2_ws/install/ros2controlcli:/home/ningbo@netid.washington.edu/ros2_ws/install/ros2_controllers_test_nodes:/home/ningbo@netid.washington.edu/ros2_ws/install/ros2_control_demo_testing:/opt/ros/humble /usr/bin/cmake /home/ningbo@netid.washington.edu/robotics/my_ros2_ws/src/ros-controls/ros2_control_demos/ros2_control_demo_description -DCMAKE_INSTALL_PREFIX=/home/ningbo@netid.washington.edu/robotics/my_ros2_ws/install/ros2_control_demo_description
[0.656s] -- Found ament_cmake: 1.3.11 (/opt/ros/humble/share/ament_cmake/cmake)
[0.657s] -- Override CMake install command with custom implementation using symlinks instead of copying resources
[0.657s] -- Configuring done
[0.657s] -- Generating done
[0.657s] -- Build files have been written to: /home/ningbo@netid.washington.edu/robotics/my_ros2_ws/build/ros2_control_demo_description
[0.664s] Invoked command in '/home/ningbo@netid.washington.edu/robotics/my_ros2_ws/build/ros2_control_demo_description' returned '0': CMAKE_PREFIX_PATH=${CMAKE_PREFIX_PATH}:/home/ningbo@netid.washington.edu/robotics/my_ws/install/rqt_joint_trajectory_controller:/home/ningbo@netid.washington.edu/robotics/my_ws/install/rqt_controller_manager:/home/ningbo@netid.washington.edu/robotics/my_ws/install/ros2controlcli:/home/ningbo@netid.washington.edu/robotics/my_ws/install/ros2_controllers_test_nodes:/home/ningbo@netid.washington.edu/robotics/my_ws/install/ros2_control_demo_testing:/home/ningbo@netid.washington.edu/robotics/my_ws/install/pick_place:/home/ningbo@netid.washington.edu/ros2_ws/install/ros2controlcli:/home/ningbo@netid.washington.edu/ros2_ws/install/ros2_controllers_test_nodes:/home/ningbo@netid.washington.edu/ros2_ws/install/ros2_control_demo_testing:/opt/ros/humble /usr/bin/cmake /home/ningbo@netid.washington.edu/robotics/my_ros2_ws/src/ros-controls/ros2_control_demos/ros2_control_demo_description -DCMAKE_INSTALL_PREFIX=/home/ningbo@netid.washington.edu/robotics/my_ros2_ws/install/ros2_control_demo_description
[0.665s] Invoking command in '/home/ningbo@netid.washington.edu/robotics/my_ros2_ws/build/ros2_control_demo_description': CMAKE_PREFIX_PATH=${CMAKE_PREFIX_PATH}:/home/ningbo@netid.washington.edu/robotics/my_ws/install/rqt_joint_trajectory_controller:/home/ningbo@netid.washington.edu/robotics/my_ws/install/rqt_controller_manager:/home/ningbo@netid.washington.edu/robotics/my_ws/install/ros2controlcli:/home/ningbo@netid.washington.edu/robotics/my_ws/install/ros2_controllers_test_nodes:/home/ningbo@netid.washington.edu/robotics/my_ws/install/ros2_control_demo_testing:/home/ningbo@netid.washington.edu/robotics/my_ws/install/pick_place:/home/ningbo@netid.washington.edu/ros2_ws/install/ros2controlcli:/home/ningbo@netid.washington.edu/ros2_ws/install/ros2_controllers_test_nodes:/home/ningbo@netid.washington.edu/ros2_ws/install/ros2_control_demo_testing:/opt/ros/humble /usr/bin/cmake --build /home/ningbo@netid.washington.edu/robotics/my_ros2_ws/build/ros2_control_demo_description -- -j8 -l8
[0.845s] Invoked command in '/home/ningbo@netid.washington.edu/robotics/my_ros2_ws/build/ros2_control_demo_description' returned '0': CMAKE_PREFIX_PATH=${CMAKE_PREFIX_PATH}:/home/ningbo@netid.washington.edu/robotics/my_ws/install/rqt_joint_trajectory_controller:/home/ningbo@netid.washington.edu/robotics/my_ws/install/rqt_controller_manager:/home/ningbo@netid.washington.edu/robotics/my_ws/install/ros2controlcli:/home/ningbo@netid.washington.edu/robotics/my_ws/install/ros2_controllers_test_nodes:/home/ningbo@netid.washington.edu/robotics/my_ws/install/ros2_control_demo_testing:/home/ningbo@netid.washington.edu/robotics/my_ws/install/pick_place:/home/ningbo@netid.washington.edu/ros2_ws/install/ros2controlcli:/home/ningbo@netid.washington.edu/ros2_ws/install/ros2_controllers_test_nodes:/home/ningbo@netid.washington.edu/ros2_ws/install/ros2_control_demo_testing:/opt/ros/humble /usr/bin/cmake --build /home/ningbo@netid.washington.edu/robotics/my_ros2_ws/build/ros2_control_demo_description -- -j8 -l8
[0.883s] Invoking command in '/home/ningbo@netid.washington.edu/robotics/my_ros2_ws/build/ros2_control_demo_description': CMAKE_PREFIX_PATH=${CMAKE_PREFIX_PATH}:/home/ningbo@netid.washington.edu/robotics/my_ws/install/rqt_joint_trajectory_controller:/home/ningbo@netid.washington.edu/robotics/my_ws/install/rqt_controller_manager:/home/ningbo@netid.washington.edu/robotics/my_ws/install/ros2controlcli:/home/ningbo@netid.washington.edu/robotics/my_ws/install/ros2_controllers_test_nodes:/home/ningbo@netid.washington.edu/robotics/my_ws/install/ros2_control_demo_testing:/home/ningbo@netid.washington.edu/robotics/my_ws/install/pick_place:/home/ningbo@netid.washington.edu/ros2_ws/install/ros2controlcli:/home/ningbo@netid.washington.edu/ros2_ws/install/ros2_controllers_test_nodes:/home/ningbo@netid.washington.edu/ros2_ws/install/ros2_control_demo_testing:/opt/ros/humble /usr/bin/cmake --install /home/ningbo@netid.washington.edu/robotics/my_ros2_ws/build/ros2_control_demo_description
[0.929s] -- Install configuration: ""
[0.930s] -- Execute custom install script
[0.933s] -- Up-to-date symlink: /home/ningbo@netid.washington.edu/robotics/my_ros2_ws/install/ros2_control_demo_description/share/ros2_control_demo_description/rrbot/urdf/rrbot.materials.xacro
[0.933s] -- Up-to-date symlink: /home/ningbo@netid.washington.edu/robotics/my_ros2_ws/install/ros2_control_demo_description/share/ros2_control_demo_description/rrbot/urdf/rrbot_description.urdf.xacro
[0.934s] -- Up-to-date symlink: /home/ningbo@netid.washington.edu/robotics/my_ros2_ws/install/ros2_control_demo_description/share/ros2_control_demo_description/rrbot/rviz/rrbot.rviz
[0.935s] -- Up-to-date symlink: /home/ningbo@netid.washington.edu/robotics/my_ros2_ws/install/ros2_control_demo_description/share/ros2_control_demo_description/diffbot/urdf/diffbot.materials.xacro
[0.935s] -- Up-to-date symlink: /home/ningbo@netid.washington.edu/robotics/my_ros2_ws/install/ros2_control_demo_description/share/ros2_control_demo_description/diffbot/urdf/diffbot_description.urdf.xacro
[0.935s] -- Up-to-date symlink: /home/ningbo@netid.washington.edu/robotics/my_ros2_ws/install/ros2_control_demo_description/share/ros2_control_demo_description/diffbot/rviz/diffbot.rviz
[0.936s] -- Up-to-date symlink: /home/ningbo@netid.washington.edu/robotics/my_ros2_ws/install/ros2_control_demo_description/share/ros2_control_demo_description/diffbot/rviz/diffbot_view.rviz
[0.941s] -- Up-to-date symlink: /home/ningbo@netid.washington.edu/robotics/my_ros2_ws/install/ros2_control_demo_description/share/ros2_control_demo_description/carlikebot/urdf/carlikebot.materials.xacro
[0.941s] -- Up-to-date symlink: /home/ningbo@netid.washington.edu/robotics/my_ros2_ws/install/ros2_control_demo_description/share/ros2_control_demo_description/carlikebot/urdf/carlikebot_description.urdf.xacro
[0.942s] -- Up-to-date symlink: /home/ningbo@netid.washington.edu/robotics/my_ros2_ws/install/ros2_control_demo_description/share/ros2_control_demo_description/carlikebot/rviz/carlikebot.rviz
[0.943s] -- Up-to-date symlink: /home/ningbo@netid.washington.edu/robotics/my_ros2_ws/install/ros2_control_demo_description/share/ros2_control_demo_description/carlikebot/rviz/carlikebot_view.rviz
[0.947s] -- Up-to-date symlink: /home/ningbo@netid.washington.edu/robotics/my_ros2_ws/install/ros2_control_demo_description/share/ros2_control_demo_description/r3bot/urdf/threedofbot_description.urdf.xacro
[0.948s] -- Up-to-date symlink: /home/ningbo@netid.washington.edu/robotics/my_ros2_ws/install/ros2_control_demo_description/share/ros2_control_demo_description/r6bot/meshes/collision/link_0.stl
[0.949s] -- Up-to-date symlink: /home/ningbo@netid.washington.edu/robotics/my_ros2_ws/install/ros2_control_demo_description/share/ros2_control_demo_description/r6bot/meshes/collision/link_1.stl
[0.949s] -- Up-to-date symlink: /home/ningbo@netid.washington.edu/robotics/my_ros2_ws/install/ros2_control_demo_description/share/ros2_control_demo_description/r6bot/meshes/collision/link_2.stl
[0.950s] -- Up-to-date symlink: /home/ningbo@netid.washington.edu/robotics/my_ros2_ws/install/ros2_control_demo_description/share/ros2_control_demo_description/r6bot/meshes/collision/link_3.stl
[0.951s] -- Up-to-date symlink: /home/ningbo@netid.washington.edu/robotics/my_ros2_ws/install/ros2_control_demo_description/share/ros2_control_demo_description/r6bot/meshes/collision/link_4.stl
[0.951s] -- Up-to-date symlink: /home/ningbo@netid.washington.edu/robotics/my_ros2_ws/install/ros2_control_demo_description/share/ros2_control_demo_description/r6bot/meshes/collision/link_5.stl
[0.953s] -- Up-to-date symlink: /home/ningbo@netid.washington.edu/robotics/my_ros2_ws/install/ros2_control_demo_description/share/ros2_control_demo_description/r6bot/meshes/collision/link_6.stl
[0.961s] -- Up-to-date symlink: /home/ningbo@netid.washington.edu/robotics/my_ros2_ws/install/ros2_control_demo_description/share/ros2_control_demo_description/r6bot/meshes/visual/link_0.dae
[0.961s] -- Up-to-date symlink: /home/ningbo@netid.washington.edu/robotics/my_ros2_ws/install/ros2_control_demo_description/share/ros2_control_demo_description/r6bot/meshes/visual/link_1.dae
[0.962s] -- Up-to-date symlink: /home/ningbo@netid.washington.edu/robotics/my_ros2_ws/install/ros2_control_demo_description/share/ros2_control_demo_description/r6bot/meshes/visual/link_2.dae
[0.962s] -- Up-to-date symlink: /home/ningbo@netid.washington.edu/robotics/my_ros2_ws/install/ros2_control_demo_description/share/ros2_control_demo_description/r6bot/meshes/visual/link_3.dae
[0.962s] -- Up-to-date symlink: /home/ningbo@netid.washington.edu/robotics/my_ros2_ws/install/ros2_control_demo_description/share/ros2_control_demo_description/r6bot/meshes/visual/link_4.dae
[0.962s] -- Up-to-date symlink: /home/ningbo@netid.washington.edu/robotics/my_ros2_ws/install/ros2_control_demo_description/share/ros2_control_demo_description/r6bot/meshes/visual/link_5.dae
[0.963s] -- Up-to-date symlink: /home/ningbo@netid.washington.edu/robotics/my_ros2_ws/install/ros2_control_demo_description/share/ros2_control_demo_description/r6bot/meshes/visual/link_6.dae
[0.964s] -- Up-to-date symlink: /home/ningbo@netid.washington.edu/robotics/my_ros2_ws/install/ros2_control_demo_description/share/ros2_control_demo_description/r6bot/srdf/r6bot.srdf
[0.965s] -- Up-to-date symlink: /home/ningbo@netid.washington.edu/robotics/my_ros2_ws/install/ros2_control_demo_description/share/ros2_control_demo_description/r6bot/urdf/inc/create_link.xacro
[0.966s] -- Up-to-date symlink: /home/ningbo@netid.washington.edu/robotics/my_ros2_ws/install/ros2_control_demo_description/share/ros2_control_demo_description/r6bot/urdf/r6bot_description.urdf.xacro
[0.967s] -- Up-to-date symlink: /home/ningbo@netid.washington.edu/robotics/my_ros2_ws/install/ros2_control_demo_description/share/ros2_control_demo_description/r6bot/rviz/view_robot.rviz
[0.967s] -- Up-to-date symlink: /home/ningbo@netid.washington.edu/robotics/my_ros2_ws/install/ros2_control_demo_description/share/ament_index/resource_index/package_run_dependencies/ros2_control_demo_description
[0.968s] -- Up-to-date symlink: /home/ningbo@netid.washington.edu/robotics/my_ros2_ws/install/ros2_control_demo_description/share/ament_index/resource_index/parent_prefix_path/ros2_control_demo_description
[0.971s] -- Up-to-date symlink: /home/ningbo@netid.washington.edu/robotics/my_ros2_ws/install/ros2_control_demo_description/share/ros2_control_demo_description/environment/ament_prefix_path.sh
[0.972s] -- Up-to-date symlink: /home/ningbo@netid.washington.edu/robotics/my_ros2_ws/install/ros2_control_demo_description/share/ros2_control_demo_description/environment/ament_prefix_path.dsv
[0.973s] -- Up-to-date symlink: /home/ningbo@netid.washington.edu/robotics/my_ros2_ws/install/ros2_control_demo_description/share/ros2_control_demo_description/environment/path.sh
[0.973s] -- Up-to-date symlink: /home/ningbo@netid.washington.edu/robotics/my_ros2_ws/install/ros2_control_demo_description/share/ros2_control_demo_description/environment/path.dsv
[0.973s] -- Up-to-date symlink: /home/ningbo@netid.washington.edu/robotics/my_ros2_ws/install/ros2_control_demo_description/share/ros2_control_demo_description/local_setup.bash
[0.974s] -- Up-to-date symlink: /home/ningbo@netid.washington.edu/robotics/my_ros2_ws/install/ros2_control_demo_description/share/ros2_control_demo_description/local_setup.sh
[0.974s] -- Up-to-date symlink: /home/ningbo@netid.washington.edu/robotics/my_ros2_ws/install/ros2_control_demo_description/share/ros2_control_demo_description/local_setup.zsh
[0.975s] -- Up-to-date symlink: /home/ningbo@netid.washington.edu/robotics/my_ros2_ws/install/ros2_control_demo_description/share/ros2_control_demo_description/local_setup.dsv
[0.975s] -- Symlinking: /home/ningbo@netid.washington.edu/robotics/my_ros2_ws/install/ros2_control_demo_description/share/ros2_control_demo_description/package.dsv
[1.013s] -- Up-to-date symlink: /home/ningbo@netid.washington.edu/robotics/my_ros2_ws/install/ros2_control_demo_description/share/ament_index/resource_index/packages/ros2_control_demo_description
[1.013s] -- Up-to-date symlink: /home/ningbo@netid.washington.edu/robotics/my_ros2_ws/install/ros2_control_demo_description/share/ros2_control_demo_description/cmake/ros2_control_demo_descriptionConfig.cmake
[1.014s] -- Up-to-date symlink: /home/ningbo@netid.washington.edu/robotics/my_ros2_ws/install/ros2_control_demo_description/share/ros2_control_demo_description/cmake/ros2_control_demo_descriptionConfig-version.cmake
[1.014s] -- Up-to-date symlink: /home/ningbo@netid.washington.edu/robotics/my_ros2_ws/install/ros2_control_demo_description/share/ros2_control_demo_description/package.xml
[1.018s] Invoked command in '/home/ningbo@netid.washington.edu/robotics/my_ros2_ws/build/ros2_control_demo_description' returned '0': CMAKE_PREFIX_PATH=${CMAKE_PREFIX_PATH}:/home/ningbo@netid.washington.edu/robotics/my_ws/install/rqt_joint_trajectory_controller:/home/ningbo@netid.washington.edu/robotics/my_ws/install/rqt_controller_manager:/home/ningbo@netid.washington.edu/robotics/my_ws/install/ros2controlcli:/home/ningbo@netid.washington.edu/robotics/my_ws/install/ros2_controllers_test_nodes:/home/ningbo@netid.washington.edu/robotics/my_ws/install/ros2_control_demo_testing:/home/ningbo@netid.washington.edu/robotics/my_ws/install/pick_place:/home/ningbo@netid.washington.edu/ros2_ws/install/ros2controlcli:/home/ningbo@netid.washington.edu/ros2_ws/install/ros2_controllers_test_nodes:/home/ningbo@netid.washington.edu/ros2_ws/install/ros2_control_demo_testing:/opt/ros/humble /usr/bin/cmake --install /home/ningbo@netid.washington.edu/robotics/my_ros2_ws/build/ros2_control_demo_description
