[0.291s] Invoking command in '/home/ningbo@netid.washington.edu/robotics/my_ros2_ws/build/joint_limits': CMAKE_PREFIX_PATH=${CMAKE_PREFIX_PATH}:/home/ningbo@netid.washington.edu/robotics/my_ros2_ws/install/rqt_joint_trajectory_controller:/home/ningbo@netid.washington.edu/robotics/my_ros2_ws/install/rqt_controller_manager:/home/ningbo@netid.washington.edu/robotics/my_ros2_ws/install/ros2controlcli:/home/ningbo@netid.washington.edu/robotics/my_ros2_ws/install/ros2_controllers_test_nodes:/home/ningbo@netid.washington.edu/robotics/my_ros2_ws/install/ros2_control_demo_testing:/home/ningbo@netid.washington.edu/robotics/my_ros2_ws/install/lab_quaternion:/home/ningbo@netid.washington.edu/robotics/my_ws/install/rqt_joint_trajectory_controller:/home/ningbo@netid.washington.edu/robotics/my_ws/install/rqt_controller_manager:/home/ningbo@netid.washington.edu/robotics/my_ws/install/ros2controlcli:/home/ningbo@netid.washington.edu/robotics/my_ws/install/ros2_controllers_test_nodes:/home/ningbo@netid.washington.edu/robotics/my_ws/install/ros2_control_demo_testing:/home/ningbo@netid.washington.edu/robotics/my_ws/install/pick_place:/home/ningbo@netid.washington.edu/ros2_ws/install/rqt_joint_trajectory_controller:/home/ningbo@netid.washington.edu/ros2_ws/install/rqt_controller_manager:/home/ningbo@netid.washington.edu/ros2_ws/install/ros2controlcli:/home/ningbo@netid.washington.edu/ros2_ws/install/ros2_controllers_test_nodes:/home/ningbo@netid.washington.edu/ros2_ws/install/ros2_control_demo_testing:/opt/ros/humble /usr/bin/cmake --build /home/ningbo@netid.washington.edu/robotics/my_ros2_ws/build/joint_limits -- -j8 -l8
[0.737s] [ 28%] Built target gtest_main
[0.770s] [ 42%] Built target ament_generate_version_header__joint_limits
[0.797s] [ 71%] Built target gtest
[0.978s] [100%] Built target joint_limits_rosparam_test
[1.203s] Invoked command in '/home/ningbo@netid.washington.edu/robotics/my_ros2_ws/build/joint_limits' returned '0': CMAKE_PREFIX_PATH=${CMAKE_PREFIX_PATH}:/home/ningbo@netid.washington.edu/robotics/my_ros2_ws/install/rqt_joint_trajectory_controller:/home/ningbo@netid.washington.edu/robotics/my_ros2_ws/install/rqt_controller_manager:/home/ningbo@netid.washington.edu/robotics/my_ros2_ws/install/ros2controlcli:/home/ningbo@netid.washington.edu/robotics/my_ros2_ws/install/ros2_controllers_test_nodes:/home/ningbo@netid.washington.edu/robotics/my_ros2_ws/install/ros2_control_demo_testing:/home/ningbo@netid.washington.edu/robotics/my_ros2_ws/install/lab_quaternion:/home/ningbo@netid.washington.edu/robotics/my_ws/install/rqt_joint_trajectory_controller:/home/ningbo@netid.washington.edu/robotics/my_ws/install/rqt_controller_manager:/home/ningbo@netid.washington.edu/robotics/my_ws/install/ros2controlcli:/home/ningbo@netid.washington.edu/robotics/my_ws/install/ros2_controllers_test_nodes:/home/ningbo@netid.washington.edu/robotics/my_ws/install/ros2_control_demo_testing:/home/ningbo@netid.washington.edu/robotics/my_ws/install/pick_place:/home/ningbo@netid.washington.edu/ros2_ws/install/rqt_joint_trajectory_controller:/home/ningbo@netid.washington.edu/ros2_ws/install/rqt_controller_manager:/home/ningbo@netid.washington.edu/ros2_ws/install/ros2controlcli:/home/ningbo@netid.washington.edu/ros2_ws/install/ros2_controllers_test_nodes:/home/ningbo@netid.washington.edu/ros2_ws/install/ros2_control_demo_testing:/opt/ros/humble /usr/bin/cmake --build /home/ningbo@netid.washington.edu/robotics/my_ros2_ws/build/joint_limits -- -j8 -l8
[1.213s] Invoking command in '/home/ningbo@netid.washington.edu/robotics/my_ros2_ws/build/joint_limits': CMAKE_PREFIX_PATH=${CMAKE_PREFIX_PATH}:/home/ningbo@netid.washington.edu/robotics/my_ros2_ws/install/rqt_joint_trajectory_controller:/home/ningbo@netid.washington.edu/robotics/my_ros2_ws/install/rqt_controller_manager:/home/ningbo@netid.washington.edu/robotics/my_ros2_ws/install/ros2controlcli:/home/ningbo@netid.washington.edu/robotics/my_ros2_ws/install/ros2_controllers_test_nodes:/home/ningbo@netid.washington.edu/robotics/my_ros2_ws/install/ros2_control_demo_testing:/home/ningbo@netid.washington.edu/robotics/my_ros2_ws/install/lab_quaternion:/home/ningbo@netid.washington.edu/robotics/my_ws/install/rqt_joint_trajectory_controller:/home/ningbo@netid.washington.edu/robotics/my_ws/install/rqt_controller_manager:/home/ningbo@netid.washington.edu/robotics/my_ws/install/ros2controlcli:/home/ningbo@netid.washington.edu/robotics/my_ws/install/ros2_controllers_test_nodes:/home/ningbo@netid.washington.edu/robotics/my_ws/install/ros2_control_demo_testing:/home/ningbo@netid.washington.edu/robotics/my_ws/install/pick_place:/home/ningbo@netid.washington.edu/ros2_ws/install/rqt_joint_trajectory_controller:/home/ningbo@netid.washington.edu/ros2_ws/install/rqt_controller_manager:/home/ningbo@netid.washington.edu/ros2_ws/install/ros2controlcli:/home/ningbo@netid.washington.edu/ros2_ws/install/ros2_controllers_test_nodes:/home/ningbo@netid.washington.edu/ros2_ws/install/ros2_control_demo_testing:/opt/ros/humble /usr/bin/cmake --install /home/ningbo@netid.washington.edu/robotics/my_ros2_ws/build/joint_limits
[1.312s] -- Install configuration: ""
[1.312s] -- Execute custom install script
[1.312s] -- Up-to-date symlink: /home/ningbo@netid.washington.edu/robotics/my_ros2_ws/install/joint_limits/include/joint_limits/joint_limits.hpp
[1.313s] -- Up-to-date symlink: /home/ningbo@netid.washington.edu/robotics/my_ros2_ws/install/joint_limits/include/joint_limits/joint_limits_rosparam.hpp
[1.313s] -- Up-to-date symlink: /home/ningbo@netid.washington.edu/robotics/my_ros2_ws/install/joint_limits/lib/joint_limits/joint_limits_rosparam_test
[1.313s] -- Up-to-date symlink: /home/ningbo@netid.washington.edu/robotics/my_ros2_ws/install/joint_limits/share/joint_limits/test/joint_limits_rosparam.yaml
[1.313s] -- Up-to-date symlink: /home/ningbo@netid.washington.edu/robotics/my_ros2_ws/install/joint_limits/include/joint_limits/joint_limits/joint_limits.hpp
[1.313s] -- Up-to-date symlink: /home/ningbo@netid.washington.edu/robotics/my_ros2_ws/install/joint_limits/include/joint_limits/joint_limits/joint_limits_rosparam.hpp
[1.313s] -- Up-to-date symlink: /home/ningbo@netid.washington.edu/robotics/my_ros2_ws/install/joint_limits/share/joint_limits/environment/library_path.sh
[1.313s] -- Up-to-date symlink: /home/ningbo@netid.washington.edu/robotics/my_ros2_ws/install/joint_limits/share/joint_limits/environment/library_path.dsv
[1.314s] -- Up-to-date symlink: /home/ningbo@netid.washington.edu/robotics/my_ros2_ws/install/joint_limits/share/ament_index/resource_index/package_run_dependencies/joint_limits
[1.314s] -- Up-to-date symlink: /home/ningbo@netid.washington.edu/robotics/my_ros2_ws/install/joint_limits/share/ament_index/resource_index/parent_prefix_path/joint_limits
[1.314s] -- Up-to-date symlink: /home/ningbo@netid.washington.edu/robotics/my_ros2_ws/install/joint_limits/share/joint_limits/environment/ament_prefix_path.sh
[1.314s] -- Up-to-date symlink: /home/ningbo@netid.washington.edu/robotics/my_ros2_ws/install/joint_limits/share/joint_limits/environment/ament_prefix_path.dsv
[1.314s] -- Up-to-date symlink: /home/ningbo@netid.washington.edu/robotics/my_ros2_ws/install/joint_limits/share/joint_limits/environment/path.sh
[1.314s] -- Up-to-date symlink: /home/ningbo@netid.washington.edu/robotics/my_ros2_ws/install/joint_limits/share/joint_limits/environment/path.dsv
[1.314s] -- Up-to-date symlink: /home/ningbo@netid.washington.edu/robotics/my_ros2_ws/install/joint_limits/share/joint_limits/local_setup.bash
[1.315s] -- Up-to-date symlink: /home/ningbo@netid.washington.edu/robotics/my_ros2_ws/install/joint_limits/share/joint_limits/local_setup.sh
[1.315s] -- Up-to-date symlink: /home/ningbo@netid.washington.edu/robotics/my_ros2_ws/install/joint_limits/share/joint_limits/local_setup.zsh
[1.315s] -- Up-to-date symlink: /home/ningbo@netid.washington.edu/robotics/my_ros2_ws/install/joint_limits/share/joint_limits/local_setup.dsv
[1.315s] -- Symlinking: /home/ningbo@netid.washington.edu/robotics/my_ros2_ws/install/joint_limits/share/joint_limits/package.dsv
[1.335s] -- Up-to-date symlink: /home/ningbo@netid.washington.edu/robotics/my_ros2_ws/install/joint_limits/share/ament_index/resource_index/packages/joint_limits
[1.335s] -- Up-to-date symlink: /home/ningbo@netid.washington.edu/robotics/my_ros2_ws/install/joint_limits/share/joint_limits/cmake/ament_cmake_export_targets-extras.cmake
[1.336s] -- Up-to-date symlink: /home/ningbo@netid.washington.edu/robotics/my_ros2_ws/install/joint_limits/share/joint_limits/cmake/ament_cmake_export_dependencies-extras.cmake
[1.336s] -- Up-to-date symlink: /home/ningbo@netid.washington.edu/robotics/my_ros2_ws/install/joint_limits/share/joint_limits/cmake/ament_cmake_export_include_directories-extras.cmake
[1.336s] -- Up-to-date symlink: /home/ningbo@netid.washington.edu/robotics/my_ros2_ws/install/joint_limits/share/joint_limits/cmake/joint_limitsConfig.cmake
[1.337s] -- Up-to-date symlink: /home/ningbo@netid.washington.edu/robotics/my_ros2_ws/install/joint_limits/share/joint_limits/cmake/joint_limitsConfig-version.cmake
[1.341s] -- Up-to-date symlink: /home/ningbo@netid.washington.edu/robotics/my_ros2_ws/install/joint_limits/share/joint_limits/package.xml
[1.341s] -- Up-to-date symlink: /home/ningbo@netid.washington.edu/robotics/my_ros2_ws/install/joint_limits/include/joint_limits/joint_limits/version.h
[1.341s] -- Up-to-date: /home/ningbo@netid.washington.edu/robotics/my_ros2_ws/install/joint_limits/share/joint_limits/cmake/export_joint_limitsExport.cmake
[1.428s] Invoked command in '/home/ningbo@netid.washington.edu/robotics/my_ros2_ws/build/joint_limits' returned '0': CMAKE_PREFIX_PATH=${CMAKE_PREFIX_PATH}:/home/ningbo@netid.washington.edu/robotics/my_ros2_ws/install/rqt_joint_trajectory_controller:/home/ningbo@netid.washington.edu/robotics/my_ros2_ws/install/rqt_controller_manager:/home/ningbo@netid.washington.edu/robotics/my_ros2_ws/install/ros2controlcli:/home/ningbo@netid.washington.edu/robotics/my_ros2_ws/install/ros2_controllers_test_nodes:/home/ningbo@netid.washington.edu/robotics/my_ros2_ws/install/ros2_control_demo_testing:/home/ningbo@netid.washington.edu/robotics/my_ros2_ws/install/lab_quaternion:/home/ningbo@netid.washington.edu/robotics/my_ws/install/rqt_joint_trajectory_controller:/home/ningbo@netid.washington.edu/robotics/my_ws/install/rqt_controller_manager:/home/ningbo@netid.washington.edu/robotics/my_ws/install/ros2controlcli:/home/ningbo@netid.washington.edu/robotics/my_ws/install/ros2_controllers_test_nodes:/home/ningbo@netid.washington.edu/robotics/my_ws/install/ros2_control_demo_testing:/home/ningbo@netid.washington.edu/robotics/my_ws/install/pick_place:/home/ningbo@netid.washington.edu/ros2_ws/install/rqt_joint_trajectory_controller:/home/ningbo@netid.washington.edu/ros2_ws/install/rqt_controller_manager:/home/ningbo@netid.washington.edu/ros2_ws/install/ros2controlcli:/home/ningbo@netid.washington.edu/ros2_ws/install/ros2_controllers_test_nodes:/home/ningbo@netid.washington.edu/ros2_ws/install/ros2_control_demo_testing:/opt/ros/humble /usr/bin/cmake --install /home/ningbo@netid.washington.edu/robotics/my_ros2_ws/build/joint_limits
