-- Found ament_cmake: 1.3.11 (/opt/ros/humble/share/ament_cmake/cmake)
-- Override CMake install command with custom implementation using symlinks instead of copying resources
-- Found rclcpp: 16.0.11 (/opt/ros/humble/share/rclcpp/cmake)
-- Found rosidl_generator_c: 3.1.6 (/opt/ros/humble/share/rosidl_generator_c/cmake)
-- Found rosidl_adapter: 3.1.6 (/opt/ros/humble/share/rosidl_adapter/cmake)
-- Found rosidl_generator_cpp: 3.1.6 (/opt/ros/humble/share/rosidl_generator_cpp/cmake)
-- Using all available rosidl_typesupport_c: rosidl_typesupport_fastrtps_c;rosidl_typesupport_introspection_c
-- Using all available rosidl_typesupport_cpp: rosidl_typesupport_fastrtps_cpp;rosidl_typesupport_introspection_cpp
-- Found rmw_implementation_cmake: 6.1.2 (/opt/ros/humble/share/rmw_implementation_cmake/cmake)
-- Found rmw_fastrtps_cpp: 6.2.7 (/opt/ros/humble/share/rmw_fastrtps_cpp/cmake)
-- Using RMW implementation 'rmw_fastrtps_cpp' as default
-- Found rclcpp_action: 16.0.11 (/opt/ros/humble/share/rclcpp_action/cmake)
-- Found ament_cmake_gmock: 1.3.11 (/opt/ros/humble/share/ament_cmake_gmock/cmake)
-- Found lifecycle_msgs: 1.2.1 (/opt/ros/humble/share/lifecycle_msgs/cmake)
-- Found rclcpp_lifecycle: 16.0.11 (/opt/ros/humble/share/rclcpp_lifecycle/cmake)
-- Found test_msgs: 1.2.1 (/opt/ros/humble/share/test_msgs/cmake)
-- Found gmock sources under '/opt/ros/humble/src/gmock_vendor': C++ tests using 'Google Mock' will be built
-- Found ament_cmake_gtest: 1.3.11 (/opt/ros/humble/share/ament_cmake_gtest/cmake)
-- Found gtest sources under '/opt/ros/humble/src/gtest_vendor': C++ tests using 'Google Test' will be built
-- Configuring done
-- Generating done
-- Build files have been written to: /home/ningbo@netid.washington.edu/robotics/my_ros2_ws/build/realtime_tools
[35m[1mConsolidate compiler generated dependencies of target realtime_tools[0m
[35m[1mConsolidate compiler generated dependencies of target gmock_main[0m
[35m[1mConsolidate compiler generated dependencies of target thread_priority[0m
[35m[1mConsolidate compiler generated dependencies of target gmock[0m
[  6%] Built target thread_priority
[ 12%] Built target gmock_main
[ 21%] Built target realtime_tools
[ 31%] Built target gmock
[35m[1mConsolidate compiler generated dependencies of target thread_priority_tests[0m
[35m[1mConsolidate compiler generated dependencies of target realtime_box_tests[0m
[35m[1mConsolidate compiler generated dependencies of target realtime_publisher_tests[0m
[35m[1mConsolidate compiler generated dependencies of target realtime_buffer_tests[0m
[35m[1mConsolidate compiler generated dependencies of target realtime_clock_tests[0m
[35m[1mConsolidate compiler generated dependencies of target realtime_publisher_tests_non_polling[0m
[35m[1mConsolidate compiler generated dependencies of target realtime_box_best_effort_tests[0m
[35m[1mConsolidate compiler generated dependencies of target lock_free_queue_tests[0m
[ 37%] Built target thread_priority_tests
[ 43%] Built target realtime_clock_tests
[ 50%] Built target realtime_buffer_tests
[ 56%] Built target realtime_box_tests
[ 68%] Built target realtime_box_best_effort_tests
[ 75%] Built target realtime_publisher_tests_non_polling
[ 62%] Built target realtime_publisher_tests
[ 81%] Built target lock_free_queue_tests
[35m[1mConsolidate compiler generated dependencies of target realtime_server_goal_handle_tests[0m
[35m[1mConsolidate compiler generated dependencies of target realtime_mutex_tests[0m
[35m[1mConsolidate compiler generated dependencies of target test_async_function_handler[0m
[ 87%] Built target realtime_mutex_tests
[ 93%] Built target realtime_server_goal_handle_tests
[100%] Built target test_async_function_handler
-- Install configuration: ""
-- Execute custom install script
-- Up-to-date symlink: /home/ningbo@netid.washington.edu/robotics/my_ros2_ws/install/realtime_tools/include/realtime_tools/realtime_tools/async_function_handler.hpp
-- Up-to-date symlink: /home/ningbo@netid.washington.edu/robotics/my_ros2_ws/install/realtime_tools/include/realtime_tools/realtime_tools/lock_free_queue.hpp
-- Up-to-date symlink: /home/ningbo@netid.washington.edu/robotics/my_ros2_ws/install/realtime_tools/include/realtime_tools/realtime_tools/mutex.hpp
-- Up-to-date symlink: /home/ningbo@netid.washington.edu/robotics/my_ros2_ws/install/realtime_tools/include/realtime_tools/realtime_tools/realtime_box.h
-- Up-to-date symlink: /home/ningbo@netid.washington.edu/robotics/my_ros2_ws/install/realtime_tools/include/realtime_tools/realtime_tools/realtime_box.hpp
-- Up-to-date symlink: /home/ningbo@netid.washington.edu/robotics/my_ros2_ws/install/realtime_tools/include/realtime_tools/realtime_tools/realtime_box_best_effort.h
-- Up-to-date symlink: /home/ningbo@netid.washington.edu/robotics/my_ros2_ws/install/realtime_tools/include/realtime_tools/realtime_tools/realtime_box_best_effort.hpp
-- Up-to-date symlink: /home/ningbo@netid.washington.edu/robotics/my_ros2_ws/install/realtime_tools/include/realtime_tools/realtime_tools/realtime_buffer.h
-- Up-to-date symlink: /home/ningbo@netid.washington.edu/robotics/my_ros2_ws/install/realtime_tools/include/realtime_tools/realtime_tools/realtime_buffer.hpp
-- Up-to-date symlink: /home/ningbo@netid.washington.edu/robotics/my_ros2_ws/install/realtime_tools/include/realtime_tools/realtime_tools/realtime_clock.h
-- Up-to-date symlink: /home/ningbo@netid.washington.edu/robotics/my_ros2_ws/install/realtime_tools/include/realtime_tools/realtime_tools/realtime_clock.hpp
-- Up-to-date symlink: /home/ningbo@netid.washington.edu/robotics/my_ros2_ws/install/realtime_tools/include/realtime_tools/realtime_tools/realtime_helpers.hpp
-- Up-to-date symlink: /home/ningbo@netid.washington.edu/robotics/my_ros2_ws/install/realtime_tools/include/realtime_tools/realtime_tools/realtime_publisher.h
-- Up-to-date symlink: /home/ningbo@netid.washington.edu/robotics/my_ros2_ws/install/realtime_tools/include/realtime_tools/realtime_tools/realtime_publisher.hpp
-- Up-to-date symlink: /home/ningbo@netid.washington.edu/robotics/my_ros2_ws/install/realtime_tools/include/realtime_tools/realtime_tools/realtime_server_goal_handle.h
-- Up-to-date symlink: /home/ningbo@netid.washington.edu/robotics/my_ros2_ws/install/realtime_tools/include/realtime_tools/realtime_tools/realtime_server_goal_handle.hpp
-- Up-to-date symlink: /home/ningbo@netid.washington.edu/robotics/my_ros2_ws/install/realtime_tools/include/realtime_tools/realtime_tools/thread_priority.hpp
-- Up-to-date symlink: /home/ningbo@netid.washington.edu/robotics/my_ros2_ws/install/realtime_tools/share/realtime_tools/environment/library_path.sh
-- Up-to-date symlink: /home/ningbo@netid.washington.edu/robotics/my_ros2_ws/install/realtime_tools/share/realtime_tools/environment/library_path.dsv
-- Up-to-date symlink: /home/ningbo@netid.washington.edu/robotics/my_ros2_ws/install/realtime_tools/share/ament_index/resource_index/package_run_dependencies/realtime_tools
-- Up-to-date symlink: /home/ningbo@netid.washington.edu/robotics/my_ros2_ws/install/realtime_tools/share/ament_index/resource_index/parent_prefix_path/realtime_tools
-- Up-to-date symlink: /home/ningbo@netid.washington.edu/robotics/my_ros2_ws/install/realtime_tools/share/realtime_tools/environment/ament_prefix_path.sh
-- Up-to-date symlink: /home/ningbo@netid.washington.edu/robotics/my_ros2_ws/install/realtime_tools/share/realtime_tools/environment/ament_prefix_path.dsv
-- Up-to-date symlink: /home/ningbo@netid.washington.edu/robotics/my_ros2_ws/install/realtime_tools/share/realtime_tools/environment/path.sh
-- Up-to-date symlink: /home/ningbo@netid.washington.edu/robotics/my_ros2_ws/install/realtime_tools/share/realtime_tools/environment/path.dsv
-- Up-to-date symlink: /home/ningbo@netid.washington.edu/robotics/my_ros2_ws/install/realtime_tools/share/realtime_tools/local_setup.bash
-- Up-to-date symlink: /home/ningbo@netid.washington.edu/robotics/my_ros2_ws/install/realtime_tools/share/realtime_tools/local_setup.sh
-- Up-to-date symlink: /home/ningbo@netid.washington.edu/robotics/my_ros2_ws/install/realtime_tools/share/realtime_tools/local_setup.zsh
-- Up-to-date symlink: /home/ningbo@netid.washington.edu/robotics/my_ros2_ws/install/realtime_tools/share/realtime_tools/local_setup.dsv
-- Symlinking: /home/ningbo@netid.washington.edu/robotics/my_ros2_ws/install/realtime_tools/share/realtime_tools/package.dsv
-- Up-to-date symlink: /home/ningbo@netid.washington.edu/robotics/my_ros2_ws/install/realtime_tools/share/ament_index/resource_index/packages/realtime_tools
-- Up-to-date symlink: /home/ningbo@netid.washington.edu/robotics/my_ros2_ws/install/realtime_tools/share/realtime_tools/cmake/ament_cmake_export_targets-extras.cmake
-- Up-to-date symlink: /home/ningbo@netid.washington.edu/robotics/my_ros2_ws/install/realtime_tools/share/realtime_tools/cmake/ament_cmake_export_dependencies-extras.cmake
-- Up-to-date symlink: /home/ningbo@netid.washington.edu/robotics/my_ros2_ws/install/realtime_tools/share/realtime_tools/cmake/realtime_toolsConfig.cmake
-- Up-to-date symlink: /home/ningbo@netid.washington.edu/robotics/my_ros2_ws/install/realtime_tools/share/realtime_tools/cmake/realtime_toolsConfig-version.cmake
-- Up-to-date symlink: /home/ningbo@netid.washington.edu/robotics/my_ros2_ws/install/realtime_tools/share/realtime_tools/package.xml
-- Up-to-date: /home/ningbo@netid.washington.edu/robotics/my_ros2_ws/install/realtime_tools/lib/librealtime_tools.so
-- Up-to-date: /home/ningbo@netid.washington.edu/robotics/my_ros2_ws/install/realtime_tools/lib/libthread_priority.so
-- Up-to-date: /home/ningbo@netid.washington.edu/robotics/my_ros2_ws/install/realtime_tools/share/realtime_tools/cmake/export_realtime_toolsExport.cmake
-- Up-to-date: /home/ningbo@netid.washington.edu/robotics/my_ros2_ws/install/realtime_tools/share/realtime_tools/cmake/export_realtime_toolsExport-noconfig.cmake
