[0.149s] Invoking command in '/home/ningbo@netid.washington.edu/robotics/my_ros2_ws/build/kortex_api': CMAKE_PREFIX_PATH=${CMAKE_PREFIX_PATH}:/home/ningbo@netid.washington.edu/robotics/my_ros2_ws/install/rqt_joint_trajectory_controller:/home/ningbo@netid.washington.edu/robotics/my_ros2_ws/install/rqt_controller_manager:/home/ningbo@netid.washington.edu/robotics/my_ros2_ws/install/ros2controlcli:/home/ningbo@netid.washington.edu/robotics/my_ros2_ws/install/ros2_controllers_test_nodes:/home/ningbo@netid.washington.edu/robotics/my_ros2_ws/install/ros2_control_demo_testing:/home/ningbo@netid.washington.edu/robotics/my_ros2_ws/install/lab_quaternion:/home/ningbo@netid.washington.edu/robotics/my_ws/install/rqt_joint_trajectory_controller:/home/ningbo@netid.washington.edu/robotics/my_ws/install/rqt_controller_manager:/home/ningbo@netid.washington.edu/robotics/my_ws/install/ros2controlcli:/home/ningbo@netid.washington.edu/robotics/my_ws/install/ros2_controllers_test_nodes:/home/ningbo@netid.washington.edu/robotics/my_ws/install/ros2_control_demo_testing:/home/ningbo@netid.washington.edu/robotics/my_ws/install/pick_place:/home/ningbo@netid.washington.edu/ros2_ws/install/rqt_joint_trajectory_controller:/home/ningbo@netid.washington.edu/ros2_ws/install/rqt_controller_manager:/home/ningbo@netid.washington.edu/ros2_ws/install/ros2controlcli:/home/ningbo@netid.washington.edu/ros2_ws/install/ros2_controllers_test_nodes:/home/ningbo@netid.washington.edu/ros2_ws/install/ros2_control_demo_testing:/opt/ros/humble /usr/bin/cmake --build /home/ningbo@netid.washington.edu/robotics/my_ros2_ws/build/kortex_api -- -j8 -l8
[0.631s] Invoked command in '/home/ningbo@netid.washington.edu/robotics/my_ros2_ws/build/kortex_api' returned '0': CMAKE_PREFIX_PATH=${CMAKE_PREFIX_PATH}:/home/ningbo@netid.washington.edu/robotics/my_ros2_ws/install/rqt_joint_trajectory_controller:/home/ningbo@netid.washington.edu/robotics/my_ros2_ws/install/rqt_controller_manager:/home/ningbo@netid.washington.edu/robotics/my_ros2_ws/install/ros2controlcli:/home/ningbo@netid.washington.edu/robotics/my_ros2_ws/install/ros2_controllers_test_nodes:/home/ningbo@netid.washington.edu/robotics/my_ros2_ws/install/ros2_control_demo_testing:/home/ningbo@netid.washington.edu/robotics/my_ros2_ws/install/lab_quaternion:/home/ningbo@netid.washington.edu/robotics/my_ws/install/rqt_joint_trajectory_controller:/home/ningbo@netid.washington.edu/robotics/my_ws/install/rqt_controller_manager:/home/ningbo@netid.washington.edu/robotics/my_ws/install/ros2controlcli:/home/ningbo@netid.washington.edu/robotics/my_ws/install/ros2_controllers_test_nodes:/home/ningbo@netid.washington.edu/robotics/my_ws/install/ros2_control_demo_testing:/home/ningbo@netid.washington.edu/robotics/my_ws/install/pick_place:/home/ningbo@netid.washington.edu/ros2_ws/install/rqt_joint_trajectory_controller:/home/ningbo@netid.washington.edu/ros2_ws/install/rqt_controller_manager:/home/ningbo@netid.washington.edu/ros2_ws/install/ros2controlcli:/home/ningbo@netid.washington.edu/ros2_ws/install/ros2_controllers_test_nodes:/home/ningbo@netid.washington.edu/ros2_ws/install/ros2_control_demo_testing:/opt/ros/humble /usr/bin/cmake --build /home/ningbo@netid.washington.edu/robotics/my_ros2_ws/build/kortex_api -- -j8 -l8
[0.641s] Invoking command in '/home/ningbo@netid.washington.edu/robotics/my_ros2_ws/build/kortex_api': CMAKE_PREFIX_PATH=${CMAKE_PREFIX_PATH}:/home/ningbo@netid.washington.edu/robotics/my_ros2_ws/install/rqt_joint_trajectory_controller:/home/ningbo@netid.washington.edu/robotics/my_ros2_ws/install/rqt_controller_manager:/home/ningbo@netid.washington.edu/robotics/my_ros2_ws/install/ros2controlcli:/home/ningbo@netid.washington.edu/robotics/my_ros2_ws/install/ros2_controllers_test_nodes:/home/ningbo@netid.washington.edu/robotics/my_ros2_ws/install/ros2_control_demo_testing:/home/ningbo@netid.washington.edu/robotics/my_ros2_ws/install/lab_quaternion:/home/ningbo@netid.washington.edu/robotics/my_ws/install/rqt_joint_trajectory_controller:/home/ningbo@netid.washington.edu/robotics/my_ws/install/rqt_controller_manager:/home/ningbo@netid.washington.edu/robotics/my_ws/install/ros2controlcli:/home/ningbo@netid.washington.edu/robotics/my_ws/install/ros2_controllers_test_nodes:/home/ningbo@netid.washington.edu/robotics/my_ws/install/ros2_control_demo_testing:/home/ningbo@netid.washington.edu/robotics/my_ws/install/pick_place:/home/ningbo@netid.washington.edu/ros2_ws/install/rqt_joint_trajectory_controller:/home/ningbo@netid.washington.edu/ros2_ws/install/rqt_controller_manager:/home/ningbo@netid.washington.edu/ros2_ws/install/ros2controlcli:/home/ningbo@netid.washington.edu/ros2_ws/install/ros2_controllers_test_nodes:/home/ningbo@netid.washington.edu/ros2_ws/install/ros2_control_demo_testing:/opt/ros/humble /usr/bin/cmake --install /home/ningbo@netid.washington.edu/robotics/my_ros2_ws/build/kortex_api
[0.709s] -- Install configuration: ""
[0.713s] -- Execute custom install script
[0.713s] -- Up-to-date symlink: /home/ningbo@netid.washington.edu/robotics/my_ros2_ws/install/kortex_api/include/kortex_api/FrameHandler.h
[0.714s] -- Up-to-date symlink: /home/ningbo@netid.washington.edu/robotics/my_ros2_ws/install/kortex_api/include/kortex_api/IRouterClient.h
[0.714s] -- Up-to-date symlink: /home/ningbo@netid.washington.edu/robotics/my_ros2_ws/install/kortex_api/include/kortex_api/ITransportClient.h
[0.714s] -- Up-to-date symlink: /home/ningbo@netid.washington.edu/robotics/my_ros2_ws/install/kortex_api/include/kortex_api/NotificationHandler.h
[0.714s] -- Up-to-date symlink: /home/ningbo@netid.washington.edu/robotics/my_ros2_ws/install/kortex_api/include/kortex_api/RouterClient.h
[0.715s] -- Up-to-date symlink: /home/ningbo@netid.washington.edu/robotics/my_ros2_ws/install/kortex_api/include/kortex_api/SessionManager.h
[0.715s] -- Up-to-date symlink: /home/ningbo@netid.washington.edu/robotics/my_ros2_ws/install/kortex_api/include/kortex_api/TransportClientTcp.h
[0.715s] -- Up-to-date symlink: /home/ningbo@netid.washington.edu/robotics/my_ros2_ws/install/kortex_api/include/kortex_api/TransportClientUdp.h
[0.716s] -- Symlinking: /home/ningbo@netid.washington.edu/robotics/my_ros2_ws/install/kortex_api/include/kortex_api/version.h
[0.768s] -- Up-to-date symlink: /home/ningbo@netid.washington.edu/robotics/my_ros2_ws/install/kortex_api/include/kortex_api/Frame.h
[0.768s] -- Up-to-date symlink: /home/ningbo@netid.washington.edu/robotics/my_ros2_ws/install/kortex_api/include/kortex_api/HeaderInfo.h
[0.770s] -- Up-to-date symlink: /home/ningbo@netid.washington.edu/robotics/my_ros2_ws/install/kortex_api/include/kortex_api/KBasicException.h
[0.771s] -- Up-to-date symlink: /home/ningbo@netid.washington.edu/robotics/my_ros2_ws/install/kortex_api/include/kortex_api/KDetailedException.h
[0.772s] -- Up-to-date symlink: /home/ningbo@netid.washington.edu/robotics/my_ros2_ws/install/kortex_api/include/kortex_api/KError.h
[0.774s] -- Up-to-date symlink: /home/ningbo@netid.washington.edu/robotics/my_ros2_ws/install/kortex_api/include/kortex_api/KinovaTcpUtilities.h
[0.778s] -- Up-to-date symlink: /home/ningbo@netid.washington.edu/robotics/my_ros2_ws/install/kortex_api/include/kortex_api/TransportBridgeDummy.h
[0.778s] -- Symlinking: /home/ningbo@netid.washington.edu/robotics/my_ros2_ws/install/kortex_api/include/kortex_api/version.h
[0.827s] -- Up-to-date symlink: /home/ningbo@netid.washington.edu/robotics/my_ros2_ws/install/kortex_api/include/kortex_api/ActuatorConfig.pb.h
[0.828s] -- Up-to-date symlink: /home/ningbo@netid.washington.edu/robotics/my_ros2_ws/install/kortex_api/include/kortex_api/ActuatorCyclic.pb.h
[0.828s] -- Up-to-date symlink: /home/ningbo@netid.washington.edu/robotics/my_ros2_ws/install/kortex_api/include/kortex_api/Base.pb.h
[0.829s] -- Up-to-date symlink: /home/ningbo@netid.washington.edu/robotics/my_ros2_ws/install/kortex_api/include/kortex_api/BaseCyclic.pb.h
[0.829s] -- Up-to-date symlink: /home/ningbo@netid.washington.edu/robotics/my_ros2_ws/install/kortex_api/include/kortex_api/Common.pb.h
[0.829s] -- Up-to-date symlink: /home/ningbo@netid.washington.edu/robotics/my_ros2_ws/install/kortex_api/include/kortex_api/ControlConfig.pb.h
[0.830s] -- Up-to-date symlink: /home/ningbo@netid.washington.edu/robotics/my_ros2_ws/install/kortex_api/include/kortex_api/DeviceConfig.pb.h
[0.831s] -- Up-to-date symlink: /home/ningbo@netid.washington.edu/robotics/my_ros2_ws/install/kortex_api/include/kortex_api/DeviceManager.pb.h
[0.831s] -- Up-to-date symlink: /home/ningbo@netid.washington.edu/robotics/my_ros2_ws/install/kortex_api/include/kortex_api/Errors.pb.h
[0.832s] -- Up-to-date symlink: /home/ningbo@netid.washington.edu/robotics/my_ros2_ws/install/kortex_api/include/kortex_api/Frame.pb.h
[0.832s] -- Up-to-date symlink: /home/ningbo@netid.washington.edu/robotics/my_ros2_ws/install/kortex_api/include/kortex_api/GripperConfig.pb.h
[0.833s] -- Up-to-date symlink: /home/ningbo@netid.washington.edu/robotics/my_ros2_ws/install/kortex_api/include/kortex_api/GripperCyclic.pb.h
[0.833s] -- Up-to-date symlink: /home/ningbo@netid.washington.edu/robotics/my_ros2_ws/install/kortex_api/include/kortex_api/GripperCyclicMessage.pb.h
[0.834s] -- Up-to-date symlink: /home/ningbo@netid.washington.edu/robotics/my_ros2_ws/install/kortex_api/include/kortex_api/InterconnectConfig.pb.h
[0.834s] -- Up-to-date symlink: /home/ningbo@netid.washington.edu/robotics/my_ros2_ws/install/kortex_api/include/kortex_api/InterconnectCyclic.pb.h
[0.834s] -- Up-to-date symlink: /home/ningbo@netid.washington.edu/robotics/my_ros2_ws/install/kortex_api/include/kortex_api/InterconnectCyclicMessage.pb.h
[0.835s] -- Up-to-date symlink: /home/ningbo@netid.washington.edu/robotics/my_ros2_ws/install/kortex_api/include/kortex_api/ProductConfiguration.pb.h
[0.835s] -- Up-to-date symlink: /home/ningbo@netid.washington.edu/robotics/my_ros2_ws/install/kortex_api/include/kortex_api/Session.pb.h
[0.836s] -- Up-to-date symlink: /home/ningbo@netid.washington.edu/robotics/my_ros2_ws/install/kortex_api/include/kortex_api/Test.pb.h
[0.836s] -- Up-to-date symlink: /home/ningbo@netid.washington.edu/robotics/my_ros2_ws/install/kortex_api/include/kortex_api/VisionConfig.pb.h
[0.838s] -- Up-to-date symlink: /home/ningbo@netid.washington.edu/robotics/my_ros2_ws/install/kortex_api/include/kortex_api/ActuatorConfigClientRpc.h
[0.838s] -- Up-to-date symlink: /home/ningbo@netid.washington.edu/robotics/my_ros2_ws/install/kortex_api/include/kortex_api/ActuatorCyclicClientRpc.h
[0.839s] -- Up-to-date symlink: /home/ningbo@netid.washington.edu/robotics/my_ros2_ws/install/kortex_api/include/kortex_api/BaseClientRpc.h
[0.839s] -- Up-to-date symlink: /home/ningbo@netid.washington.edu/robotics/my_ros2_ws/install/kortex_api/include/kortex_api/BaseCyclicClientRpc.h
[0.840s] -- Up-to-date symlink: /home/ningbo@netid.washington.edu/robotics/my_ros2_ws/install/kortex_api/include/kortex_api/ControlConfigClientRpc.h
[0.840s] -- Up-to-date symlink: /home/ningbo@netid.washington.edu/robotics/my_ros2_ws/install/kortex_api/include/kortex_api/DeviceConfigClientRpc.h
[0.840s] -- Up-to-date symlink: /home/ningbo@netid.washington.edu/robotics/my_ros2_ws/install/kortex_api/include/kortex_api/DeviceManagerClientRpc.h
[0.841s] -- Up-to-date symlink: /home/ningbo@netid.washington.edu/robotics/my_ros2_ws/install/kortex_api/include/kortex_api/GripperCyclicClientRpc.h
[0.841s] -- Up-to-date symlink: /home/ningbo@netid.washington.edu/robotics/my_ros2_ws/install/kortex_api/include/kortex_api/InterconnectConfigClientRpc.h
[0.841s] -- Up-to-date symlink: /home/ningbo@netid.washington.edu/robotics/my_ros2_ws/install/kortex_api/include/kortex_api/InterconnectCyclicClientRpc.h
[0.841s] -- Up-to-date symlink: /home/ningbo@netid.washington.edu/robotics/my_ros2_ws/install/kortex_api/include/kortex_api/SessionClientRpc.h
[0.842s] -- Up-to-date symlink: /home/ningbo@netid.washington.edu/robotics/my_ros2_ws/install/kortex_api/include/kortex_api/TestClientRpc.h
[0.842s] -- Up-to-date symlink: /home/ningbo@netid.washington.edu/robotics/my_ros2_ws/install/kortex_api/include/kortex_api/VisionConfigClientRpc.h
[0.847s] -- Up-to-date symlink: /home/ningbo@netid.washington.edu/robotics/my_ros2_ws/install/kortex_api/include/kortex_api/google/protobuf/any.h
[0.848s] -- Up-to-date symlink: /home/ningbo@netid.washington.edu/robotics/my_ros2_ws/install/kortex_api/include/kortex_api/google/protobuf/any.pb.h
[0.850s] -- Up-to-date symlink: /home/ningbo@netid.washington.edu/robotics/my_ros2_ws/install/kortex_api/include/kortex_api/google/protobuf/api.pb.h
[0.850s] -- Up-to-date symlink: /home/ningbo@netid.washington.edu/robotics/my_ros2_ws/install/kortex_api/include/kortex_api/google/protobuf/arena.h
[0.851s] -- Up-to-date symlink: /home/ningbo@netid.washington.edu/robotics/my_ros2_ws/install/kortex_api/include/kortex_api/google/protobuf/arena_impl.h
[0.851s] -- Up-to-date symlink: /home/ningbo@netid.washington.edu/robotics/my_ros2_ws/install/kortex_api/include/kortex_api/google/protobuf/arenastring.h
[0.851s] -- Up-to-date symlink: /home/ningbo@netid.washington.edu/robotics/my_ros2_ws/install/kortex_api/include/kortex_api/google/protobuf/compiler/code_generator.h
[0.852s] -- Up-to-date symlink: /home/ningbo@netid.washington.edu/robotics/my_ros2_ws/install/kortex_api/include/kortex_api/google/protobuf/compiler/command_line_interface.h
[0.852s] -- Up-to-date symlink: /home/ningbo@netid.washington.edu/robotics/my_ros2_ws/install/kortex_api/include/kortex_api/google/protobuf/compiler/cpp/cpp_generator.h
[0.852s] -- Up-to-date symlink: /home/ningbo@netid.washington.edu/robotics/my_ros2_ws/install/kortex_api/include/kortex_api/google/protobuf/compiler/csharp/csharp_generator.h
[0.853s] -- Up-to-date symlink: /home/ningbo@netid.washington.edu/robotics/my_ros2_ws/install/kortex_api/include/kortex_api/google/protobuf/compiler/csharp/csharp_names.h
[0.853s] -- Up-to-date symlink: /home/ningbo@netid.washington.edu/robotics/my_ros2_ws/install/kortex_api/include/kortex_api/google/protobuf/compiler/importer.h
[0.853s] -- Up-to-date symlink: /home/ningbo@netid.washington.edu/robotics/my_ros2_ws/install/kortex_api/include/kortex_api/google/protobuf/compiler/java/java_generator.h
[0.853s] -- Up-to-date symlink: /home/ningbo@netid.washington.edu/robotics/my_ros2_ws/install/kortex_api/include/kortex_api/google/protobuf/compiler/java/java_names.h
[0.854s] -- Up-to-date symlink: /home/ningbo@netid.washington.edu/robotics/my_ros2_ws/install/kortex_api/include/kortex_api/google/protobuf/compiler/javanano/javanano_generator.h
[0.854s] -- Up-to-date symlink: /home/ningbo@netid.washington.edu/robotics/my_ros2_ws/install/kortex_api/include/kortex_api/google/protobuf/compiler/js/js_generator.h
[0.856s] -- Up-to-date symlink: /home/ningbo@netid.washington.edu/robotics/my_ros2_ws/install/kortex_api/include/kortex_api/google/protobuf/compiler/js/well_known_types_embed.h
[0.858s] -- Up-to-date symlink: /home/ningbo@netid.washington.edu/robotics/my_ros2_ws/install/kortex_api/include/kortex_api/google/protobuf/compiler/objectivec/objectivec_generator.h
[0.858s] -- Up-to-date symlink: /home/ningbo@netid.washington.edu/robotics/my_ros2_ws/install/kortex_api/include/kortex_api/google/protobuf/compiler/objectivec/objectivec_helpers.h
[0.858s] -- Up-to-date symlink: /home/ningbo@netid.washington.edu/robotics/my_ros2_ws/install/kortex_api/include/kortex_api/google/protobuf/compiler/parser.h
[0.862s] -- Up-to-date symlink: /home/ningbo@netid.washington.edu/robotics/my_ros2_ws/install/kortex_api/include/kortex_api/google/protobuf/compiler/php/php_generator.h
[0.862s] -- Up-to-date symlink: /home/ningbo@netid.washington.edu/robotics/my_ros2_ws/install/kortex_api/include/kortex_api/google/protobuf/compiler/plugin.h
[0.862s] -- Up-to-date symlink: /home/ningbo@netid.washington.edu/robotics/my_ros2_ws/install/kortex_api/include/kortex_api/google/protobuf/compiler/plugin.pb.h
[0.865s] -- Up-to-date symlink: /home/ningbo@netid.washington.edu/robotics/my_ros2_ws/install/kortex_api/include/kortex_api/google/protobuf/compiler/python/python_generator.h
[0.866s] -- Up-to-date symlink: /home/ningbo@netid.washington.edu/robotics/my_ros2_ws/install/kortex_api/include/kortex_api/google/protobuf/compiler/ruby/ruby_generator.h
[0.867s] -- Up-to-date symlink: /home/ningbo@netid.washington.edu/robotics/my_ros2_ws/install/kortex_api/include/kortex_api/google/protobuf/descriptor.h
[0.867s] -- Up-to-date symlink: /home/ningbo@netid.washington.edu/robotics/my_ros2_ws/install/kortex_api/include/kortex_api/google/protobuf/descriptor.pb.h
[0.867s] -- Up-to-date symlink: /home/ningbo@netid.washington.edu/robotics/my_ros2_ws/install/kortex_api/include/kortex_api/google/protobuf/descriptor_database.h
[0.867s] -- Up-to-date symlink: /home/ningbo@netid.washington.edu/robotics/my_ros2_ws/install/kortex_api/include/kortex_api/google/protobuf/duration.pb.h
[0.867s] -- Up-to-date symlink: /home/ningbo@netid.washington.edu/robotics/my_ros2_ws/install/kortex_api/include/kortex_api/google/protobuf/dynamic_message.h
[0.868s] -- Up-to-date symlink: /home/ningbo@netid.washington.edu/robotics/my_ros2_ws/install/kortex_api/include/kortex_api/google/protobuf/empty.pb.h
[0.868s] -- Up-to-date symlink: /home/ningbo@netid.washington.edu/robotics/my_ros2_ws/install/kortex_api/include/kortex_api/google/protobuf/extension_set.h
[0.868s] -- Up-to-date symlink: /home/ningbo@netid.washington.edu/robotics/my_ros2_ws/install/kortex_api/include/kortex_api/google/protobuf/field_mask.pb.h
[0.870s] -- Up-to-date symlink: /home/ningbo@netid.washington.edu/robotics/my_ros2_ws/install/kortex_api/include/kortex_api/google/protobuf/generated_enum_reflection.h
[0.870s] -- Up-to-date symlink: /home/ningbo@netid.washington.edu/robotics/my_ros2_ws/install/kortex_api/include/kortex_api/google/protobuf/generated_enum_util.h
[0.871s] -- Up-to-date symlink: /home/ningbo@netid.washington.edu/robotics/my_ros2_ws/install/kortex_api/include/kortex_api/google/protobuf/generated_message_reflection.h
[0.872s] -- Up-to-date symlink: /home/ningbo@netid.washington.edu/robotics/my_ros2_ws/install/kortex_api/include/kortex_api/google/protobuf/generated_message_table_driven.h
[0.873s] -- Up-to-date symlink: /home/ningbo@netid.washington.edu/robotics/my_ros2_ws/install/kortex_api/include/kortex_api/google/protobuf/generated_message_util.h
[0.873s] -- Up-to-date symlink: /home/ningbo@netid.washington.edu/robotics/my_ros2_ws/install/kortex_api/include/kortex_api/google/protobuf/has_bits.h
[0.875s] -- Up-to-date symlink: /home/ningbo@netid.washington.edu/robotics/my_ros2_ws/install/kortex_api/include/kortex_api/google/protobuf/io/coded_stream.h
[0.876s] -- Up-to-date symlink: /home/ningbo@netid.washington.edu/robotics/my_ros2_ws/install/kortex_api/include/kortex_api/google/protobuf/io/gzip_stream.h
[0.877s] -- Up-to-date symlink: /home/ningbo@netid.washington.edu/robotics/my_ros2_ws/install/kortex_api/include/kortex_api/google/protobuf/io/printer.h
[0.877s] -- Up-to-date symlink: /home/ningbo@netid.washington.edu/robotics/my_ros2_ws/install/kortex_api/include/kortex_api/google/protobuf/io/strtod.h
[0.878s] -- Up-to-date symlink: /home/ningbo@netid.washington.edu/robotics/my_ros2_ws/install/kortex_api/include/kortex_api/google/protobuf/io/tokenizer.h
[0.878s] -- Up-to-date symlink: /home/ningbo@netid.washington.edu/robotics/my_ros2_ws/install/kortex_api/include/kortex_api/google/protobuf/io/zero_copy_stream.h
[0.878s] -- Up-to-date symlink: /home/ningbo@netid.washington.edu/robotics/my_ros2_ws/install/kortex_api/include/kortex_api/google/protobuf/io/zero_copy_stream_impl.h
[0.878s] -- Up-to-date symlink: /home/ningbo@netid.washington.edu/robotics/my_ros2_ws/install/kortex_api/include/kortex_api/google/protobuf/io/zero_copy_stream_impl_lite.h
[0.878s] -- Up-to-date symlink: /home/ningbo@netid.washington.edu/robotics/my_ros2_ws/install/kortex_api/include/kortex_api/google/protobuf/map.h
[0.878s] -- Up-to-date symlink: /home/ningbo@netid.washington.edu/robotics/my_ros2_ws/install/kortex_api/include/kortex_api/google/protobuf/map_entry.h
[0.879s] -- Up-to-date symlink: /home/ningbo@netid.washington.edu/robotics/my_ros2_ws/install/kortex_api/include/kortex_api/google/protobuf/map_entry_lite.h
[0.879s] -- Up-to-date symlink: /home/ningbo@netid.washington.edu/robotics/my_ros2_ws/install/kortex_api/include/kortex_api/google/protobuf/map_field.h
[0.879s] -- Up-to-date symlink: /home/ningbo@netid.washington.edu/robotics/my_ros2_ws/install/kortex_api/include/kortex_api/google/protobuf/map_field_inl.h
[0.879s] -- Up-to-date symlink: /home/ningbo@netid.washington.edu/robotics/my_ros2_ws/install/kortex_api/include/kortex_api/google/protobuf/map_field_lite.h
[0.879s] -- Up-to-date symlink: /home/ningbo@netid.washington.edu/robotics/my_ros2_ws/install/kortex_api/include/kortex_api/google/protobuf/map_type_handler.h
[0.879s] -- Up-to-date symlink: /home/ningbo@netid.washington.edu/robotics/my_ros2_ws/install/kortex_api/include/kortex_api/google/protobuf/message.h
[0.880s] -- Up-to-date symlink: /home/ningbo@netid.washington.edu/robotics/my_ros2_ws/install/kortex_api/include/kortex_api/google/protobuf/message_lite.h
[0.880s] -- Up-to-date symlink: /home/ningbo@netid.washington.edu/robotics/my_ros2_ws/install/kortex_api/include/kortex_api/google/protobuf/metadata.h
[0.880s] -- Up-to-date symlink: /home/ningbo@netid.washington.edu/robotics/my_ros2_ws/install/kortex_api/include/kortex_api/google/protobuf/metadata_lite.h
[0.880s] -- Up-to-date symlink: /home/ningbo@netid.washington.edu/robotics/my_ros2_ws/install/kortex_api/include/kortex_api/google/protobuf/reflection.h
[0.880s] -- Up-to-date symlink: /home/ningbo@netid.washington.edu/robotics/my_ros2_ws/install/kortex_api/include/kortex_api/google/protobuf/reflection_ops.h
[0.880s] -- Up-to-date symlink: /home/ningbo@netid.washington.edu/robotics/my_ros2_ws/install/kortex_api/include/kortex_api/google/protobuf/repeated_field.h
[0.881s] -- Up-to-date symlink: /home/ningbo@netid.washington.edu/robotics/my_ros2_ws/install/kortex_api/include/kortex_api/google/protobuf/service.h
[0.881s] -- Up-to-date symlink: /home/ningbo@netid.washington.edu/robotics/my_ros2_ws/install/kortex_api/include/kortex_api/google/protobuf/source_context.pb.h
[0.881s] -- Up-to-date symlink: /home/ningbo@netid.washington.edu/robotics/my_ros2_ws/install/kortex_api/include/kortex_api/google/protobuf/struct.pb.h
[0.881s] -- Up-to-date symlink: /home/ningbo@netid.washington.edu/robotics/my_ros2_ws/install/kortex_api/include/kortex_api/google/protobuf/stubs/atomic_sequence_num.h
[0.881s] -- Up-to-date symlink: /home/ningbo@netid.washington.edu/robotics/my_ros2_ws/install/kortex_api/include/kortex_api/google/protobuf/stubs/atomicops.h
[0.882s] -- Up-to-date symlink: /home/ningbo@netid.washington.edu/robotics/my_ros2_ws/install/kortex_api/include/kortex_api/google/protobuf/stubs/atomicops_internals_arm64_gcc.h
[0.882s] -- Up-to-date symlink: /home/ningbo@netid.washington.edu/robotics/my_ros2_ws/install/kortex_api/include/kortex_api/google/protobuf/stubs/atomicops_internals_arm_gcc.h
[0.882s] -- Up-to-date symlink: /home/ningbo@netid.washington.edu/robotics/my_ros2_ws/install/kortex_api/include/kortex_api/google/protobuf/stubs/atomicops_internals_arm_qnx.h
[0.882s] -- Up-to-date symlink: /home/ningbo@netid.washington.edu/robotics/my_ros2_ws/install/kortex_api/include/kortex_api/google/protobuf/stubs/atomicops_internals_generic_c11_atomic.h
[0.882s] -- Up-to-date symlink: /home/ningbo@netid.washington.edu/robotics/my_ros2_ws/install/kortex_api/include/kortex_api/google/protobuf/stubs/atomicops_internals_generic_gcc.h
[0.883s] -- Up-to-date symlink: /home/ningbo@netid.washington.edu/robotics/my_ros2_ws/install/kortex_api/include/kortex_api/google/protobuf/stubs/atomicops_internals_mips_gcc.h
[0.883s] -- Up-to-date symlink: /home/ningbo@netid.washington.edu/robotics/my_ros2_ws/install/kortex_api/include/kortex_api/google/protobuf/stubs/atomicops_internals_power.h
[0.883s] -- Up-to-date symlink: /home/ningbo@netid.washington.edu/robotics/my_ros2_ws/install/kortex_api/include/kortex_api/google/protobuf/stubs/atomicops_internals_ppc_gcc.h
[0.883s] -- Up-to-date symlink: /home/ningbo@netid.washington.edu/robotics/my_ros2_ws/install/kortex_api/include/kortex_api/google/protobuf/stubs/atomicops_internals_solaris.h
[0.883s] -- Up-to-date symlink: /home/ningbo@netid.washington.edu/robotics/my_ros2_ws/install/kortex_api/include/kortex_api/google/protobuf/stubs/atomicops_internals_tsan.h
[0.883s] -- Up-to-date symlink: /home/ningbo@netid.washington.edu/robotics/my_ros2_ws/install/kortex_api/include/kortex_api/google/protobuf/stubs/atomicops_internals_x86_gcc.h
[0.883s] -- Up-to-date symlink: /home/ningbo@netid.washington.edu/robotics/my_ros2_ws/install/kortex_api/include/kortex_api/google/protobuf/stubs/atomicops_internals_x86_msvc.h
[0.884s] -- Up-to-date symlink: /home/ningbo@netid.washington.edu/robotics/my_ros2_ws/install/kortex_api/include/kortex_api/google/protobuf/stubs/bytestream.h
[0.884s] -- Up-to-date symlink: /home/ningbo@netid.washington.edu/robotics/my_ros2_ws/install/kortex_api/include/kortex_api/google/protobuf/stubs/callback.h
[0.884s] -- Up-to-date symlink: /home/ningbo@netid.washington.edu/robotics/my_ros2_ws/install/kortex_api/include/kortex_api/google/protobuf/stubs/casts.h
[0.884s] -- Up-to-date symlink: /home/ningbo@netid.washington.edu/robotics/my_ros2_ws/install/kortex_api/include/kortex_api/google/protobuf/stubs/common.h
[0.884s] -- Up-to-date symlink: /home/ningbo@netid.washington.edu/robotics/my_ros2_ws/install/kortex_api/include/kortex_api/google/protobuf/stubs/fastmem.h
[0.884s] -- Up-to-date symlink: /home/ningbo@netid.washington.edu/robotics/my_ros2_ws/install/kortex_api/include/kortex_api/google/protobuf/stubs/hash.h
[0.884s] -- Up-to-date symlink: /home/ningbo@netid.washington.edu/robotics/my_ros2_ws/install/kortex_api/include/kortex_api/google/protobuf/stubs/logging.h
[0.885s] -- Up-to-date symlink: /home/ningbo@netid.washington.edu/robotics/my_ros2_ws/install/kortex_api/include/kortex_api/google/protobuf/stubs/macros.h
[0.885s] -- Up-to-date symlink: /home/ningbo@netid.washington.edu/robotics/my_ros2_ws/install/kortex_api/include/kortex_api/google/protobuf/stubs/mutex.h
[0.885s] -- Up-to-date symlink: /home/ningbo@netid.washington.edu/robotics/my_ros2_ws/install/kortex_api/include/kortex_api/google/protobuf/stubs/once.h
[0.885s] -- Up-to-date symlink: /home/ningbo@netid.washington.edu/robotics/my_ros2_ws/install/kortex_api/include/kortex_api/google/protobuf/stubs/platform_macros.h
[0.885s] -- Up-to-date symlink: /home/ningbo@netid.washington.edu/robotics/my_ros2_ws/install/kortex_api/include/kortex_api/google/protobuf/stubs/port.h
[0.886s] -- Up-to-date symlink: /home/ningbo@netid.washington.edu/robotics/my_ros2_ws/install/kortex_api/include/kortex_api/google/protobuf/stubs/scoped_ptr.h
[0.887s] -- Up-to-date symlink: /home/ningbo@netid.washington.edu/robotics/my_ros2_ws/install/kortex_api/include/kortex_api/google/protobuf/stubs/shared_ptr.h
[0.887s] -- Up-to-date symlink: /home/ningbo@netid.washington.edu/robotics/my_ros2_ws/install/kortex_api/include/kortex_api/google/protobuf/stubs/singleton.h
[0.887s] -- Up-to-date symlink: /home/ningbo@netid.washington.edu/robotics/my_ros2_ws/install/kortex_api/include/kortex_api/google/protobuf/stubs/status.h
[0.887s] -- Up-to-date symlink: /home/ningbo@netid.washington.edu/robotics/my_ros2_ws/install/kortex_api/include/kortex_api/google/protobuf/stubs/stl_util.h
[0.887s] -- Up-to-date symlink: /home/ningbo@netid.washington.edu/robotics/my_ros2_ws/install/kortex_api/include/kortex_api/google/protobuf/stubs/stringpiece.h
[0.887s] -- Up-to-date symlink: /home/ningbo@netid.washington.edu/robotics/my_ros2_ws/install/kortex_api/include/kortex_api/google/protobuf/stubs/template_util.h
[0.887s] -- Up-to-date symlink: /home/ningbo@netid.washington.edu/robotics/my_ros2_ws/install/kortex_api/include/kortex_api/google/protobuf/stubs/type_traits.h
[0.888s] -- Up-to-date symlink: /home/ningbo@netid.washington.edu/robotics/my_ros2_ws/install/kortex_api/include/kortex_api/google/protobuf/text_format.h
[0.888s] -- Up-to-date symlink: /home/ningbo@netid.washington.edu/robotics/my_ros2_ws/install/kortex_api/include/kortex_api/google/protobuf/timestamp.pb.h
[0.888s] -- Up-to-date symlink: /home/ningbo@netid.washington.edu/robotics/my_ros2_ws/install/kortex_api/include/kortex_api/google/protobuf/type.pb.h
[0.888s] -- Up-to-date symlink: /home/ningbo@netid.washington.edu/robotics/my_ros2_ws/install/kortex_api/include/kortex_api/google/protobuf/unknown_field_set.h
[0.888s] -- Up-to-date symlink: /home/ningbo@netid.washington.edu/robotics/my_ros2_ws/install/kortex_api/include/kortex_api/google/protobuf/util/delimited_message_util.h
[0.888s] -- Up-to-date symlink: /home/ningbo@netid.washington.edu/robotics/my_ros2_ws/install/kortex_api/include/kortex_api/google/protobuf/util/field_comparator.h
[0.888s] -- Up-to-date symlink: /home/ningbo@netid.washington.edu/robotics/my_ros2_ws/install/kortex_api/include/kortex_api/google/protobuf/util/field_mask_util.h
[0.888s] -- Up-to-date symlink: /home/ningbo@netid.washington.edu/robotics/my_ros2_ws/install/kortex_api/include/kortex_api/google/protobuf/util/json_util.h
[0.889s] -- Up-to-date symlink: /home/ningbo@netid.washington.edu/robotics/my_ros2_ws/install/kortex_api/include/kortex_api/google/protobuf/util/message_differencer.h
[0.889s] -- Up-to-date symlink: /home/ningbo@netid.washington.edu/robotics/my_ros2_ws/install/kortex_api/include/kortex_api/google/protobuf/util/time_util.h
[0.889s] -- Up-to-date symlink: /home/ningbo@netid.washington.edu/robotics/my_ros2_ws/install/kortex_api/include/kortex_api/google/protobuf/util/type_resolver.h
[0.889s] -- Up-to-date symlink: /home/ningbo@netid.washington.edu/robotics/my_ros2_ws/install/kortex_api/include/kortex_api/google/protobuf/util/type_resolver_util.h
[0.889s] -- Up-to-date symlink: /home/ningbo@netid.washington.edu/robotics/my_ros2_ws/install/kortex_api/include/kortex_api/google/protobuf/wire_format.h
[0.890s] -- Up-to-date symlink: /home/ningbo@netid.washington.edu/robotics/my_ros2_ws/install/kortex_api/include/kortex_api/google/protobuf/wire_format_lite.h
[0.890s] -- Up-to-date symlink: /home/ningbo@netid.washington.edu/robotics/my_ros2_ws/install/kortex_api/include/kortex_api/google/protobuf/wire_format_lite_inl.h
[0.890s] -- Up-to-date symlink: /home/ningbo@netid.washington.edu/robotics/my_ros2_ws/install/kortex_api/include/kortex_api/google/protobuf/wrappers.pb.h
[0.890s] -- Up-to-date symlink: /home/ningbo@netid.washington.edu/robotics/my_ros2_ws/install/kortex_api/share/ament_index/resource_index/package_run_dependencies/kortex_api
[0.890s] -- Up-to-date symlink: /home/ningbo@netid.washington.edu/robotics/my_ros2_ws/install/kortex_api/share/ament_index/resource_index/parent_prefix_path/kortex_api
[0.890s] -- Up-to-date symlink: /home/ningbo@netid.washington.edu/robotics/my_ros2_ws/install/kortex_api/share/kortex_api/environment/ament_prefix_path.sh
[0.891s] -- Up-to-date symlink: /home/ningbo@netid.washington.edu/robotics/my_ros2_ws/install/kortex_api/share/kortex_api/environment/ament_prefix_path.dsv
[0.891s] -- Up-to-date symlink: /home/ningbo@netid.washington.edu/robotics/my_ros2_ws/install/kortex_api/share/kortex_api/environment/path.sh
[0.891s] -- Up-to-date symlink: /home/ningbo@netid.washington.edu/robotics/my_ros2_ws/install/kortex_api/share/kortex_api/environment/path.dsv
[0.891s] -- Up-to-date symlink: /home/ningbo@netid.washington.edu/robotics/my_ros2_ws/install/kortex_api/share/kortex_api/local_setup.bash
[0.891s] -- Up-to-date symlink: /home/ningbo@netid.washington.edu/robotics/my_ros2_ws/install/kortex_api/share/kortex_api/local_setup.sh
[0.891s] -- Up-to-date symlink: /home/ningbo@netid.washington.edu/robotics/my_ros2_ws/install/kortex_api/share/kortex_api/local_setup.zsh
[0.892s] -- Up-to-date symlink: /home/ningbo@netid.washington.edu/robotics/my_ros2_ws/install/kortex_api/share/kortex_api/local_setup.dsv
[0.892s] -- Symlinking: /home/ningbo@netid.washington.edu/robotics/my_ros2_ws/install/kortex_api/share/kortex_api/package.dsv
[0.942s] -- Up-to-date symlink: /home/ningbo@netid.washington.edu/robotics/my_ros2_ws/install/kortex_api/share/ament_index/resource_index/packages/kortex_api
[0.944s] -- Up-to-date symlink: /home/ningbo@netid.washington.edu/robotics/my_ros2_ws/install/kortex_api/share/kortex_api/cmake/ament_cmake_export_include_directories-extras.cmake
[0.944s] -- Up-to-date symlink: /home/ningbo@netid.washington.edu/robotics/my_ros2_ws/install/kortex_api/share/kortex_api/cmake/kortex_apiConfig.cmake
[0.945s] -- Up-to-date symlink: /home/ningbo@netid.washington.edu/robotics/my_ros2_ws/install/kortex_api/share/kortex_api/cmake/kortex_apiConfig-version.cmake
[0.945s] -- Up-to-date symlink: /home/ningbo@netid.washington.edu/robotics/my_ros2_ws/install/kortex_api/share/kortex_api/package.xml
[1.107s] Invoked command in '/home/ningbo@netid.washington.edu/robotics/my_ros2_ws/build/kortex_api' returned '0': CMAKE_PREFIX_PATH=${CMAKE_PREFIX_PATH}:/home/ningbo@netid.washington.edu/robotics/my_ros2_ws/install/rqt_joint_trajectory_controller:/home/ningbo@netid.washington.edu/robotics/my_ros2_ws/install/rqt_controller_manager:/home/ningbo@netid.washington.edu/robotics/my_ros2_ws/install/ros2controlcli:/home/ningbo@netid.washington.edu/robotics/my_ros2_ws/install/ros2_controllers_test_nodes:/home/ningbo@netid.washington.edu/robotics/my_ros2_ws/install/ros2_control_demo_testing:/home/ningbo@netid.washington.edu/robotics/my_ros2_ws/install/lab_quaternion:/home/ningbo@netid.washington.edu/robotics/my_ws/install/rqt_joint_trajectory_controller:/home/ningbo@netid.washington.edu/robotics/my_ws/install/rqt_controller_manager:/home/ningbo@netid.washington.edu/robotics/my_ws/install/ros2controlcli:/home/ningbo@netid.washington.edu/robotics/my_ws/install/ros2_controllers_test_nodes:/home/ningbo@netid.washington.edu/robotics/my_ws/install/ros2_control_demo_testing:/home/ningbo@netid.washington.edu/robotics/my_ws/install/pick_place:/home/ningbo@netid.washington.edu/ros2_ws/install/rqt_joint_trajectory_controller:/home/ningbo@netid.washington.edu/ros2_ws/install/rqt_controller_manager:/home/ningbo@netid.washington.edu/ros2_ws/install/ros2controlcli:/home/ningbo@netid.washington.edu/ros2_ws/install/ros2_controllers_test_nodes:/home/ningbo@netid.washington.edu/ros2_ws/install/ros2_control_demo_testing:/opt/ros/humble /usr/bin/cmake --install /home/ningbo@netid.washington.edu/robotics/my_ros2_ws/build/kortex_api
