running egg_info
writing ../../build/lab_quaternion/lab_quaternion.egg-info/PKG-INFO
writing dependency_links to ../../build/lab_quaternion/lab_quaternion.egg-info/dependency_links.txt
writing entry points to ../../build/lab_quaternion/lab_quaternion.egg-info/entry_points.txt
writing requirements to ../../build/lab_quaternion/lab_quaternion.egg-info/requires.txt
writing top-level names to ../../build/lab_quaternion/lab_quaternion.egg-info/top_level.txt
reading manifest file '../../build/lab_quaternion/lab_quaternion.egg-info/SOURCES.txt'
writing manifest file '../../build/lab_quaternion/lab_quaternion.egg-info/SOURCES.txt'
running build
running build_py
copying lab_quaternion/final_pick.py -> /home/ningbo@netid.washington.edu/robotics/my_ros2_ws/build/lab_quaternion/build/lib/lab_quaternion
running install
running install_lib
copying /home/ningbo@netid.washington.edu/robotics/my_ros2_ws/build/lab_quaternion/build/lib/lab_quaternion/final_pick.py -> /home/ningbo@netid.washington.edu/robotics/my_ros2_ws/install/lab_quaternion/lib/python3.10/site-packages/lab_quaternion
byte-compiling /home/ningbo@netid.washington.edu/robotics/my_ros2_ws/install/lab_quaternion/lib/python3.10/site-packages/lab_quaternion/final_pick.py to final_pick.cpython-310.pyc
running install_data
running install_egg_info
removing '/home/ningbo@netid.washington.edu/robotics/my_ros2_ws/install/lab_quaternion/lib/python3.10/site-packages/lab_quaternion-0.0.0-py3.10.egg-info' (and everything under it)
Copying ../../build/lab_quaternion/lab_quaternion.egg-info to /home/ningbo@netid.washington.edu/robotics/my_ros2_ws/install/lab_quaternion/lib/python3.10/site-packages/lab_quaternion-0.0.0-py3.10.egg-info
running install_scripts
Installing final_pick script to /home/ningbo@netid.washington.edu/robotics/my_ros2_ws/install/lab_quaternion/lib/lab_quaternion
Installing gen3lite_pymoveit2 script to /home/ningbo@netid.washington.edu/robotics/my_ros2_ws/install/lab_quaternion/lib/lab_quaternion
Installing pick_and_place script to /home/ningbo@netid.washington.edu/robotics/my_ros2_ws/install/lab_quaternion/lib/lab_quaternion
Installing pick_and_place_2 script to /home/ningbo@netid.washington.edu/robotics/my_ros2_ws/install/lab_quaternion/lib/lab_quaternion
Installing sort_cubes script to /home/ningbo@netid.washington.edu/robotics/my_ros2_ws/install/lab_quaternion/lib/lab_quaternion
writing list of installed files to '/home/ningbo@netid.washington.edu/robotics/my_ros2_ws/build/lab_quaternion/install.log'
