-- Found ament_cmake: 1.3.11 (/opt/ros/humble/share/ament_cmake/cmake)
-- Override CMake install command with custom implementation using symlinks instead of copying resources
-- Found ament_index_cpp: 1.4.0 (/opt/ros/humble/share/ament_index_cpp/cmake)
-- Found controller_interface: 2.48.0 (/home/ningbo@netid.washington.edu/robotics/my_ros2_ws/install/controller_interface/share/controller_interface/cmake)
-- Found rosidl_generator_c: 3.1.6 (/opt/ros/humble/share/rosidl_generator_c/cmake)
-- Found rosidl_adapter: 3.1.6 (/opt/ros/humble/share/rosidl_adapter/cmake)
-- Found rosidl_generator_cpp: 3.1.6 (/opt/ros/humble/share/rosidl_generator_cpp/cmake)
-- Using all available rosidl_typesupport_c: rosidl_typesupport_fastrtps_c;rosidl_typesupport_introspection_c
-- Using all available rosidl_typesupport_cpp: rosidl_typesupport_fastrtps_cpp;rosidl_typesupport_introspection_cpp
-- Found rmw_implementation_cmake: 6.1.2 (/opt/ros/humble/share/rmw_implementation_cmake/cmake)
-- Found rmw_fastrtps_cpp: 6.2.7 (/opt/ros/humble/share/rmw_fastrtps_cpp/cmake)
-- Found TinyXML2 via Config file: TinyXML2_DIR-NOTFOUND
-- Found TinyXML2 via Config file: TinyXML2_DIR-NOTFOUND
-- Found TinyXML2 via Config file: TinyXML2_DIR-NOTFOUND
-- Found TinyXML2 via Config file: TinyXML2_DIR-NOTFOUND
-- Using RMW implementation 'rmw_fastrtps_cpp' as default
-- Found controller_manager_msgs: 2.48.0 (/home/ningbo@netid.washington.edu/robotics/my_ros2_ws/install/controller_manager_msgs/share/controller_manager_msgs/cmake)
-- Found realtime_tools: 2.11.0 (/home/ningbo@netid.washington.edu/robotics/my_ros2_ws/install/realtime_tools/share/realtime_tools/cmake)
-- Found ament_cmake_gmock: 1.3.11 (/opt/ros/humble/share/ament_cmake_gmock/cmake)
-- Found ros2_control_test_assets: 2.48.0 (/home/ningbo@netid.washington.edu/robotics/my_ros2_ws/install/ros2_control_test_assets/share/ros2_control_test_assets/cmake)
-- Found gmock sources under '/opt/ros/humble/src/gmock_vendor': C++ tests using 'Google Mock' will be built
-- Found ament_cmake_gtest: 1.3.11 (/opt/ros/humble/share/ament_cmake_gtest/cmake)
-- Found gtest sources under '/opt/ros/humble/src/gtest_vendor': C++ tests using 'Google Test' will be built
-- Found ament_cmake_pytest: 1.3.11 (/opt/ros/humble/share/ament_cmake_pytest/cmake)
-- Configuring done
-- Generating done
-- Build files have been written to: /home/ningbo@netid.washington.edu/robotics/my_ros2_ws/build/controller_manager
[35m[1mConsolidate compiler generated dependencies of target gmock_main[0m
[35m[1mConsolidate compiler generated dependencies of target gmock[0m
[  2%] Built target ament_generate_version_header__controller_manager
[  7%] Built target gmock_main
[ 15%] Built target gmock
[ 15%] Built target ament_cmake_python_symlink_controller_manager_setup
[ 15%] Built target ament_cmake_python_symlink_controller_manager
[35m[1mConsolidate compiler generated dependencies of target controller_manager[0m
[ 21%] Built target controller_manager
[35m[1mConsolidate compiler generated dependencies of target test_controller_manager_urdf_passing[0m
[35m[1mConsolidate compiler generated dependencies of target ros2_control_node[0m
[35m[1mConsolidate compiler generated dependencies of target test_controller_failed_init[0m
[35m[1mConsolidate compiler generated dependencies of target test_controller[0m
[35m[1mConsolidate compiler generated dependencies of target test_chainable_controller[0m
[35m[1mConsolidate compiler generated dependencies of target test_controller_with_interfaces[0m
[ 26%] Built target test_controller_manager_urdf_passing
[ 31%] Built target test_controller_failed_init
[ 36%] Built target ros2_control_node
[ 42%] Built target test_controller
[ 47%] Built target test_chainable_controller
[ 52%] Built target test_controller_with_interfaces
[35m[1mConsolidate compiler generated dependencies of target test_hardware_spawner[0m
[35m[1mConsolidate compiler generated dependencies of target test_controller_manager[0m
[35m[1mConsolidate compiler generated dependencies of target test_controllers_chaining_with_controller_manager[0m
[35m[1mConsolidate compiler generated dependencies of target test_controller_manager_with_namespace.cpp[0m
[35m[1mConsolidate compiler generated dependencies of target test_controller_manager_srvs[0m
[35m[1mConsolidate compiler generated dependencies of target test_load_controller[0m
[ 57%] Built target test_controller_manager
[ 63%] Built target test_controllers_chaining_with_controller_manager
[ 68%] Built target test_hardware_spawner
[ 73%] Built target test_controller_manager_srvs
[ 78%] Built target test_controller_manager_with_namespace.cpp
[ 84%] Built target test_load_controller
[35m[1mConsolidate compiler generated dependencies of target test_spawner_unspawner[0m
[35m[1mConsolidate compiler generated dependencies of target test_hardware_management_srvs[0m
[35m[1mConsolidate compiler generated dependencies of target test_release_interfaces[0m
[ 89%] Built target test_spawner_unspawner
[ 94%] Built target test_hardware_management_srvs
[100%] Built target test_release_interfaces
running egg_info
writing controller_manager.egg-info/PKG-INFO
writing dependency_links to controller_manager.egg-info/dependency_links.txt
writing entry points to controller_manager.egg-info/entry_points.txt
writing top-level names to controller_manager.egg-info/top_level.txt
running install_scripts
reading manifest file 'controller_manager.egg-info/SOURCES.txt'
writing manifest file 'controller_manager.egg-info/SOURCES.txt'
/usr/lib/python3/dist-packages/setuptools/command/install.py:34: SetuptoolsDeprecationWarning: setup.py install is deprecated. Use build and pip and other standards-based tools.
  warnings.warn(
running egg_info
writing controller_manager.egg-info/PKG-INFO
writing dependency_links to controller_manager.egg-info/dependency_links.txt
writing entry points to controller_manager.egg-info/entry_points.txt
writing top-level names to controller_manager.egg-info/top_level.txt
reading manifest file 'controller_manager.egg-info/SOURCES.txt'
writing manifest file 'controller_manager.egg-info/SOURCES.txt'
Installing hardware_spawner script to scripts
Installing spawner script to scripts
Installing unspawner script to scripts
[100%] Built target ament_cmake_python_build_controller_manager_egg
[100%] Built target ament_cmake_python_build_controller_manager_scripts
-- Install configuration: ""
-- Execute custom install script
-- Up-to-date symlink: /home/ningbo@netid.washington.edu/robotics/my_ros2_ws/install/controller_manager/lib/libcontroller_manager.so
-- Up-to-date symlink: /home/ningbo@netid.washington.edu/robotics/my_ros2_ws/install/controller_manager/lib/controller_manager/ros2_control_node
-- Up-to-date symlink: /home/ningbo@netid.washington.edu/robotics/my_ros2_ws/install/controller_manager/include/controller_manager/controller_manager.hpp
-- Up-to-date symlink: /home/ningbo@netid.washington.edu/robotics/my_ros2_ws/install/controller_manager/include/controller_manager/controller_spec.hpp
-- Up-to-date symlink: /home/ningbo@netid.washington.edu/robotics/my_ros2_ws/install/controller_manager/include/controller_manager/visibility_control.h
-- Up-to-date symlink: /home/ningbo@netid.washington.edu/robotics/my_ros2_ws/install/controller_manager/share/controller_manager/test/test_controller/test_controller.xml
-- Up-to-date symlink: /home/ningbo@netid.washington.edu/robotics/my_ros2_ws/install/controller_manager/lib/libtest_controller.so
-- Up-to-date symlink: /home/ningbo@netid.washington.edu/robotics/my_ros2_ws/install/controller_manager/share/controller_manager/test/test_controller_failed_init/test_controller_failed_init.xml
-- Up-to-date symlink: /home/ningbo@netid.washington.edu/robotics/my_ros2_ws/install/controller_manager/lib/libtest_controller_failed_init.so
-- Up-to-date symlink: /home/ningbo@netid.washington.edu/robotics/my_ros2_ws/install/controller_manager/share/controller_manager/test/test_chainable_controller/test_chainable_controller.xml
-- Up-to-date symlink: /home/ningbo@netid.washington.edu/robotics/my_ros2_ws/install/controller_manager/lib/libtest_chainable_controller.so
-- Up-to-date symlink: /home/ningbo@netid.washington.edu/robotics/my_ros2_ws/install/controller_manager/share/controller_manager/test/test_controller_with_interfaces/test_controller_with_interfaces.xml
-- Up-to-date symlink: /home/ningbo@netid.washington.edu/robotics/my_ros2_ws/install/controller_manager/lib/libtest_controller_with_interfaces.so
-- Up-to-date symlink: /home/ningbo@netid.washington.edu/robotics/my_ros2_ws/install/controller_manager/test/test_controller_spawner_with_type.yaml
-- Up-to-date symlink: /home/ningbo@netid.washington.edu/robotics/my_ros2_ws/install/controller_manager/test/test_controller_spawner_with_basic_controllers.yaml
-- Up-to-date symlink: /home/ningbo@netid.washington.edu/robotics/my_ros2_ws/install/controller_manager/test/test_controller_overriding_parameters.yaml
-- Up-to-date symlink: /home/ningbo@netid.washington.edu/robotics/my_ros2_ws/install/controller_manager/test/test_controller_spawner_wildcard_entries.yaml
-- Up-to-date symlink: /home/ningbo@netid.washington.edu/robotics/my_ros2_ws/install/controller_manager/test/test_controller_spawner_with_interfaces.yaml
-- Up-to-date symlink: /home/ningbo@netid.washington.edu/robotics/my_ros2_ws/install/controller_manager/test/test_ros2_control_node.yaml
-- Up-to-date symlink: /home/ningbo@netid.washington.edu/robotics/my_ros2_ws/install/controller_manager/share/controller_manager/environment/pythonpath.sh
-- Up-to-date symlink: /home/ningbo@netid.washington.edu/robotics/my_ros2_ws/install/controller_manager/share/controller_manager/environment/pythonpath.dsv
-- Up-to-date symlink: /home/ningbo@netid.washington.edu/robotics/my_ros2_ws/install/controller_manager/local/lib/python3.10/dist-packages/controller_manager-2.48.0-py3.10.egg-info/PKG-INFO
-- Up-to-date symlink: /home/ningbo@netid.washington.edu/robotics/my_ros2_ws/install/controller_manager/local/lib/python3.10/dist-packages/controller_manager-2.48.0-py3.10.egg-info/SOURCES.txt
-- Up-to-date symlink: /home/ningbo@netid.washington.edu/robotics/my_ros2_ws/install/controller_manager/local/lib/python3.10/dist-packages/controller_manager-2.48.0-py3.10.egg-info/dependency_links.txt
-- Up-to-date symlink: /home/ningbo@netid.washington.edu/robotics/my_ros2_ws/install/controller_manager/local/lib/python3.10/dist-packages/controller_manager-2.48.0-py3.10.egg-info/entry_points.txt
-- Up-to-date symlink: /home/ningbo@netid.washington.edu/robotics/my_ros2_ws/install/controller_manager/local/lib/python3.10/dist-packages/controller_manager-2.48.0-py3.10.egg-info/top_level.txt
-- Up-to-date symlink: /home/ningbo@netid.washington.edu/robotics/my_ros2_ws/install/controller_manager/lib/controller_manager//hardware_spawner
-- Up-to-date symlink: /home/ningbo@netid.washington.edu/robotics/my_ros2_ws/install/controller_manager/lib/controller_manager//spawner
-- Up-to-date symlink: /home/ningbo@netid.washington.edu/robotics/my_ros2_ws/install/controller_manager/lib/controller_manager//unspawner
-- Up-to-date symlink: /home/ningbo@netid.washington.edu/robotics/my_ros2_ws/install/controller_manager/local/lib/python3.10/dist-packages/controller_manager/__init__.py
-- Up-to-date symlink: /home/ningbo@netid.washington.edu/robotics/my_ros2_ws/install/controller_manager/local/lib/python3.10/dist-packages/controller_manager/controller_manager_services.py
-- Up-to-date symlink: /home/ningbo@netid.washington.edu/robotics/my_ros2_ws/install/controller_manager/local/lib/python3.10/dist-packages/controller_manager/hardware_spawner.py
-- Up-to-date symlink: /home/ningbo@netid.washington.edu/robotics/my_ros2_ws/install/controller_manager/local/lib/python3.10/dist-packages/controller_manager/launch_utils.py
-- Up-to-date symlink: /home/ningbo@netid.washington.edu/robotics/my_ros2_ws/install/controller_manager/local/lib/python3.10/dist-packages/controller_manager/spawner.py
-- Up-to-date symlink: /home/ningbo@netid.washington.edu/robotics/my_ros2_ws/install/controller_manager/local/lib/python3.10/dist-packages/controller_manager/unspawner.py
-- Up-to-date symlink: /home/ningbo@netid.washington.edu/robotics/my_ros2_ws/install/controller_manager/share/controller_manager/environment/library_path.sh
-- Up-to-date symlink: /home/ningbo@netid.washington.edu/robotics/my_ros2_ws/install/controller_manager/share/controller_manager/environment/library_path.dsv
-- Up-to-date symlink: /home/ningbo@netid.washington.edu/robotics/my_ros2_ws/install/controller_manager/share/ament_index/resource_index/package_run_dependencies/controller_manager
-- Up-to-date symlink: /home/ningbo@netid.washington.edu/robotics/my_ros2_ws/install/controller_manager/share/ament_index/resource_index/parent_prefix_path/controller_manager
-- Up-to-date symlink: /home/ningbo@netid.washington.edu/robotics/my_ros2_ws/install/controller_manager/share/controller_manager/environment/ament_prefix_path.sh
-- Up-to-date symlink: /home/ningbo@netid.washington.edu/robotics/my_ros2_ws/install/controller_manager/share/controller_manager/environment/ament_prefix_path.dsv
-- Up-to-date symlink: /home/ningbo@netid.washington.edu/robotics/my_ros2_ws/install/controller_manager/share/controller_manager/environment/path.sh
-- Up-to-date symlink: /home/ningbo@netid.washington.edu/robotics/my_ros2_ws/install/controller_manager/share/controller_manager/environment/path.dsv
-- Up-to-date symlink: /home/ningbo@netid.washington.edu/robotics/my_ros2_ws/install/controller_manager/share/controller_manager/local_setup.bash
-- Up-to-date symlink: /home/ningbo@netid.washington.edu/robotics/my_ros2_ws/install/controller_manager/share/controller_manager/local_setup.sh
-- Up-to-date symlink: /home/ningbo@netid.washington.edu/robotics/my_ros2_ws/install/controller_manager/share/controller_manager/local_setup.zsh
-- Up-to-date symlink: /home/ningbo@netid.washington.edu/robotics/my_ros2_ws/install/controller_manager/share/controller_manager/local_setup.dsv
-- Symlinking: /home/ningbo@netid.washington.edu/robotics/my_ros2_ws/install/controller_manager/share/controller_manager/package.dsv
-- Up-to-date symlink: /home/ningbo@netid.washington.edu/robotics/my_ros2_ws/install/controller_manager/share/ament_index/resource_index/packages/controller_manager
-- Up-to-date symlink: /home/ningbo@netid.washington.edu/robotics/my_ros2_ws/install/controller_manager/share/ament_index/resource_index/controller_interface__pluginlib__plugin/controller_manager
-- Up-to-date symlink: /home/ningbo@netid.washington.edu/robotics/my_ros2_ws/install/controller_manager/share/controller_manager/cmake/ament_cmake_export_libraries-extras.cmake
-- Up-to-date symlink: /home/ningbo@netid.washington.edu/robotics/my_ros2_ws/install/controller_manager/share/controller_manager/cmake/ament_cmake_export_include_directories-extras.cmake
-- Up-to-date symlink: /home/ningbo@netid.washington.edu/robotics/my_ros2_ws/install/controller_manager/share/controller_manager/cmake/ament_cmake_export_dependencies-extras.cmake
-- Up-to-date symlink: /home/ningbo@netid.washington.edu/robotics/my_ros2_ws/install/controller_manager/share/controller_manager/cmake/controller_managerConfig.cmake
-- Up-to-date symlink: /home/ningbo@netid.washington.edu/robotics/my_ros2_ws/install/controller_manager/share/controller_manager/cmake/controller_managerConfig-version.cmake
-- Up-to-date symlink: /home/ningbo@netid.washington.edu/robotics/my_ros2_ws/install/controller_manager/share/controller_manager/package.xml
-- Up-to-date symlink: /home/ningbo@netid.washington.edu/robotics/my_ros2_ws/install/controller_manager/include/controller_manager/controller_manager/version.h
Listing '/home/ningbo@netid.washington.edu/robotics/my_ros2_ws/install/controller_manager/local/lib/python3.10/dist-packages/controller_manager'...
