[0.000000] (-) TimerEvent: {}
[0.000098] (-) JobUnselected: {'identifier': 'ackermann_steering_controller'}
[0.000119] (-) JobUnselected: {'identifier': 'admittance_controller'}
[0.000146] (-) JobUnselected: {'identifier': 'bicycle_steering_controller'}
[0.000168] (-) JobUnselected: {'identifier': 'control_msgs'}
[0.000195] (-) JobUnselected: {'identifier': 'control_toolbox'}
[0.000221] (-) JobUnselected: {'identifier': 'controller_interface'}
[0.000245] (-) JobUnselected: {'identifier': 'controller_manager'}
[0.000269] (-) JobUnselected: {'identifier': 'controller_manager_msgs'}
[0.000293] (-) JobUnselected: {'identifier': 'diff_drive_controller'}
[0.000317] (-) JobUnselected: {'identifier': 'effort_controllers'}
[0.000341] (-) JobUnselected: {'identifier': 'force_torque_sensor_broadcaster'}
[0.000365] (-) JobUnselected: {'identifier': 'forward_command_controller'}
[0.000395] (-) JobUnselected: {'identifier': 'gazebo_ros2_control'}
[0.000411] (-) JobUnselected: {'identifier': 'gazebo_ros2_control_demos'}
[0.000424] (-) JobUnselected: {'identifier': 'gpio_controllers'}
[0.000436] (-) JobUnselected: {'identifier': 'gripper_controllers'}
[0.000448] (-) JobUnselected: {'identifier': 'gz_ros2_control_tests'}
[0.000462] (-) JobUnselected: {'identifier': 'hardware_interface'}
[0.000474] (-) JobUnselected: {'identifier': 'hardware_interface_testing'}
[0.000486] (-) JobUnselected: {'identifier': 'ign_ros2_control'}
[0.000498] (-) JobUnselected: {'identifier': 'ign_ros2_control_demos'}
[0.000510] (-) JobUnselected: {'identifier': 'imu_sensor_broadcaster'}
[0.000521] (-) JobUnselected: {'identifier': 'joint_limits'}
[0.000533] (-) JobUnselected: {'identifier': 'joint_state_broadcaster'}
[0.000545] (-) JobUnselected: {'identifier': 'joint_trajectory_controller'}
[0.000556] (-) JobUnselected: {'identifier': 'kinematics_interface'}
[0.000568] (-) JobUnselected: {'identifier': 'kinematics_interface_kdl'}
[0.000579] (-) JobUnselected: {'identifier': 'kinova_gen3_6dof_robotiq_2f_85_moveit_config'}
[0.000591] (-) JobUnselected: {'identifier': 'kinova_gen3_7dof_robotiq_2f_85_moveit_config'}
[0.000602] (-) JobUnselected: {'identifier': 'kinova_gen3_lite_moveit_config'}
[0.000614] (-) JobUnselected: {'identifier': 'kortex_api'}
[0.000625] (-) JobUnselected: {'identifier': 'kortex_bringup'}
[0.000637] (-) JobUnselected: {'identifier': 'kortex_description'}
[0.000648] (-) JobUnselected: {'identifier': 'kortex_driver'}
[0.000660] (-) JobUnselected: {'identifier': 'lab_quaternion'}
[0.000672] (-) JobUnselected: {'identifier': 'picknik_reset_fault_controller'}
[0.000683] (-) JobUnselected: {'identifier': 'picknik_twist_controller'}
[0.000695] (-) JobUnselected: {'identifier': 'pid_controller'}
[0.000706] (-) JobUnselected: {'identifier': 'pose_broadcaster'}
[0.000717] (-) JobUnselected: {'identifier': 'position_controllers'}
[0.000729] (-) JobUnselected: {'identifier': 'pymoveit2'}
[0.000740] (-) JobUnselected: {'identifier': 'range_sensor_broadcaster'}
[0.000751] (-) JobUnselected: {'identifier': 'realtime_tools'}
[0.000763] (-) JobUnselected: {'identifier': 'robotiq_controllers'}
[0.000774] (-) JobUnselected: {'identifier': 'robotiq_description'}
[0.000785] (-) JobUnselected: {'identifier': 'robotiq_driver'}
[0.000797] (-) JobUnselected: {'identifier': 'robotiq_hardware_tests'}
[0.000808] (-) JobUnselected: {'identifier': 'ros2_control'}
[0.000820] (-) JobUnselected: {'identifier': 'ros2_control_demo_description'}
[0.000831] (-) JobUnselected: {'identifier': 'ros2_control_demo_example_1'}
[0.000843] (-) JobUnselected: {'identifier': 'ros2_control_demo_example_10'}
[0.000854] (-) JobUnselected: {'identifier': 'ros2_control_demo_example_11'}
[0.000865] (-) JobUnselected: {'identifier': 'ros2_control_demo_example_12'}
[0.000876] (-) JobUnselected: {'identifier': 'ros2_control_demo_example_13'}
[0.000888] (-) JobUnselected: {'identifier': 'ros2_control_demo_example_14'}
[0.000899] (-) JobUnselected: {'identifier': 'ros2_control_demo_example_15'}
[0.000911] (-) JobUnselected: {'identifier': 'ros2_control_demo_example_2'}
[0.000922] (-) JobUnselected: {'identifier': 'ros2_control_demo_example_3'}
[0.000939] (-) JobUnselected: {'identifier': 'ros2_control_demo_example_4'}
[0.000951] (-) JobUnselected: {'identifier': 'ros2_control_demo_example_5'}
[0.000962] (-) JobUnselected: {'identifier': 'ros2_control_demo_example_6'}
[0.000974] (-) JobUnselected: {'identifier': 'ros2_control_demo_example_7'}
[0.000985] (-) JobUnselected: {'identifier': 'ros2_control_demo_example_8'}
[0.000996] (-) JobUnselected: {'identifier': 'ros2_control_demo_example_9'}
[0.001008] (-) JobUnselected: {'identifier': 'ros2_control_demo_testing'}
[0.001019] (-) JobUnselected: {'identifier': 'ros2_control_demos'}
[0.001030] (-) JobUnselected: {'identifier': 'ros2_control_test_assets'}
[0.001041] (-) JobUnselected: {'identifier': 'ros2_controllers'}
[0.001052] (-) JobUnselected: {'identifier': 'ros2_controllers_test_nodes'}
[0.001064] (-) JobUnselected: {'identifier': 'ros2controlcli'}
[0.001075] (-) JobUnselected: {'identifier': 'ros_gz'}
[0.001086] (-) JobUnselected: {'identifier': 'ros_gz_bridge'}
[0.001098] (-) JobUnselected: {'identifier': 'ros_gz_image'}
[0.001109] (-) JobUnselected: {'identifier': 'ros_gz_interfaces'}
[0.001121] (-) JobUnselected: {'identifier': 'ros_gz_sim'}
[0.001132] (-) JobUnselected: {'identifier': 'ros_gz_sim_demos'}
[0.001143] (-) JobUnselected: {'identifier': 'ros_ign'}
[0.001160] (-) JobUnselected: {'identifier': 'ros_ign_bridge'}
[0.001172] (-) JobUnselected: {'identifier': 'ros_ign_gazebo'}
[0.001184] (-) JobUnselected: {'identifier': 'ros_ign_gazebo_demos'}
[0.001195] (-) JobUnselected: {'identifier': 'ros_ign_image'}
[0.001206] (-) JobUnselected: {'identifier': 'ros_ign_interfaces'}
[0.001218] (-) JobUnselected: {'identifier': 'rqt_controller_manager'}
[0.001229] (-) JobUnselected: {'identifier': 'rqt_joint_trajectory_controller'}
[0.001241] (-) JobUnselected: {'identifier': 'serial'}
[0.001252] (-) JobUnselected: {'identifier': 'steering_controllers_library'}
[0.001263] (-) JobUnselected: {'identifier': 'test_ros_gz_bridge'}
[0.001274] (-) JobUnselected: {'identifier': 'transmission_interface'}
[0.001285] (-) JobUnselected: {'identifier': 'tricycle_controller'}
[0.001297] (-) JobUnselected: {'identifier': 'tricycle_steering_controller'}
[0.001308] (-) JobUnselected: {'identifier': 'velocity_controllers'}
[0.001320] (-) EventReactorShutdown: {}
