[2.067s] Invoking command in '/home/ningbo@netid.washington.edu/robotics/my_ros2_ws/build/kinematics_interface': CMAKE_PREFIX_PATH=${CMAKE_PREFIX_PATH}:/home/ningbo@netid.washington.edu/robotics/my_ws/install/rqt_joint_trajectory_controller:/home/ningbo@netid.washington.edu/robotics/my_ws/install/rqt_controller_manager:/home/ningbo@netid.washington.edu/robotics/my_ws/install/ros2controlcli:/home/ningbo@netid.washington.edu/robotics/my_ws/install/ros2_controllers_test_nodes:/home/ningbo@netid.washington.edu/robotics/my_ws/install/ros2_control_demo_testing:/home/ningbo@netid.washington.edu/robotics/my_ws/install/pick_place:/home/ningbo@netid.washington.edu/ros2_ws/install/ros2controlcli:/home/ningbo@netid.washington.edu/ros2_ws/install/ros2_controllers_test_nodes:/home/ningbo@netid.washington.edu/ros2_ws/install/ros2_control_demo_testing:/opt/ros/humble /usr/bin/cmake /home/ningbo@netid.washington.edu/robotics/my_ros2_ws/src/ros-controls/kinematics_interface/kinematics_interface -DAMENT_CMAKE_SYMLINK_INSTALL=1 -DCMAKE_INSTALL_PREFIX=/home/ningbo@netid.washington.edu/robotics/my_ros2_ws/install/kinematics_interface
[6.103s] -- The CXX compiler identification is GNU 11.4.0
[6.103s] -- Detecting CXX compiler ABI info
[6.104s] -- Detecting CXX compiler ABI info - done
[6.104s] -- Check for working CXX compiler: /usr/bin/c++ - skipped
[6.104s] -- Detecting CXX compile features
[6.104s] -- Detecting CXX compile features - done
[6.104s] -- Found ament_cmake: 1.3.11 (/opt/ros/humble/share/ament_cmake/cmake)
[6.105s] -- Found Python3: /usr/bin/python3 (found version "3.10.12") found components: Interpreter 
[6.106s] -- Override CMake install command with custom implementation using symlinks instead of copying resources
[7.283s] -- Found rclcpp: 16.0.11 (/opt/ros/humble/share/rclcpp/cmake)
[8.323s] -- Found rosidl_generator_c: 3.1.6 (/opt/ros/humble/share/rosidl_generator_c/cmake)
[8.456s] -- Found rosidl_adapter: 3.1.6 (/opt/ros/humble/share/rosidl_adapter/cmake)
[8.594s] -- Found rosidl_generator_cpp: 3.1.6 (/opt/ros/humble/share/rosidl_generator_cpp/cmake)
[8.853s] -- Using all available rosidl_typesupport_c: rosidl_typesupport_fastrtps_c;rosidl_typesupport_introspection_c
[9.146s] -- Using all available rosidl_typesupport_cpp: rosidl_typesupport_fastrtps_cpp;rosidl_typesupport_introspection_cpp
[10.072s] -- Found rmw_implementation_cmake: 6.1.2 (/opt/ros/humble/share/rmw_implementation_cmake/cmake)
[10.147s] -- Found rmw_fastrtps_cpp: 6.2.7 (/opt/ros/humble/share/rmw_fastrtps_cpp/cmake)
[11.236s] -- Found OpenSSL: /usr/lib/x86_64-linux-gnu/libcrypto.so (found version "3.0.2")  
[11.478s] -- Found FastRTPS: /opt/ros/humble/include  
[11.856s] -- Using RMW implementation 'rmw_fastrtps_cpp' as default
[12.161s] -- Looking for C++ include pthread.h
[12.927s] -- Looking for C++ include pthread.h - found
[12.930s] -- Performing Test CMAKE_HAVE_LIBC_PTHREAD
[14.019s] -- Performing Test CMAKE_HAVE_LIBC_PTHREAD - Success
[14.026s] -- Found Threads: TRUE  
[15.008s] -- Found rclcpp_lifecycle: 16.0.11 (/opt/ros/humble/share/rclcpp_lifecycle/cmake)
[15.854s] -- Configuring done
[15.918s] -- Generating done
[15.951s] -- Build files have been written to: /home/ningbo@netid.washington.edu/robotics/my_ros2_ws/build/kinematics_interface
[16.014s] Invoked command in '/home/ningbo@netid.washington.edu/robotics/my_ros2_ws/build/kinematics_interface' returned '0': CMAKE_PREFIX_PATH=${CMAKE_PREFIX_PATH}:/home/ningbo@netid.washington.edu/robotics/my_ws/install/rqt_joint_trajectory_controller:/home/ningbo@netid.washington.edu/robotics/my_ws/install/rqt_controller_manager:/home/ningbo@netid.washington.edu/robotics/my_ws/install/ros2controlcli:/home/ningbo@netid.washington.edu/robotics/my_ws/install/ros2_controllers_test_nodes:/home/ningbo@netid.washington.edu/robotics/my_ws/install/ros2_control_demo_testing:/home/ningbo@netid.washington.edu/robotics/my_ws/install/pick_place:/home/ningbo@netid.washington.edu/ros2_ws/install/ros2controlcli:/home/ningbo@netid.washington.edu/ros2_ws/install/ros2_controllers_test_nodes:/home/ningbo@netid.washington.edu/ros2_ws/install/ros2_control_demo_testing:/opt/ros/humble /usr/bin/cmake /home/ningbo@netid.washington.edu/robotics/my_ros2_ws/src/ros-controls/kinematics_interface/kinematics_interface -DAMENT_CMAKE_SYMLINK_INSTALL=1 -DCMAKE_INSTALL_PREFIX=/home/ningbo@netid.washington.edu/robotics/my_ros2_ws/install/kinematics_interface
[16.016s] Invoking command in '/home/ningbo@netid.washington.edu/robotics/my_ros2_ws/build/kinematics_interface': CMAKE_PREFIX_PATH=${CMAKE_PREFIX_PATH}:/home/ningbo@netid.washington.edu/robotics/my_ws/install/rqt_joint_trajectory_controller:/home/ningbo@netid.washington.edu/robotics/my_ws/install/rqt_controller_manager:/home/ningbo@netid.washington.edu/robotics/my_ws/install/ros2controlcli:/home/ningbo@netid.washington.edu/robotics/my_ws/install/ros2_controllers_test_nodes:/home/ningbo@netid.washington.edu/robotics/my_ws/install/ros2_control_demo_testing:/home/ningbo@netid.washington.edu/robotics/my_ws/install/pick_place:/home/ningbo@netid.washington.edu/ros2_ws/install/ros2controlcli:/home/ningbo@netid.washington.edu/ros2_ws/install/ros2_controllers_test_nodes:/home/ningbo@netid.washington.edu/ros2_ws/install/ros2_control_demo_testing:/opt/ros/humble /usr/bin/cmake --build /home/ningbo@netid.washington.edu/robotics/my_ros2_ws/build/kinematics_interface -- -j8 -l8
[17.144s] [ 50%] [32mBuilding CXX object CMakeFiles/kinematics_interface.dir/src/kinematics_interface.cpp.o[0m
[26.134s] [100%] [32m[1mLinking CXX shared library libkinematics_interface.so[0m
[26.836s] [100%] Built target kinematics_interface
[26.936s] Invoked command in '/home/ningbo@netid.washington.edu/robotics/my_ros2_ws/build/kinematics_interface' returned '0': CMAKE_PREFIX_PATH=${CMAKE_PREFIX_PATH}:/home/ningbo@netid.washington.edu/robotics/my_ws/install/rqt_joint_trajectory_controller:/home/ningbo@netid.washington.edu/robotics/my_ws/install/rqt_controller_manager:/home/ningbo@netid.washington.edu/robotics/my_ws/install/ros2controlcli:/home/ningbo@netid.washington.edu/robotics/my_ws/install/ros2_controllers_test_nodes:/home/ningbo@netid.washington.edu/robotics/my_ws/install/ros2_control_demo_testing:/home/ningbo@netid.washington.edu/robotics/my_ws/install/pick_place:/home/ningbo@netid.washington.edu/ros2_ws/install/ros2controlcli:/home/ningbo@netid.washington.edu/ros2_ws/install/ros2_controllers_test_nodes:/home/ningbo@netid.washington.edu/ros2_ws/install/ros2_control_demo_testing:/opt/ros/humble /usr/bin/cmake --build /home/ningbo@netid.washington.edu/robotics/my_ros2_ws/build/kinematics_interface -- -j8 -l8
[26.940s] Invoking command in '/home/ningbo@netid.washington.edu/robotics/my_ros2_ws/build/kinematics_interface': CMAKE_PREFIX_PATH=${CMAKE_PREFIX_PATH}:/home/ningbo@netid.washington.edu/robotics/my_ws/install/rqt_joint_trajectory_controller:/home/ningbo@netid.washington.edu/robotics/my_ws/install/rqt_controller_manager:/home/ningbo@netid.washington.edu/robotics/my_ws/install/ros2controlcli:/home/ningbo@netid.washington.edu/robotics/my_ws/install/ros2_controllers_test_nodes:/home/ningbo@netid.washington.edu/robotics/my_ws/install/ros2_control_demo_testing:/home/ningbo@netid.washington.edu/robotics/my_ws/install/pick_place:/home/ningbo@netid.washington.edu/ros2_ws/install/ros2controlcli:/home/ningbo@netid.washington.edu/ros2_ws/install/ros2_controllers_test_nodes:/home/ningbo@netid.washington.edu/ros2_ws/install/ros2_control_demo_testing:/opt/ros/humble /usr/bin/cmake --install /home/ningbo@netid.washington.edu/robotics/my_ros2_ws/build/kinematics_interface
[41.906s] -- Install configuration: ""
[41.906s] -- Execute custom install script
[41.907s] -- Symlinking: /home/ningbo@netid.washington.edu/robotics/my_ros2_ws/install/kinematics_interface/include/kinematics_interface/kinematics_interface/kinematics_interface.hpp
[41.907s] -- Symlinking: /home/ningbo@netid.washington.edu/robotics/my_ros2_ws/install/kinematics_interface/include/kinematics_interface/kinematics_interface/visibility_control.h
[41.907s] -- Symlinking: /home/ningbo@netid.washington.edu/robotics/my_ros2_ws/install/kinematics_interface/share/kinematics_interface/environment/library_path.sh
[41.907s] -- Symlinking: /home/ningbo@netid.washington.edu/robotics/my_ros2_ws/install/kinematics_interface/share/kinematics_interface/environment/library_path.dsv
[41.908s] -- Symlinking: /home/ningbo@netid.washington.edu/robotics/my_ros2_ws/install/kinematics_interface/share/ament_index/resource_index/package_run_dependencies/kinematics_interface
[41.908s] -- Symlinking: /home/ningbo@netid.washington.edu/robotics/my_ros2_ws/install/kinematics_interface/share/ament_index/resource_index/parent_prefix_path/kinematics_interface
[41.908s] -- Symlinking: /home/ningbo@netid.washington.edu/robotics/my_ros2_ws/install/kinematics_interface/share/kinematics_interface/environment/ament_prefix_path.sh
[41.908s] -- Symlinking: /home/ningbo@netid.washington.edu/robotics/my_ros2_ws/install/kinematics_interface/share/kinematics_interface/environment/ament_prefix_path.dsv
[41.909s] -- Symlinking: /home/ningbo@netid.washington.edu/robotics/my_ros2_ws/install/kinematics_interface/share/kinematics_interface/environment/path.sh
[41.909s] -- Symlinking: /home/ningbo@netid.washington.edu/robotics/my_ros2_ws/install/kinematics_interface/share/kinematics_interface/environment/path.dsv
[41.909s] -- Symlinking: /home/ningbo@netid.washington.edu/robotics/my_ros2_ws/install/kinematics_interface/share/kinematics_interface/local_setup.bash
[41.909s] -- Symlinking: /home/ningbo@netid.washington.edu/robotics/my_ros2_ws/install/kinematics_interface/share/kinematics_interface/local_setup.sh
[41.918s] -- Symlinking: /home/ningbo@netid.washington.edu/robotics/my_ros2_ws/install/kinematics_interface/share/kinematics_interface/local_setup.zsh
[41.918s] -- Symlinking: /home/ningbo@netid.washington.edu/robotics/my_ros2_ws/install/kinematics_interface/share/kinematics_interface/local_setup.dsv
[41.919s] -- Symlinking: /home/ningbo@netid.washington.edu/robotics/my_ros2_ws/install/kinematics_interface/share/kinematics_interface/package.dsv
[41.919s] -- Symlinking: /home/ningbo@netid.washington.edu/robotics/my_ros2_ws/install/kinematics_interface/share/ament_index/resource_index/packages/kinematics_interface
[41.919s] -- Symlinking: /home/ningbo@netid.washington.edu/robotics/my_ros2_ws/install/kinematics_interface/share/kinematics_interface/cmake/ament_cmake_export_targets-extras.cmake
[41.919s] -- Symlinking: /home/ningbo@netid.washington.edu/robotics/my_ros2_ws/install/kinematics_interface/share/kinematics_interface/cmake/ament_cmake_export_dependencies-extras.cmake
[41.942s] -- Symlinking: /home/ningbo@netid.washington.edu/robotics/my_ros2_ws/install/kinematics_interface/share/kinematics_interface/cmake/kinematics_interfaceConfig.cmake
[41.942s] -- Symlinking: /home/ningbo@netid.washington.edu/robotics/my_ros2_ws/install/kinematics_interface/share/kinematics_interface/cmake/kinematics_interfaceConfig-version.cmake
[41.942s] -- Symlinking: /home/ningbo@netid.washington.edu/robotics/my_ros2_ws/install/kinematics_interface/share/kinematics_interface/package.xml
[41.943s] -- Installing: /home/ningbo@netid.washington.edu/robotics/my_ros2_ws/install/kinematics_interface/lib/libkinematics_interface.so
[41.943s] -- Set runtime path of "/home/ningbo@netid.washington.edu/robotics/my_ros2_ws/install/kinematics_interface/lib/libkinematics_interface.so" to ""
[41.943s] -- Installing: /home/ningbo@netid.washington.edu/robotics/my_ros2_ws/install/kinematics_interface/share/kinematics_interface/cmake/export_kinematics_interfaceExport.cmake
[41.943s] -- Installing: /home/ningbo@netid.washington.edu/robotics/my_ros2_ws/install/kinematics_interface/share/kinematics_interface/cmake/export_kinematics_interfaceExport-noconfig.cmake
[41.949s] Invoked command in '/home/ningbo@netid.washington.edu/robotics/my_ros2_ws/build/kinematics_interface' returned '0': CMAKE_PREFIX_PATH=${CMAKE_PREFIX_PATH}:/home/ningbo@netid.washington.edu/robotics/my_ws/install/rqt_joint_trajectory_controller:/home/ningbo@netid.washington.edu/robotics/my_ws/install/rqt_controller_manager:/home/ningbo@netid.washington.edu/robotics/my_ws/install/ros2controlcli:/home/ningbo@netid.washington.edu/robotics/my_ws/install/ros2_controllers_test_nodes:/home/ningbo@netid.washington.edu/robotics/my_ws/install/ros2_control_demo_testing:/home/ningbo@netid.washington.edu/robotics/my_ws/install/pick_place:/home/ningbo@netid.washington.edu/ros2_ws/install/ros2controlcli:/home/ningbo@netid.washington.edu/ros2_ws/install/ros2_controllers_test_nodes:/home/ningbo@netid.washington.edu/ros2_ws/install/ros2_control_demo_testing:/opt/ros/humble /usr/bin/cmake --install /home/ningbo@netid.washington.edu/robotics/my_ros2_ws/build/kinematics_interface
