[0.949s] Invoking command in '/home/ningbo@netid.washington.edu/robotics/my_ros2_ws/src/lab_quaternion': PYTHONPATH=/home/ningbo@netid.washington.edu/robotics/my_ros2_ws/build/lab_quaternion/prefix_override:/usr/lib/python3/dist-packages/colcon_core/task/python/colcon_distutils_commands:/home/ningbo@netid.washington.edu/robotics/my_ros2_ws/install/lab_quaternion/lib/python3.10/site-packages:${PYTHONPATH} /usr/bin/python3 -W ignore:setup.py install is deprecated -W ignore:easy_install command is deprecated setup.py egg_info --egg-base ../../build/lab_quaternion build --build-base /home/ningbo@netid.washington.edu/robotics/my_ros2_ws/build/lab_quaternion/build install --record /home/ningbo@netid.washington.edu/robotics/my_ros2_ws/build/lab_quaternion/install.log --single-version-externally-managed install_data
[1.278s] running egg_info
[1.279s] writing ../../build/lab_quaternion/lab_quaternion.egg-info/PKG-INFO
[1.279s] writing dependency_links to ../../build/lab_quaternion/lab_quaternion.egg-info/dependency_links.txt
[1.279s] writing entry points to ../../build/lab_quaternion/lab_quaternion.egg-info/entry_points.txt
[1.279s] writing requirements to ../../build/lab_quaternion/lab_quaternion.egg-info/requires.txt
[1.280s] writing top-level names to ../../build/lab_quaternion/lab_quaternion.egg-info/top_level.txt
[1.281s] reading manifest file '../../build/lab_quaternion/lab_quaternion.egg-info/SOURCES.txt'
[1.282s] writing manifest file '../../build/lab_quaternion/lab_quaternion.egg-info/SOURCES.txt'
[1.282s] running build
[1.282s] running build_py
[1.282s] copying lab_quaternion/pick_and_place.py -> /home/ningbo@netid.washington.edu/robotics/my_ros2_ws/build/lab_quaternion/build/lib/lab_quaternion
[1.282s] running install
[1.282s] running install_lib
[1.283s] copying /home/ningbo@netid.washington.edu/robotics/my_ros2_ws/build/lab_quaternion/build/lib/lab_quaternion/pick_and_place.py -> /home/ningbo@netid.washington.edu/robotics/my_ros2_ws/install/lab_quaternion/lib/python3.10/site-packages/lab_quaternion
[1.284s] byte-compiling /home/ningbo@netid.washington.edu/robotics/my_ros2_ws/install/lab_quaternion/lib/python3.10/site-packages/lab_quaternion/pick_and_place.py to pick_and_place.cpython-310.pyc
[1.285s] running install_data
[1.285s] running install_egg_info
[1.287s] removing '/home/ningbo@netid.washington.edu/robotics/my_ros2_ws/install/lab_quaternion/lib/python3.10/site-packages/lab_quaternion-0.0.0-py3.10.egg-info' (and everything under it)
[1.287s] Copying ../../build/lab_quaternion/lab_quaternion.egg-info to /home/ningbo@netid.washington.edu/robotics/my_ros2_ws/install/lab_quaternion/lib/python3.10/site-packages/lab_quaternion-0.0.0-py3.10.egg-info
[1.288s] running install_scripts
[1.313s] Installing gen3lite_pymoveit2 script to /home/ningbo@netid.washington.edu/robotics/my_ros2_ws/install/lab_quaternion/lib/lab_quaternion
[1.313s] Installing pick_and_place script to /home/ningbo@netid.washington.edu/robotics/my_ros2_ws/install/lab_quaternion/lib/lab_quaternion
[1.313s] Installing sort_cubes script to /home/ningbo@netid.washington.edu/robotics/my_ros2_ws/install/lab_quaternion/lib/lab_quaternion
[1.314s] writing list of installed files to '/home/ningbo@netid.washington.edu/robotics/my_ros2_ws/build/lab_quaternion/install.log'
[1.339s] Invoked command in '/home/ningbo@netid.washington.edu/robotics/my_ros2_ws/src/lab_quaternion' returned '0': PYTHONPATH=/home/ningbo@netid.washington.edu/robotics/my_ros2_ws/build/lab_quaternion/prefix_override:/usr/lib/python3/dist-packages/colcon_core/task/python/colcon_distutils_commands:/home/ningbo@netid.washington.edu/robotics/my_ros2_ws/install/lab_quaternion/lib/python3.10/site-packages:${PYTHONPATH} /usr/bin/python3 -W ignore:setup.py install is deprecated -W ignore:easy_install command is deprecated setup.py egg_info --egg-base ../../build/lab_quaternion build --build-base /home/ningbo@netid.washington.edu/robotics/my_ros2_ws/build/lab_quaternion/build install --record /home/ningbo@netid.washington.edu/robotics/my_ros2_ws/build/lab_quaternion/install.log --single-version-externally-managed install_data
