[0.248s] Invoking command in '/home/ningbo@netid.washington.edu/robotics/my_ros2_ws/build/realtime_tools': CMAKE_PREFIX_PATH=${CMAKE_PREFIX_PATH}:/home/ningbo@netid.washington.edu/robotics/my_ws/install/rqt_joint_trajectory_controller:/home/ningbo@netid.washington.edu/robotics/my_ws/install/rqt_controller_manager:/home/ningbo@netid.washington.edu/robotics/my_ws/install/ros2controlcli:/home/ningbo@netid.washington.edu/robotics/my_ws/install/ros2_controllers_test_nodes:/home/ningbo@netid.washington.edu/robotics/my_ws/install/ros2_control_demo_testing:/home/ningbo@netid.washington.edu/robotics/my_ws/install/pick_place:/home/ningbo@netid.washington.edu/ros2_ws/install/ros2controlcli:/home/ningbo@netid.washington.edu/ros2_ws/install/ros2_controllers_test_nodes:/home/ningbo@netid.washington.edu/ros2_ws/install/ros2_control_demo_testing:/opt/ros/humble /usr/bin/cmake /home/ningbo@netid.washington.edu/robotics/my_ros2_ws/src/ros-controls/realtime_tools -DAMENT_CMAKE_SYMLINK_INSTALL=1 -DCMAKE_INSTALL_PREFIX=/home/ningbo@netid.washington.edu/robotics/my_ros2_ws/install/realtime_tools
[2.190s] -- The CXX compiler identification is GNU 11.4.0
[2.191s] -- Detecting CXX compiler ABI info
[2.193s] -- Detecting CXX compiler ABI info - done
[2.194s] -- Check for working CXX compiler: /usr/bin/c++ - skipped
[2.195s] -- Detecting CXX compile features
[2.195s] -- Detecting CXX compile features - done
[2.195s] -- Found ament_cmake: 1.3.11 (/opt/ros/humble/share/ament_cmake/cmake)
[3.235s] -- Found Python3: /usr/bin/python3 (found version "3.10.12") found components: Interpreter 
[3.576s] -- Override CMake install command with custom implementation using symlinks instead of copying resources
[4.461s] -- Found rclcpp: 16.0.11 (/opt/ros/humble/share/rclcpp/cmake)
[5.630s] -- Found rosidl_generator_c: 3.1.6 (/opt/ros/humble/share/rosidl_generator_c/cmake)
[5.720s] -- Found rosidl_adapter: 3.1.6 (/opt/ros/humble/share/rosidl_adapter/cmake)
[5.829s] -- Found rosidl_generator_cpp: 3.1.6 (/opt/ros/humble/share/rosidl_generator_cpp/cmake)
[6.059s] -- Using all available rosidl_typesupport_c: rosidl_typesupport_fastrtps_c;rosidl_typesupport_introspection_c
[6.269s] -- Using all available rosidl_typesupport_cpp: rosidl_typesupport_fastrtps_cpp;rosidl_typesupport_introspection_cpp
[6.983s] -- Found rmw_implementation_cmake: 6.1.2 (/opt/ros/humble/share/rmw_implementation_cmake/cmake)
[7.059s] -- Found rmw_fastrtps_cpp: 6.2.7 (/opt/ros/humble/share/rmw_fastrtps_cpp/cmake)
[8.500s] -- Found OpenSSL: /usr/lib/x86_64-linux-gnu/libcrypto.so (found version "3.0.2")  
[9.004s] -- Found FastRTPS: /opt/ros/humble/include  
[9.711s] -- Using RMW implementation 'rmw_fastrtps_cpp' as default
[10.004s] -- Looking for C++ include pthread.h
[10.826s] -- Looking for C++ include pthread.h - found
[10.831s] -- Performing Test CMAKE_HAVE_LIBC_PTHREAD
[11.527s] -- Performing Test CMAKE_HAVE_LIBC_PTHREAD - Success
[11.535s] -- Found Threads: TRUE  
[12.338s] -- Found rclcpp_action: 16.0.11 (/opt/ros/humble/share/rclcpp_action/cmake)
[12.842s] -- Found Boost: /usr/lib/x86_64-linux-gnu/cmake/Boost-1.74.0/BoostConfig.cmake (found version "1.74.0") found components: headers 
[13.297s] -- Found ament_cmake_gmock: 1.3.11 (/opt/ros/humble/share/ament_cmake_gmock/cmake)
[13.377s] -- Found lifecycle_msgs: 1.2.1 (/opt/ros/humble/share/lifecycle_msgs/cmake)
[13.491s] -- Found rclcpp_lifecycle: 16.0.11 (/opt/ros/humble/share/rclcpp_lifecycle/cmake)
[13.694s] -- Found test_msgs: 1.2.1 (/opt/ros/humble/share/test_msgs/cmake)
[13.997s] -- Found gmock sources under '/opt/ros/humble/src/gmock_vendor': C++ tests using 'Google Mock' will be built
[14.417s] -- The C compiler identification is GNU 11.4.0
[14.477s] -- Detecting C compiler ABI info
[15.262s] -- Detecting C compiler ABI info - done
[15.321s] -- Check for working C compiler: /usr/bin/cc - skipped
[15.326s] -- Detecting C compile features
[15.328s] -- Detecting C compile features - done
[15.530s] -- Found ament_cmake_gtest: 1.3.11 (/opt/ros/humble/share/ament_cmake_gtest/cmake)
[15.533s] -- Found gtest sources under '/opt/ros/humble/src/gtest_vendor': C++ tests using 'Google Test' will be built
[16.879s] -- Configuring done
[17.198s] -- Generating done
[17.278s] -- Build files have been written to: /home/ningbo@netid.washington.edu/robotics/my_ros2_ws/build/realtime_tools
[17.318s] Invoked command in '/home/ningbo@netid.washington.edu/robotics/my_ros2_ws/build/realtime_tools' returned '0': CMAKE_PREFIX_PATH=${CMAKE_PREFIX_PATH}:/home/ningbo@netid.washington.edu/robotics/my_ws/install/rqt_joint_trajectory_controller:/home/ningbo@netid.washington.edu/robotics/my_ws/install/rqt_controller_manager:/home/ningbo@netid.washington.edu/robotics/my_ws/install/ros2controlcli:/home/ningbo@netid.washington.edu/robotics/my_ws/install/ros2_controllers_test_nodes:/home/ningbo@netid.washington.edu/robotics/my_ws/install/ros2_control_demo_testing:/home/ningbo@netid.washington.edu/robotics/my_ws/install/pick_place:/home/ningbo@netid.washington.edu/ros2_ws/install/ros2controlcli:/home/ningbo@netid.washington.edu/ros2_ws/install/ros2_controllers_test_nodes:/home/ningbo@netid.washington.edu/ros2_ws/install/ros2_control_demo_testing:/opt/ros/humble /usr/bin/cmake /home/ningbo@netid.washington.edu/robotics/my_ros2_ws/src/ros-controls/realtime_tools -DAMENT_CMAKE_SYMLINK_INSTALL=1 -DCMAKE_INSTALL_PREFIX=/home/ningbo@netid.washington.edu/robotics/my_ros2_ws/install/realtime_tools
[17.331s] Invoking command in '/home/ningbo@netid.washington.edu/robotics/my_ros2_ws/build/realtime_tools': CMAKE_PREFIX_PATH=${CMAKE_PREFIX_PATH}:/home/ningbo@netid.washington.edu/robotics/my_ws/install/rqt_joint_trajectory_controller:/home/ningbo@netid.washington.edu/robotics/my_ws/install/rqt_controller_manager:/home/ningbo@netid.washington.edu/robotics/my_ws/install/ros2controlcli:/home/ningbo@netid.washington.edu/robotics/my_ws/install/ros2_controllers_test_nodes:/home/ningbo@netid.washington.edu/robotics/my_ws/install/ros2_control_demo_testing:/home/ningbo@netid.washington.edu/robotics/my_ws/install/pick_place:/home/ningbo@netid.washington.edu/ros2_ws/install/ros2controlcli:/home/ningbo@netid.washington.edu/ros2_ws/install/ros2_controllers_test_nodes:/home/ningbo@netid.washington.edu/ros2_ws/install/ros2_control_demo_testing:/opt/ros/humble /usr/bin/cmake --build /home/ningbo@netid.washington.edu/robotics/my_ros2_ws/build/realtime_tools -- -j8 -l8
[23.448s] [  3%] [32mBuilding CXX object CMakeFiles/realtime_tools.dir/src/realtime_clock.cpp.o[0m
[23.449s] [  6%] [32mBuilding CXX object CMakeFiles/realtime_tools.dir/src/realtime_helpers.cpp.o[0m
[25.916s] [  9%] [32m[1mLinking CXX shared library librealtime_tools.so[0m
[26.804s] [  9%] Built target realtime_tools
[27.135s] [ 12%] [32mBuilding CXX object gmock/CMakeFiles/gmock.dir/opt/ros/humble/src/gtest_vendor/src/gtest-all.cc.o[0m
[40.186s] [ 15%] [32mBuilding CXX object gmock/CMakeFiles/gmock.dir/src/gmock-all.cc.o[0m
[48.081s] [ 18%] [32m[1mLinking CXX static library libgmock.a[0m
[49.003s] [ 18%] Built target gmock
[49.346s] [ 21%] [32mBuilding CXX object gmock/CMakeFiles/gmock_main.dir/src/gmock_main.cc.o[0m
[56.618s] [ 25%] [32m[1mLinking CXX static library libgmock_main.a[0m
[57.343s] [ 25%] Built target gmock_main
[57.699s] [ 28%] [32mBuilding CXX object CMakeFiles/thread_priority.dir/src/realtime_helpers.cpp.o[0m
[60.518s] [ 31%] [32m[1mLinking CXX shared library libthread_priority.so[0m
[61.213s] [ 31%] Built target thread_priority
[61.509s] [ 34%] [32mBuilding CXX object CMakeFiles/realtime_publisher_tests.dir/test/realtime_publisher_tests.cpp.o[0m
[73.774s] [01m[K/home/ningbo@netid.washington.edu/robotics/my_ros2_ws/src/ros-controls/realtime_tools/test/realtime_publisher_tests.cpp:[m[K In member function ‘[01m[Kvirtual void RealtimePublisher_construct_destruct_Test::TestBody()[m[K’:
[73.775s] [01m[K/home/ningbo@netid.washington.edu/robotics/my_ros2_ws/src/ros-controls/realtime_tools/test/realtime_publisher_tests.cpp:45:76:[m[K [01;35m[Kwarning: [m[K‘[01m[Krealtime_tools::RealtimePublisher<MessageT>::RealtimePublisher() [with MessageT = test_msgs::msg::Strings_<std::allocator<void> >][m[K’ is deprecated: Use constructor with rclcpp::Publisher<T>::SharedPtr instead - this class does not make sense without a real publisher [[01;35m[K]8;;https://gcc.gnu.org/onlinedocs/gcc/Warning-Options.html#index-Wdeprecated-declarations-Wdeprecated-declarations]8;;[m[K]
[73.775s]    45 | Publisher, construct_destruct) { RealtimePublisher<StringMsg> [01;35m[Krt_pub[m[K; }
[73.775s]       |                                                               [01;35m[K^~~~~~[m[K
[73.775s] 
[73.775s] In file included from [01m[K/home/ningbo@netid.washington.edu/robotics/my_ros2_ws/src/ros-controls/realtime_tools/test/realtime_publisher_tests.cpp:39[m[K:
[73.776s] [01m[K/home/ningbo@netid.washington.edu/robotics/my_ros2_ws/src/ros-controls/realtime_tools/include/realtime_tools/realtime_publisher.hpp:81:3:[m[K [01;36m[Knote: [m[Kdeclared here
[73.776s]    81 |   [01;36m[KRealtimePublisher[m[K()
[73.776s]       |   [01;36m[K^~~~~~~~~~~~~~~~~[m[K
[92.232s] [ 37%] [32m[1mLinking CXX executable realtime_publisher_tests[0m
[93.928s] [ 37%] Built target realtime_publisher_tests
[94.188s] [ 40%] [32mBuilding CXX object CMakeFiles/realtime_server_goal_handle_tests.dir/test/realtime_server_goal_handle_tests.cpp.o[0m
[108.257s] [ 43%] [32m[1mLinking CXX executable realtime_server_goal_handle_tests[0m
[109.426s] [ 43%] Built target realtime_server_goal_handle_tests
[109.596s] [ 46%] [32mBuilding CXX object CMakeFiles/test_async_function_handler.dir/test/test_async_function_handler.cpp.o[0m
[123.716s] [ 50%] [32m[1mLinking CXX executable test_async_function_handler[0m
[124.735s] [ 50%] Built target test_async_function_handler
[124.963s] [ 53%] [32mBuilding CXX object CMakeFiles/realtime_mutex_tests.dir/test/realtime_mutex_tests.cpp.o[0m
[131.853s] [ 56%] [32m[1mLinking CXX executable realtime_mutex_tests[0m
[132.499s] [ 56%] Built target realtime_mutex_tests
[132.694s] [ 59%] [32mBuilding CXX object CMakeFiles/thread_priority_tests.dir/test/thread_priority_tests.cpp.o[0m
[137.908s] [ 62%] [32m[1mLinking CXX executable thread_priority_tests[0m
[138.465s] [ 62%] Built target thread_priority_tests
[138.591s] [ 65%] [32mBuilding CXX object CMakeFiles/realtime_publisher_tests_non_polling.dir/test/realtime_publisher_tests_non_polling.cpp.o[0m
[144.785s] [01m[K/home/ningbo@netid.washington.edu/robotics/my_ros2_ws/src/ros-controls/realtime_tools/test/realtime_publisher_tests_non_polling.cpp:[m[K In member function ‘[01m[Kvirtual void RealtimePublisherNonPolling_construct_destruct_Test::TestBody()[m[K’:
[144.785s] [01m[K/home/ningbo@netid.washington.edu/robotics/my_ros2_ws/src/ros-controls/realtime_tools/test/realtime_publisher_tests_non_polling.cpp:47:86:[m[K [01;35m[Kwarning: [m[K‘[01m[Krealtime_tools::RealtimePublisher<MessageT>::RealtimePublisher() [with MessageT = test_msgs::msg::Strings_<std::allocator<void> >][m[K’ is deprecated: Use constructor with rclcpp::Publisher<T>::SharedPtr instead - this class does not make sense without a real publisher [[01;35m[K]8;;https://gcc.gnu.org/onlinedocs/gcc/Warning-Options.html#index-Wdeprecated-declarations-Wdeprecated-declarations]8;;[m[K]
[144.785s]    47 | onPolling, construct_destruct) { RealtimePublisher<StringMsg> [01;35m[Krt_pub[m[K; }
[144.786s]       |                                                               [01;35m[K^~~~~~[m[K
[144.786s] 
[144.786s] In file included from [01m[K/home/ningbo@netid.washington.edu/robotics/my_ros2_ws/src/ros-controls/realtime_tools/test/realtime_publisher_tests_non_polling.cpp:41[m[K:
[144.786s] [01m[K/home/ningbo@netid.washington.edu/robotics/my_ros2_ws/src/ros-controls/realtime_tools/include/realtime_tools/realtime_publisher.hpp:81:3:[m[K [01;36m[Knote: [m[Kdeclared here
[144.786s]    81 |   [01;36m[KRealtimePublisher[m[K()
[144.787s]       |   [01;36m[K^~~~~~~~~~~~~~~~~[m[K
[159.593s] [ 68%] [32m[1mLinking CXX executable realtime_publisher_tests_non_polling[0m
[160.981s] [ 68%] Built target realtime_publisher_tests_non_polling
[161.117s] [ 71%] [32mBuilding CXX object CMakeFiles/realtime_clock_tests.dir/test/realtime_clock_tests.cpp.o[0m
[165.913s] [ 75%] [32m[1mLinking CXX executable realtime_clock_tests[0m
[166.554s] [ 75%] Built target realtime_clock_tests
[166.691s] [ 78%] [32mBuilding CXX object CMakeFiles/lock_free_queue_tests.dir/test/lock_free_queue_tests.cpp.o[0m
[176.852s] [ 81%] [32m[1mLinking CXX executable lock_free_queue_tests[0m
[177.614s] [ 81%] Built target lock_free_queue_tests
[177.771s] [ 84%] [32mBuilding CXX object CMakeFiles/realtime_buffer_tests.dir/test/realtime_buffer_tests.cpp.o[0m
[182.812s] [ 87%] [32m[1mLinking CXX executable realtime_buffer_tests[0m
[183.590s] [ 87%] Built target realtime_buffer_tests
[183.748s] [ 90%] [32mBuilding CXX object CMakeFiles/realtime_box_best_effort_tests.dir/test/realtime_box_best_effort_tests.cpp.o[0m
[189.445s] [ 93%] [32m[1mLinking CXX executable realtime_box_best_effort_tests[0m
[190.084s] [ 93%] Built target realtime_box_best_effort_tests
[190.241s] [ 96%] [32mBuilding CXX object CMakeFiles/realtime_box_tests.dir/test/realtime_box_tests.cpp.o[0m
[195.254s] [100%] [32m[1mLinking CXX executable realtime_box_tests[0m
[196.013s] [100%] Built target realtime_box_tests
[196.085s] Invoked command in '/home/ningbo@netid.washington.edu/robotics/my_ros2_ws/build/realtime_tools' returned '0': CMAKE_PREFIX_PATH=${CMAKE_PREFIX_PATH}:/home/ningbo@netid.washington.edu/robotics/my_ws/install/rqt_joint_trajectory_controller:/home/ningbo@netid.washington.edu/robotics/my_ws/install/rqt_controller_manager:/home/ningbo@netid.washington.edu/robotics/my_ws/install/ros2controlcli:/home/ningbo@netid.washington.edu/robotics/my_ws/install/ros2_controllers_test_nodes:/home/ningbo@netid.washington.edu/robotics/my_ws/install/ros2_control_demo_testing:/home/ningbo@netid.washington.edu/robotics/my_ws/install/pick_place:/home/ningbo@netid.washington.edu/ros2_ws/install/ros2controlcli:/home/ningbo@netid.washington.edu/ros2_ws/install/ros2_controllers_test_nodes:/home/ningbo@netid.washington.edu/ros2_ws/install/ros2_control_demo_testing:/opt/ros/humble /usr/bin/cmake --build /home/ningbo@netid.washington.edu/robotics/my_ros2_ws/build/realtime_tools -- -j8 -l8
[196.098s] Invoking command in '/home/ningbo@netid.washington.edu/robotics/my_ros2_ws/build/realtime_tools': CMAKE_PREFIX_PATH=${CMAKE_PREFIX_PATH}:/home/ningbo@netid.washington.edu/robotics/my_ws/install/rqt_joint_trajectory_controller:/home/ningbo@netid.washington.edu/robotics/my_ws/install/rqt_controller_manager:/home/ningbo@netid.washington.edu/robotics/my_ws/install/ros2controlcli:/home/ningbo@netid.washington.edu/robotics/my_ws/install/ros2_controllers_test_nodes:/home/ningbo@netid.washington.edu/robotics/my_ws/install/ros2_control_demo_testing:/home/ningbo@netid.washington.edu/robotics/my_ws/install/pick_place:/home/ningbo@netid.washington.edu/ros2_ws/install/ros2controlcli:/home/ningbo@netid.washington.edu/ros2_ws/install/ros2_controllers_test_nodes:/home/ningbo@netid.washington.edu/ros2_ws/install/ros2_control_demo_testing:/opt/ros/humble /usr/bin/cmake --install /home/ningbo@netid.washington.edu/robotics/my_ros2_ws/build/realtime_tools
[196.143s] -- Install configuration: ""
[196.147s] -- Execute custom install script
[196.147s] -- Symlinking: /home/ningbo@netid.washington.edu/robotics/my_ros2_ws/install/realtime_tools/include/realtime_tools/realtime_tools/async_function_handler.hpp
[196.201s] -- Symlinking: /home/ningbo@netid.washington.edu/robotics/my_ros2_ws/install/realtime_tools/include/realtime_tools/realtime_tools/lock_free_queue.hpp
[196.249s] -- Symlinking: /home/ningbo@netid.washington.edu/robotics/my_ros2_ws/install/realtime_tools/include/realtime_tools/realtime_tools/mutex.hpp
[196.305s] -- Symlinking: /home/ningbo@netid.washington.edu/robotics/my_ros2_ws/install/realtime_tools/include/realtime_tools/realtime_tools/realtime_box.h
[196.363s] -- Symlinking: /home/ningbo@netid.washington.edu/robotics/my_ros2_ws/install/realtime_tools/include/realtime_tools/realtime_tools/realtime_box.hpp
[196.422s] -- Symlinking: /home/ningbo@netid.washington.edu/robotics/my_ros2_ws/install/realtime_tools/include/realtime_tools/realtime_tools/realtime_box_best_effort.h
[196.474s] -- Symlinking: /home/ningbo@netid.washington.edu/robotics/my_ros2_ws/install/realtime_tools/include/realtime_tools/realtime_tools/realtime_box_best_effort.hpp
[196.529s] -- Symlinking: /home/ningbo@netid.washington.edu/robotics/my_ros2_ws/install/realtime_tools/include/realtime_tools/realtime_tools/realtime_buffer.h
[196.583s] -- Symlinking: /home/ningbo@netid.washington.edu/robotics/my_ros2_ws/install/realtime_tools/include/realtime_tools/realtime_tools/realtime_buffer.hpp
[196.639s] -- Symlinking: /home/ningbo@netid.washington.edu/robotics/my_ros2_ws/install/realtime_tools/include/realtime_tools/realtime_tools/realtime_clock.h
[196.694s] -- Symlinking: /home/ningbo@netid.washington.edu/robotics/my_ros2_ws/install/realtime_tools/include/realtime_tools/realtime_tools/realtime_clock.hpp
[196.748s] -- Symlinking: /home/ningbo@netid.washington.edu/robotics/my_ros2_ws/install/realtime_tools/include/realtime_tools/realtime_tools/realtime_helpers.hpp
[196.801s] -- Symlinking: /home/ningbo@netid.washington.edu/robotics/my_ros2_ws/install/realtime_tools/include/realtime_tools/realtime_tools/realtime_publisher.h
[196.847s] -- Symlinking: /home/ningbo@netid.washington.edu/robotics/my_ros2_ws/install/realtime_tools/include/realtime_tools/realtime_tools/realtime_publisher.hpp
[196.888s] -- Symlinking: /home/ningbo@netid.washington.edu/robotics/my_ros2_ws/install/realtime_tools/include/realtime_tools/realtime_tools/realtime_server_goal_handle.h
[196.942s] -- Symlinking: /home/ningbo@netid.washington.edu/robotics/my_ros2_ws/install/realtime_tools/include/realtime_tools/realtime_tools/realtime_server_goal_handle.hpp
[196.993s] -- Symlinking: /home/ningbo@netid.washington.edu/robotics/my_ros2_ws/install/realtime_tools/include/realtime_tools/realtime_tools/thread_priority.hpp
[197.051s] -- Symlinking: /home/ningbo@netid.washington.edu/robotics/my_ros2_ws/install/realtime_tools/share/realtime_tools/environment/library_path.sh
[197.106s] -- Symlinking: /home/ningbo@netid.washington.edu/robotics/my_ros2_ws/install/realtime_tools/share/realtime_tools/environment/library_path.dsv
[197.162s] -- Symlinking: /home/ningbo@netid.washington.edu/robotics/my_ros2_ws/install/realtime_tools/share/ament_index/resource_index/package_run_dependencies/realtime_tools
[197.219s] -- Symlinking: /home/ningbo@netid.washington.edu/robotics/my_ros2_ws/install/realtime_tools/share/ament_index/resource_index/parent_prefix_path/realtime_tools
[197.267s] -- Symlinking: /home/ningbo@netid.washington.edu/robotics/my_ros2_ws/install/realtime_tools/share/realtime_tools/environment/ament_prefix_path.sh
[197.328s] -- Symlinking: /home/ningbo@netid.washington.edu/robotics/my_ros2_ws/install/realtime_tools/share/realtime_tools/environment/ament_prefix_path.dsv
[197.384s] -- Symlinking: /home/ningbo@netid.washington.edu/robotics/my_ros2_ws/install/realtime_tools/share/realtime_tools/environment/path.sh
[197.441s] -- Symlinking: /home/ningbo@netid.washington.edu/robotics/my_ros2_ws/install/realtime_tools/share/realtime_tools/environment/path.dsv
[197.498s] -- Symlinking: /home/ningbo@netid.washington.edu/robotics/my_ros2_ws/install/realtime_tools/share/realtime_tools/local_setup.bash
[197.559s] -- Symlinking: /home/ningbo@netid.washington.edu/robotics/my_ros2_ws/install/realtime_tools/share/realtime_tools/local_setup.sh
[197.608s] -- Symlinking: /home/ningbo@netid.washington.edu/robotics/my_ros2_ws/install/realtime_tools/share/realtime_tools/local_setup.zsh
[197.651s] -- Symlinking: /home/ningbo@netid.washington.edu/robotics/my_ros2_ws/install/realtime_tools/share/realtime_tools/local_setup.dsv
[197.706s] -- Symlinking: /home/ningbo@netid.washington.edu/robotics/my_ros2_ws/install/realtime_tools/share/realtime_tools/package.dsv
[197.759s] -- Symlinking: /home/ningbo@netid.washington.edu/robotics/my_ros2_ws/install/realtime_tools/share/ament_index/resource_index/packages/realtime_tools
[197.816s] -- Symlinking: /home/ningbo@netid.washington.edu/robotics/my_ros2_ws/install/realtime_tools/share/realtime_tools/cmake/ament_cmake_export_targets-extras.cmake
[197.864s] -- Symlinking: /home/ningbo@netid.washington.edu/robotics/my_ros2_ws/install/realtime_tools/share/realtime_tools/cmake/ament_cmake_export_dependencies-extras.cmake
[197.919s] -- Symlinking: /home/ningbo@netid.washington.edu/robotics/my_ros2_ws/install/realtime_tools/share/realtime_tools/cmake/realtime_toolsConfig.cmake
[197.970s] -- Symlinking: /home/ningbo@netid.washington.edu/robotics/my_ros2_ws/install/realtime_tools/share/realtime_tools/cmake/realtime_toolsConfig-version.cmake
[198.030s] -- Symlinking: /home/ningbo@netid.washington.edu/robotics/my_ros2_ws/install/realtime_tools/share/realtime_tools/package.xml
[198.092s] -- Installing: /home/ningbo@netid.washington.edu/robotics/my_ros2_ws/install/realtime_tools/lib/librealtime_tools.so
[198.094s] -- Set runtime path of "/home/ningbo@netid.washington.edu/robotics/my_ros2_ws/install/realtime_tools/lib/librealtime_tools.so" to ""
[198.096s] -- Installing: /home/ningbo@netid.washington.edu/robotics/my_ros2_ws/install/realtime_tools/lib/libthread_priority.so
[198.096s] -- Set runtime path of "/home/ningbo@netid.washington.edu/robotics/my_ros2_ws/install/realtime_tools/lib/libthread_priority.so" to ""
[198.097s] -- Installing: /home/ningbo@netid.washington.edu/robotics/my_ros2_ws/install/realtime_tools/share/realtime_tools/cmake/export_realtime_toolsExport.cmake
[198.097s] -- Installing: /home/ningbo@netid.washington.edu/robotics/my_ros2_ws/install/realtime_tools/share/realtime_tools/cmake/export_realtime_toolsExport-noconfig.cmake
[198.105s] Invoked command in '/home/ningbo@netid.washington.edu/robotics/my_ros2_ws/build/realtime_tools' returned '0': CMAKE_PREFIX_PATH=${CMAKE_PREFIX_PATH}:/home/ningbo@netid.washington.edu/robotics/my_ws/install/rqt_joint_trajectory_controller:/home/ningbo@netid.washington.edu/robotics/my_ws/install/rqt_controller_manager:/home/ningbo@netid.washington.edu/robotics/my_ws/install/ros2controlcli:/home/ningbo@netid.washington.edu/robotics/my_ws/install/ros2_controllers_test_nodes:/home/ningbo@netid.washington.edu/robotics/my_ws/install/ros2_control_demo_testing:/home/ningbo@netid.washington.edu/robotics/my_ws/install/pick_place:/home/ningbo@netid.washington.edu/ros2_ws/install/ros2controlcli:/home/ningbo@netid.washington.edu/ros2_ws/install/ros2_controllers_test_nodes:/home/ningbo@netid.washington.edu/ros2_ws/install/ros2_control_demo_testing:/opt/ros/humble /usr/bin/cmake --install /home/ningbo@netid.washington.edu/robotics/my_ros2_ws/build/realtime_tools
