[0.217s] Invoking command in '/home/ningbo@netid.washington.edu/robotics/my_ros2_ws/build/ros2_control_demo_description': CMAKE_PREFIX_PATH=${CMAKE_PREFIX_PATH}:/home/ningbo@netid.washington.edu/robotics/my_ws/install/rqt_joint_trajectory_controller:/home/ningbo@netid.washington.edu/robotics/my_ws/install/rqt_controller_manager:/home/ningbo@netid.washington.edu/robotics/my_ws/install/ros2controlcli:/home/ningbo@netid.washington.edu/robotics/my_ws/install/ros2_controllers_test_nodes:/home/ningbo@netid.washington.edu/robotics/my_ws/install/ros2_control_demo_testing:/home/ningbo@netid.washington.edu/robotics/my_ws/install/pick_place:/home/ningbo@netid.washington.edu/ros2_ws/install/ros2controlcli:/home/ningbo@netid.washington.edu/ros2_ws/install/ros2_controllers_test_nodes:/home/ningbo@netid.washington.edu/ros2_ws/install/ros2_control_demo_testing:/opt/ros/humble /usr/bin/cmake /home/ningbo@netid.washington.edu/robotics/my_ros2_ws/src/ros-controls/ros2_control_demos/ros2_control_demo_description -DAMENT_CMAKE_SYMLINK_INSTALL=1 -DCMAKE_INSTALL_PREFIX=/home/ningbo@netid.washington.edu/robotics/my_ros2_ws/install/ros2_control_demo_description
[2.131s] -- The C compiler identification is GNU 11.4.0
[2.131s] -- The CXX compiler identification is GNU 11.4.0
[2.131s] -- Detecting C compiler ABI info
[2.131s] -- Detecting C compiler ABI info - done
[2.132s] -- Check for working C compiler: /usr/bin/cc - skipped
[2.132s] -- Detecting C compile features
[2.132s] -- Detecting C compile features - done
[2.132s] -- Detecting CXX compiler ABI info
[2.534s] -- Detecting CXX compiler ABI info - done
[2.564s] -- Check for working CXX compiler: /usr/bin/c++ - skipped
[2.565s] -- Detecting CXX compile features
[2.567s] -- Detecting CXX compile features - done
[2.628s] -- Found ament_cmake: 1.3.11 (/opt/ros/humble/share/ament_cmake/cmake)
[4.006s] -- Found Python3: /usr/bin/python3 (found version "3.10.12") found components: Interpreter 
[4.298s] -- Override CMake install command with custom implementation using symlinks instead of copying resources
[6.152s] -- Configuring done
[6.176s] -- Generating done
[6.181s] -- Build files have been written to: /home/ningbo@netid.washington.edu/robotics/my_ros2_ws/build/ros2_control_demo_description
[6.209s] Invoked command in '/home/ningbo@netid.washington.edu/robotics/my_ros2_ws/build/ros2_control_demo_description' returned '0': CMAKE_PREFIX_PATH=${CMAKE_PREFIX_PATH}:/home/ningbo@netid.washington.edu/robotics/my_ws/install/rqt_joint_trajectory_controller:/home/ningbo@netid.washington.edu/robotics/my_ws/install/rqt_controller_manager:/home/ningbo@netid.washington.edu/robotics/my_ws/install/ros2controlcli:/home/ningbo@netid.washington.edu/robotics/my_ws/install/ros2_controllers_test_nodes:/home/ningbo@netid.washington.edu/robotics/my_ws/install/ros2_control_demo_testing:/home/ningbo@netid.washington.edu/robotics/my_ws/install/pick_place:/home/ningbo@netid.washington.edu/ros2_ws/install/ros2controlcli:/home/ningbo@netid.washington.edu/ros2_ws/install/ros2_controllers_test_nodes:/home/ningbo@netid.washington.edu/ros2_ws/install/ros2_control_demo_testing:/opt/ros/humble /usr/bin/cmake /home/ningbo@netid.washington.edu/robotics/my_ros2_ws/src/ros-controls/ros2_control_demos/ros2_control_demo_description -DAMENT_CMAKE_SYMLINK_INSTALL=1 -DCMAKE_INSTALL_PREFIX=/home/ningbo@netid.washington.edu/robotics/my_ros2_ws/install/ros2_control_demo_description
[6.215s] Invoking command in '/home/ningbo@netid.washington.edu/robotics/my_ros2_ws/build/ros2_control_demo_description': CMAKE_PREFIX_PATH=${CMAKE_PREFIX_PATH}:/home/ningbo@netid.washington.edu/robotics/my_ws/install/rqt_joint_trajectory_controller:/home/ningbo@netid.washington.edu/robotics/my_ws/install/rqt_controller_manager:/home/ningbo@netid.washington.edu/robotics/my_ws/install/ros2controlcli:/home/ningbo@netid.washington.edu/robotics/my_ws/install/ros2_controllers_test_nodes:/home/ningbo@netid.washington.edu/robotics/my_ws/install/ros2_control_demo_testing:/home/ningbo@netid.washington.edu/robotics/my_ws/install/pick_place:/home/ningbo@netid.washington.edu/ros2_ws/install/ros2controlcli:/home/ningbo@netid.washington.edu/ros2_ws/install/ros2_controllers_test_nodes:/home/ningbo@netid.washington.edu/ros2_ws/install/ros2_control_demo_testing:/opt/ros/humble /usr/bin/cmake --build /home/ningbo@netid.washington.edu/robotics/my_ros2_ws/build/ros2_control_demo_description -- -j8 -l8
[6.995s] Invoked command in '/home/ningbo@netid.washington.edu/robotics/my_ros2_ws/build/ros2_control_demo_description' returned '0': CMAKE_PREFIX_PATH=${CMAKE_PREFIX_PATH}:/home/ningbo@netid.washington.edu/robotics/my_ws/install/rqt_joint_trajectory_controller:/home/ningbo@netid.washington.edu/robotics/my_ws/install/rqt_controller_manager:/home/ningbo@netid.washington.edu/robotics/my_ws/install/ros2controlcli:/home/ningbo@netid.washington.edu/robotics/my_ws/install/ros2_controllers_test_nodes:/home/ningbo@netid.washington.edu/robotics/my_ws/install/ros2_control_demo_testing:/home/ningbo@netid.washington.edu/robotics/my_ws/install/pick_place:/home/ningbo@netid.washington.edu/ros2_ws/install/ros2controlcli:/home/ningbo@netid.washington.edu/ros2_ws/install/ros2_controllers_test_nodes:/home/ningbo@netid.washington.edu/ros2_ws/install/ros2_control_demo_testing:/opt/ros/humble /usr/bin/cmake --build /home/ningbo@netid.washington.edu/robotics/my_ros2_ws/build/ros2_control_demo_description -- -j8 -l8
[7.079s] Invoking command in '/home/ningbo@netid.washington.edu/robotics/my_ros2_ws/build/ros2_control_demo_description': CMAKE_PREFIX_PATH=${CMAKE_PREFIX_PATH}:/home/ningbo@netid.washington.edu/robotics/my_ws/install/rqt_joint_trajectory_controller:/home/ningbo@netid.washington.edu/robotics/my_ws/install/rqt_controller_manager:/home/ningbo@netid.washington.edu/robotics/my_ws/install/ros2controlcli:/home/ningbo@netid.washington.edu/robotics/my_ws/install/ros2_controllers_test_nodes:/home/ningbo@netid.washington.edu/robotics/my_ws/install/ros2_control_demo_testing:/home/ningbo@netid.washington.edu/robotics/my_ws/install/pick_place:/home/ningbo@netid.washington.edu/ros2_ws/install/ros2controlcli:/home/ningbo@netid.washington.edu/ros2_ws/install/ros2_controllers_test_nodes:/home/ningbo@netid.washington.edu/ros2_ws/install/ros2_control_demo_testing:/opt/ros/humble /usr/bin/cmake --install /home/ningbo@netid.washington.edu/robotics/my_ros2_ws/build/ros2_control_demo_description
[7.400s] -- Install configuration: ""
[7.400s] -- Execute custom install script
[7.401s] -- Symlinking: /home/ningbo@netid.washington.edu/robotics/my_ros2_ws/install/ros2_control_demo_description/share/ros2_control_demo_description/rrbot/urdf/rrbot.materials.xacro
[7.401s] -- Symlinking: /home/ningbo@netid.washington.edu/robotics/my_ros2_ws/install/ros2_control_demo_description/share/ros2_control_demo_description/rrbot/urdf/rrbot_description.urdf.xacro
[7.401s] -- Symlinking: /home/ningbo@netid.washington.edu/robotics/my_ros2_ws/install/ros2_control_demo_description/share/ros2_control_demo_description/rrbot/rviz/rrbot.rviz
[7.401s] -- Symlinking: /home/ningbo@netid.washington.edu/robotics/my_ros2_ws/install/ros2_control_demo_description/share/ros2_control_demo_description/diffbot/urdf/diffbot.materials.xacro
[7.489s] -- Symlinking: /home/ningbo@netid.washington.edu/robotics/my_ros2_ws/install/ros2_control_demo_description/share/ros2_control_demo_description/diffbot/urdf/diffbot_description.urdf.xacro
[7.588s] -- Symlinking: /home/ningbo@netid.washington.edu/robotics/my_ros2_ws/install/ros2_control_demo_description/share/ros2_control_demo_description/diffbot/rviz/diffbot.rviz
[7.684s] -- Symlinking: /home/ningbo@netid.washington.edu/robotics/my_ros2_ws/install/ros2_control_demo_description/share/ros2_control_demo_description/diffbot/rviz/diffbot_view.rviz
[7.802s] -- Symlinking: /home/ningbo@netid.washington.edu/robotics/my_ros2_ws/install/ros2_control_demo_description/share/ros2_control_demo_description/carlikebot/urdf/carlikebot.materials.xacro
[7.912s] -- Symlinking: /home/ningbo@netid.washington.edu/robotics/my_ros2_ws/install/ros2_control_demo_description/share/ros2_control_demo_description/carlikebot/urdf/carlikebot_description.urdf.xacro
[7.998s] -- Symlinking: /home/ningbo@netid.washington.edu/robotics/my_ros2_ws/install/ros2_control_demo_description/share/ros2_control_demo_description/carlikebot/rviz/carlikebot.rviz
[8.094s] -- Symlinking: /home/ningbo@netid.washington.edu/robotics/my_ros2_ws/install/ros2_control_demo_description/share/ros2_control_demo_description/carlikebot/rviz/carlikebot_view.rviz
[8.208s] -- Symlinking: /home/ningbo@netid.washington.edu/robotics/my_ros2_ws/install/ros2_control_demo_description/share/ros2_control_demo_description/r3bot/urdf/threedofbot_description.urdf.xacro
[8.277s] -- Symlinking: /home/ningbo@netid.washington.edu/robotics/my_ros2_ws/install/ros2_control_demo_description/share/ros2_control_demo_description/r6bot/meshes/collision/link_0.stl
[8.348s] -- Symlinking: /home/ningbo@netid.washington.edu/robotics/my_ros2_ws/install/ros2_control_demo_description/share/ros2_control_demo_description/r6bot/meshes/collision/link_1.stl
[8.410s] -- Symlinking: /home/ningbo@netid.washington.edu/robotics/my_ros2_ws/install/ros2_control_demo_description/share/ros2_control_demo_description/r6bot/meshes/collision/link_2.stl
[8.544s] -- Symlinking: /home/ningbo@netid.washington.edu/robotics/my_ros2_ws/install/ros2_control_demo_description/share/ros2_control_demo_description/r6bot/meshes/collision/link_3.stl
[8.670s] -- Symlinking: /home/ningbo@netid.washington.edu/robotics/my_ros2_ws/install/ros2_control_demo_description/share/ros2_control_demo_description/r6bot/meshes/collision/link_4.stl
[8.771s] -- Symlinking: /home/ningbo@netid.washington.edu/robotics/my_ros2_ws/install/ros2_control_demo_description/share/ros2_control_demo_description/r6bot/meshes/collision/link_5.stl
[8.839s] -- Symlinking: /home/ningbo@netid.washington.edu/robotics/my_ros2_ws/install/ros2_control_demo_description/share/ros2_control_demo_description/r6bot/meshes/collision/link_6.stl
[8.960s] -- Symlinking: /home/ningbo@netid.washington.edu/robotics/my_ros2_ws/install/ros2_control_demo_description/share/ros2_control_demo_description/r6bot/meshes/visual/link_0.dae
[9.075s] -- Symlinking: /home/ningbo@netid.washington.edu/robotics/my_ros2_ws/install/ros2_control_demo_description/share/ros2_control_demo_description/r6bot/meshes/visual/link_1.dae
[9.157s] -- Symlinking: /home/ningbo@netid.washington.edu/robotics/my_ros2_ws/install/ros2_control_demo_description/share/ros2_control_demo_description/r6bot/meshes/visual/link_2.dae
[9.250s] -- Symlinking: /home/ningbo@netid.washington.edu/robotics/my_ros2_ws/install/ros2_control_demo_description/share/ros2_control_demo_description/r6bot/meshes/visual/link_3.dae
[9.321s] -- Symlinking: /home/ningbo@netid.washington.edu/robotics/my_ros2_ws/install/ros2_control_demo_description/share/ros2_control_demo_description/r6bot/meshes/visual/link_4.dae
[9.374s] -- Symlinking: /home/ningbo@netid.washington.edu/robotics/my_ros2_ws/install/ros2_control_demo_description/share/ros2_control_demo_description/r6bot/meshes/visual/link_5.dae
[9.431s] -- Symlinking: /home/ningbo@netid.washington.edu/robotics/my_ros2_ws/install/ros2_control_demo_description/share/ros2_control_demo_description/r6bot/meshes/visual/link_6.dae
[9.501s] -- Symlinking: /home/ningbo@netid.washington.edu/robotics/my_ros2_ws/install/ros2_control_demo_description/share/ros2_control_demo_description/r6bot/srdf/r6bot.srdf
[9.622s] -- Symlinking: /home/ningbo@netid.washington.edu/robotics/my_ros2_ws/install/ros2_control_demo_description/share/ros2_control_demo_description/r6bot/urdf/inc/create_link.xacro
[9.717s] -- Symlinking: /home/ningbo@netid.washington.edu/robotics/my_ros2_ws/install/ros2_control_demo_description/share/ros2_control_demo_description/r6bot/urdf/r6bot_description.urdf.xacro
[9.832s] -- Symlinking: /home/ningbo@netid.washington.edu/robotics/my_ros2_ws/install/ros2_control_demo_description/share/ros2_control_demo_description/r6bot/rviz/view_robot.rviz
[9.925s] -- Symlinking: /home/ningbo@netid.washington.edu/robotics/my_ros2_ws/install/ros2_control_demo_description/share/ament_index/resource_index/package_run_dependencies/ros2_control_demo_description
[10.022s] -- Symlinking: /home/ningbo@netid.washington.edu/robotics/my_ros2_ws/install/ros2_control_demo_description/share/ament_index/resource_index/parent_prefix_path/ros2_control_demo_description
[10.130s] -- Symlinking: /home/ningbo@netid.washington.edu/robotics/my_ros2_ws/install/ros2_control_demo_description/share/ros2_control_demo_description/environment/ament_prefix_path.sh
[10.233s] -- Symlinking: /home/ningbo@netid.washington.edu/robotics/my_ros2_ws/install/ros2_control_demo_description/share/ros2_control_demo_description/environment/ament_prefix_path.dsv
[10.292s] -- Symlinking: /home/ningbo@netid.washington.edu/robotics/my_ros2_ws/install/ros2_control_demo_description/share/ros2_control_demo_description/environment/path.sh
[10.351s] -- Symlinking: /home/ningbo@netid.washington.edu/robotics/my_ros2_ws/install/ros2_control_demo_description/share/ros2_control_demo_description/environment/path.dsv
[10.407s] -- Symlinking: /home/ningbo@netid.washington.edu/robotics/my_ros2_ws/install/ros2_control_demo_description/share/ros2_control_demo_description/local_setup.bash
[10.466s] -- Symlinking: /home/ningbo@netid.washington.edu/robotics/my_ros2_ws/install/ros2_control_demo_description/share/ros2_control_demo_description/local_setup.sh
[10.522s] -- Symlinking: /home/ningbo@netid.washington.edu/robotics/my_ros2_ws/install/ros2_control_demo_description/share/ros2_control_demo_description/local_setup.zsh
[10.572s] -- Symlinking: /home/ningbo@netid.washington.edu/robotics/my_ros2_ws/install/ros2_control_demo_description/share/ros2_control_demo_description/local_setup.dsv
[10.643s] -- Symlinking: /home/ningbo@netid.washington.edu/robotics/my_ros2_ws/install/ros2_control_demo_description/share/ros2_control_demo_description/package.dsv
[10.693s] -- Symlinking: /home/ningbo@netid.washington.edu/robotics/my_ros2_ws/install/ros2_control_demo_description/share/ament_index/resource_index/packages/ros2_control_demo_description
[10.748s] -- Symlinking: /home/ningbo@netid.washington.edu/robotics/my_ros2_ws/install/ros2_control_demo_description/share/ros2_control_demo_description/cmake/ros2_control_demo_descriptionConfig.cmake
[10.836s] -- Symlinking: /home/ningbo@netid.washington.edu/robotics/my_ros2_ws/install/ros2_control_demo_description/share/ros2_control_demo_description/cmake/ros2_control_demo_descriptionConfig-version.cmake
[10.892s] -- Symlinking: /home/ningbo@netid.washington.edu/robotics/my_ros2_ws/install/ros2_control_demo_description/share/ros2_control_demo_description/package.xml
[10.977s] Invoked command in '/home/ningbo@netid.washington.edu/robotics/my_ros2_ws/build/ros2_control_demo_description' returned '0': CMAKE_PREFIX_PATH=${CMAKE_PREFIX_PATH}:/home/ningbo@netid.washington.edu/robotics/my_ws/install/rqt_joint_trajectory_controller:/home/ningbo@netid.washington.edu/robotics/my_ws/install/rqt_controller_manager:/home/ningbo@netid.washington.edu/robotics/my_ws/install/ros2controlcli:/home/ningbo@netid.washington.edu/robotics/my_ws/install/ros2_controllers_test_nodes:/home/ningbo@netid.washington.edu/robotics/my_ws/install/ros2_control_demo_testing:/home/ningbo@netid.washington.edu/robotics/my_ws/install/pick_place:/home/ningbo@netid.washington.edu/ros2_ws/install/ros2controlcli:/home/ningbo@netid.washington.edu/ros2_ws/install/ros2_controllers_test_nodes:/home/ningbo@netid.washington.edu/ros2_ws/install/ros2_control_demo_testing:/opt/ros/humble /usr/bin/cmake --install /home/ningbo@netid.washington.edu/robotics/my_ros2_ws/build/ros2_control_demo_description
