-- Found ament_cmake: 1.3.11 (/opt/ros/humble/share/ament_cmake/cmake)
-- Override CMake install command with custom implementation using symlinks instead of copying resources
-- Found controller_interface: 2.48.0 (/home/ningbo@netid.washington.edu/robotics/my_ros2_ws/install/controller_interface/share/controller_interface/cmake)
-- Found rosidl_generator_c: 3.1.6 (/opt/ros/humble/share/rosidl_generator_c/cmake)
-- Found rosidl_adapter: 3.1.6 (/opt/ros/humble/share/rosidl_adapter/cmake)
-- Found rosidl_generator_cpp: 3.1.6 (/opt/ros/humble/share/rosidl_generator_cpp/cmake)
-- Using all available rosidl_typesupport_c: rosidl_typesupport_fastrtps_c;rosidl_typesupport_introspection_c
-- Using all available rosidl_typesupport_cpp: rosidl_typesupport_fastrtps_cpp;rosidl_typesupport_introspection_cpp
-- Found rmw_implementation_cmake: 6.1.2 (/opt/ros/humble/share/rmw_implementation_cmake/cmake)
-- Found rmw_fastrtps_cpp: 6.2.7 (/opt/ros/humble/share/rmw_fastrtps_cpp/cmake)
-- Found TinyXML2 via Config file: TinyXML2_DIR-NOTFOUND
-- Found TinyXML2 via Config file: TinyXML2_DIR-NOTFOUND
-- Found TinyXML2 via Config file: TinyXML2_DIR-NOTFOUND
-- Found TinyXML2 via Config file: TinyXML2_DIR-NOTFOUND
-- Using RMW implementation 'rmw_fastrtps_cpp' as default
-- Found generate_parameter_library: 0.4.0 (/opt/ros/humble/share/generate_parameter_library/cmake)
-- Found parameter_traits: 0.4.0 (/opt/ros/humble/share/parameter_traits/cmake)
-- Found realtime_tools: 2.11.0 (/home/ningbo@netid.washington.edu/robotics/my_ros2_ws/install/realtime_tools/share/realtime_tools/cmake)
-- Found ament_cmake_gmock: 1.3.11 (/opt/ros/humble/share/ament_cmake_gmock/cmake)
-- Found controller_manager: 2.48.0 (/home/ningbo@netid.washington.edu/robotics/my_ros2_ws/install/controller_manager/share/controller_manager/cmake)
-- Found ros2_control_test_assets: 2.48.0 (/home/ningbo@netid.washington.edu/robotics/my_ros2_ws/install/ros2_control_test_assets/share/ros2_control_test_assets/cmake)
-- Found gmock sources under '/opt/ros/humble/src/gmock_vendor': C++ tests using 'Google Mock' will be built
-- Found ament_cmake_gtest: 1.3.11 (/opt/ros/humble/share/ament_cmake_gtest/cmake)
-- Found gtest sources under '/opt/ros/humble/src/gtest_vendor': C++ tests using 'Google Test' will be built
-- Configuring done
-- Generating done
-- Build files have been written to: /home/ningbo@netid.washington.edu/robotics/my_ros2_ws/build/forward_command_controller
[35m[1mConsolidate compiler generated dependencies of target gmock_main[0m
[35m[1mConsolidate compiler generated dependencies of target gmock[0m
[  9%] Built target forward_command_controller_parameters
[ 19%] Built target multi_interface_forward_command_controller_parameters
[ 33%] Built target gmock
[ 42%] Built target gmock_main
[35m[1mConsolidate compiler generated dependencies of target forward_command_controller[0m
[ 61%] Built target forward_command_controller
[35m[1mConsolidate compiler generated dependencies of target test_load_forward_command_controller[0m
[35m[1mConsolidate compiler generated dependencies of target test_forward_command_controller[0m
[35m[1mConsolidate compiler generated dependencies of target test_load_multi_interface_forward_command_controller[0m
[35m[1mConsolidate compiler generated dependencies of target test_multi_interface_forward_command_controller[0m
[ 71%] Built target test_load_multi_interface_forward_command_controller
[ 80%] Built target test_forward_command_controller
[ 90%] Built target test_load_forward_command_controller
[100%] Built target test_multi_interface_forward_command_controller
-- Install configuration: ""
-- Execute custom install script
-- Up-to-date symlink: /home/ningbo@netid.washington.edu/robotics/my_ros2_ws/install/forward_command_controller/include/forward_command_controller/forward_command_controller_parameters.hpp
-- Up-to-date symlink: /home/ningbo@netid.washington.edu/robotics/my_ros2_ws/install/forward_command_controller/include/forward_command_controller/multi_interface_forward_command_controller_parameters.hpp
-- Up-to-date symlink: /home/ningbo@netid.washington.edu/robotics/my_ros2_ws/install/forward_command_controller/include/forward_command_controller/forward_command_controller_parameters.hpp
-- Up-to-date symlink: /home/ningbo@netid.washington.edu/robotics/my_ros2_ws/install/forward_command_controller/include/forward_command_controller/multi_interface_forward_command_controller_parameters.hpp
-- Up-to-date symlink: /home/ningbo@netid.washington.edu/robotics/my_ros2_ws/install/forward_command_controller/share/forward_command_controller//forward_command_plugin.xml
-- Up-to-date symlink: /home/ningbo@netid.washington.edu/robotics/my_ros2_ws/install/forward_command_controller/include/forward_command_controller/forward_command_controller/forward_command_controller.hpp
-- Up-to-date symlink: /home/ningbo@netid.washington.edu/robotics/my_ros2_ws/install/forward_command_controller/include/forward_command_controller/forward_command_controller/forward_controllers_base.hpp
-- Up-to-date symlink: /home/ningbo@netid.washington.edu/robotics/my_ros2_ws/install/forward_command_controller/include/forward_command_controller/forward_command_controller/multi_interface_forward_command_controller.hpp
-- Up-to-date symlink: /home/ningbo@netid.washington.edu/robotics/my_ros2_ws/install/forward_command_controller/include/forward_command_controller/forward_command_controller/visibility_control.h
-- Up-to-date symlink: /home/ningbo@netid.washington.edu/robotics/my_ros2_ws/install/forward_command_controller/share/forward_command_controller/environment/library_path.sh
-- Up-to-date symlink: /home/ningbo@netid.washington.edu/robotics/my_ros2_ws/install/forward_command_controller/share/forward_command_controller/environment/library_path.dsv
-- Up-to-date symlink: /home/ningbo@netid.washington.edu/robotics/my_ros2_ws/install/forward_command_controller/share/ament_index/resource_index/package_run_dependencies/forward_command_controller
-- Up-to-date symlink: /home/ningbo@netid.washington.edu/robotics/my_ros2_ws/install/forward_command_controller/share/ament_index/resource_index/parent_prefix_path/forward_command_controller
-- Up-to-date symlink: /home/ningbo@netid.washington.edu/robotics/my_ros2_ws/install/forward_command_controller/share/forward_command_controller/environment/ament_prefix_path.sh
-- Up-to-date symlink: /home/ningbo@netid.washington.edu/robotics/my_ros2_ws/install/forward_command_controller/share/forward_command_controller/environment/ament_prefix_path.dsv
-- Up-to-date symlink: /home/ningbo@netid.washington.edu/robotics/my_ros2_ws/install/forward_command_controller/share/forward_command_controller/environment/path.sh
-- Up-to-date symlink: /home/ningbo@netid.washington.edu/robotics/my_ros2_ws/install/forward_command_controller/share/forward_command_controller/environment/path.dsv
-- Up-to-date symlink: /home/ningbo@netid.washington.edu/robotics/my_ros2_ws/install/forward_command_controller/share/forward_command_controller/local_setup.bash
-- Up-to-date symlink: /home/ningbo@netid.washington.edu/robotics/my_ros2_ws/install/forward_command_controller/share/forward_command_controller/local_setup.sh
-- Up-to-date symlink: /home/ningbo@netid.washington.edu/robotics/my_ros2_ws/install/forward_command_controller/share/forward_command_controller/local_setup.zsh
-- Up-to-date symlink: /home/ningbo@netid.washington.edu/robotics/my_ros2_ws/install/forward_command_controller/share/forward_command_controller/local_setup.dsv
-- Symlinking: /home/ningbo@netid.washington.edu/robotics/my_ros2_ws/install/forward_command_controller/share/forward_command_controller/package.dsv
-- Up-to-date symlink: /home/ningbo@netid.washington.edu/robotics/my_ros2_ws/install/forward_command_controller/share/ament_index/resource_index/packages/forward_command_controller
-- Up-to-date symlink: /home/ningbo@netid.washington.edu/robotics/my_ros2_ws/install/forward_command_controller/share/ament_index/resource_index/controller_interface__pluginlib__plugin/forward_command_controller
-- Up-to-date symlink: /home/ningbo@netid.washington.edu/robotics/my_ros2_ws/install/forward_command_controller/share/forward_command_controller/cmake/ament_cmake_export_dependencies-extras.cmake
-- Up-to-date symlink: /home/ningbo@netid.washington.edu/robotics/my_ros2_ws/install/forward_command_controller/share/forward_command_controller/cmake/ament_cmake_export_targets-extras.cmake
-- Up-to-date symlink: /home/ningbo@netid.washington.edu/robotics/my_ros2_ws/install/forward_command_controller/share/forward_command_controller/cmake/forward_command_controllerConfig.cmake
-- Up-to-date symlink: /home/ningbo@netid.washington.edu/robotics/my_ros2_ws/install/forward_command_controller/share/forward_command_controller/cmake/forward_command_controllerConfig-version.cmake
-- Up-to-date symlink: /home/ningbo@netid.washington.edu/robotics/my_ros2_ws/install/forward_command_controller/share/forward_command_controller/package.xml
-- Up-to-date: /home/ningbo@netid.washington.edu/robotics/my_ros2_ws/install/forward_command_controller/lib/libforward_command_controller.so
-- Up-to-date: /home/ningbo@netid.washington.edu/robotics/my_ros2_ws/install/forward_command_controller/share/forward_command_controller/cmake/export_forward_command_controllerExport.cmake
-- Up-to-date: /home/ningbo@netid.washington.edu/robotics/my_ros2_ws/install/forward_command_controller/share/forward_command_controller/cmake/export_forward_command_controllerExport-noconfig.cmake
