[0.083s] Invoking command in '/home/ningbo@netid.washington.edu/robotics/my_ros2_ws/build/controller_manager_msgs': CMAKE_PREFIX_PATH=${CMAKE_PREFIX_PATH}:/home/ningbo@netid.washington.edu/robotics/my_ws/install/rqt_joint_trajectory_controller:/home/ningbo@netid.washington.edu/robotics/my_ws/install/rqt_controller_manager:/home/ningbo@netid.washington.edu/robotics/my_ws/install/ros2controlcli:/home/ningbo@netid.washington.edu/robotics/my_ws/install/ros2_controllers_test_nodes:/home/ningbo@netid.washington.edu/robotics/my_ws/install/ros2_control_demo_testing:/home/ningbo@netid.washington.edu/robotics/my_ws/install/pick_place:/home/ningbo@netid.washington.edu/ros2_ws/install/ros2controlcli:/home/ningbo@netid.washington.edu/ros2_ws/install/ros2_controllers_test_nodes:/home/ningbo@netid.washington.edu/ros2_ws/install/ros2_control_demo_testing:/opt/ros/humble /usr/bin/cmake /home/ningbo@netid.washington.edu/robotics/my_ros2_ws/src/ros-controls/ros2_control/controller_manager_msgs -DCMAKE_INSTALL_PREFIX=/home/ningbo@netid.washington.edu/robotics/my_ros2_ws/install/controller_manager_msgs
[0.666s] -- Found ament_cmake: 1.3.11 (/opt/ros/humble/share/ament_cmake/cmake)
[0.667s] -- Override CMake install command with custom implementation using symlinks instead of copying resources
[0.667s] -- Found builtin_interfaces: 1.2.1 (/opt/ros/humble/share/builtin_interfaces/cmake)
[0.667s] -- Found rosidl_generator_c: 3.1.6 (/opt/ros/humble/share/rosidl_generator_c/cmake)
[0.667s] -- Found rosidl_adapter: 3.1.6 (/opt/ros/humble/share/rosidl_adapter/cmake)
[0.667s] -- Found rosidl_generator_cpp: 3.1.6 (/opt/ros/humble/share/rosidl_generator_cpp/cmake)
[0.668s] -- Using all available rosidl_typesupport_c: rosidl_typesupport_fastrtps_c;rosidl_typesupport_introspection_c
[0.668s] -- Using all available rosidl_typesupport_cpp: rosidl_typesupport_fastrtps_cpp;rosidl_typesupport_introspection_cpp
[0.668s] -- Found lifecycle_msgs: 1.2.1 (/opt/ros/humble/share/lifecycle_msgs/cmake)
[0.668s] -- Found rosidl_default_generators: 1.2.0 (/opt/ros/humble/share/rosidl_default_generators/cmake)
[1.474s] -- Found ament_cmake_cppcheck: 0.12.11 (/opt/ros/humble/share/ament_cmake_cppcheck/cmake)
[1.474s] -- Found ament_cmake_cpplint: 0.12.11 (/opt/ros/humble/share/ament_cmake_cpplint/cmake)
[1.474s] -- Found ament_cmake_uncrustify: 0.12.11 (/opt/ros/humble/share/ament_cmake_uncrustify/cmake)
[1.475s] -- Found ament_cmake_ros: 0.10.0 (/opt/ros/humble/share/ament_cmake_ros/cmake)
[2.613s] -- Using all available rosidl_typesupport_c: rosidl_typesupport_fastrtps_c;rosidl_typesupport_introspection_c
[3.041s] -- Using all available rosidl_typesupport_cpp: rosidl_typesupport_fastrtps_cpp;rosidl_typesupport_introspection_cpp
[3.124s] -- Found python_cmake_module: 0.10.0 (/opt/ros/humble/share/python_cmake_module/cmake)
[3.204s] -- Using PYTHON_EXECUTABLE: /usr/bin/python3
[3.205s] -- Using PYTHON_INCLUDE_DIRS: /usr/include/python3.10
[3.205s] -- Using PYTHON_LIBRARIES: /usr/lib/x86_64-linux-gnu/libpython3.10.so
[3.657s] -- Found ament_cmake_flake8: 0.12.11 (/opt/ros/humble/share/ament_cmake_flake8/cmake)
[3.659s] -- Found ament_cmake_pep257: 0.12.11 (/opt/ros/humble/share/ament_cmake_pep257/cmake)
[3.690s] -- Configuring done
[3.844s] -- Generating done
[3.869s] -- Build files have been written to: /home/ningbo@netid.washington.edu/robotics/my_ros2_ws/build/controller_manager_msgs
[3.898s] Invoked command in '/home/ningbo@netid.washington.edu/robotics/my_ros2_ws/build/controller_manager_msgs' returned '0': CMAKE_PREFIX_PATH=${CMAKE_PREFIX_PATH}:/home/ningbo@netid.washington.edu/robotics/my_ws/install/rqt_joint_trajectory_controller:/home/ningbo@netid.washington.edu/robotics/my_ws/install/rqt_controller_manager:/home/ningbo@netid.washington.edu/robotics/my_ws/install/ros2controlcli:/home/ningbo@netid.washington.edu/robotics/my_ws/install/ros2_controllers_test_nodes:/home/ningbo@netid.washington.edu/robotics/my_ws/install/ros2_control_demo_testing:/home/ningbo@netid.washington.edu/robotics/my_ws/install/pick_place:/home/ningbo@netid.washington.edu/ros2_ws/install/ros2controlcli:/home/ningbo@netid.washington.edu/ros2_ws/install/ros2_controllers_test_nodes:/home/ningbo@netid.washington.edu/ros2_ws/install/ros2_control_demo_testing:/opt/ros/humble /usr/bin/cmake /home/ningbo@netid.washington.edu/robotics/my_ros2_ws/src/ros-controls/ros2_control/controller_manager_msgs -DCMAKE_INSTALL_PREFIX=/home/ningbo@netid.washington.edu/robotics/my_ros2_ws/install/controller_manager_msgs
[3.904s] Invoking command in '/home/ningbo@netid.washington.edu/robotics/my_ros2_ws/build/controller_manager_msgs': CMAKE_PREFIX_PATH=${CMAKE_PREFIX_PATH}:/home/ningbo@netid.washington.edu/robotics/my_ws/install/rqt_joint_trajectory_controller:/home/ningbo@netid.washington.edu/robotics/my_ws/install/rqt_controller_manager:/home/ningbo@netid.washington.edu/robotics/my_ws/install/ros2controlcli:/home/ningbo@netid.washington.edu/robotics/my_ws/install/ros2_controllers_test_nodes:/home/ningbo@netid.washington.edu/robotics/my_ws/install/ros2_control_demo_testing:/home/ningbo@netid.washington.edu/robotics/my_ws/install/pick_place:/home/ningbo@netid.washington.edu/ros2_ws/install/ros2controlcli:/home/ningbo@netid.washington.edu/ros2_ws/install/ros2_controllers_test_nodes:/home/ningbo@netid.washington.edu/ros2_ws/install/ros2_control_demo_testing:/opt/ros/humble /usr/bin/cmake --build /home/ningbo@netid.washington.edu/robotics/my_ros2_ws/build/controller_manager_msgs -- -j8 -l8
[4.844s] [35m[1mConsolidate compiler generated dependencies of target controller_manager_msgs__rosidl_generator_c[0m
[4.849s] [  0%] Built target controller_manager_msgs__cpp
[4.849s] [35m[1mConsolidate compiler generated dependencies of target controller_manager_msgs__rosidl_typesupport_cpp[0m
[4.850s] [  0%] Built target ament_cmake_python_symlink_controller_manager_msgs
[4.853s] [35m[1mConsolidate compiler generated dependencies of target controller_manager_msgs__rosidl_typesupport_introspection_cpp[0m
[4.855s] [ 12%] Built target controller_manager_msgs__rosidl_generator_c
[4.859s] [35m[1mConsolidate compiler generated dependencies of target controller_manager_msgs__rosidl_typesupport_fastrtps_cpp[0m
[4.861s] [ 24%] Built target controller_manager_msgs__rosidl_typesupport_cpp
[4.861s] [35m[1mConsolidate compiler generated dependencies of target controller_manager_msgs__rosidl_typesupport_c[0m
[4.862s] [35m[1mConsolidate compiler generated dependencies of target controller_manager_msgs__rosidl_typesupport_fastrtps_c[0m
[4.862s] [35m[1mConsolidate compiler generated dependencies of target controller_manager_msgs__rosidl_typesupport_introspection_c[0m
[4.862s] [ 36%] Built target controller_manager_msgs__rosidl_typesupport_introspection_cpp
[4.862s] [ 48%] Built target controller_manager_msgs__rosidl_typesupport_fastrtps_cpp
[4.862s] [ 60%] Built target controller_manager_msgs__rosidl_typesupport_c
[4.863s] [ 72%] Built target controller_manager_msgs__rosidl_typesupport_fastrtps_c
[4.863s] [ 84%] Built target controller_manager_msgs__rosidl_typesupport_introspection_c
[4.863s] [ 84%] Built target controller_manager_msgs
[4.863s] [ 85%] Built target controller_manager_msgs__py
[4.864s] [35m[1mConsolidate compiler generated dependencies of target controller_manager_msgs__rosidl_generator_py[0m
[4.891s] [ 96%] Built target controller_manager_msgs__rosidl_generator_py
[4.959s] [35m[1mConsolidate compiler generated dependencies of target controller_manager_msgs__rosidl_typesupport_introspection_c__pyext[0m
[4.981s] [35m[1mConsolidate compiler generated dependencies of target controller_manager_msgs__rosidl_typesupport_fastrtps_c__pyext[0m
[4.990s] [35m[1mConsolidate compiler generated dependencies of target controller_manager_msgs__rosidl_typesupport_c__pyext[0m
[5.058s] [ 98%] Built target controller_manager_msgs__rosidl_typesupport_introspection_c__pyext
[5.076s] [100%] Built target controller_manager_msgs__rosidl_typesupport_fastrtps_c__pyext
[5.082s] [100%] Built target controller_manager_msgs__rosidl_typesupport_c__pyext
[5.112s] running egg_info
[5.113s] writing controller_manager_msgs.egg-info/PKG-INFO
[5.114s] writing dependency_links to controller_manager_msgs.egg-info/dependency_links.txt
[5.114s] writing top-level names to controller_manager_msgs.egg-info/top_level.txt
[5.119s] reading manifest file 'controller_manager_msgs.egg-info/SOURCES.txt'
[5.121s] writing manifest file 'controller_manager_msgs.egg-info/SOURCES.txt'
[5.210s] [100%] Built target ament_cmake_python_build_controller_manager_msgs_egg
[5.234s] Invoked command in '/home/ningbo@netid.washington.edu/robotics/my_ros2_ws/build/controller_manager_msgs' returned '0': CMAKE_PREFIX_PATH=${CMAKE_PREFIX_PATH}:/home/ningbo@netid.washington.edu/robotics/my_ws/install/rqt_joint_trajectory_controller:/home/ningbo@netid.washington.edu/robotics/my_ws/install/rqt_controller_manager:/home/ningbo@netid.washington.edu/robotics/my_ws/install/ros2controlcli:/home/ningbo@netid.washington.edu/robotics/my_ws/install/ros2_controllers_test_nodes:/home/ningbo@netid.washington.edu/robotics/my_ws/install/ros2_control_demo_testing:/home/ningbo@netid.washington.edu/robotics/my_ws/install/pick_place:/home/ningbo@netid.washington.edu/ros2_ws/install/ros2controlcli:/home/ningbo@netid.washington.edu/ros2_ws/install/ros2_controllers_test_nodes:/home/ningbo@netid.washington.edu/ros2_ws/install/ros2_control_demo_testing:/opt/ros/humble /usr/bin/cmake --build /home/ningbo@netid.washington.edu/robotics/my_ros2_ws/build/controller_manager_msgs -- -j8 -l8
[5.236s] Invoking command in '/home/ningbo@netid.washington.edu/robotics/my_ros2_ws/build/controller_manager_msgs': CMAKE_PREFIX_PATH=${CMAKE_PREFIX_PATH}:/home/ningbo@netid.washington.edu/robotics/my_ws/install/rqt_joint_trajectory_controller:/home/ningbo@netid.washington.edu/robotics/my_ws/install/rqt_controller_manager:/home/ningbo@netid.washington.edu/robotics/my_ws/install/ros2controlcli:/home/ningbo@netid.washington.edu/robotics/my_ws/install/ros2_controllers_test_nodes:/home/ningbo@netid.washington.edu/robotics/my_ws/install/ros2_control_demo_testing:/home/ningbo@netid.washington.edu/robotics/my_ws/install/pick_place:/home/ningbo@netid.washington.edu/ros2_ws/install/ros2controlcli:/home/ningbo@netid.washington.edu/ros2_ws/install/ros2_controllers_test_nodes:/home/ningbo@netid.washington.edu/ros2_ws/install/ros2_control_demo_testing:/opt/ros/humble /usr/bin/cmake --install /home/ningbo@netid.washington.edu/robotics/my_ros2_ws/build/controller_manager_msgs
[5.326s] -- Install configuration: ""
[5.327s] -- Execute custom install script
[5.327s] -- Up-to-date symlink: /home/ningbo@netid.washington.edu/robotics/my_ros2_ws/install/controller_manager_msgs/share/ament_index/resource_index/rosidl_interfaces/controller_manager_msgs
[5.327s] -- Up-to-date symlink: /home/ningbo@netid.washington.edu/robotics/my_ros2_ws/install/controller_manager_msgs/include/controller_manager_msgs/controller_manager_msgs/msg/chain_connection.h
[5.327s] -- Up-to-date symlink: /home/ningbo@netid.washington.edu/robotics/my_ros2_ws/install/controller_manager_msgs/include/controller_manager_msgs/controller_manager_msgs/msg/controller_state.h
[5.327s] -- Up-to-date symlink: /home/ningbo@netid.washington.edu/robotics/my_ros2_ws/install/controller_manager_msgs/include/controller_manager_msgs/controller_manager_msgs/msg/detail/chain_connection__functions.h
[5.328s] -- Up-to-date symlink: /home/ningbo@netid.washington.edu/robotics/my_ros2_ws/install/controller_manager_msgs/include/controller_manager_msgs/controller_manager_msgs/msg/detail/chain_connection__struct.h
[5.328s] -- Up-to-date symlink: /home/ningbo@netid.washington.edu/robotics/my_ros2_ws/install/controller_manager_msgs/include/controller_manager_msgs/controller_manager_msgs/msg/detail/chain_connection__type_support.h
[5.328s] -- Up-to-date symlink: /home/ningbo@netid.washington.edu/robotics/my_ros2_ws/install/controller_manager_msgs/include/controller_manager_msgs/controller_manager_msgs/msg/detail/controller_state__functions.h
[5.328s] -- Up-to-date symlink: /home/ningbo@netid.washington.edu/robotics/my_ros2_ws/install/controller_manager_msgs/include/controller_manager_msgs/controller_manager_msgs/msg/detail/controller_state__struct.h
[5.328s] -- Up-to-date symlink: /home/ningbo@netid.washington.edu/robotics/my_ros2_ws/install/controller_manager_msgs/include/controller_manager_msgs/controller_manager_msgs/msg/detail/controller_state__type_support.h
[5.328s] -- Up-to-date symlink: /home/ningbo@netid.washington.edu/robotics/my_ros2_ws/install/controller_manager_msgs/include/controller_manager_msgs/controller_manager_msgs/msg/detail/hardware_component_state__functions.h
[5.329s] -- Up-to-date symlink: /home/ningbo@netid.washington.edu/robotics/my_ros2_ws/install/controller_manager_msgs/include/controller_manager_msgs/controller_manager_msgs/msg/detail/hardware_component_state__struct.h
[5.329s] -- Up-to-date symlink: /home/ningbo@netid.washington.edu/robotics/my_ros2_ws/install/controller_manager_msgs/include/controller_manager_msgs/controller_manager_msgs/msg/detail/hardware_component_state__type_support.h
[5.329s] -- Up-to-date symlink: /home/ningbo@netid.washington.edu/robotics/my_ros2_ws/install/controller_manager_msgs/include/controller_manager_msgs/controller_manager_msgs/msg/detail/hardware_interface__functions.h
[5.329s] -- Up-to-date symlink: /home/ningbo@netid.washington.edu/robotics/my_ros2_ws/install/controller_manager_msgs/include/controller_manager_msgs/controller_manager_msgs/msg/detail/hardware_interface__struct.h
[5.330s] -- Up-to-date symlink: /home/ningbo@netid.washington.edu/robotics/my_ros2_ws/install/controller_manager_msgs/include/controller_manager_msgs/controller_manager_msgs/msg/detail/hardware_interface__type_support.h
[5.335s] -- Up-to-date symlink: /home/ningbo@netid.washington.edu/robotics/my_ros2_ws/install/controller_manager_msgs/include/controller_manager_msgs/controller_manager_msgs/msg/hardware_component_state.h
[5.335s] -- Up-to-date symlink: /home/ningbo@netid.washington.edu/robotics/my_ros2_ws/install/controller_manager_msgs/include/controller_manager_msgs/controller_manager_msgs/msg/hardware_interface.h
[5.335s] -- Up-to-date symlink: /home/ningbo@netid.washington.edu/robotics/my_ros2_ws/install/controller_manager_msgs/include/controller_manager_msgs/controller_manager_msgs/msg/rosidl_generator_c__visibility_control.h
[5.336s] -- Up-to-date symlink: /home/ningbo@netid.washington.edu/robotics/my_ros2_ws/install/controller_manager_msgs/include/controller_manager_msgs/controller_manager_msgs/srv/configure_controller.h
[5.336s] -- Up-to-date symlink: /home/ningbo@netid.washington.edu/robotics/my_ros2_ws/install/controller_manager_msgs/include/controller_manager_msgs/controller_manager_msgs/srv/detail/configure_controller__functions.h
[5.336s] -- Up-to-date symlink: /home/ningbo@netid.washington.edu/robotics/my_ros2_ws/install/controller_manager_msgs/include/controller_manager_msgs/controller_manager_msgs/srv/detail/configure_controller__struct.h
[5.336s] -- Up-to-date symlink: /home/ningbo@netid.washington.edu/robotics/my_ros2_ws/install/controller_manager_msgs/include/controller_manager_msgs/controller_manager_msgs/srv/detail/configure_controller__type_support.h
[5.336s] -- Up-to-date symlink: /home/ningbo@netid.washington.edu/robotics/my_ros2_ws/install/controller_manager_msgs/include/controller_manager_msgs/controller_manager_msgs/srv/detail/list_controller_types__functions.h
[5.336s] -- Up-to-date symlink: /home/ningbo@netid.washington.edu/robotics/my_ros2_ws/install/controller_manager_msgs/include/controller_manager_msgs/controller_manager_msgs/srv/detail/list_controller_types__struct.h
[5.337s] -- Up-to-date symlink: /home/ningbo@netid.washington.edu/robotics/my_ros2_ws/install/controller_manager_msgs/include/controller_manager_msgs/controller_manager_msgs/srv/detail/list_controller_types__type_support.h
[5.337s] -- Up-to-date symlink: /home/ningbo@netid.washington.edu/robotics/my_ros2_ws/install/controller_manager_msgs/include/controller_manager_msgs/controller_manager_msgs/srv/detail/list_controllers__functions.h
[5.337s] -- Up-to-date symlink: /home/ningbo@netid.washington.edu/robotics/my_ros2_ws/install/controller_manager_msgs/include/controller_manager_msgs/controller_manager_msgs/srv/detail/list_controllers__struct.h
[5.337s] -- Up-to-date symlink: /home/ningbo@netid.washington.edu/robotics/my_ros2_ws/install/controller_manager_msgs/include/controller_manager_msgs/controller_manager_msgs/srv/detail/list_controllers__type_support.h
[5.337s] -- Up-to-date symlink: /home/ningbo@netid.washington.edu/robotics/my_ros2_ws/install/controller_manager_msgs/include/controller_manager_msgs/controller_manager_msgs/srv/detail/list_hardware_components__functions.h
[5.338s] -- Up-to-date symlink: /home/ningbo@netid.washington.edu/robotics/my_ros2_ws/install/controller_manager_msgs/include/controller_manager_msgs/controller_manager_msgs/srv/detail/list_hardware_components__struct.h
[5.338s] -- Up-to-date symlink: /home/ningbo@netid.washington.edu/robotics/my_ros2_ws/install/controller_manager_msgs/include/controller_manager_msgs/controller_manager_msgs/srv/detail/list_hardware_components__type_support.h
[5.338s] -- Up-to-date symlink: /home/ningbo@netid.washington.edu/robotics/my_ros2_ws/install/controller_manager_msgs/include/controller_manager_msgs/controller_manager_msgs/srv/detail/list_hardware_interfaces__functions.h
[5.338s] -- Up-to-date symlink: /home/ningbo@netid.washington.edu/robotics/my_ros2_ws/install/controller_manager_msgs/include/controller_manager_msgs/controller_manager_msgs/srv/detail/list_hardware_interfaces__struct.h
[5.338s] -- Up-to-date symlink: /home/ningbo@netid.washington.edu/robotics/my_ros2_ws/install/controller_manager_msgs/include/controller_manager_msgs/controller_manager_msgs/srv/detail/list_hardware_interfaces__type_support.h
[5.339s] -- Up-to-date symlink: /home/ningbo@netid.washington.edu/robotics/my_ros2_ws/install/controller_manager_msgs/include/controller_manager_msgs/controller_manager_msgs/srv/detail/load_controller__functions.h
[5.339s] -- Up-to-date symlink: /home/ningbo@netid.washington.edu/robotics/my_ros2_ws/install/controller_manager_msgs/include/controller_manager_msgs/controller_manager_msgs/srv/detail/load_controller__struct.h
[5.339s] -- Up-to-date symlink: /home/ningbo@netid.washington.edu/robotics/my_ros2_ws/install/controller_manager_msgs/include/controller_manager_msgs/controller_manager_msgs/srv/detail/load_controller__type_support.h
[5.339s] -- Up-to-date symlink: /home/ningbo@netid.washington.edu/robotics/my_ros2_ws/install/controller_manager_msgs/include/controller_manager_msgs/controller_manager_msgs/srv/detail/reload_controller_libraries__functions.h
[5.339s] -- Up-to-date symlink: /home/ningbo@netid.washington.edu/robotics/my_ros2_ws/install/controller_manager_msgs/include/controller_manager_msgs/controller_manager_msgs/srv/detail/reload_controller_libraries__struct.h
[5.339s] -- Up-to-date symlink: /home/ningbo@netid.washington.edu/robotics/my_ros2_ws/install/controller_manager_msgs/include/controller_manager_msgs/controller_manager_msgs/srv/detail/reload_controller_libraries__type_support.h
[5.340s] -- Up-to-date symlink: /home/ningbo@netid.washington.edu/robotics/my_ros2_ws/install/controller_manager_msgs/include/controller_manager_msgs/controller_manager_msgs/srv/detail/set_hardware_component_state__functions.h
[5.340s] -- Up-to-date symlink: /home/ningbo@netid.washington.edu/robotics/my_ros2_ws/install/controller_manager_msgs/include/controller_manager_msgs/controller_manager_msgs/srv/detail/set_hardware_component_state__struct.h
[5.340s] -- Up-to-date symlink: /home/ningbo@netid.washington.edu/robotics/my_ros2_ws/install/controller_manager_msgs/include/controller_manager_msgs/controller_manager_msgs/srv/detail/set_hardware_component_state__type_support.h
[5.340s] -- Up-to-date symlink: /home/ningbo@netid.washington.edu/robotics/my_ros2_ws/install/controller_manager_msgs/include/controller_manager_msgs/controller_manager_msgs/srv/detail/switch_controller__functions.h
[5.340s] -- Up-to-date symlink: /home/ningbo@netid.washington.edu/robotics/my_ros2_ws/install/controller_manager_msgs/include/controller_manager_msgs/controller_manager_msgs/srv/detail/switch_controller__struct.h
[5.340s] -- Up-to-date symlink: /home/ningbo@netid.washington.edu/robotics/my_ros2_ws/install/controller_manager_msgs/include/controller_manager_msgs/controller_manager_msgs/srv/detail/switch_controller__type_support.h
[5.341s] -- Up-to-date symlink: /home/ningbo@netid.washington.edu/robotics/my_ros2_ws/install/controller_manager_msgs/include/controller_manager_msgs/controller_manager_msgs/srv/detail/unload_controller__functions.h
[5.341s] -- Up-to-date symlink: /home/ningbo@netid.washington.edu/robotics/my_ros2_ws/install/controller_manager_msgs/include/controller_manager_msgs/controller_manager_msgs/srv/detail/unload_controller__struct.h
[5.341s] -- Up-to-date symlink: /home/ningbo@netid.washington.edu/robotics/my_ros2_ws/install/controller_manager_msgs/include/controller_manager_msgs/controller_manager_msgs/srv/detail/unload_controller__type_support.h
[5.341s] -- Up-to-date symlink: /home/ningbo@netid.washington.edu/robotics/my_ros2_ws/install/controller_manager_msgs/include/controller_manager_msgs/controller_manager_msgs/srv/list_controller_types.h
[5.341s] -- Up-to-date symlink: /home/ningbo@netid.washington.edu/robotics/my_ros2_ws/install/controller_manager_msgs/include/controller_manager_msgs/controller_manager_msgs/srv/list_controllers.h
[5.342s] -- Up-to-date symlink: /home/ningbo@netid.washington.edu/robotics/my_ros2_ws/install/controller_manager_msgs/include/controller_manager_msgs/controller_manager_msgs/srv/list_hardware_components.h
[5.342s] -- Up-to-date symlink: /home/ningbo@netid.washington.edu/robotics/my_ros2_ws/install/controller_manager_msgs/include/controller_manager_msgs/controller_manager_msgs/srv/list_hardware_interfaces.h
[5.342s] -- Up-to-date symlink: /home/ningbo@netid.washington.edu/robotics/my_ros2_ws/install/controller_manager_msgs/include/controller_manager_msgs/controller_manager_msgs/srv/load_controller.h
[5.342s] -- Up-to-date symlink: /home/ningbo@netid.washington.edu/robotics/my_ros2_ws/install/controller_manager_msgs/include/controller_manager_msgs/controller_manager_msgs/srv/reload_controller_libraries.h
[5.345s] -- Up-to-date symlink: /home/ningbo@netid.washington.edu/robotics/my_ros2_ws/install/controller_manager_msgs/include/controller_manager_msgs/controller_manager_msgs/srv/set_hardware_component_state.h
[5.345s] -- Up-to-date symlink: /home/ningbo@netid.washington.edu/robotics/my_ros2_ws/install/controller_manager_msgs/include/controller_manager_msgs/controller_manager_msgs/srv/switch_controller.h
[5.345s] -- Up-to-date symlink: /home/ningbo@netid.washington.edu/robotics/my_ros2_ws/install/controller_manager_msgs/include/controller_manager_msgs/controller_manager_msgs/srv/unload_controller.h
[5.345s] -- Up-to-date symlink: /home/ningbo@netid.washington.edu/robotics/my_ros2_ws/install/controller_manager_msgs/share/controller_manager_msgs/environment/library_path.sh
[5.345s] -- Up-to-date symlink: /home/ningbo@netid.washington.edu/robotics/my_ros2_ws/install/controller_manager_msgs/share/controller_manager_msgs/environment/library_path.dsv
[5.346s] -- Up-to-date symlink: /home/ningbo@netid.washington.edu/robotics/my_ros2_ws/install/controller_manager_msgs/include/controller_manager_msgs/controller_manager_msgs/msg/detail/chain_connection__rosidl_typesupport_fastrtps_c.h
[5.346s] -- Up-to-date symlink: /home/ningbo@netid.washington.edu/robotics/my_ros2_ws/install/controller_manager_msgs/include/controller_manager_msgs/controller_manager_msgs/msg/detail/controller_state__rosidl_typesupport_fastrtps_c.h
[5.349s] -- Up-to-date symlink: /home/ningbo@netid.washington.edu/robotics/my_ros2_ws/install/controller_manager_msgs/include/controller_manager_msgs/controller_manager_msgs/msg/detail/hardware_component_state__rosidl_typesupport_fastrtps_c.h
[5.350s] -- Up-to-date symlink: /home/ningbo@netid.washington.edu/robotics/my_ros2_ws/install/controller_manager_msgs/include/controller_manager_msgs/controller_manager_msgs/msg/detail/hardware_interface__rosidl_typesupport_fastrtps_c.h
[5.350s] -- Up-to-date symlink: /home/ningbo@netid.washington.edu/robotics/my_ros2_ws/install/controller_manager_msgs/include/controller_manager_msgs/controller_manager_msgs/msg/rosidl_typesupport_fastrtps_c__visibility_control.h
[5.350s] -- Up-to-date symlink: /home/ningbo@netid.washington.edu/robotics/my_ros2_ws/install/controller_manager_msgs/include/controller_manager_msgs/controller_manager_msgs/srv/detail/configure_controller__rosidl_typesupport_fastrtps_c.h
[5.350s] -- Up-to-date symlink: /home/ningbo@netid.washington.edu/robotics/my_ros2_ws/install/controller_manager_msgs/include/controller_manager_msgs/controller_manager_msgs/srv/detail/list_controller_types__rosidl_typesupport_fastrtps_c.h
[5.350s] -- Up-to-date symlink: /home/ningbo@netid.washington.edu/robotics/my_ros2_ws/install/controller_manager_msgs/include/controller_manager_msgs/controller_manager_msgs/srv/detail/list_controllers__rosidl_typesupport_fastrtps_c.h
[5.351s] -- Up-to-date symlink: /home/ningbo@netid.washington.edu/robotics/my_ros2_ws/install/controller_manager_msgs/include/controller_manager_msgs/controller_manager_msgs/srv/detail/list_hardware_components__rosidl_typesupport_fastrtps_c.h
[5.353s] -- Up-to-date symlink: /home/ningbo@netid.washington.edu/robotics/my_ros2_ws/install/controller_manager_msgs/include/controller_manager_msgs/controller_manager_msgs/srv/detail/list_hardware_interfaces__rosidl_typesupport_fastrtps_c.h
[5.356s] -- Up-to-date symlink: /home/ningbo@netid.washington.edu/robotics/my_ros2_ws/install/controller_manager_msgs/include/controller_manager_msgs/controller_manager_msgs/srv/detail/load_controller__rosidl_typesupport_fastrtps_c.h
[5.356s] -- Up-to-date symlink: /home/ningbo@netid.washington.edu/robotics/my_ros2_ws/install/controller_manager_msgs/include/controller_manager_msgs/controller_manager_msgs/srv/detail/reload_controller_libraries__rosidl_typesupport_fastrtps_c.h
[5.357s] -- Up-to-date symlink: /home/ningbo@netid.washington.edu/robotics/my_ros2_ws/install/controller_manager_msgs/include/controller_manager_msgs/controller_manager_msgs/srv/detail/set_hardware_component_state__rosidl_typesupport_fastrtps_c.h
[5.357s] -- Up-to-date symlink: /home/ningbo@netid.washington.edu/robotics/my_ros2_ws/install/controller_manager_msgs/include/controller_manager_msgs/controller_manager_msgs/srv/detail/switch_controller__rosidl_typesupport_fastrtps_c.h
[5.358s] -- Up-to-date symlink: /home/ningbo@netid.washington.edu/robotics/my_ros2_ws/install/controller_manager_msgs/include/controller_manager_msgs/controller_manager_msgs/srv/detail/unload_controller__rosidl_typesupport_fastrtps_c.h
[5.358s] -- Up-to-date symlink: /home/ningbo@netid.washington.edu/robotics/my_ros2_ws/install/controller_manager_msgs/include/controller_manager_msgs/controller_manager_msgs/msg/chain_connection.hpp
[5.358s] -- Up-to-date symlink: /home/ningbo@netid.washington.edu/robotics/my_ros2_ws/install/controller_manager_msgs/include/controller_manager_msgs/controller_manager_msgs/msg/controller_state.hpp
[5.358s] -- Up-to-date symlink: /home/ningbo@netid.washington.edu/robotics/my_ros2_ws/install/controller_manager_msgs/include/controller_manager_msgs/controller_manager_msgs/msg/detail/chain_connection__builder.hpp
[5.358s] -- Up-to-date symlink: /home/ningbo@netid.washington.edu/robotics/my_ros2_ws/install/controller_manager_msgs/include/controller_manager_msgs/controller_manager_msgs/msg/detail/chain_connection__struct.hpp
[5.359s] -- Up-to-date symlink: /home/ningbo@netid.washington.edu/robotics/my_ros2_ws/install/controller_manager_msgs/include/controller_manager_msgs/controller_manager_msgs/msg/detail/chain_connection__traits.hpp
[5.359s] -- Up-to-date symlink: /home/ningbo@netid.washington.edu/robotics/my_ros2_ws/install/controller_manager_msgs/include/controller_manager_msgs/controller_manager_msgs/msg/detail/chain_connection__type_support.hpp
[5.359s] -- Up-to-date symlink: /home/ningbo@netid.washington.edu/robotics/my_ros2_ws/install/controller_manager_msgs/include/controller_manager_msgs/controller_manager_msgs/msg/detail/controller_state__builder.hpp
[5.359s] -- Up-to-date symlink: /home/ningbo@netid.washington.edu/robotics/my_ros2_ws/install/controller_manager_msgs/include/controller_manager_msgs/controller_manager_msgs/msg/detail/controller_state__struct.hpp
[5.359s] -- Up-to-date symlink: /home/ningbo@netid.washington.edu/robotics/my_ros2_ws/install/controller_manager_msgs/include/controller_manager_msgs/controller_manager_msgs/msg/detail/controller_state__traits.hpp
[5.359s] -- Up-to-date symlink: /home/ningbo@netid.washington.edu/robotics/my_ros2_ws/install/controller_manager_msgs/include/controller_manager_msgs/controller_manager_msgs/msg/detail/controller_state__type_support.hpp
[5.360s] -- Up-to-date symlink: /home/ningbo@netid.washington.edu/robotics/my_ros2_ws/install/controller_manager_msgs/include/controller_manager_msgs/controller_manager_msgs/msg/detail/hardware_component_state__builder.hpp
[5.360s] -- Up-to-date symlink: /home/ningbo@netid.washington.edu/robotics/my_ros2_ws/install/controller_manager_msgs/include/controller_manager_msgs/controller_manager_msgs/msg/detail/hardware_component_state__struct.hpp
[5.360s] -- Up-to-date symlink: /home/ningbo@netid.washington.edu/robotics/my_ros2_ws/install/controller_manager_msgs/include/controller_manager_msgs/controller_manager_msgs/msg/detail/hardware_component_state__traits.hpp
[5.360s] -- Up-to-date symlink: /home/ningbo@netid.washington.edu/robotics/my_ros2_ws/install/controller_manager_msgs/include/controller_manager_msgs/controller_manager_msgs/msg/detail/hardware_component_state__type_support.hpp
[5.360s] -- Up-to-date symlink: /home/ningbo@netid.washington.edu/robotics/my_ros2_ws/install/controller_manager_msgs/include/controller_manager_msgs/controller_manager_msgs/msg/detail/hardware_interface__builder.hpp
[5.360s] -- Up-to-date symlink: /home/ningbo@netid.washington.edu/robotics/my_ros2_ws/install/controller_manager_msgs/include/controller_manager_msgs/controller_manager_msgs/msg/detail/hardware_interface__struct.hpp
[5.361s] -- Up-to-date symlink: /home/ningbo@netid.washington.edu/robotics/my_ros2_ws/install/controller_manager_msgs/include/controller_manager_msgs/controller_manager_msgs/msg/detail/hardware_interface__traits.hpp
[5.361s] -- Up-to-date symlink: /home/ningbo@netid.washington.edu/robotics/my_ros2_ws/install/controller_manager_msgs/include/controller_manager_msgs/controller_manager_msgs/msg/detail/hardware_interface__type_support.hpp
[5.361s] -- Up-to-date symlink: /home/ningbo@netid.washington.edu/robotics/my_ros2_ws/install/controller_manager_msgs/include/controller_manager_msgs/controller_manager_msgs/msg/hardware_component_state.hpp
[5.361s] -- Up-to-date symlink: /home/ningbo@netid.washington.edu/robotics/my_ros2_ws/install/controller_manager_msgs/include/controller_manager_msgs/controller_manager_msgs/msg/hardware_interface.hpp
[5.361s] -- Up-to-date symlink: /home/ningbo@netid.washington.edu/robotics/my_ros2_ws/install/controller_manager_msgs/include/controller_manager_msgs/controller_manager_msgs/msg/rosidl_generator_cpp__visibility_control.hpp
[5.361s] -- Up-to-date symlink: /home/ningbo@netid.washington.edu/robotics/my_ros2_ws/install/controller_manager_msgs/include/controller_manager_msgs/controller_manager_msgs/srv/configure_controller.hpp
[5.361s] -- Up-to-date symlink: /home/ningbo@netid.washington.edu/robotics/my_ros2_ws/install/controller_manager_msgs/include/controller_manager_msgs/controller_manager_msgs/srv/detail/configure_controller__builder.hpp
[5.362s] -- Up-to-date symlink: /home/ningbo@netid.washington.edu/robotics/my_ros2_ws/install/controller_manager_msgs/include/controller_manager_msgs/controller_manager_msgs/srv/detail/configure_controller__struct.hpp
[5.363s] -- Up-to-date symlink: /home/ningbo@netid.washington.edu/robotics/my_ros2_ws/install/controller_manager_msgs/include/controller_manager_msgs/controller_manager_msgs/srv/detail/configure_controller__traits.hpp
[5.363s] -- Up-to-date symlink: /home/ningbo@netid.washington.edu/robotics/my_ros2_ws/install/controller_manager_msgs/include/controller_manager_msgs/controller_manager_msgs/srv/detail/configure_controller__type_support.hpp
[5.364s] -- Up-to-date symlink: /home/ningbo@netid.washington.edu/robotics/my_ros2_ws/install/controller_manager_msgs/include/controller_manager_msgs/controller_manager_msgs/srv/detail/list_controller_types__builder.hpp
[5.364s] -- Up-to-date symlink: /home/ningbo@netid.washington.edu/robotics/my_ros2_ws/install/controller_manager_msgs/include/controller_manager_msgs/controller_manager_msgs/srv/detail/list_controller_types__struct.hpp
[5.364s] -- Up-to-date symlink: /home/ningbo@netid.washington.edu/robotics/my_ros2_ws/install/controller_manager_msgs/include/controller_manager_msgs/controller_manager_msgs/srv/detail/list_controller_types__traits.hpp
[5.365s] -- Up-to-date symlink: /home/ningbo@netid.washington.edu/robotics/my_ros2_ws/install/controller_manager_msgs/include/controller_manager_msgs/controller_manager_msgs/srv/detail/list_controller_types__type_support.hpp
[5.365s] -- Up-to-date symlink: /home/ningbo@netid.washington.edu/robotics/my_ros2_ws/install/controller_manager_msgs/include/controller_manager_msgs/controller_manager_msgs/srv/detail/list_controllers__builder.hpp
[5.367s] -- Up-to-date symlink: /home/ningbo@netid.washington.edu/robotics/my_ros2_ws/install/controller_manager_msgs/include/controller_manager_msgs/controller_manager_msgs/srv/detail/list_controllers__struct.hpp
[5.373s] -- Up-to-date symlink: /home/ningbo@netid.washington.edu/robotics/my_ros2_ws/install/controller_manager_msgs/include/controller_manager_msgs/controller_manager_msgs/srv/detail/list_controllers__traits.hpp
[5.374s] -- Up-to-date symlink: /home/ningbo@netid.washington.edu/robotics/my_ros2_ws/install/controller_manager_msgs/include/controller_manager_msgs/controller_manager_msgs/srv/detail/list_controllers__type_support.hpp
[5.376s] -- Up-to-date symlink: /home/ningbo@netid.washington.edu/robotics/my_ros2_ws/install/controller_manager_msgs/include/controller_manager_msgs/controller_manager_msgs/srv/detail/list_hardware_components__builder.hpp
[5.377s] -- Up-to-date symlink: /home/ningbo@netid.washington.edu/robotics/my_ros2_ws/install/controller_manager_msgs/include/controller_manager_msgs/controller_manager_msgs/srv/detail/list_hardware_components__struct.hpp
[5.377s] -- Up-to-date symlink: /home/ningbo@netid.washington.edu/robotics/my_ros2_ws/install/controller_manager_msgs/include/controller_manager_msgs/controller_manager_msgs/srv/detail/list_hardware_components__traits.hpp
[5.377s] -- Up-to-date symlink: /home/ningbo@netid.washington.edu/robotics/my_ros2_ws/install/controller_manager_msgs/include/controller_manager_msgs/controller_manager_msgs/srv/detail/list_hardware_components__type_support.hpp
[5.377s] -- Up-to-date symlink: /home/ningbo@netid.washington.edu/robotics/my_ros2_ws/install/controller_manager_msgs/include/controller_manager_msgs/controller_manager_msgs/srv/detail/list_hardware_interfaces__builder.hpp
[5.378s] -- Up-to-date symlink: /home/ningbo@netid.washington.edu/robotics/my_ros2_ws/install/controller_manager_msgs/include/controller_manager_msgs/controller_manager_msgs/srv/detail/list_hardware_interfaces__struct.hpp
[5.378s] -- Up-to-date symlink: /home/ningbo@netid.washington.edu/robotics/my_ros2_ws/install/controller_manager_msgs/include/controller_manager_msgs/controller_manager_msgs/srv/detail/list_hardware_interfaces__traits.hpp
[5.379s] -- Up-to-date symlink: /home/ningbo@netid.washington.edu/robotics/my_ros2_ws/install/controller_manager_msgs/include/controller_manager_msgs/controller_manager_msgs/srv/detail/list_hardware_interfaces__type_support.hpp
[5.379s] -- Up-to-date symlink: /home/ningbo@netid.washington.edu/robotics/my_ros2_ws/install/controller_manager_msgs/include/controller_manager_msgs/controller_manager_msgs/srv/detail/load_controller__builder.hpp
[5.379s] -- Up-to-date symlink: /home/ningbo@netid.washington.edu/robotics/my_ros2_ws/install/controller_manager_msgs/include/controller_manager_msgs/controller_manager_msgs/srv/detail/load_controller__struct.hpp
[5.379s] -- Up-to-date symlink: /home/ningbo@netid.washington.edu/robotics/my_ros2_ws/install/controller_manager_msgs/include/controller_manager_msgs/controller_manager_msgs/srv/detail/load_controller__traits.hpp
[5.380s] -- Up-to-date symlink: /home/ningbo@netid.washington.edu/robotics/my_ros2_ws/install/controller_manager_msgs/include/controller_manager_msgs/controller_manager_msgs/srv/detail/load_controller__type_support.hpp
[5.380s] -- Up-to-date symlink: /home/ningbo@netid.washington.edu/robotics/my_ros2_ws/install/controller_manager_msgs/include/controller_manager_msgs/controller_manager_msgs/srv/detail/reload_controller_libraries__builder.hpp
[5.380s] -- Up-to-date symlink: /home/ningbo@netid.washington.edu/robotics/my_ros2_ws/install/controller_manager_msgs/include/controller_manager_msgs/controller_manager_msgs/srv/detail/reload_controller_libraries__struct.hpp
[5.380s] -- Up-to-date symlink: /home/ningbo@netid.washington.edu/robotics/my_ros2_ws/install/controller_manager_msgs/include/controller_manager_msgs/controller_manager_msgs/srv/detail/reload_controller_libraries__traits.hpp
[5.381s] -- Up-to-date symlink: /home/ningbo@netid.washington.edu/robotics/my_ros2_ws/install/controller_manager_msgs/include/controller_manager_msgs/controller_manager_msgs/srv/detail/reload_controller_libraries__type_support.hpp
[5.381s] -- Up-to-date symlink: /home/ningbo@netid.washington.edu/robotics/my_ros2_ws/install/controller_manager_msgs/include/controller_manager_msgs/controller_manager_msgs/srv/detail/set_hardware_component_state__builder.hpp
[5.381s] -- Up-to-date symlink: /home/ningbo@netid.washington.edu/robotics/my_ros2_ws/install/controller_manager_msgs/include/controller_manager_msgs/controller_manager_msgs/srv/detail/set_hardware_component_state__struct.hpp
[5.381s] -- Up-to-date symlink: /home/ningbo@netid.washington.edu/robotics/my_ros2_ws/install/controller_manager_msgs/include/controller_manager_msgs/controller_manager_msgs/srv/detail/set_hardware_component_state__traits.hpp
[5.382s] -- Up-to-date symlink: /home/ningbo@netid.washington.edu/robotics/my_ros2_ws/install/controller_manager_msgs/include/controller_manager_msgs/controller_manager_msgs/srv/detail/set_hardware_component_state__type_support.hpp
[5.382s] -- Up-to-date symlink: /home/ningbo@netid.washington.edu/robotics/my_ros2_ws/install/controller_manager_msgs/include/controller_manager_msgs/controller_manager_msgs/srv/detail/switch_controller__builder.hpp
[5.382s] -- Up-to-date symlink: /home/ningbo@netid.washington.edu/robotics/my_ros2_ws/install/controller_manager_msgs/include/controller_manager_msgs/controller_manager_msgs/srv/detail/switch_controller__struct.hpp
[5.382s] -- Up-to-date symlink: /home/ningbo@netid.washington.edu/robotics/my_ros2_ws/install/controller_manager_msgs/include/controller_manager_msgs/controller_manager_msgs/srv/detail/switch_controller__traits.hpp
[5.382s] -- Up-to-date symlink: /home/ningbo@netid.washington.edu/robotics/my_ros2_ws/install/controller_manager_msgs/include/controller_manager_msgs/controller_manager_msgs/srv/detail/switch_controller__type_support.hpp
[5.383s] -- Up-to-date symlink: /home/ningbo@netid.washington.edu/robotics/my_ros2_ws/install/controller_manager_msgs/include/controller_manager_msgs/controller_manager_msgs/srv/detail/unload_controller__builder.hpp
[5.383s] -- Up-to-date symlink: /home/ningbo@netid.washington.edu/robotics/my_ros2_ws/install/controller_manager_msgs/include/controller_manager_msgs/controller_manager_msgs/srv/detail/unload_controller__struct.hpp
[5.383s] -- Up-to-date symlink: /home/ningbo@netid.washington.edu/robotics/my_ros2_ws/install/controller_manager_msgs/include/controller_manager_msgs/controller_manager_msgs/srv/detail/unload_controller__traits.hpp
[5.383s] -- Up-to-date symlink: /home/ningbo@netid.washington.edu/robotics/my_ros2_ws/install/controller_manager_msgs/include/controller_manager_msgs/controller_manager_msgs/srv/detail/unload_controller__type_support.hpp
[5.384s] -- Up-to-date symlink: /home/ningbo@netid.washington.edu/robotics/my_ros2_ws/install/controller_manager_msgs/include/controller_manager_msgs/controller_manager_msgs/srv/list_controller_types.hpp
[5.385s] -- Up-to-date symlink: /home/ningbo@netid.washington.edu/robotics/my_ros2_ws/install/controller_manager_msgs/include/controller_manager_msgs/controller_manager_msgs/srv/list_controllers.hpp
[5.385s] -- Up-to-date symlink: /home/ningbo@netid.washington.edu/robotics/my_ros2_ws/install/controller_manager_msgs/include/controller_manager_msgs/controller_manager_msgs/srv/list_hardware_components.hpp
[5.386s] -- Up-to-date symlink: /home/ningbo@netid.washington.edu/robotics/my_ros2_ws/install/controller_manager_msgs/include/controller_manager_msgs/controller_manager_msgs/srv/list_hardware_interfaces.hpp
[5.386s] -- Up-to-date symlink: /home/ningbo@netid.washington.edu/robotics/my_ros2_ws/install/controller_manager_msgs/include/controller_manager_msgs/controller_manager_msgs/srv/load_controller.hpp
[5.387s] -- Up-to-date symlink: /home/ningbo@netid.washington.edu/robotics/my_ros2_ws/install/controller_manager_msgs/include/controller_manager_msgs/controller_manager_msgs/srv/reload_controller_libraries.hpp
[5.387s] -- Up-to-date symlink: /home/ningbo@netid.washington.edu/robotics/my_ros2_ws/install/controller_manager_msgs/include/controller_manager_msgs/controller_manager_msgs/srv/set_hardware_component_state.hpp
[5.388s] -- Up-to-date symlink: /home/ningbo@netid.washington.edu/robotics/my_ros2_ws/install/controller_manager_msgs/include/controller_manager_msgs/controller_manager_msgs/srv/switch_controller.hpp
[5.388s] -- Up-to-date symlink: /home/ningbo@netid.washington.edu/robotics/my_ros2_ws/install/controller_manager_msgs/include/controller_manager_msgs/controller_manager_msgs/srv/unload_controller.hpp
[5.390s] -- Up-to-date symlink: /home/ningbo@netid.washington.edu/robotics/my_ros2_ws/install/controller_manager_msgs/include/controller_manager_msgs/controller_manager_msgs/msg/detail/chain_connection__rosidl_typesupport_fastrtps_cpp.hpp
[5.395s] -- Up-to-date symlink: /home/ningbo@netid.washington.edu/robotics/my_ros2_ws/install/controller_manager_msgs/include/controller_manager_msgs/controller_manager_msgs/msg/detail/controller_state__rosidl_typesupport_fastrtps_cpp.hpp
[5.395s] -- Up-to-date symlink: /home/ningbo@netid.washington.edu/robotics/my_ros2_ws/install/controller_manager_msgs/include/controller_manager_msgs/controller_manager_msgs/msg/detail/hardware_component_state__rosidl_typesupport_fastrtps_cpp.hpp
[5.396s] -- Up-to-date symlink: /home/ningbo@netid.washington.edu/robotics/my_ros2_ws/install/controller_manager_msgs/include/controller_manager_msgs/controller_manager_msgs/msg/detail/hardware_interface__rosidl_typesupport_fastrtps_cpp.hpp
[5.396s] -- Up-to-date symlink: /home/ningbo@netid.washington.edu/robotics/my_ros2_ws/install/controller_manager_msgs/include/controller_manager_msgs/controller_manager_msgs/msg/rosidl_typesupport_fastrtps_cpp__visibility_control.h
[5.397s] -- Up-to-date symlink: /home/ningbo@netid.washington.edu/robotics/my_ros2_ws/install/controller_manager_msgs/include/controller_manager_msgs/controller_manager_msgs/srv/detail/configure_controller__rosidl_typesupport_fastrtps_cpp.hpp
[5.397s] -- Up-to-date symlink: /home/ningbo@netid.washington.edu/robotics/my_ros2_ws/install/controller_manager_msgs/include/controller_manager_msgs/controller_manager_msgs/srv/detail/list_controller_types__rosidl_typesupport_fastrtps_cpp.hpp
[5.398s] -- Up-to-date symlink: /home/ningbo@netid.washington.edu/robotics/my_ros2_ws/install/controller_manager_msgs/include/controller_manager_msgs/controller_manager_msgs/srv/detail/list_controllers__rosidl_typesupport_fastrtps_cpp.hpp
[5.399s] -- Up-to-date symlink: /home/ningbo@netid.washington.edu/robotics/my_ros2_ws/install/controller_manager_msgs/include/controller_manager_msgs/controller_manager_msgs/srv/detail/list_hardware_components__rosidl_typesupport_fastrtps_cpp.hpp
[5.399s] -- Up-to-date symlink: /home/ningbo@netid.washington.edu/robotics/my_ros2_ws/install/controller_manager_msgs/include/controller_manager_msgs/controller_manager_msgs/srv/detail/list_hardware_interfaces__rosidl_typesupport_fastrtps_cpp.hpp
[5.399s] -- Up-to-date symlink: /home/ningbo@netid.washington.edu/robotics/my_ros2_ws/install/controller_manager_msgs/include/controller_manager_msgs/controller_manager_msgs/srv/detail/load_controller__rosidl_typesupport_fastrtps_cpp.hpp
[5.400s] -- Up-to-date symlink: /home/ningbo@netid.washington.edu/robotics/my_ros2_ws/install/controller_manager_msgs/include/controller_manager_msgs/controller_manager_msgs/srv/detail/reload_controller_libraries__rosidl_typesupport_fastrtps_cpp.hpp
[5.400s] -- Up-to-date symlink: /home/ningbo@netid.washington.edu/robotics/my_ros2_ws/install/controller_manager_msgs/include/controller_manager_msgs/controller_manager_msgs/srv/detail/set_hardware_component_state__rosidl_typesupport_fastrtps_cpp.hpp
[5.401s] -- Up-to-date symlink: /home/ningbo@netid.washington.edu/robotics/my_ros2_ws/install/controller_manager_msgs/include/controller_manager_msgs/controller_manager_msgs/srv/detail/switch_controller__rosidl_typesupport_fastrtps_cpp.hpp
[5.401s] -- Up-to-date symlink: /home/ningbo@netid.washington.edu/robotics/my_ros2_ws/install/controller_manager_msgs/include/controller_manager_msgs/controller_manager_msgs/srv/detail/unload_controller__rosidl_typesupport_fastrtps_cpp.hpp
[5.402s] -- Up-to-date symlink: /home/ningbo@netid.washington.edu/robotics/my_ros2_ws/install/controller_manager_msgs/include/controller_manager_msgs/controller_manager_msgs/msg/detail/chain_connection__rosidl_typesupport_introspection_c.h
[5.402s] -- Up-to-date symlink: /home/ningbo@netid.washington.edu/robotics/my_ros2_ws/install/controller_manager_msgs/include/controller_manager_msgs/controller_manager_msgs/msg/detail/controller_state__rosidl_typesupport_introspection_c.h
[5.402s] -- Up-to-date symlink: /home/ningbo@netid.washington.edu/robotics/my_ros2_ws/install/controller_manager_msgs/include/controller_manager_msgs/controller_manager_msgs/msg/detail/hardware_component_state__rosidl_typesupport_introspection_c.h
[5.402s] -- Up-to-date symlink: /home/ningbo@netid.washington.edu/robotics/my_ros2_ws/install/controller_manager_msgs/include/controller_manager_msgs/controller_manager_msgs/msg/detail/hardware_interface__rosidl_typesupport_introspection_c.h
[5.402s] -- Up-to-date symlink: /home/ningbo@netid.washington.edu/robotics/my_ros2_ws/install/controller_manager_msgs/include/controller_manager_msgs/controller_manager_msgs/msg/rosidl_typesupport_introspection_c__visibility_control.h
[5.402s] -- Up-to-date symlink: /home/ningbo@netid.washington.edu/robotics/my_ros2_ws/install/controller_manager_msgs/include/controller_manager_msgs/controller_manager_msgs/srv/detail/configure_controller__rosidl_typesupport_introspection_c.h
[5.402s] -- Up-to-date symlink: /home/ningbo@netid.washington.edu/robotics/my_ros2_ws/install/controller_manager_msgs/include/controller_manager_msgs/controller_manager_msgs/srv/detail/list_controller_types__rosidl_typesupport_introspection_c.h
[5.403s] -- Up-to-date symlink: /home/ningbo@netid.washington.edu/robotics/my_ros2_ws/install/controller_manager_msgs/include/controller_manager_msgs/controller_manager_msgs/srv/detail/list_controllers__rosidl_typesupport_introspection_c.h
[5.403s] -- Up-to-date symlink: /home/ningbo@netid.washington.edu/robotics/my_ros2_ws/install/controller_manager_msgs/include/controller_manager_msgs/controller_manager_msgs/srv/detail/list_hardware_components__rosidl_typesupport_introspection_c.h
[5.403s] -- Up-to-date symlink: /home/ningbo@netid.washington.edu/robotics/my_ros2_ws/install/controller_manager_msgs/include/controller_manager_msgs/controller_manager_msgs/srv/detail/list_hardware_interfaces__rosidl_typesupport_introspection_c.h
[5.405s] -- Up-to-date symlink: /home/ningbo@netid.washington.edu/robotics/my_ros2_ws/install/controller_manager_msgs/include/controller_manager_msgs/controller_manager_msgs/srv/detail/load_controller__rosidl_typesupport_introspection_c.h
[5.406s] -- Up-to-date symlink: /home/ningbo@netid.washington.edu/robotics/my_ros2_ws/install/controller_manager_msgs/include/controller_manager_msgs/controller_manager_msgs/srv/detail/reload_controller_libraries__rosidl_typesupport_introspection_c.h
[5.406s] -- Up-to-date symlink: /home/ningbo@netid.washington.edu/robotics/my_ros2_ws/install/controller_manager_msgs/include/controller_manager_msgs/controller_manager_msgs/srv/detail/set_hardware_component_state__rosidl_typesupport_introspection_c.h
[5.407s] -- Up-to-date symlink: /home/ningbo@netid.washington.edu/robotics/my_ros2_ws/install/controller_manager_msgs/include/controller_manager_msgs/controller_manager_msgs/srv/detail/switch_controller__rosidl_typesupport_introspection_c.h
[5.407s] -- Up-to-date symlink: /home/ningbo@netid.washington.edu/robotics/my_ros2_ws/install/controller_manager_msgs/include/controller_manager_msgs/controller_manager_msgs/srv/detail/unload_controller__rosidl_typesupport_introspection_c.h
[5.407s] -- Up-to-date symlink: /home/ningbo@netid.washington.edu/robotics/my_ros2_ws/install/controller_manager_msgs/include/controller_manager_msgs/controller_manager_msgs/msg/detail/chain_connection__rosidl_typesupport_introspection_cpp.hpp
[5.407s] -- Up-to-date symlink: /home/ningbo@netid.washington.edu/robotics/my_ros2_ws/install/controller_manager_msgs/include/controller_manager_msgs/controller_manager_msgs/msg/detail/controller_state__rosidl_typesupport_introspection_cpp.hpp
[5.407s] -- Up-to-date symlink: /home/ningbo@netid.washington.edu/robotics/my_ros2_ws/install/controller_manager_msgs/include/controller_manager_msgs/controller_manager_msgs/msg/detail/hardware_component_state__rosidl_typesupport_introspection_cpp.hpp
[5.408s] -- Up-to-date symlink: /home/ningbo@netid.washington.edu/robotics/my_ros2_ws/install/controller_manager_msgs/include/controller_manager_msgs/controller_manager_msgs/msg/detail/hardware_interface__rosidl_typesupport_introspection_cpp.hpp
[5.408s] -- Up-to-date symlink: /home/ningbo@netid.washington.edu/robotics/my_ros2_ws/install/controller_manager_msgs/include/controller_manager_msgs/controller_manager_msgs/srv/detail/configure_controller__rosidl_typesupport_introspection_cpp.hpp
[5.408s] -- Up-to-date symlink: /home/ningbo@netid.washington.edu/robotics/my_ros2_ws/install/controller_manager_msgs/include/controller_manager_msgs/controller_manager_msgs/srv/detail/list_controller_types__rosidl_typesupport_introspection_cpp.hpp
[5.408s] -- Up-to-date symlink: /home/ningbo@netid.washington.edu/robotics/my_ros2_ws/install/controller_manager_msgs/include/controller_manager_msgs/controller_manager_msgs/srv/detail/list_controllers__rosidl_typesupport_introspection_cpp.hpp
[5.408s] -- Up-to-date symlink: /home/ningbo@netid.washington.edu/robotics/my_ros2_ws/install/controller_manager_msgs/include/controller_manager_msgs/controller_manager_msgs/srv/detail/list_hardware_components__rosidl_typesupport_introspection_cpp.hpp
[5.409s] -- Up-to-date symlink: /home/ningbo@netid.washington.edu/robotics/my_ros2_ws/install/controller_manager_msgs/include/controller_manager_msgs/controller_manager_msgs/srv/detail/list_hardware_interfaces__rosidl_typesupport_introspection_cpp.hpp
[5.409s] -- Up-to-date symlink: /home/ningbo@netid.washington.edu/robotics/my_ros2_ws/install/controller_manager_msgs/include/controller_manager_msgs/controller_manager_msgs/srv/detail/load_controller__rosidl_typesupport_introspection_cpp.hpp
[5.409s] -- Up-to-date symlink: /home/ningbo@netid.washington.edu/robotics/my_ros2_ws/install/controller_manager_msgs/include/controller_manager_msgs/controller_manager_msgs/srv/detail/reload_controller_libraries__rosidl_typesupport_introspection_cpp.hpp
[5.409s] -- Up-to-date symlink: /home/ningbo@netid.washington.edu/robotics/my_ros2_ws/install/controller_manager_msgs/include/controller_manager_msgs/controller_manager_msgs/srv/detail/set_hardware_component_state__rosidl_typesupport_introspection_cpp.hpp
[5.409s] -- Up-to-date symlink: /home/ningbo@netid.washington.edu/robotics/my_ros2_ws/install/controller_manager_msgs/include/controller_manager_msgs/controller_manager_msgs/srv/detail/switch_controller__rosidl_typesupport_introspection_cpp.hpp
[5.410s] -- Up-to-date symlink: /home/ningbo@netid.washington.edu/robotics/my_ros2_ws/install/controller_manager_msgs/include/controller_manager_msgs/controller_manager_msgs/srv/detail/unload_controller__rosidl_typesupport_introspection_cpp.hpp
[5.410s] -- Up-to-date symlink: /home/ningbo@netid.washington.edu/robotics/my_ros2_ws/install/controller_manager_msgs/share/controller_manager_msgs/environment/pythonpath.sh
[5.411s] -- Up-to-date symlink: /home/ningbo@netid.washington.edu/robotics/my_ros2_ws/install/controller_manager_msgs/share/controller_manager_msgs/environment/pythonpath.dsv
[5.411s] -- Up-to-date symlink: /home/ningbo@netid.washington.edu/robotics/my_ros2_ws/install/controller_manager_msgs/local/lib/python3.10/dist-packages/controller_manager_msgs-2.48.0-py3.10.egg-info/PKG-INFO
[5.412s] -- Up-to-date symlink: /home/ningbo@netid.washington.edu/robotics/my_ros2_ws/install/controller_manager_msgs/local/lib/python3.10/dist-packages/controller_manager_msgs-2.48.0-py3.10.egg-info/SOURCES.txt
[5.412s] -- Up-to-date symlink: /home/ningbo@netid.washington.edu/robotics/my_ros2_ws/install/controller_manager_msgs/local/lib/python3.10/dist-packages/controller_manager_msgs-2.48.0-py3.10.egg-info/dependency_links.txt
[5.412s] -- Up-to-date symlink: /home/ningbo@netid.washington.edu/robotics/my_ros2_ws/install/controller_manager_msgs/local/lib/python3.10/dist-packages/controller_manager_msgs-2.48.0-py3.10.egg-info/top_level.txt
[5.413s] -- Up-to-date symlink: /home/ningbo@netid.washington.edu/robotics/my_ros2_ws/install/controller_manager_msgs/local/lib/python3.10/dist-packages/controller_manager_msgs/__init__.py
[5.413s] -- Up-to-date symlink: /home/ningbo@netid.washington.edu/robotics/my_ros2_ws/install/controller_manager_msgs/local/lib/python3.10/dist-packages/controller_manager_msgs/_controller_manager_msgs_s.ep.rosidl_typesupport_c.c
[5.413s] -- Up-to-date symlink: /home/ningbo@netid.washington.edu/robotics/my_ros2_ws/install/controller_manager_msgs/local/lib/python3.10/dist-packages/controller_manager_msgs/_controller_manager_msgs_s.ep.rosidl_typesupport_fastrtps_c.c
[5.414s] -- Up-to-date symlink: /home/ningbo@netid.washington.edu/robotics/my_ros2_ws/install/controller_manager_msgs/local/lib/python3.10/dist-packages/controller_manager_msgs/_controller_manager_msgs_s.ep.rosidl_typesupport_introspection_c.c
[5.417s] -- Up-to-date symlink: /home/ningbo@netid.washington.edu/robotics/my_ros2_ws/install/controller_manager_msgs/local/lib/python3.10/dist-packages/controller_manager_msgs/controller_manager_msgs_s__rosidl_typesupport_c.cpython-310-x86_64-linux-gnu.so
[5.418s] -- Up-to-date symlink: /home/ningbo@netid.washington.edu/robotics/my_ros2_ws/install/controller_manager_msgs/local/lib/python3.10/dist-packages/controller_manager_msgs/controller_manager_msgs_s__rosidl_typesupport_fastrtps_c.cpython-310-x86_64-linux-gnu.so
[5.418s] -- Up-to-date symlink: /home/ningbo@netid.washington.edu/robotics/my_ros2_ws/install/controller_manager_msgs/local/lib/python3.10/dist-packages/controller_manager_msgs/controller_manager_msgs_s__rosidl_typesupport_introspection_c.cpython-310-x86_64-linux-gnu.so
[5.419s] -- Up-to-date symlink: /home/ningbo@netid.washington.edu/robotics/my_ros2_ws/install/controller_manager_msgs/local/lib/python3.10/dist-packages/controller_manager_msgs/libcontroller_manager_msgs__rosidl_generator_py.so
[5.419s] -- Up-to-date symlink: /home/ningbo@netid.washington.edu/robotics/my_ros2_ws/install/controller_manager_msgs/local/lib/python3.10/dist-packages/controller_manager_msgs/msg/__init__.py
[5.420s] -- Up-to-date symlink: /home/ningbo@netid.washington.edu/robotics/my_ros2_ws/install/controller_manager_msgs/local/lib/python3.10/dist-packages/controller_manager_msgs/msg/_chain_connection.py
[5.420s] -- Up-to-date symlink: /home/ningbo@netid.washington.edu/robotics/my_ros2_ws/install/controller_manager_msgs/local/lib/python3.10/dist-packages/controller_manager_msgs/msg/_chain_connection_s.c
[5.420s] -- Up-to-date symlink: /home/ningbo@netid.washington.edu/robotics/my_ros2_ws/install/controller_manager_msgs/local/lib/python3.10/dist-packages/controller_manager_msgs/msg/_controller_state.py
[5.421s] -- Up-to-date symlink: /home/ningbo@netid.washington.edu/robotics/my_ros2_ws/install/controller_manager_msgs/local/lib/python3.10/dist-packages/controller_manager_msgs/msg/_controller_state_s.c
[5.425s] -- Up-to-date symlink: /home/ningbo@netid.washington.edu/robotics/my_ros2_ws/install/controller_manager_msgs/local/lib/python3.10/dist-packages/controller_manager_msgs/msg/_hardware_component_state.py
[5.426s] -- Up-to-date symlink: /home/ningbo@netid.washington.edu/robotics/my_ros2_ws/install/controller_manager_msgs/local/lib/python3.10/dist-packages/controller_manager_msgs/msg/_hardware_component_state_s.c
[5.426s] -- Up-to-date symlink: /home/ningbo@netid.washington.edu/robotics/my_ros2_ws/install/controller_manager_msgs/local/lib/python3.10/dist-packages/controller_manager_msgs/msg/_hardware_interface.py
[5.426s] -- Up-to-date symlink: /home/ningbo@netid.washington.edu/robotics/my_ros2_ws/install/controller_manager_msgs/local/lib/python3.10/dist-packages/controller_manager_msgs/msg/_hardware_interface_s.c
[5.426s] -- Up-to-date symlink: /home/ningbo@netid.washington.edu/robotics/my_ros2_ws/install/controller_manager_msgs/local/lib/python3.10/dist-packages/controller_manager_msgs/srv/__init__.py
[5.426s] -- Up-to-date symlink: /home/ningbo@netid.washington.edu/robotics/my_ros2_ws/install/controller_manager_msgs/local/lib/python3.10/dist-packages/controller_manager_msgs/srv/_configure_controller.py
[5.426s] -- Up-to-date symlink: /home/ningbo@netid.washington.edu/robotics/my_ros2_ws/install/controller_manager_msgs/local/lib/python3.10/dist-packages/controller_manager_msgs/srv/_configure_controller_s.c
[5.427s] -- Up-to-date symlink: /home/ningbo@netid.washington.edu/robotics/my_ros2_ws/install/controller_manager_msgs/local/lib/python3.10/dist-packages/controller_manager_msgs/srv/_list_controller_types.py
[5.427s] -- Up-to-date symlink: /home/ningbo@netid.washington.edu/robotics/my_ros2_ws/install/controller_manager_msgs/local/lib/python3.10/dist-packages/controller_manager_msgs/srv/_list_controller_types_s.c
[5.427s] -- Up-to-date symlink: /home/ningbo@netid.washington.edu/robotics/my_ros2_ws/install/controller_manager_msgs/local/lib/python3.10/dist-packages/controller_manager_msgs/srv/_list_controllers.py
[5.427s] -- Up-to-date symlink: /home/ningbo@netid.washington.edu/robotics/my_ros2_ws/install/controller_manager_msgs/local/lib/python3.10/dist-packages/controller_manager_msgs/srv/_list_controllers_s.c
[5.427s] -- Up-to-date symlink: /home/ningbo@netid.washington.edu/robotics/my_ros2_ws/install/controller_manager_msgs/local/lib/python3.10/dist-packages/controller_manager_msgs/srv/_list_hardware_components.py
[5.427s] -- Up-to-date symlink: /home/ningbo@netid.washington.edu/robotics/my_ros2_ws/install/controller_manager_msgs/local/lib/python3.10/dist-packages/controller_manager_msgs/srv/_list_hardware_components_s.c
[5.428s] -- Up-to-date symlink: /home/ningbo@netid.washington.edu/robotics/my_ros2_ws/install/controller_manager_msgs/local/lib/python3.10/dist-packages/controller_manager_msgs/srv/_list_hardware_interfaces.py
[5.428s] -- Up-to-date symlink: /home/ningbo@netid.washington.edu/robotics/my_ros2_ws/install/controller_manager_msgs/local/lib/python3.10/dist-packages/controller_manager_msgs/srv/_list_hardware_interfaces_s.c
[5.428s] -- Up-to-date symlink: /home/ningbo@netid.washington.edu/robotics/my_ros2_ws/install/controller_manager_msgs/local/lib/python3.10/dist-packages/controller_manager_msgs/srv/_load_controller.py
[5.428s] -- Up-to-date symlink: /home/ningbo@netid.washington.edu/robotics/my_ros2_ws/install/controller_manager_msgs/local/lib/python3.10/dist-packages/controller_manager_msgs/srv/_load_controller_s.c
[5.428s] -- Up-to-date symlink: /home/ningbo@netid.washington.edu/robotics/my_ros2_ws/install/controller_manager_msgs/local/lib/python3.10/dist-packages/controller_manager_msgs/srv/_reload_controller_libraries.py
[5.429s] -- Up-to-date symlink: /home/ningbo@netid.washington.edu/robotics/my_ros2_ws/install/controller_manager_msgs/local/lib/python3.10/dist-packages/controller_manager_msgs/srv/_reload_controller_libraries_s.c
[5.429s] -- Up-to-date symlink: /home/ningbo@netid.washington.edu/robotics/my_ros2_ws/install/controller_manager_msgs/local/lib/python3.10/dist-packages/controller_manager_msgs/srv/_set_hardware_component_state.py
[5.429s] -- Up-to-date symlink: /home/ningbo@netid.washington.edu/robotics/my_ros2_ws/install/controller_manager_msgs/local/lib/python3.10/dist-packages/controller_manager_msgs/srv/_set_hardware_component_state_s.c
[5.429s] -- Up-to-date symlink: /home/ningbo@netid.washington.edu/robotics/my_ros2_ws/install/controller_manager_msgs/local/lib/python3.10/dist-packages/controller_manager_msgs/srv/_switch_controller.py
[5.429s] -- Up-to-date symlink: /home/ningbo@netid.washington.edu/robotics/my_ros2_ws/install/controller_manager_msgs/local/lib/python3.10/dist-packages/controller_manager_msgs/srv/_switch_controller_s.c
[5.430s] -- Up-to-date symlink: /home/ningbo@netid.washington.edu/robotics/my_ros2_ws/install/controller_manager_msgs/local/lib/python3.10/dist-packages/controller_manager_msgs/srv/_unload_controller.py
[5.430s] -- Up-to-date symlink: /home/ningbo@netid.washington.edu/robotics/my_ros2_ws/install/controller_manager_msgs/local/lib/python3.10/dist-packages/controller_manager_msgs/srv/_unload_controller_s.c
[5.430s] -- Up-to-date symlink: /home/ningbo@netid.washington.edu/robotics/my_ros2_ws/install/controller_manager_msgs/local/lib/python3.10/dist-packages/controller_manager_msgs/controller_manager_msgs_s__rosidl_typesupport_fastrtps_c.cpython-310-x86_64-linux-gnu.so
[5.430s] -- Up-to-date symlink: /home/ningbo@netid.washington.edu/robotics/my_ros2_ws/install/controller_manager_msgs/local/lib/python3.10/dist-packages/controller_manager_msgs/controller_manager_msgs_s__rosidl_typesupport_introspection_c.cpython-310-x86_64-linux-gnu.so
[5.430s] -- Up-to-date symlink: /home/ningbo@netid.washington.edu/robotics/my_ros2_ws/install/controller_manager_msgs/local/lib/python3.10/dist-packages/controller_manager_msgs/controller_manager_msgs_s__rosidl_typesupport_c.cpython-310-x86_64-linux-gnu.so
[5.431s] -- Up-to-date symlink: /home/ningbo@netid.washington.edu/robotics/my_ros2_ws/install/controller_manager_msgs/share/controller_manager_msgs/msg/ControllerState.idl
[5.431s] -- Up-to-date symlink: /home/ningbo@netid.washington.edu/robotics/my_ros2_ws/install/controller_manager_msgs/share/controller_manager_msgs/msg/ChainConnection.idl
[5.431s] -- Up-to-date symlink: /home/ningbo@netid.washington.edu/robotics/my_ros2_ws/install/controller_manager_msgs/share/controller_manager_msgs/msg/HardwareComponentState.idl
[5.431s] -- Up-to-date symlink: /home/ningbo@netid.washington.edu/robotics/my_ros2_ws/install/controller_manager_msgs/share/controller_manager_msgs/msg/HardwareInterface.idl
[5.431s] -- Up-to-date symlink: /home/ningbo@netid.washington.edu/robotics/my_ros2_ws/install/controller_manager_msgs/share/controller_manager_msgs/srv/ConfigureController.idl
[5.431s] -- Up-to-date symlink: /home/ningbo@netid.washington.edu/robotics/my_ros2_ws/install/controller_manager_msgs/share/controller_manager_msgs/srv/ListControllers.idl
[5.432s] -- Up-to-date symlink: /home/ningbo@netid.washington.edu/robotics/my_ros2_ws/install/controller_manager_msgs/share/controller_manager_msgs/srv/ListControllerTypes.idl
[5.432s] -- Up-to-date symlink: /home/ningbo@netid.washington.edu/robotics/my_ros2_ws/install/controller_manager_msgs/share/controller_manager_msgs/srv/ListHardwareComponents.idl
[5.432s] -- Up-to-date symlink: /home/ningbo@netid.washington.edu/robotics/my_ros2_ws/install/controller_manager_msgs/share/controller_manager_msgs/srv/ListHardwareInterfaces.idl
[5.432s] -- Up-to-date symlink: /home/ningbo@netid.washington.edu/robotics/my_ros2_ws/install/controller_manager_msgs/share/controller_manager_msgs/srv/LoadController.idl
[5.432s] -- Up-to-date symlink: /home/ningbo@netid.washington.edu/robotics/my_ros2_ws/install/controller_manager_msgs/share/controller_manager_msgs/srv/ReloadControllerLibraries.idl
[5.433s] -- Up-to-date symlink: /home/ningbo@netid.washington.edu/robotics/my_ros2_ws/install/controller_manager_msgs/share/controller_manager_msgs/srv/SetHardwareComponentState.idl
[5.433s] -- Up-to-date symlink: /home/ningbo@netid.washington.edu/robotics/my_ros2_ws/install/controller_manager_msgs/share/controller_manager_msgs/srv/SwitchController.idl
[5.433s] -- Up-to-date symlink: /home/ningbo@netid.washington.edu/robotics/my_ros2_ws/install/controller_manager_msgs/share/controller_manager_msgs/srv/UnloadController.idl
[5.433s] -- Up-to-date symlink: /home/ningbo@netid.washington.edu/robotics/my_ros2_ws/install/controller_manager_msgs/share/controller_manager_msgs/msg/ControllerState.msg
[5.433s] -- Up-to-date symlink: /home/ningbo@netid.washington.edu/robotics/my_ros2_ws/install/controller_manager_msgs/share/controller_manager_msgs/msg/ChainConnection.msg
[5.433s] -- Up-to-date symlink: /home/ningbo@netid.washington.edu/robotics/my_ros2_ws/install/controller_manager_msgs/share/controller_manager_msgs/msg/HardwareComponentState.msg
[5.434s] -- Up-to-date symlink: /home/ningbo@netid.washington.edu/robotics/my_ros2_ws/install/controller_manager_msgs/share/controller_manager_msgs/msg/HardwareInterface.msg
[5.434s] -- Up-to-date symlink: /home/ningbo@netid.washington.edu/robotics/my_ros2_ws/install/controller_manager_msgs/share/controller_manager_msgs/srv/ConfigureController.srv
[5.434s] -- Up-to-date symlink: /home/ningbo@netid.washington.edu/robotics/my_ros2_ws/install/controller_manager_msgs/share/controller_manager_msgs/srv/ConfigureController_Request.msg
[5.434s] -- Up-to-date symlink: /home/ningbo@netid.washington.edu/robotics/my_ros2_ws/install/controller_manager_msgs/share/controller_manager_msgs/srv/ConfigureController_Response.msg
[5.434s] -- Up-to-date symlink: /home/ningbo@netid.washington.edu/robotics/my_ros2_ws/install/controller_manager_msgs/share/controller_manager_msgs/srv/ListControllers.srv
[5.434s] -- Up-to-date symlink: /home/ningbo@netid.washington.edu/robotics/my_ros2_ws/install/controller_manager_msgs/share/controller_manager_msgs/srv/ListControllers_Request.msg
[5.435s] -- Up-to-date symlink: /home/ningbo@netid.washington.edu/robotics/my_ros2_ws/install/controller_manager_msgs/share/controller_manager_msgs/srv/ListControllers_Response.msg
[5.435s] -- Up-to-date symlink: /home/ningbo@netid.washington.edu/robotics/my_ros2_ws/install/controller_manager_msgs/share/controller_manager_msgs/srv/ListControllerTypes.srv
[5.435s] -- Up-to-date symlink: /home/ningbo@netid.washington.edu/robotics/my_ros2_ws/install/controller_manager_msgs/share/controller_manager_msgs/srv/ListControllerTypes_Request.msg
[5.435s] -- Up-to-date symlink: /home/ningbo@netid.washington.edu/robotics/my_ros2_ws/install/controller_manager_msgs/share/controller_manager_msgs/srv/ListControllerTypes_Response.msg
[5.435s] -- Up-to-date symlink: /home/ningbo@netid.washington.edu/robotics/my_ros2_ws/install/controller_manager_msgs/share/controller_manager_msgs/srv/ListHardwareComponents.srv
[5.435s] -- Up-to-date symlink: /home/ningbo@netid.washington.edu/robotics/my_ros2_ws/install/controller_manager_msgs/share/controller_manager_msgs/srv/ListHardwareComponents_Request.msg
[5.436s] -- Up-to-date symlink: /home/ningbo@netid.washington.edu/robotics/my_ros2_ws/install/controller_manager_msgs/share/controller_manager_msgs/srv/ListHardwareComponents_Response.msg
[5.436s] -- Up-to-date symlink: /home/ningbo@netid.washington.edu/robotics/my_ros2_ws/install/controller_manager_msgs/share/controller_manager_msgs/srv/ListHardwareInterfaces.srv
[5.436s] -- Up-to-date symlink: /home/ningbo@netid.washington.edu/robotics/my_ros2_ws/install/controller_manager_msgs/share/controller_manager_msgs/srv/ListHardwareInterfaces_Request.msg
[5.436s] -- Up-to-date symlink: /home/ningbo@netid.washington.edu/robotics/my_ros2_ws/install/controller_manager_msgs/share/controller_manager_msgs/srv/ListHardwareInterfaces_Response.msg
[5.436s] -- Up-to-date symlink: /home/ningbo@netid.washington.edu/robotics/my_ros2_ws/install/controller_manager_msgs/share/controller_manager_msgs/srv/LoadController.srv
[5.436s] -- Up-to-date symlink: /home/ningbo@netid.washington.edu/robotics/my_ros2_ws/install/controller_manager_msgs/share/controller_manager_msgs/srv/LoadController_Request.msg
[5.437s] -- Up-to-date symlink: /home/ningbo@netid.washington.edu/robotics/my_ros2_ws/install/controller_manager_msgs/share/controller_manager_msgs/srv/LoadController_Response.msg
[5.437s] -- Up-to-date symlink: /home/ningbo@netid.washington.edu/robotics/my_ros2_ws/install/controller_manager_msgs/share/controller_manager_msgs/srv/ReloadControllerLibraries.srv
[5.437s] -- Up-to-date symlink: /home/ningbo@netid.washington.edu/robotics/my_ros2_ws/install/controller_manager_msgs/share/controller_manager_msgs/srv/ReloadControllerLibraries_Request.msg
[5.437s] -- Up-to-date symlink: /home/ningbo@netid.washington.edu/robotics/my_ros2_ws/install/controller_manager_msgs/share/controller_manager_msgs/srv/ReloadControllerLibraries_Response.msg
[5.437s] -- Up-to-date symlink: /home/ningbo@netid.washington.edu/robotics/my_ros2_ws/install/controller_manager_msgs/share/controller_manager_msgs/srv/SetHardwareComponentState.srv
[5.438s] -- Up-to-date symlink: /home/ningbo@netid.washington.edu/robotics/my_ros2_ws/install/controller_manager_msgs/share/controller_manager_msgs/srv/SetHardwareComponentState_Request.msg
[5.438s] -- Up-to-date symlink: /home/ningbo@netid.washington.edu/robotics/my_ros2_ws/install/controller_manager_msgs/share/controller_manager_msgs/srv/SetHardwareComponentState_Response.msg
[5.438s] -- Up-to-date symlink: /home/ningbo@netid.washington.edu/robotics/my_ros2_ws/install/controller_manager_msgs/share/controller_manager_msgs/srv/SwitchController.srv
[5.438s] -- Up-to-date symlink: /home/ningbo@netid.washington.edu/robotics/my_ros2_ws/install/controller_manager_msgs/share/controller_manager_msgs/srv/SwitchController_Request.msg
[5.438s] -- Up-to-date symlink: /home/ningbo@netid.washington.edu/robotics/my_ros2_ws/install/controller_manager_msgs/share/controller_manager_msgs/srv/SwitchController_Response.msg
[5.438s] -- Up-to-date symlink: /home/ningbo@netid.washington.edu/robotics/my_ros2_ws/install/controller_manager_msgs/share/controller_manager_msgs/srv/UnloadController.srv
[5.439s] -- Up-to-date symlink: /home/ningbo@netid.washington.edu/robotics/my_ros2_ws/install/controller_manager_msgs/share/controller_manager_msgs/srv/UnloadController_Request.msg
[5.439s] -- Up-to-date symlink: /home/ningbo@netid.washington.edu/robotics/my_ros2_ws/install/controller_manager_msgs/share/controller_manager_msgs/srv/UnloadController_Response.msg
[5.439s] -- Up-to-date symlink: /home/ningbo@netid.washington.edu/robotics/my_ros2_ws/install/controller_manager_msgs/share/ament_index/resource_index/package_run_dependencies/controller_manager_msgs
[5.439s] -- Up-to-date symlink: /home/ningbo@netid.washington.edu/robotics/my_ros2_ws/install/controller_manager_msgs/share/ament_index/resource_index/parent_prefix_path/controller_manager_msgs
[5.440s] -- Up-to-date symlink: /home/ningbo@netid.washington.edu/robotics/my_ros2_ws/install/controller_manager_msgs/share/controller_manager_msgs/environment/ament_prefix_path.sh
[5.440s] -- Up-to-date symlink: /home/ningbo@netid.washington.edu/robotics/my_ros2_ws/install/controller_manager_msgs/share/controller_manager_msgs/environment/ament_prefix_path.dsv
[5.440s] -- Up-to-date symlink: /home/ningbo@netid.washington.edu/robotics/my_ros2_ws/install/controller_manager_msgs/share/controller_manager_msgs/environment/path.sh
[5.440s] -- Up-to-date symlink: /home/ningbo@netid.washington.edu/robotics/my_ros2_ws/install/controller_manager_msgs/share/controller_manager_msgs/environment/path.dsv
[5.440s] -- Up-to-date symlink: /home/ningbo@netid.washington.edu/robotics/my_ros2_ws/install/controller_manager_msgs/share/controller_manager_msgs/local_setup.bash
[5.441s] -- Up-to-date symlink: /home/ningbo@netid.washington.edu/robotics/my_ros2_ws/install/controller_manager_msgs/share/controller_manager_msgs/local_setup.sh
[5.441s] -- Up-to-date symlink: /home/ningbo@netid.washington.edu/robotics/my_ros2_ws/install/controller_manager_msgs/share/controller_manager_msgs/local_setup.zsh
[5.441s] -- Up-to-date symlink: /home/ningbo@netid.washington.edu/robotics/my_ros2_ws/install/controller_manager_msgs/share/controller_manager_msgs/local_setup.dsv
[5.442s] -- Symlinking: /home/ningbo@netid.washington.edu/robotics/my_ros2_ws/install/controller_manager_msgs/share/controller_manager_msgs/package.dsv
[5.443s] -- Up-to-date symlink: /home/ningbo@netid.washington.edu/robotics/my_ros2_ws/install/controller_manager_msgs/share/ament_index/resource_index/packages/controller_manager_msgs
[5.443s] -- Up-to-date symlink: /home/ningbo@netid.washington.edu/robotics/my_ros2_ws/install/controller_manager_msgs/share/controller_manager_msgs/cmake/rosidl_cmake-extras.cmake
[5.443s] -- Up-to-date symlink: /home/ningbo@netid.washington.edu/robotics/my_ros2_ws/install/controller_manager_msgs/share/controller_manager_msgs/cmake/ament_cmake_export_dependencies-extras.cmake
[5.443s] -- Up-to-date symlink: /home/ningbo@netid.washington.edu/robotics/my_ros2_ws/install/controller_manager_msgs/share/controller_manager_msgs/cmake/ament_cmake_export_include_directories-extras.cmake
[5.444s] -- Up-to-date symlink: /home/ningbo@netid.washington.edu/robotics/my_ros2_ws/install/controller_manager_msgs/share/controller_manager_msgs/cmake/ament_cmake_export_libraries-extras.cmake
[5.444s] -- Up-to-date symlink: /home/ningbo@netid.washington.edu/robotics/my_ros2_ws/install/controller_manager_msgs/share/controller_manager_msgs/cmake/ament_cmake_export_targets-extras.cmake
[5.444s] -- Up-to-date symlink: /home/ningbo@netid.washington.edu/robotics/my_ros2_ws/install/controller_manager_msgs/share/controller_manager_msgs/cmake/rosidl_cmake_export_typesupport_targets-extras.cmake
[5.444s] -- Up-to-date symlink: /home/ningbo@netid.washington.edu/robotics/my_ros2_ws/install/controller_manager_msgs/share/controller_manager_msgs/cmake/rosidl_cmake_export_typesupport_libraries-extras.cmake
[5.444s] -- Up-to-date symlink: /home/ningbo@netid.washington.edu/robotics/my_ros2_ws/install/controller_manager_msgs/share/controller_manager_msgs/cmake/controller_manager_msgsConfig.cmake
[5.444s] -- Up-to-date symlink: /home/ningbo@netid.washington.edu/robotics/my_ros2_ws/install/controller_manager_msgs/share/controller_manager_msgs/cmake/controller_manager_msgsConfig-version.cmake
[5.445s] -- Up-to-date symlink: /home/ningbo@netid.washington.edu/robotics/my_ros2_ws/install/controller_manager_msgs/share/controller_manager_msgs/package.xml
[5.445s] -- Up-to-date: /home/ningbo@netid.washington.edu/robotics/my_ros2_ws/install/controller_manager_msgs/lib/libcontroller_manager_msgs__rosidl_generator_c.so
[5.445s] -- Up-to-date: /home/ningbo@netid.washington.edu/robotics/my_ros2_ws/install/controller_manager_msgs/lib/libcontroller_manager_msgs__rosidl_typesupport_fastrtps_c.so
[5.445s] -- Up-to-date: /home/ningbo@netid.washington.edu/robotics/my_ros2_ws/install/controller_manager_msgs/lib/libcontroller_manager_msgs__rosidl_typesupport_fastrtps_cpp.so
[5.445s] -- Up-to-date: /home/ningbo@netid.washington.edu/robotics/my_ros2_ws/install/controller_manager_msgs/lib/libcontroller_manager_msgs__rosidl_typesupport_introspection_c.so
[5.445s] -- Up-to-date: /home/ningbo@netid.washington.edu/robotics/my_ros2_ws/install/controller_manager_msgs/lib/libcontroller_manager_msgs__rosidl_typesupport_c.so
[5.446s] -- Up-to-date: /home/ningbo@netid.washington.edu/robotics/my_ros2_ws/install/controller_manager_msgs/lib/libcontroller_manager_msgs__rosidl_typesupport_introspection_cpp.so
[5.446s] -- Up-to-date: /home/ningbo@netid.washington.edu/robotics/my_ros2_ws/install/controller_manager_msgs/lib/libcontroller_manager_msgs__rosidl_typesupport_cpp.so
[5.546s] Listing '/home/ningbo@netid.washington.edu/robotics/my_ros2_ws/install/controller_manager_msgs/local/lib/python3.10/dist-packages/controller_manager_msgs'...
[5.547s] Compiling '/home/ningbo@netid.washington.edu/robotics/my_ros2_ws/install/controller_manager_msgs/local/lib/python3.10/dist-packages/controller_manager_msgs/__init__.py'...
[5.547s] Listing '/home/ningbo@netid.washington.edu/robotics/my_ros2_ws/install/controller_manager_msgs/local/lib/python3.10/dist-packages/controller_manager_msgs/msg'...
[5.547s] Listing '/home/ningbo@netid.washington.edu/robotics/my_ros2_ws/install/controller_manager_msgs/local/lib/python3.10/dist-packages/controller_manager_msgs/srv'...
[5.555s] -- Up-to-date: /home/ningbo@netid.washington.edu/robotics/my_ros2_ws/install/controller_manager_msgs/lib/libcontroller_manager_msgs__rosidl_generator_py.so
[5.556s] -- Up-to-date: /home/ningbo@netid.washington.edu/robotics/my_ros2_ws/install/controller_manager_msgs/share/controller_manager_msgs/cmake/export_controller_manager_msgs__rosidl_generator_cExport.cmake
[5.557s] -- Up-to-date: /home/ningbo@netid.washington.edu/robotics/my_ros2_ws/install/controller_manager_msgs/share/controller_manager_msgs/cmake/export_controller_manager_msgs__rosidl_generator_cExport-noconfig.cmake
[5.557s] -- Up-to-date: /home/ningbo@netid.washington.edu/robotics/my_ros2_ws/install/controller_manager_msgs/share/controller_manager_msgs/cmake/export_controller_manager_msgs__rosidl_typesupport_fastrtps_cExport.cmake
[5.557s] -- Up-to-date: /home/ningbo@netid.washington.edu/robotics/my_ros2_ws/install/controller_manager_msgs/share/controller_manager_msgs/cmake/export_controller_manager_msgs__rosidl_typesupport_fastrtps_cExport-noconfig.cmake
[5.558s] -- Up-to-date: /home/ningbo@netid.washington.edu/robotics/my_ros2_ws/install/controller_manager_msgs/share/controller_manager_msgs/cmake/export_controller_manager_msgs__rosidl_generator_cppExport.cmake
[5.558s] -- Up-to-date: /home/ningbo@netid.washington.edu/robotics/my_ros2_ws/install/controller_manager_msgs/share/controller_manager_msgs/cmake/export_controller_manager_msgs__rosidl_typesupport_fastrtps_cppExport.cmake
[5.558s] -- Up-to-date: /home/ningbo@netid.washington.edu/robotics/my_ros2_ws/install/controller_manager_msgs/share/controller_manager_msgs/cmake/export_controller_manager_msgs__rosidl_typesupport_fastrtps_cppExport-noconfig.cmake
[5.559s] -- Up-to-date: /home/ningbo@netid.washington.edu/robotics/my_ros2_ws/install/controller_manager_msgs/share/controller_manager_msgs/cmake/controller_manager_msgs__rosidl_typesupport_introspection_cExport.cmake
[5.559s] -- Up-to-date: /home/ningbo@netid.washington.edu/robotics/my_ros2_ws/install/controller_manager_msgs/share/controller_manager_msgs/cmake/controller_manager_msgs__rosidl_typesupport_introspection_cExport-noconfig.cmake
[5.559s] -- Up-to-date: /home/ningbo@netid.washington.edu/robotics/my_ros2_ws/install/controller_manager_msgs/share/controller_manager_msgs/cmake/controller_manager_msgs__rosidl_typesupport_cExport.cmake
[5.560s] -- Up-to-date: /home/ningbo@netid.washington.edu/robotics/my_ros2_ws/install/controller_manager_msgs/share/controller_manager_msgs/cmake/controller_manager_msgs__rosidl_typesupport_cExport-noconfig.cmake
[5.560s] -- Up-to-date: /home/ningbo@netid.washington.edu/robotics/my_ros2_ws/install/controller_manager_msgs/share/controller_manager_msgs/cmake/controller_manager_msgs__rosidl_typesupport_introspection_cppExport.cmake
[5.560s] -- Up-to-date: /home/ningbo@netid.washington.edu/robotics/my_ros2_ws/install/controller_manager_msgs/share/controller_manager_msgs/cmake/controller_manager_msgs__rosidl_typesupport_introspection_cppExport-noconfig.cmake
[5.560s] -- Up-to-date: /home/ningbo@netid.washington.edu/robotics/my_ros2_ws/install/controller_manager_msgs/share/controller_manager_msgs/cmake/controller_manager_msgs__rosidl_typesupport_cppExport.cmake
[5.560s] -- Up-to-date: /home/ningbo@netid.washington.edu/robotics/my_ros2_ws/install/controller_manager_msgs/share/controller_manager_msgs/cmake/controller_manager_msgs__rosidl_typesupport_cppExport-noconfig.cmake
[5.561s] -- Up-to-date: /home/ningbo@netid.washington.edu/robotics/my_ros2_ws/install/controller_manager_msgs/share/controller_manager_msgs/cmake/export_controller_manager_msgs__rosidl_generator_pyExport.cmake
[5.561s] -- Up-to-date: /home/ningbo@netid.washington.edu/robotics/my_ros2_ws/install/controller_manager_msgs/share/controller_manager_msgs/cmake/export_controller_manager_msgs__rosidl_generator_pyExport-noconfig.cmake
[5.583s] Invoked command in '/home/ningbo@netid.washington.edu/robotics/my_ros2_ws/build/controller_manager_msgs' returned '0': CMAKE_PREFIX_PATH=${CMAKE_PREFIX_PATH}:/home/ningbo@netid.washington.edu/robotics/my_ws/install/rqt_joint_trajectory_controller:/home/ningbo@netid.washington.edu/robotics/my_ws/install/rqt_controller_manager:/home/ningbo@netid.washington.edu/robotics/my_ws/install/ros2controlcli:/home/ningbo@netid.washington.edu/robotics/my_ws/install/ros2_controllers_test_nodes:/home/ningbo@netid.washington.edu/robotics/my_ws/install/ros2_control_demo_testing:/home/ningbo@netid.washington.edu/robotics/my_ws/install/pick_place:/home/ningbo@netid.washington.edu/ros2_ws/install/ros2controlcli:/home/ningbo@netid.washington.edu/ros2_ws/install/ros2_controllers_test_nodes:/home/ningbo@netid.washington.edu/ros2_ws/install/ros2_control_demo_testing:/opt/ros/humble /usr/bin/cmake --install /home/ningbo@netid.washington.edu/robotics/my_ros2_ws/build/controller_manager_msgs
