[0.072s] Invoking command in '/home/ningbo@netid.washington.edu/robotics/my_ros2_ws/build/serial': CMAKE_PREFIX_PATH=${CMAKE_PREFIX_PATH}:/home/ningbo@netid.washington.edu/robotics/my_ws/install/rqt_joint_trajectory_controller:/home/ningbo@netid.washington.edu/robotics/my_ws/install/rqt_controller_manager:/home/ningbo@netid.washington.edu/robotics/my_ws/install/ros2controlcli:/home/ningbo@netid.washington.edu/robotics/my_ws/install/ros2_controllers_test_nodes:/home/ningbo@netid.washington.edu/robotics/my_ws/install/ros2_control_demo_testing:/home/ningbo@netid.washington.edu/robotics/my_ws/install/pick_place:/home/ningbo@netid.washington.edu/ros2_ws/install/ros2controlcli:/home/ningbo@netid.washington.edu/ros2_ws/install/ros2_controllers_test_nodes:/home/ningbo@netid.washington.edu/ros2_ws/install/ros2_control_demo_testing:/opt/ros/humble /usr/bin/cmake /home/ningbo@netid.washington.edu/robotics/my_ros2_ws/src/serial -DCMAKE_INSTALL_PREFIX=/home/ningbo@netid.washington.edu/robotics/my_ros2_ws/install/serial
[0.134s] -- Found ament_cmake: 1.3.11 (/opt/ros/humble/share/ament_cmake/cmake)
[0.521s] -- Override CMake install command with custom implementation using symlinks instead of copying resources
[0.825s] -- Configuring done
[0.842s] -- Generating done
[0.848s] -- Build files have been written to: /home/ningbo@netid.washington.edu/robotics/my_ros2_ws/build/serial
[1.107s] Invoked command in '/home/ningbo@netid.washington.edu/robotics/my_ros2_ws/build/serial' returned '0': CMAKE_PREFIX_PATH=${CMAKE_PREFIX_PATH}:/home/ningbo@netid.washington.edu/robotics/my_ws/install/rqt_joint_trajectory_controller:/home/ningbo@netid.washington.edu/robotics/my_ws/install/rqt_controller_manager:/home/ningbo@netid.washington.edu/robotics/my_ws/install/ros2controlcli:/home/ningbo@netid.washington.edu/robotics/my_ws/install/ros2_controllers_test_nodes:/home/ningbo@netid.washington.edu/robotics/my_ws/install/ros2_control_demo_testing:/home/ningbo@netid.washington.edu/robotics/my_ws/install/pick_place:/home/ningbo@netid.washington.edu/ros2_ws/install/ros2controlcli:/home/ningbo@netid.washington.edu/ros2_ws/install/ros2_controllers_test_nodes:/home/ningbo@netid.washington.edu/ros2_ws/install/ros2_control_demo_testing:/opt/ros/humble /usr/bin/cmake /home/ningbo@netid.washington.edu/robotics/my_ros2_ws/src/serial -DCMAKE_INSTALL_PREFIX=/home/ningbo@netid.washington.edu/robotics/my_ros2_ws/install/serial
[1.108s] Invoking command in '/home/ningbo@netid.washington.edu/robotics/my_ros2_ws/build/serial': CMAKE_PREFIX_PATH=${CMAKE_PREFIX_PATH}:/home/ningbo@netid.washington.edu/robotics/my_ws/install/rqt_joint_trajectory_controller:/home/ningbo@netid.washington.edu/robotics/my_ws/install/rqt_controller_manager:/home/ningbo@netid.washington.edu/robotics/my_ws/install/ros2controlcli:/home/ningbo@netid.washington.edu/robotics/my_ws/install/ros2_controllers_test_nodes:/home/ningbo@netid.washington.edu/robotics/my_ws/install/ros2_control_demo_testing:/home/ningbo@netid.washington.edu/robotics/my_ws/install/pick_place:/home/ningbo@netid.washington.edu/ros2_ws/install/ros2controlcli:/home/ningbo@netid.washington.edu/ros2_ws/install/ros2_controllers_test_nodes:/home/ningbo@netid.washington.edu/ros2_ws/install/ros2_control_demo_testing:/opt/ros/humble /usr/bin/cmake --build /home/ningbo@netid.washington.edu/robotics/my_ros2_ws/build/serial -- -j8 -l8
[1.317s] [35m[1mConsolidate compiler generated dependencies of target serial[0m
[1.385s] [100%] Built target serial
[1.442s] Invoked command in '/home/ningbo@netid.washington.edu/robotics/my_ros2_ws/build/serial' returned '0': CMAKE_PREFIX_PATH=${CMAKE_PREFIX_PATH}:/home/ningbo@netid.washington.edu/robotics/my_ws/install/rqt_joint_trajectory_controller:/home/ningbo@netid.washington.edu/robotics/my_ws/install/rqt_controller_manager:/home/ningbo@netid.washington.edu/robotics/my_ws/install/ros2controlcli:/home/ningbo@netid.washington.edu/robotics/my_ws/install/ros2_controllers_test_nodes:/home/ningbo@netid.washington.edu/robotics/my_ws/install/ros2_control_demo_testing:/home/ningbo@netid.washington.edu/robotics/my_ws/install/pick_place:/home/ningbo@netid.washington.edu/ros2_ws/install/ros2controlcli:/home/ningbo@netid.washington.edu/ros2_ws/install/ros2_controllers_test_nodes:/home/ningbo@netid.washington.edu/ros2_ws/install/ros2_control_demo_testing:/opt/ros/humble /usr/bin/cmake --build /home/ningbo@netid.washington.edu/robotics/my_ros2_ws/build/serial -- -j8 -l8
[1.443s] Invoking command in '/home/ningbo@netid.washington.edu/robotics/my_ros2_ws/build/serial': CMAKE_PREFIX_PATH=${CMAKE_PREFIX_PATH}:/home/ningbo@netid.washington.edu/robotics/my_ws/install/rqt_joint_trajectory_controller:/home/ningbo@netid.washington.edu/robotics/my_ws/install/rqt_controller_manager:/home/ningbo@netid.washington.edu/robotics/my_ws/install/ros2controlcli:/home/ningbo@netid.washington.edu/robotics/my_ws/install/ros2_controllers_test_nodes:/home/ningbo@netid.washington.edu/robotics/my_ws/install/ros2_control_demo_testing:/home/ningbo@netid.washington.edu/robotics/my_ws/install/pick_place:/home/ningbo@netid.washington.edu/ros2_ws/install/ros2controlcli:/home/ningbo@netid.washington.edu/ros2_ws/install/ros2_controllers_test_nodes:/home/ningbo@netid.washington.edu/ros2_ws/install/ros2_control_demo_testing:/opt/ros/humble /usr/bin/cmake --install /home/ningbo@netid.washington.edu/robotics/my_ros2_ws/build/serial
[1.479s] -- Install configuration: ""
[1.480s] -- Execute custom install script
[1.481s] -- Up-to-date symlink: /home/ningbo@netid.washington.edu/robotics/my_ros2_ws/install/serial/include/serial/impl/unix.h
[1.481s] -- Up-to-date symlink: /home/ningbo@netid.washington.edu/robotics/my_ros2_ws/install/serial/include/serial/impl/win.h
[1.482s] -- Up-to-date symlink: /home/ningbo@netid.washington.edu/robotics/my_ros2_ws/install/serial/include/serial/serial.h
[1.482s] -- Up-to-date symlink: /home/ningbo@netid.washington.edu/robotics/my_ros2_ws/install/serial/include/serial/v8stdint.h
[1.483s] -- Up-to-date symlink: /home/ningbo@netid.washington.edu/robotics/my_ros2_ws/install/serial/share/serial/environment/library_path.sh
[1.484s] -- Up-to-date symlink: /home/ningbo@netid.washington.edu/robotics/my_ros2_ws/install/serial/share/serial/environment/library_path.dsv
[1.484s] -- Up-to-date symlink: /home/ningbo@netid.washington.edu/robotics/my_ros2_ws/install/serial/share/ament_index/resource_index/package_run_dependencies/serial
[1.488s] -- Up-to-date symlink: /home/ningbo@netid.washington.edu/robotics/my_ros2_ws/install/serial/share/ament_index/resource_index/parent_prefix_path/serial
[1.488s] -- Up-to-date symlink: /home/ningbo@netid.washington.edu/robotics/my_ros2_ws/install/serial/share/serial/environment/ament_prefix_path.sh
[1.489s] -- Up-to-date symlink: /home/ningbo@netid.washington.edu/robotics/my_ros2_ws/install/serial/share/serial/environment/ament_prefix_path.dsv
[1.490s] -- Up-to-date symlink: /home/ningbo@netid.washington.edu/robotics/my_ros2_ws/install/serial/share/serial/environment/path.sh
[1.494s] -- Up-to-date symlink: /home/ningbo@netid.washington.edu/robotics/my_ros2_ws/install/serial/share/serial/environment/path.dsv
[1.494s] -- Up-to-date symlink: /home/ningbo@netid.washington.edu/robotics/my_ros2_ws/install/serial/share/serial/local_setup.bash
[1.494s] -- Up-to-date symlink: /home/ningbo@netid.washington.edu/robotics/my_ros2_ws/install/serial/share/serial/local_setup.sh
[1.499s] -- Up-to-date symlink: /home/ningbo@netid.washington.edu/robotics/my_ros2_ws/install/serial/share/serial/local_setup.zsh
[1.500s] -- Up-to-date symlink: /home/ningbo@netid.washington.edu/robotics/my_ros2_ws/install/serial/share/serial/local_setup.dsv
[1.500s] -- Symlinking: /home/ningbo@netid.washington.edu/robotics/my_ros2_ws/install/serial/share/serial/package.dsv
[1.548s] -- Up-to-date symlink: /home/ningbo@netid.washington.edu/robotics/my_ros2_ws/install/serial/share/ament_index/resource_index/packages/serial
[1.548s] -- Up-to-date symlink: /home/ningbo@netid.washington.edu/robotics/my_ros2_ws/install/serial/share/serial/cmake/ament_cmake_export_include_directories-extras.cmake
[1.548s] -- Up-to-date symlink: /home/ningbo@netid.washington.edu/robotics/my_ros2_ws/install/serial/share/serial/cmake/ament_cmake_export_libraries-extras.cmake
[1.549s] -- Up-to-date symlink: /home/ningbo@netid.washington.edu/robotics/my_ros2_ws/install/serial/share/serial/cmake/ament_cmake_export_targets-extras.cmake
[1.549s] -- Up-to-date symlink: /home/ningbo@netid.washington.edu/robotics/my_ros2_ws/install/serial/share/serial/cmake/serialConfig.cmake
[1.550s] -- Up-to-date symlink: /home/ningbo@netid.washington.edu/robotics/my_ros2_ws/install/serial/share/serial/cmake/serialConfig-version.cmake
[1.550s] -- Up-to-date symlink: /home/ningbo@netid.washington.edu/robotics/my_ros2_ws/install/serial/share/serial/package.xml
[1.550s] -- Up-to-date: /home/ningbo@netid.washington.edu/robotics/my_ros2_ws/install/serial/lib/libserial.a
[1.551s] -- Up-to-date: /home/ningbo@netid.washington.edu/robotics/my_ros2_ws/install/serial/share/serial/cmake/export_serialExport.cmake
[1.551s] -- Up-to-date: /home/ningbo@netid.washington.edu/robotics/my_ros2_ws/install/serial/share/serial/cmake/export_serialExport-noconfig.cmake
[1.555s] Invoked command in '/home/ningbo@netid.washington.edu/robotics/my_ros2_ws/build/serial' returned '0': CMAKE_PREFIX_PATH=${CMAKE_PREFIX_PATH}:/home/ningbo@netid.washington.edu/robotics/my_ws/install/rqt_joint_trajectory_controller:/home/ningbo@netid.washington.edu/robotics/my_ws/install/rqt_controller_manager:/home/ningbo@netid.washington.edu/robotics/my_ws/install/ros2controlcli:/home/ningbo@netid.washington.edu/robotics/my_ws/install/ros2_controllers_test_nodes:/home/ningbo@netid.washington.edu/robotics/my_ws/install/ros2_control_demo_testing:/home/ningbo@netid.washington.edu/robotics/my_ws/install/pick_place:/home/ningbo@netid.washington.edu/ros2_ws/install/ros2controlcli:/home/ningbo@netid.washington.edu/ros2_ws/install/ros2_controllers_test_nodes:/home/ningbo@netid.washington.edu/ros2_ws/install/ros2_control_demo_testing:/opt/ros/humble /usr/bin/cmake --install /home/ningbo@netid.washington.edu/robotics/my_ros2_ws/build/serial
