[0.895s] Invoking command in '/home/ningbo@netid.washington.edu/robotics/my_ros2_ws/src/lab_quaternion': PYTHONPATH=/home/ningbo@netid.washington.edu/robotics/my_ros2_ws/src/build/lab_quaternion/prefix_override:/usr/lib/python3/dist-packages/colcon_core/task/python/colcon_distutils_commands:/home/ningbo@netid.washington.edu/robotics/my_ros2_ws/src/install/lab_quaternion/lib/python3.10/site-packages:${PYTHONPATH} /usr/bin/python3 -W ignore:setup.py install is deprecated -W ignore:easy_install command is deprecated setup.py egg_info --egg-base ../build/lab_quaternion build --build-base /home/ningbo@netid.washington.edu/robotics/my_ros2_ws/src/build/lab_quaternion/build install --record /home/ningbo@netid.washington.edu/robotics/my_ros2_ws/src/build/lab_quaternion/install.log --single-version-externally-managed install_data
[1.259s] running egg_info
[1.259s] writing ../build/lab_quaternion/lab_quaternion.egg-info/PKG-INFO
[1.260s] writing dependency_links to ../build/lab_quaternion/lab_quaternion.egg-info/dependency_links.txt
[1.260s] writing entry points to ../build/lab_quaternion/lab_quaternion.egg-info/entry_points.txt
[1.260s] writing requirements to ../build/lab_quaternion/lab_quaternion.egg-info/requires.txt
[1.260s] writing top-level names to ../build/lab_quaternion/lab_quaternion.egg-info/top_level.txt
[1.262s] reading manifest file '../build/lab_quaternion/lab_quaternion.egg-info/SOURCES.txt'
[1.262s] writing manifest file '../build/lab_quaternion/lab_quaternion.egg-info/SOURCES.txt'
[1.262s] running build
[1.263s] running build_py
[1.263s] copying lab_quaternion/pick_and_place.py -> /home/ningbo@netid.washington.edu/robotics/my_ros2_ws/src/build/lab_quaternion/build/lib/lab_quaternion
[1.263s] running install
[1.263s] running install_lib
[1.264s] copying /home/ningbo@netid.washington.edu/robotics/my_ros2_ws/src/build/lab_quaternion/build/lib/lab_quaternion/pick_and_place.py -> /home/ningbo@netid.washington.edu/robotics/my_ros2_ws/src/install/lab_quaternion/lib/python3.10/site-packages/lab_quaternion
[1.265s] byte-compiling /home/ningbo@netid.washington.edu/robotics/my_ros2_ws/src/install/lab_quaternion/lib/python3.10/site-packages/lab_quaternion/pick_and_place.py to pick_and_place.cpython-310.pyc
[1.266s] running install_data
[1.266s] running install_egg_info
[1.268s] removing '/home/ningbo@netid.washington.edu/robotics/my_ros2_ws/src/install/lab_quaternion/lib/python3.10/site-packages/lab_quaternion-0.0.0-py3.10.egg-info' (and everything under it)
[1.268s] Copying ../build/lab_quaternion/lab_quaternion.egg-info to /home/ningbo@netid.washington.edu/robotics/my_ros2_ws/src/install/lab_quaternion/lib/python3.10/site-packages/lab_quaternion-0.0.0-py3.10.egg-info
[1.269s] running install_scripts
[1.295s] Installing gen3lite_pymoveit2 script to /home/ningbo@netid.washington.edu/robotics/my_ros2_ws/src/install/lab_quaternion/lib/lab_quaternion
[1.295s] Installing pick_and_place script to /home/ningbo@netid.washington.edu/robotics/my_ros2_ws/src/install/lab_quaternion/lib/lab_quaternion
[1.295s] Installing sort_cubes script to /home/ningbo@netid.washington.edu/robotics/my_ros2_ws/src/install/lab_quaternion/lib/lab_quaternion
[1.295s] writing list of installed files to '/home/ningbo@netid.washington.edu/robotics/my_ros2_ws/src/build/lab_quaternion/install.log'
[1.320s] Invoked command in '/home/ningbo@netid.washington.edu/robotics/my_ros2_ws/src/lab_quaternion' returned '0': PYTHONPATH=/home/ningbo@netid.washington.edu/robotics/my_ros2_ws/src/build/lab_quaternion/prefix_override:/usr/lib/python3/dist-packages/colcon_core/task/python/colcon_distutils_commands:/home/ningbo@netid.washington.edu/robotics/my_ros2_ws/src/install/lab_quaternion/lib/python3.10/site-packages:${PYTHONPATH} /usr/bin/python3 -W ignore:setup.py install is deprecated -W ignore:easy_install command is deprecated setup.py egg_info --egg-base ../build/lab_quaternion build --build-base /home/ningbo@netid.washington.edu/robotics/my_ros2_ws/src/build/lab_quaternion/build install --record /home/ningbo@netid.washington.edu/robotics/my_ros2_ws/src/build/lab_quaternion/install.log --single-version-externally-managed install_data
