[0.148s] Invoking command in '/home/ningbo@netid.washington.edu/robotics/my_ros2_ws/build/joint_limits': CMAKE_PREFIX_PATH=${CMAKE_PREFIX_PATH}:/home/ningbo@netid.washington.edu/robotics/my_ws/install/rqt_joint_trajectory_controller:/home/ningbo@netid.washington.edu/robotics/my_ws/install/rqt_controller_manager:/home/ningbo@netid.washington.edu/robotics/my_ws/install/ros2controlcli:/home/ningbo@netid.washington.edu/robotics/my_ws/install/ros2_controllers_test_nodes:/home/ningbo@netid.washington.edu/robotics/my_ws/install/ros2_control_demo_testing:/home/ningbo@netid.washington.edu/robotics/my_ws/install/pick_place:/home/ningbo@netid.washington.edu/ros2_ws/install/ros2controlcli:/home/ningbo@netid.washington.edu/ros2_ws/install/ros2_controllers_test_nodes:/home/ningbo@netid.washington.edu/ros2_ws/install/ros2_control_demo_testing:/opt/ros/humble /usr/bin/cmake /home/ningbo@netid.washington.edu/robotics/my_ros2_ws/src/ros-controls/ros2_control/joint_limits -DAMENT_CMAKE_SYMLINK_INSTALL=1 -DCMAKE_INSTALL_PREFIX=/home/ningbo@netid.washington.edu/robotics/my_ros2_ws/install/joint_limits
[3.796s] -- The C compiler identification is GNU 11.4.0
[3.796s] -- The CXX compiler identification is GNU 11.4.0
[3.796s] -- Detecting C compiler ABI info
[3.797s] -- Detecting C compiler ABI info - done
[3.797s] -- Check for working C compiler: /usr/bin/cc - skipped
[3.797s] -- Detecting C compile features
[3.797s] -- Detecting C compile features - done
[3.798s] -- Detecting CXX compiler ABI info
[3.798s] -- Detecting CXX compiler ABI info - done
[3.798s] -- Check for working CXX compiler: /usr/bin/c++ - skipped
[3.798s] -- Detecting CXX compile features
[3.798s] -- Detecting CXX compile features - done
[3.799s] -- Found ament_cmake: 1.3.11 (/opt/ros/humble/share/ament_cmake/cmake)
[4.447s] -- Found Python3: /usr/bin/python3 (found version "3.10.12") found components: Interpreter 
[4.790s] -- Override CMake install command with custom implementation using symlinks instead of copying resources
[6.520s] -- Found rclcpp: 16.0.11 (/opt/ros/humble/share/rclcpp/cmake)
[7.470s] -- Found rosidl_generator_c: 3.1.6 (/opt/ros/humble/share/rosidl_generator_c/cmake)
[7.617s] -- Found rosidl_adapter: 3.1.6 (/opt/ros/humble/share/rosidl_adapter/cmake)
[7.822s] -- Found rosidl_generator_cpp: 3.1.6 (/opt/ros/humble/share/rosidl_generator_cpp/cmake)
[8.038s] -- Using all available rosidl_typesupport_c: rosidl_typesupport_fastrtps_c;rosidl_typesupport_introspection_c
[8.295s] -- Using all available rosidl_typesupport_cpp: rosidl_typesupport_fastrtps_cpp;rosidl_typesupport_introspection_cpp
[9.430s] -- Found rmw_implementation_cmake: 6.1.2 (/opt/ros/humble/share/rmw_implementation_cmake/cmake)
[9.533s] -- Found rmw_fastrtps_cpp: 6.2.7 (/opt/ros/humble/share/rmw_fastrtps_cpp/cmake)
[11.275s] -- Found OpenSSL: /usr/lib/x86_64-linux-gnu/libcrypto.so (found version "3.0.2")  
[11.577s] -- Found FastRTPS: /opt/ros/humble/include  
[12.067s] -- Using RMW implementation 'rmw_fastrtps_cpp' as default
[12.391s] -- Looking for pthread.h
[13.170s] -- Looking for pthread.h - found
[13.178s] -- Performing Test CMAKE_HAVE_LIBC_PTHREAD
[14.100s] -- Performing Test CMAKE_HAVE_LIBC_PTHREAD - Success
[14.113s] -- Found Threads: TRUE  
[15.081s] -- Found rclcpp_lifecycle: 16.0.11 (/opt/ros/humble/share/rclcpp_lifecycle/cmake)
[15.499s] -- Found ament_cmake_gtest: 1.3.11 (/opt/ros/humble/share/ament_cmake_gtest/cmake)
[15.570s] -- Found launch_testing_ament_cmake: 1.0.7 (/opt/ros/humble/share/launch_testing_ament_cmake/cmake)
[15.671s] -- Found python_cmake_module: 0.10.0 (/opt/ros/humble/share/python_cmake_module/cmake)
[15.875s] -- Found PythonInterp: /usr/bin/python3 (found suitable version "3.10.12", minimum required is "3.6") 
[15.938s] -- Found PythonLibs: /usr/lib/x86_64-linux-gnu/libpython3.10.so (found suitable version "3.10.12", minimum required is "3.5") 
[15.939s] -- Using PYTHON_EXECUTABLE: /usr/bin/python3
[15.939s] -- Using PYTHON_INCLUDE_DIRS: /usr/include/python3.10
[15.939s] -- Using PYTHON_LIBRARIES: /usr/lib/x86_64-linux-gnu/libpython3.10.so
[16.124s] -- Found PythonExtra: .so  
[16.220s] -- Found gtest sources under '/opt/ros/humble/src/gtest_vendor': C++ tests using 'Google Test' will be built
[16.750s] -- Configuring done
[16.833s] -- Generating done
[16.851s] -- Build files have been written to: /home/ningbo@netid.washington.edu/robotics/my_ros2_ws/build/joint_limits
[16.902s] Invoked command in '/home/ningbo@netid.washington.edu/robotics/my_ros2_ws/build/joint_limits' returned '0': CMAKE_PREFIX_PATH=${CMAKE_PREFIX_PATH}:/home/ningbo@netid.washington.edu/robotics/my_ws/install/rqt_joint_trajectory_controller:/home/ningbo@netid.washington.edu/robotics/my_ws/install/rqt_controller_manager:/home/ningbo@netid.washington.edu/robotics/my_ws/install/ros2controlcli:/home/ningbo@netid.washington.edu/robotics/my_ws/install/ros2_controllers_test_nodes:/home/ningbo@netid.washington.edu/robotics/my_ws/install/ros2_control_demo_testing:/home/ningbo@netid.washington.edu/robotics/my_ws/install/pick_place:/home/ningbo@netid.washington.edu/ros2_ws/install/ros2controlcli:/home/ningbo@netid.washington.edu/ros2_ws/install/ros2_controllers_test_nodes:/home/ningbo@netid.washington.edu/ros2_ws/install/ros2_control_demo_testing:/opt/ros/humble /usr/bin/cmake /home/ningbo@netid.washington.edu/robotics/my_ros2_ws/src/ros-controls/ros2_control/joint_limits -DAMENT_CMAKE_SYMLINK_INSTALL=1 -DCMAKE_INSTALL_PREFIX=/home/ningbo@netid.washington.edu/robotics/my_ros2_ws/install/joint_limits
[16.904s] Invoking command in '/home/ningbo@netid.washington.edu/robotics/my_ros2_ws/build/joint_limits': CMAKE_PREFIX_PATH=${CMAKE_PREFIX_PATH}:/home/ningbo@netid.washington.edu/robotics/my_ws/install/rqt_joint_trajectory_controller:/home/ningbo@netid.washington.edu/robotics/my_ws/install/rqt_controller_manager:/home/ningbo@netid.washington.edu/robotics/my_ws/install/ros2controlcli:/home/ningbo@netid.washington.edu/robotics/my_ws/install/ros2_controllers_test_nodes:/home/ningbo@netid.washington.edu/robotics/my_ws/install/ros2_control_demo_testing:/home/ningbo@netid.washington.edu/robotics/my_ws/install/pick_place:/home/ningbo@netid.washington.edu/ros2_ws/install/ros2controlcli:/home/ningbo@netid.washington.edu/ros2_ws/install/ros2_controllers_test_nodes:/home/ningbo@netid.washington.edu/ros2_ws/install/ros2_control_demo_testing:/opt/ros/humble /usr/bin/cmake --build /home/ningbo@netid.washington.edu/robotics/my_ros2_ws/build/joint_limits -- -j8 -l8
[19.843s] [ 14%] [32mBuilding CXX object gtest/CMakeFiles/gtest_main.dir/src/gtest_main.cc.o[0m
[19.843s] [ 28%] [32m[1mLinking CXX static library libgtest_main.a[0m
[20.373s] [ 28%] Built target gtest_main
[20.562s] [ 42%] [34m[1mGenerating joint_limits/version.h[0m
[20.770s] [ 42%] Built target ament_generate_version_header__joint_limits
[21.069s] [ 57%] [32mBuilding CXX object gtest/CMakeFiles/gtest.dir/src/gtest-all.cc.o[0m
[32.207s] [ 71%] [32m[1mLinking CXX static library libgtest.a[0m
[32.944s] [ 71%] Built target gtest
[33.221s] [ 85%] [32mBuilding CXX object CMakeFiles/joint_limits_rosparam_test.dir/test/joint_limits_rosparam_test.cpp.o[0m
[48.650s] [100%] [32m[1mLinking CXX executable joint_limits_rosparam_test[0m
[49.691s] [100%] Built target joint_limits_rosparam_test
[49.827s] Invoked command in '/home/ningbo@netid.washington.edu/robotics/my_ros2_ws/build/joint_limits' returned '0': CMAKE_PREFIX_PATH=${CMAKE_PREFIX_PATH}:/home/ningbo@netid.washington.edu/robotics/my_ws/install/rqt_joint_trajectory_controller:/home/ningbo@netid.washington.edu/robotics/my_ws/install/rqt_controller_manager:/home/ningbo@netid.washington.edu/robotics/my_ws/install/ros2controlcli:/home/ningbo@netid.washington.edu/robotics/my_ws/install/ros2_controllers_test_nodes:/home/ningbo@netid.washington.edu/robotics/my_ws/install/ros2_control_demo_testing:/home/ningbo@netid.washington.edu/robotics/my_ws/install/pick_place:/home/ningbo@netid.washington.edu/ros2_ws/install/ros2controlcli:/home/ningbo@netid.washington.edu/ros2_ws/install/ros2_controllers_test_nodes:/home/ningbo@netid.washington.edu/ros2_ws/install/ros2_control_demo_testing:/opt/ros/humble /usr/bin/cmake --build /home/ningbo@netid.washington.edu/robotics/my_ros2_ws/build/joint_limits -- -j8 -l8
[49.839s] Invoking command in '/home/ningbo@netid.washington.edu/robotics/my_ros2_ws/build/joint_limits': CMAKE_PREFIX_PATH=${CMAKE_PREFIX_PATH}:/home/ningbo@netid.washington.edu/robotics/my_ws/install/rqt_joint_trajectory_controller:/home/ningbo@netid.washington.edu/robotics/my_ws/install/rqt_controller_manager:/home/ningbo@netid.washington.edu/robotics/my_ws/install/ros2controlcli:/home/ningbo@netid.washington.edu/robotics/my_ws/install/ros2_controllers_test_nodes:/home/ningbo@netid.washington.edu/robotics/my_ws/install/ros2_control_demo_testing:/home/ningbo@netid.washington.edu/robotics/my_ws/install/pick_place:/home/ningbo@netid.washington.edu/ros2_ws/install/ros2controlcli:/home/ningbo@netid.washington.edu/ros2_ws/install/ros2_controllers_test_nodes:/home/ningbo@netid.washington.edu/ros2_ws/install/ros2_control_demo_testing:/opt/ros/humble /usr/bin/cmake --install /home/ningbo@netid.washington.edu/robotics/my_ros2_ws/build/joint_limits
[54.509s] -- Install configuration: ""
[54.510s] -- Execute custom install script
[54.510s] -- Symlinking: /home/ningbo@netid.washington.edu/robotics/my_ros2_ws/install/joint_limits/include/joint_limits/joint_limits.hpp
[54.510s] -- Symlinking: /home/ningbo@netid.washington.edu/robotics/my_ros2_ws/install/joint_limits/include/joint_limits/joint_limits_rosparam.hpp
[54.510s] -- Symlinking: /home/ningbo@netid.washington.edu/robotics/my_ros2_ws/install/joint_limits/lib/joint_limits/joint_limits_rosparam_test
[54.510s] -- Symlinking: /home/ningbo@netid.washington.edu/robotics/my_ros2_ws/install/joint_limits/share/joint_limits/test/joint_limits_rosparam.yaml
[54.511s] -- Symlinking: /home/ningbo@netid.washington.edu/robotics/my_ros2_ws/install/joint_limits/include/joint_limits/joint_limits/joint_limits.hpp
[54.511s] -- Symlinking: /home/ningbo@netid.washington.edu/robotics/my_ros2_ws/install/joint_limits/include/joint_limits/joint_limits/joint_limits_rosparam.hpp
[54.511s] -- Symlinking: /home/ningbo@netid.washington.edu/robotics/my_ros2_ws/install/joint_limits/share/joint_limits/environment/library_path.sh
[54.511s] -- Symlinking: /home/ningbo@netid.washington.edu/robotics/my_ros2_ws/install/joint_limits/share/joint_limits/environment/library_path.dsv
[54.511s] -- Symlinking: /home/ningbo@netid.washington.edu/robotics/my_ros2_ws/install/joint_limits/share/ament_index/resource_index/package_run_dependencies/joint_limits
[54.512s] -- Symlinking: /home/ningbo@netid.washington.edu/robotics/my_ros2_ws/install/joint_limits/share/ament_index/resource_index/parent_prefix_path/joint_limits
[54.512s] -- Symlinking: /home/ningbo@netid.washington.edu/robotics/my_ros2_ws/install/joint_limits/share/joint_limits/environment/ament_prefix_path.sh
[54.512s] -- Symlinking: /home/ningbo@netid.washington.edu/robotics/my_ros2_ws/install/joint_limits/share/joint_limits/environment/ament_prefix_path.dsv
[54.512s] -- Symlinking: /home/ningbo@netid.washington.edu/robotics/my_ros2_ws/install/joint_limits/share/joint_limits/environment/path.sh
[54.512s] -- Symlinking: /home/ningbo@netid.washington.edu/robotics/my_ros2_ws/install/joint_limits/share/joint_limits/environment/path.dsv
[54.512s] -- Symlinking: /home/ningbo@netid.washington.edu/robotics/my_ros2_ws/install/joint_limits/share/joint_limits/local_setup.bash
[54.513s] -- Symlinking: /home/ningbo@netid.washington.edu/robotics/my_ros2_ws/install/joint_limits/share/joint_limits/local_setup.sh
[54.532s] -- Symlinking: /home/ningbo@netid.washington.edu/robotics/my_ros2_ws/install/joint_limits/share/joint_limits/local_setup.zsh
[54.532s] -- Symlinking: /home/ningbo@netid.washington.edu/robotics/my_ros2_ws/install/joint_limits/share/joint_limits/local_setup.dsv
[54.533s] -- Symlinking: /home/ningbo@netid.washington.edu/robotics/my_ros2_ws/install/joint_limits/share/joint_limits/package.dsv
[54.533s] -- Symlinking: /home/ningbo@netid.washington.edu/robotics/my_ros2_ws/install/joint_limits/share/ament_index/resource_index/packages/joint_limits
[54.533s] -- Symlinking: /home/ningbo@netid.washington.edu/robotics/my_ros2_ws/install/joint_limits/share/joint_limits/cmake/ament_cmake_export_targets-extras.cmake
[54.533s] -- Symlinking: /home/ningbo@netid.washington.edu/robotics/my_ros2_ws/install/joint_limits/share/joint_limits/cmake/ament_cmake_export_dependencies-extras.cmake
[54.533s] -- Symlinking: /home/ningbo@netid.washington.edu/robotics/my_ros2_ws/install/joint_limits/share/joint_limits/cmake/ament_cmake_export_include_directories-extras.cmake
[54.534s] -- Symlinking: /home/ningbo@netid.washington.edu/robotics/my_ros2_ws/install/joint_limits/share/joint_limits/cmake/joint_limitsConfig.cmake
[54.534s] -- Symlinking: /home/ningbo@netid.washington.edu/robotics/my_ros2_ws/install/joint_limits/share/joint_limits/cmake/joint_limitsConfig-version.cmake
[54.534s] -- Symlinking: /home/ningbo@netid.washington.edu/robotics/my_ros2_ws/install/joint_limits/share/joint_limits/package.xml
[54.534s] -- Symlinking: /home/ningbo@netid.washington.edu/robotics/my_ros2_ws/install/joint_limits/include/joint_limits/joint_limits/version.h
[54.534s] -- Installing: /home/ningbo@netid.washington.edu/robotics/my_ros2_ws/install/joint_limits/share/joint_limits/cmake/export_joint_limitsExport.cmake
[54.552s] Invoked command in '/home/ningbo@netid.washington.edu/robotics/my_ros2_ws/build/joint_limits' returned '0': CMAKE_PREFIX_PATH=${CMAKE_PREFIX_PATH}:/home/ningbo@netid.washington.edu/robotics/my_ws/install/rqt_joint_trajectory_controller:/home/ningbo@netid.washington.edu/robotics/my_ws/install/rqt_controller_manager:/home/ningbo@netid.washington.edu/robotics/my_ws/install/ros2controlcli:/home/ningbo@netid.washington.edu/robotics/my_ws/install/ros2_controllers_test_nodes:/home/ningbo@netid.washington.edu/robotics/my_ws/install/ros2_control_demo_testing:/home/ningbo@netid.washington.edu/robotics/my_ws/install/pick_place:/home/ningbo@netid.washington.edu/ros2_ws/install/ros2controlcli:/home/ningbo@netid.washington.edu/ros2_ws/install/ros2_controllers_test_nodes:/home/ningbo@netid.washington.edu/ros2_ws/install/ros2_control_demo_testing:/opt/ros/humble /usr/bin/cmake --install /home/ningbo@netid.washington.edu/robotics/my_ros2_ws/build/joint_limits
