running develop
Removing /home/ningbo@netid.washington.edu/robotics/my_ros2_ws/install/lab_quaternion/lib/python3.10/site-packages/lab-quaternion.egg-link (link to .)
running egg_info
writing ../../build/lab_quaternion/lab_quaternion.egg-info/PKG-INFO
writing dependency_links to ../../build/lab_quaternion/lab_quaternion.egg-info/dependency_links.txt
writing entry points to ../../build/lab_quaternion/lab_quaternion.egg-info/entry_points.txt
writing requirements to ../../build/lab_quaternion/lab_quaternion.egg-info/requires.txt
writing top-level names to ../../build/lab_quaternion/lab_quaternion.egg-info/top_level.txt
reading manifest file '../../build/lab_quaternion/lab_quaternion.egg-info/SOURCES.txt'
writing manifest file '../../build/lab_quaternion/lab_quaternion.egg-info/SOURCES.txt'
running build
running build_py
creating /home/ningbo@netid.washington.edu/robotics/my_ros2_ws/build/lab_quaternion/build
creating /home/ningbo@netid.washington.edu/robotics/my_ros2_ws/build/lab_quaternion/build/lib
creating /home/ningbo@netid.washington.edu/robotics/my_ros2_ws/build/lab_quaternion/build/lib/lab_quaternion
copying lab_quaternion/trajectory_from_csv.py -> /home/ningbo@netid.washington.edu/robotics/my_ros2_ws/build/lab_quaternion/build/lib/lab_quaternion
copying lab_quaternion/__init__.py -> /home/ningbo@netid.washington.edu/robotics/my_ros2_ws/build/lab_quaternion/build/lib/lab_quaternion
copying lab_quaternion/gen3lite_pymoveit2.py -> /home/ningbo@netid.washington.edu/robotics/my_ros2_ws/build/lab_quaternion/build/lib/lab_quaternion
running install
running install_lib
running install_data
copying resource/lab_quaternion -> /home/ningbo@netid.washington.edu/robotics/my_ros2_ws/install/lab_quaternion/share/ament_index/resource_index/packages
copying package.xml -> /home/ningbo@netid.washington.edu/robotics/my_ros2_ws/install/lab_quaternion/share/lab_quaternion
copying scripts/sort_cubes.py -> /home/ningbo@netid.washington.edu/robotics/my_ros2_ws/install/lab_quaternion/share/lab_quaternion/scripts
copying launch/sort_world.launch.py -> /home/ningbo@netid.washington.edu/robotics/my_ros2_ws/install/lab_quaternion/share/lab_quaternion/launch
copying worlds/sort_world.sdf -> /home/ningbo@netid.washington.edu/robotics/my_ros2_ws/install/lab_quaternion/share/lab_quaternion/worlds
running install_egg_info
removing '/home/ningbo@netid.washington.edu/robotics/my_ros2_ws/install/lab_quaternion/lib/python3.10/site-packages/lab_quaternion-0.0.0-py3.10.egg-info' (and everything under it)
Copying ../../build/lab_quaternion/lab_quaternion.egg-info to /home/ningbo@netid.washington.edu/robotics/my_ros2_ws/install/lab_quaternion/lib/python3.10/site-packages/lab_quaternion-0.0.0-py3.10.egg-info
running install_scripts
Installing gen3lite_pymoveit2 script to /home/ningbo@netid.washington.edu/robotics/my_ros2_ws/install/lab_quaternion/lib/lab_quaternion
Installing sort_cubes script to /home/ningbo@netid.washington.edu/robotics/my_ros2_ws/install/lab_quaternion/lib/lab_quaternion
Installing trajectory_from_csv script to /home/ningbo@netid.washington.edu/robotics/my_ros2_ws/install/lab_quaternion/lib/lab_quaternion
writing list of installed files to '/home/ningbo@netid.washington.edu/robotics/my_ros2_ws/build/lab_quaternion/install.log'
